OpenROAD 26Q1-1929-g7cf7b720fd 
Features included (+) or not (-): +GPU +GUI +Python
This program is licensed under the BSD-3 license. See the LICENSE file for details.
Components of this program may be licensed under more restrictive licenses which must be honored.
[INFO ORD-0030] Using 16 thread(s).
source external/bazel-orfs++orfs_repositories+docker_orfs/OpenROAD-flow-scripts/flow/platforms/asap7/liberty_suppressions.tcl
read_liberty external/bazel-orfs++orfs_repositories+docker_orfs/OpenROAD-flow-scripts/flow/platforms/asap7/lib/NLDM/asap7sc7p5t_AO_RVT_FF_nldm_211120.lib.gz
read_liberty external/bazel-orfs++orfs_repositories+docker_orfs/OpenROAD-flow-scripts/flow/platforms/asap7/lib/NLDM/asap7sc7p5t_INVBUF_RVT_FF_nldm_220122.lib.gz
read_liberty external/bazel-orfs++orfs_repositories+docker_orfs/OpenROAD-flow-scripts/flow/platforms/asap7/lib/NLDM/asap7sc7p5t_OA_RVT_FF_nldm_211120.lib.gz
read_liberty external/bazel-orfs++orfs_repositories+docker_orfs/OpenROAD-flow-scripts/flow/platforms/asap7/lib/NLDM/asap7sc7p5t_SIMPLE_RVT_FF_nldm_211120.lib.gz
read_liberty external/bazel-orfs++orfs_repositories+docker_orfs/OpenROAD-flow-scripts/flow/platforms/asap7/lib/NLDM/asap7sc7p5t_SEQ_RVT_FF_nldm_220123.lib
read_db -hier bazel-out/k8-fastbuild/bin/serv/results/asap7/serv_rf_top/base/5_1_grt.odb
[WARNING ORD-0012] Hierarchical flow (-hier) is currently in development and may cause multiple issues. Do not use in production environments.
source external/bazel-orfs++orfs_repositories+docker_orfs/OpenROAD-flow-scripts/flow/platforms/asap7/setRC.tcl
detailed_route -output_drc bazel-out/k8-fastbuild/bin/serv/reports/asap7/serv_rf_top/base/5_route_drc.rpt -output_maze bazel-out/k8-fastbuild/bin/serv/results/asap7/serv_rf_top/base/maze.log -droute_end_iter 64 -verbose 1 -drc_report_iter_step 5
[INFO DRT-0149] Reading tech and libs.

Units:                1000
Number of layers:     21
Number of macros:     212
Number of vias:       15
Number of viarulegen: 11

[INFO DRT-0150] Reading design.

Design:                   serv_rf_top
Die area:                 ( 0 0 ) ( 51339 51339 )
Number of track patterns: 32
Number of DEF vias:       0
Number of components:     8397
Number of terminals:      275
Number of snets:          2
Number of nets:           8455

[INFO DRT-0167] List of default vias:
  Layer V2
    default via: VIA23
  Layer V3
    default via: VIA34
  Layer V4
    default via: VIA45
  Layer V5
    default via: VIA56
  Layer V6
    default via: VIA67
  Layer V7
    default via: VIA78
  Layer V8
    default via: VIA89
  Layer V9
    default via: VIA9Pad
[INFO DRT-0162] Library cell analysis.
[INFO DRT-0163] Instance analysis.
[INFO DRT-0164] Number of unique instances = 176.
[INFO DRT-0168] Init region query.
[INFO DRT-0024]   Complete Active.
[INFO DRT-0024]   Complete V0.
[INFO DRT-0024]   Complete M1.
[INFO DRT-0024]   Complete V1.
[INFO DRT-0024]   Complete M2.
[INFO DRT-0024]   Complete V2.
[INFO DRT-0024]   Complete M3.
[INFO DRT-0024]   Complete V3.
[INFO DRT-0024]   Complete M4.
[INFO DRT-0024]   Complete V4.
[INFO DRT-0024]   Complete M5.
[INFO DRT-0024]   Complete V5.
[INFO DRT-0024]   Complete M6.
[INFO DRT-0024]   Complete V6.
[INFO DRT-0024]   Complete M7.
[INFO DRT-0024]   Complete V7.
[INFO DRT-0024]   Complete M8.
[INFO DRT-0024]   Complete V8.
[INFO DRT-0024]   Complete M9.
[INFO DRT-0024]   Complete V9.
[INFO DRT-0024]   Complete Pad.
[INFO DRT-0033] Active shape region query size = 0.
[INFO DRT-0033] V0 shape region query size = 0.
[INFO DRT-0033] M1 shape region query size = 152195.
[INFO DRT-0033] V1 shape region query size = 262599.
[INFO DRT-0033] M2 shape region query size = 6222.
[INFO DRT-0033] V2 shape region query size = 5490.
[INFO DRT-0033] M3 shape region query size = 5490.
[INFO DRT-0033] V3 shape region query size = 3660.
[INFO DRT-0033] M4 shape region query size = 3898.
[INFO DRT-0033] V4 shape region query size = 3660.
[INFO DRT-0033] M5 shape region query size = 2075.
[INFO DRT-0033] V5 shape region query size = 420.
[INFO DRT-0033] M6 shape region query size = 228.
[INFO DRT-0033] V6 shape region query size = 0.
[INFO DRT-0033] M7 shape region query size = 0.
[INFO DRT-0033] V7 shape region query size = 0.
[INFO DRT-0033] M8 shape region query size = 0.
[INFO DRT-0033] V8 shape region query size = 0.
[INFO DRT-0033] M9 shape region query size = 0.
[INFO DRT-0033] V9 shape region query size = 0.
[INFO DRT-0033] Pad shape region query size = 0.
[INFO DRT-0165] Start pin access.
[INFO DRT-0078]   Complete 984 pins.
[INFO DRT-0079]   Complete 100 unique inst patterns.
[INFO DRT-0081]   Complete 176 unique inst patterns.
[INFO DRT-0084]   Complete 5076 groups.
#scanned instances     = 8397
#unique  instances     = 176
#stdCellGenAp          = 4913
#stdCellValidPlanarAp  = 25
#stdCellValidViaAp     = 4150
#stdCellPinNoAp        = 0
#stdCellPinCnt         = 27328
#instTermValidViaApCnt = 0
#macroGenAp            = 0
#macroValidPlanarAp    = 0
#macroValidViaAp       = 0
#macroNoAp             = 0
[INFO DRT-0166] Complete pin access.
[INFO DRT-0267] cpu time = 00:04:13, elapsed time = 00:00:17, memory = 380.86 (MB), peak = 379.92 (MB)

[INFO DRT-0157] Number of guides:     69164

[INFO DRT-0169] Post process guides.
[INFO DRT-0176] GCELLGRID X 0 DO 90 STEP 570 ;
[INFO DRT-0177] GCELLGRID Y 0 DO 90 STEP 570 ;
[INFO DRT-0028]   Complete Active.
[INFO DRT-0028]   Complete V0.
[INFO DRT-0028]   Complete M1.
[INFO DRT-0028]   Complete V1.
[INFO DRT-0028]   Complete M2.
[INFO DRT-0028]   Complete V2.
[INFO DRT-0028]   Complete M3.
[INFO DRT-0028]   Complete V3.
[INFO DRT-0028]   Complete M4.
[INFO DRT-0028]   Complete V4.
[INFO DRT-0028]   Complete M5.
[INFO DRT-0028]   Complete V5.
[INFO DRT-0028]   Complete M6.
[INFO DRT-0028]   Complete V6.
[INFO DRT-0028]   Complete M7.
[INFO DRT-0028]   Complete V7.
[INFO DRT-0028]   Complete M8.
[INFO DRT-0028]   Complete V8.
[INFO DRT-0028]   Complete M9.
[INFO DRT-0028]   Complete V9.
[INFO DRT-0028]   Complete Pad.
[INFO DRT-0178] Init guide query.
[INFO DRT-0035]   Complete Active (guide).
[INFO DRT-0035]   Complete V0 (guide).
[INFO DRT-0035]   Complete M1 (guide).
[INFO DRT-0035]   Complete V1 (guide).
[INFO DRT-0035]   Complete M2 (guide).
[INFO DRT-0035]   Complete V2 (guide).
[INFO DRT-0035]   Complete M3 (guide).
[INFO DRT-0035]   Complete V3 (guide).
[INFO DRT-0035]   Complete M4 (guide).
[INFO DRT-0035]   Complete V4 (guide).
[INFO DRT-0035]   Complete M5 (guide).
[INFO DRT-0035]   Complete V5 (guide).
[INFO DRT-0035]   Complete M6 (guide).
[INFO DRT-0035]   Complete V6 (guide).
[INFO DRT-0035]   Complete M7 (guide).
[INFO DRT-0035]   Complete V7 (guide).
[INFO DRT-0035]   Complete M8 (guide).
[INFO DRT-0035]   Complete V8 (guide).
[INFO DRT-0035]   Complete M9 (guide).
[INFO DRT-0035]   Complete V9 (guide).
[INFO DRT-0035]   Complete Pad (guide).
[INFO DRT-0036] Active guide region query size = 0.
[INFO DRT-0036] V0 guide region query size = 0.
[INFO DRT-0036] M1 guide region query size = 23528.
[INFO DRT-0036] V1 guide region query size = 0.
[INFO DRT-0036] M2 guide region query size = 20223.
[INFO DRT-0036] V2 guide region query size = 0.
[INFO DRT-0036] M3 guide region query size = 10666.
[INFO DRT-0036] V3 guide region query size = 0.
[INFO DRT-0036] M4 guide region query size = 1259.
[INFO DRT-0036] V4 guide region query size = 0.
[INFO DRT-0036] M5 guide region query size = 281.
[INFO DRT-0036] V5 guide region query size = 0.
[INFO DRT-0036] M6 guide region query size = 3.
[INFO DRT-0036] V6 guide region query size = 0.
[INFO DRT-0036] M7 guide region query size = 0.
[INFO DRT-0036] V7 guide region query size = 0.
[INFO DRT-0036] M8 guide region query size = 0.
[INFO DRT-0036] V8 guide region query size = 0.
[INFO DRT-0036] M9 guide region query size = 0.
[INFO DRT-0036] V9 guide region query size = 0.
[INFO DRT-0036] Pad guide region query size = 0.
[INFO DRT-0179] Init gr pin query.
[INFO DRT-0267] cpu time = 00:00:00, elapsed time = 00:00:00, memory = 399.30 (MB), peak = 398.47 (MB)
[INFO DRT-0245] skipped writing guide updates to database.
[INFO DRT-0185] Post process initialize RPin region query.
[INFO DRT-0181] Start track assignment.
[INFO DRT-0184] Done with 34475 vertical wires in 2 frboxes and 21485 horizontal wires in 2 frboxes.
[INFO DRT-0186] Done with 3669 vertical wires in 2 frboxes and 6098 horizontal wires in 2 frboxes.
[INFO DRT-0182] Complete track assignment.
[INFO DRT-0267] cpu time = 00:00:04, elapsed time = 00:00:01, memory = 586.97 (MB), peak = 585.97 (MB)
[INFO DRT-0187] Start routing data preparation.
[INFO DRT-0267] cpu time = 00:00:00, elapsed time = 00:00:00, memory = 587.03 (MB), peak = 585.97 (MB)
[INFO DRT-0194] Start detail routing.
[INFO DRT-0195] Start 0th optimization iteration.
    Completing 10% with 0 violations.
    elapsed time = 00:00:03, memory = 3766.84 (MB).
    Completing 20% with 0 violations.
    elapsed time = 00:00:07, memory = 3966.57 (MB).
    Completing 30% with 399 violations.
    elapsed time = 00:00:13, memory = 4133.70 (MB).
    Completing 40% with 399 violations.
    elapsed time = 00:00:21, memory = 4629.83 (MB).
    Completing 50% with 399 violations.
    elapsed time = 00:00:27, memory = 3247.89 (MB).
    Completing 60% with 768 violations.
    elapsed time = 00:00:35, memory = 5094.84 (MB).
    Completing 70% with 768 violations.
    elapsed time = 00:00:44, memory = 5144.92 (MB).
    Completing 80% with 1165 violations.
    elapsed time = 00:00:52, memory = 5453.57 (MB).
    Completing 90% with 1165 violations.
    elapsed time = 00:01:05, memory = 5918.90 (MB).
    Completing 100% with 1489 violations.
    elapsed time = 00:01:16, memory = 2717.43 (MB).
[INFO DRT-0199]   Number of violations = 1986.
Viol/Layer          M1     M2     V2     M3     V3     M4     V4     M5
CutSpcTbl            0      0      0      0      6      0      7      0
EOL                  0    174      0     15      0      5      0      0
Metal Spacing       56     32      0     85      0      7      0      0
Recheck              2    310      0    136      0     33      0     16
Short                0    150      2     22      0      3      0      4
eolKeepOut           0    861      0     45      0     15      0      0
[INFO DRT-0267] cpu time = 00:12:32, elapsed time = 00:01:16, memory = 3135.23 (MB), peak = 6106.67 (MB)
Total wire length = 38292 um.
Total wire length on LAYER M1 = 0 um.
Total wire length on LAYER M2 = 11766 um.
Total wire length on LAYER M3 = 16983 um.
Total wire length on LAYER M4 = 7569 um.
Total wire length on LAYER M5 = 1928 um.
Total wire length on LAYER M6 = 44 um.
Total wire length on LAYER M7 = 0 um.
Total wire length on LAYER M8 = 0 um.
Total wire length on LAYER M9 = 0 um.
Total wire length on LAYER Pad = 0 um.
Total number of vias = 84453.
Up-via summary (total 84453):

----------------
 Active        0
     M1    27319
     M2    47122
     M3     8789
     M4     1197
     M5       26
     M6        0
     M7        0
     M8        0
     M9        0
----------------
       84453


[INFO DRT-0195] Start 1st optimization iteration.
    Completing 10% with 1986 violations.
    elapsed time = 00:00:08, memory = 6309.91 (MB).
    Completing 20% with 1986 violations.
    elapsed time = 00:00:16, memory = 5023.46 (MB).
    Completing 30% with 1510 violations.
    elapsed time = 00:00:26, memory = 6005.00 (MB).
    Completing 40% with 1510 violations.
    elapsed time = 00:00:39, memory = 6516.00 (MB).
    Completing 50% with 1510 violations.
    elapsed time = 00:00:46, memory = 3418.91 (MB).
    Completing 60% with 1158 violations.
    elapsed time = 00:00:55, memory = 6838.72 (MB).
    Completing 70% with 1158 violations.
    elapsed time = 00:01:03, memory = 5581.28 (MB).
    Completing 80% with 716 violations.
    elapsed time = 00:01:10, memory = 6503.49 (MB).
    Completing 90% with 716 violations.
    elapsed time = 00:01:18, memory = 6500.23 (MB).
    Completing 100% with 263 violations.
    elapsed time = 00:01:26, memory = 3561.12 (MB).
[INFO DRT-0199]   Number of violations = 263.
Viol/Layer          M1     M2     M3     V3     M4     V4
CutSpcTbl            0      0      0      6      0      2
EOL                  0     29      1      0      0      0
Metal Spacing       31      2     39      0      3      0
Short                0      7     13      1      1      0
eolKeepOut           0    123      1      0      4      0
[INFO DRT-0267] cpu time = 00:13:54, elapsed time = 00:01:26, memory = 3559.71 (MB), peak = 7186.88 (MB)
Total wire length = 38083 um.
Total wire length on LAYER M1 = 0 um.
Total wire length on LAYER M2 = 11170 um.
Total wire length on LAYER M3 = 16864 um.
Total wire length on LAYER M4 = 8079 um.
Total wire length on LAYER M5 = 1906 um.
Total wire length on LAYER M6 = 62 um.
Total wire length on LAYER M7 = 0 um.
Total wire length on LAYER M8 = 0 um.
Total wire length on LAYER M9 = 0 um.
Total wire length on LAYER Pad = 0 um.
Total number of vias = 82714.
Up-via summary (total 82714):

----------------
 Active        0
     M1    27311
     M2    45249
     M3     8849
     M4     1259
     M5       46
     M6        0
     M7        0
     M8        0
     M9        0
----------------
       82714


[INFO DRT-0195] Start 2nd optimization iteration.
    Completing 10% with 263 violations.
    elapsed time = 00:00:09, memory = 6704.74 (MB).
    Completing 20% with 263 violations.
    elapsed time = 00:00:19, memory = 5458.89 (MB).
    Completing 30% with 242 violations.
    elapsed time = 00:00:22, memory = 3560.06 (MB).
    Completing 40% with 242 violations.
    elapsed time = 00:00:30, memory = 6741.30 (MB).
    Completing 50% with 242 violations.
    elapsed time = 00:00:44, memory = 3560.06 (MB).
    Completing 60% with 208 violations.
    elapsed time = 00:00:44, memory = 3560.06 (MB).
    Completing 70% with 208 violations.
    elapsed time = 00:01:00, memory = 5669.65 (MB).
    Completing 80% with 204 violations.
    elapsed time = 00:01:05, memory = 3559.91 (MB).
    Completing 90% with 204 violations.
    elapsed time = 00:01:05, memory = 3559.91 (MB).
    Completing 100% with 188 violations.
    elapsed time = 00:01:24, memory = 3559.82 (MB).
[INFO DRT-0199]   Number of violations = 188.
Viol/Layer          M1     M2     V2     M3     V3     M4
CutSpcTbl            0      0      0      0      2      0
EOL                  0     22      0      0      0      1
Metal Spacing       17      5      0     23      0      1
Short                0      6      1      9      1      1
eolKeepOut           0     93      0      0      0      6
[INFO DRT-0267] cpu time = 00:10:29, elapsed time = 00:01:24, memory = 3562.82 (MB), peak = 7186.88 (MB)
Total wire length = 38062 um.
Total wire length on LAYER M1 = 0 um.
Total wire length on LAYER M2 = 11117 um.
Total wire length on LAYER M3 = 16829 um.
Total wire length on LAYER M4 = 8144 um.
Total wire length on LAYER M5 = 1914 um.
Total wire length on LAYER M6 = 53 um.
Total wire length on LAYER M7 = 2 um.
Total wire length on LAYER M8 = 0 um.
Total wire length on LAYER M9 = 0 um.
Total wire length on LAYER Pad = 0 um.
Total number of vias = 82574.
Up-via summary (total 82574):

----------------
 Active        0
     M1    27311
     M2    45288
     M3     8627
     M4     1305
     M5       37
     M6        6
     M7        0
     M8        0
     M9        0
----------------
       82574


[INFO DRT-0195] Start 3rd optimization iteration.
    Completing 10% with 188 violations.
    elapsed time = 00:00:00, memory = 3562.82 (MB).
    Completing 20% with 188 violations.
    elapsed time = 00:00:00, memory = 3562.82 (MB).
    Completing 30% with 132 violations.
    elapsed time = 00:00:11, memory = 3534.61 (MB).
    Completing 40% with 132 violations.
    elapsed time = 00:00:11, memory = 3534.61 (MB).
    Completing 50% with 132 violations.
    elapsed time = 00:00:17, memory = 4924.27 (MB).
    Completing 60% with 76 violations.
    elapsed time = 00:00:19, memory = 3534.61 (MB).
    Completing 70% with 76 violations.
    elapsed time = 00:00:19, memory = 3534.61 (MB).
    Completing 80% with 31 violations.
    elapsed time = 00:00:31, memory = 3534.61 (MB).
    Completing 90% with 31 violations.
    elapsed time = 00:00:31, memory = 3534.61 (MB).
    Completing 100% with 0 violations.
    elapsed time = 00:00:44, memory = 3534.61 (MB).
[INFO DRT-0199]   Number of violations = 0.
[INFO DRT-0267] cpu time = 00:04:02, elapsed time = 00:00:44, memory = 3534.61 (MB), peak = 7186.88 (MB)
Total wire length = 38060 um.
Total wire length on LAYER M1 = 0 um.
Total wire length on LAYER M2 = 11014 um.
Total wire length on LAYER M3 = 16791 um.
Total wire length on LAYER M4 = 8242 um.
Total wire length on LAYER M5 = 1950 um.
Total wire length on LAYER M6 = 59 um.
Total wire length on LAYER M7 = 2 um.
Total wire length on LAYER M8 = 0 um.
Total wire length on LAYER M9 = 0 um.
Total wire length on LAYER Pad = 0 um.
Total number of vias = 82587.
Up-via summary (total 82587):

----------------
 Active        0
     M1    27311
     M2    45058
     M3     8799
     M4     1367
     M5       46
     M6        6
     M7        0
     M8        0
     M9        0
----------------
       82587


[INFO DRT-0198] Complete detail routing.
Total wire length = 38060 um.
Total wire length on LAYER M1 = 0 um.
Total wire length on LAYER M2 = 11014 um.
Total wire length on LAYER M3 = 16791 um.
Total wire length on LAYER M4 = 8242 um.
Total wire length on LAYER M5 = 1950 um.
Total wire length on LAYER M6 = 59 um.
Total wire length on LAYER M7 = 2 um.
Total wire length on LAYER M8 = 0 um.
Total wire length on LAYER M9 = 0 um.
Total wire length on LAYER Pad = 0 um.
Total number of vias = 82587.
Up-via summary (total 82587):

----------------
 Active        0
     M1    27311
     M2    45058
     M3     8799
     M4     1367
     M5       46
     M6        6
     M7        0
     M8        0
     M9        0
----------------
       82587


[INFO DRT-0267] cpu time = 00:40:59, elapsed time = 00:04:53, memory = 3534.67 (MB), peak = 7186.88 (MB)

[INFO DRT-0180] Post processing.
Took 312 seconds: detailed_route -output_drc bazel-out/k8-fastbuild/bin/serv/reports/asap7/serv_rf_top/base/5_route_drc.rpt -output_maze bazel-out/k8-fastbuild/bin/serv/results/asap7/serv_rf_top/base/maze.log -droute_end_iter 64 -verbose 1 -drc_report_iter_step 5
[WARNING GRT-0246] No diode with LEF class CORE ANTENNACELL found.
[INFO ANT-0002] Found 0 net violations.
[INFO ANT-0001] Found 0 pin violations.
[INFO ANT-0002] Found 0 net violations.
[INFO ANT-0001] Found 0 pin violations.
Design area 1035 um^2 43% utilization.
write_db bazel-out/k8-fastbuild/bin/serv/results/asap7/serv_rf_top/base/5_2_route.odb
Elapsed time: 5:19.51[h:]min:sec. CPU time: user 2686.46 sys 57.69 (858%). Peak memory: 7359360KB.
Log                        Elapsed/s Peak Memory/MB  sha1sum .odb [0:20)
5_2_route                        319           7186 356dbd4c6a6d52abea30
