OpenROAD 26Q1-1929-g7cf7b720fd 
Features included (+) or not (-): +GPU +GUI +Python
This program is licensed under the BSD-3 license. See the LICENSE file for details.
Components of this program may be licensed under more restrictive licenses which must be honored.
[INFO ORD-0030] Using 16 thread(s).
source external/bazel-orfs++orfs_repositories+docker_orfs/OpenROAD-flow-scripts/flow/platforms/asap7/liberty_suppressions.tcl
read_liberty external/bazel-orfs++orfs_repositories+docker_orfs/OpenROAD-flow-scripts/flow/platforms/asap7/lib/NLDM/asap7sc7p5t_AO_RVT_FF_nldm_211120.lib.gz
read_liberty external/bazel-orfs++orfs_repositories+docker_orfs/OpenROAD-flow-scripts/flow/platforms/asap7/lib/NLDM/asap7sc7p5t_INVBUF_RVT_FF_nldm_220122.lib.gz
read_liberty external/bazel-orfs++orfs_repositories+docker_orfs/OpenROAD-flow-scripts/flow/platforms/asap7/lib/NLDM/asap7sc7p5t_OA_RVT_FF_nldm_211120.lib.gz
read_liberty external/bazel-orfs++orfs_repositories+docker_orfs/OpenROAD-flow-scripts/flow/platforms/asap7/lib/NLDM/asap7sc7p5t_SIMPLE_RVT_FF_nldm_211120.lib.gz
read_liberty external/bazel-orfs++orfs_repositories+docker_orfs/OpenROAD-flow-scripts/flow/platforms/asap7/lib/NLDM/asap7sc7p5t_SEQ_RVT_FF_nldm_220123.lib
read_db -hier bazel-out/k8-fastbuild/bin/serv/results/asap7/serv_rf_top/base/6_1_fill.odb
[WARNING ORD-0012] Hierarchical flow (-hier) is currently in development and may cause multiple issues. Do not use in production environments.
source external/bazel-orfs++orfs_repositories+docker_orfs/OpenROAD-flow-scripts/flow/platforms/asap7/setRC.tcl
write_db bazel-out/k8-fastbuild/bin/serv/results/asap7/serv_rf_top/base/6_final.odb
Deleted 0 routing obstructions
[INFO RCX-0431] Defined process_corner X with ext_model_index 0
[INFO RCX-0029] Defined extraction corner X
[INFO RCX-0435] Reading extraction model file external/bazel-orfs++orfs_repositories+docker_orfs/OpenROAD-flow-scripts/flow/platforms/asap7/rcx_patterns.rules ...
[INFO RCX-0436] RC segment generation serv_rf_top (max_merge_res 50.0) ...
[INFO RCX-0040] Final 65049 rc segments
[INFO RCX-0439] Coupling Cap extraction serv_rf_top ...
[INFO RCX-0440] Coupling threshhold is 0.1000 fF, coupling capacitance less than 0.1000 fF will be grounded.
[INFO RCX-0442] 56% of 69060 wires extracted
[INFO RCX-0442] 100% of 69060 wires extracted
[INFO RCX-0045] Extract 8455 nets, 73466 rsegs, 73466 caps, 101687 ccs
[INFO RCX-0443] 8455 nets finished
[INFO PSM-0040] All shapes on net VDD are connected.
########## IR report #################
Net              : VDD
Corner           : default
Total power      : 5.17e-03 W
Supply voltage   : 7.70e-01 V
Worstcase voltage: 7.68e-01 V
Average voltage  : 7.70e-01 V
Average IR drop  : 3.96e-04 V
Worstcase IR drop: 2.19e-03 V
Percentage drop  : 0.28 %
######################################
[INFO PSM-0040] All shapes on net VSS are connected.
########## IR report #################
Net              : VSS
Corner           : default
Total power      : 5.17e-03 W
Supply voltage   : 0.00e+00 V
Worstcase voltage: 2.13e-03 V
Average voltage  : 3.88e-04 V
Average IR drop  : 3.88e-04 V
Worstcase IR drop: 2.13e-03 V
Percentage drop  : 0.28 %
######################################
Cell type report:                       Count       Area
  Tie cell                                  3       0.13
  Buffer                                  685      54.75
  Clock buffer                            115      38.97
  Timing Repair Buffer                    231      16.84
  Inverter                                711      31.48
  Clock inverter                           14       3.02
  Sequential cell                        1336     389.58
  Multi-Input combinational cell         5302     500.56
  Total                                  8397    1035.33
Report metrics stage 6, finish...

==========================================================================
finish report_design_area
--------------------------------------------------------------------------
Design area 1035 um^2 43% utilization.
[WARNING GUI-0076] QStandardPaths: XDG_RUNTIME_DIR not set, defaulting to '/tmp/runtime-oyvind'
Elapsed time: 0:14.11[h:]min:sec. CPU time: user 16.61 sys 1.50 (128%). Peak memory: 461912KB.
Log                        Elapsed/s Peak Memory/MB  sha1sum .odb [0:20)
6_report                          14            451                  N/A
