
==========================================================================
floorplan final report_tns
--------------------------------------------------------------------------
tns max -35556.08

==========================================================================
floorplan final report_wns
--------------------------------------------------------------------------
wns max -184.76

==========================================================================
floorplan final report_worst_slack
--------------------------------------------------------------------------
worst slack max -184.76

==========================================================================
floorplan final report_clock_min_period
--------------------------------------------------------------------------
clock period_min = 1179.10 fmax = 848.11

==========================================================================
floorplan final report_checks -path_delay min
--------------------------------------------------------------------------
Startpoint: SRAMShifted_shifter_3.waddr$_DFF_P_
            (rising edge-triggered flip-flop clocked by clock)
Endpoint: SRAMShifted_shifter_3.waddr$_DFF_P_
          (rising edge-triggered flip-flop clocked by clock)
Path Group: reg2reg
Path Type: min

Fanout     Cap    Slew   Delay    Time   Description
-----------------------------------------------------------------------------
                  0.00    0.00    0.00   clock clock (rise edge)
                          0.00    0.00   clock network delay (ideal)
                  0.00    0.00    0.00 ^ SRAMShifted_shifter_3.waddr$_DFF_P_/CLK (DFFHQNx1_ASAP7_75t_R)
     2    0.99   14.55   32.03   32.03 v SRAMShifted_shifter_3.waddr$_DFF_P_/QN (DFFHQNx1_ASAP7_75t_R)
                                         SRAMShifted_shifter_3._waddr_T_16 (net)
                 14.55    0.00   32.03 v SRAMShifted_shifter_3.waddr$_DFF_P_/D (DFFHQNx1_ASAP7_75t_R)
                                 32.03   data arrival time

                  0.00    0.00    0.00   clock clock (rise edge)
                          0.00    0.00   clock network delay (ideal)
                          0.00    0.00   clock reconvergence pessimism
                                  0.00 ^ SRAMShifted_shifter_3.waddr$_DFF_P_/CLK (DFFHQNx1_ASAP7_75t_R)
                          7.88    7.88   library hold time
                                  7.88   data required time
-----------------------------------------------------------------------------
                                  7.88   data required time
                                -32.03   data arrival time
-----------------------------------------------------------------------------
                                 24.15   slack (MET)



==========================================================================
floorplan final report_checks -path_delay max
--------------------------------------------------------------------------
Startpoint: io_req_valid (input port)
Endpoint: tagq.len[3]$_SDFFE_PP0P_
          (rising edge-triggered flip-flop clocked by clock)
Path Group: in2reg
Path Type: max

Fanout     Cap    Slew   Delay    Time   Description
-----------------------------------------------------------------------------
                          0.00    0.00 ^ input external delay
     4    3.98    0.00    0.00    0.00 ^ io_req_valid (in)
                                         io_req_valid (net)
                  0.00    0.00    0.00 ^ _48733_/B (NAND2x2_ASAP7_75t_R)
     7    3.94   12.21    6.37    6.37 v _48733_/Y (NAND2x2_ASAP7_75t_R)
                                         _15826_ (net)
                 12.21    0.00    6.37 v _48734_/A (OR3x1_ASAP7_75t_R)
     2    1.98   14.69   24.02   30.39 v _48734_/Y (OR3x1_ASAP7_75t_R)
                                         _15827_ (net)
                 14.69    0.00   30.39 v _48735_/A (BUFx6f_ASAP7_75t_R)
    10   13.16   14.71   19.87   50.26 v _48735_/Y (BUFx6f_ASAP7_75t_R)
                                         _15828_ (net)
                 14.71    0.00   50.26 v _48736_/A (INVx6_ASAP7_75t_R)
     7    8.31   12.36    9.80   60.06 ^ _48736_/Y (INVx6_ASAP7_75t_R)
                                         _15829_ (net)
                 12.36    0.00   60.06 ^ _48737_/A (BUFx12f_ASAP7_75t_R)
    10    8.32    8.62   14.70   74.76 ^ _48737_/Y (BUFx12f_ASAP7_75t_R)
                                         tagq._GEN_0 (net)
                  8.62    0.00   74.76 ^ _91449_/B (HAxp5_ASAP7_75t_R)
     4    4.74   51.28   26.19  100.95 v _91449_/CON (HAxp5_ASAP7_75t_R)
                                         _06860_ (net)
                 51.28    0.00  100.95 v _91148_/A (HAxp5_ASAP7_75t_R)
     1    0.65   17.49   31.33  132.28 v _91148_/SN (HAxp5_ASAP7_75t_R)
                                         _10849_ (net)
                 17.49    0.00  132.28 v _84179_/A2 (OA21x2_ASAP7_75t_R)
     1    0.65    6.45   19.19  151.47 v _84179_/Y (OA21x2_ASAP7_75t_R)
                                         _43520_ (net)
                  6.45    0.00  151.47 v _84180_/A2 (OA21x2_ASAP7_75t_R)
     1    1.08    7.53   16.68  168.16 v _84180_/Y (OA21x2_ASAP7_75t_R)
                                         _43521_ (net)
                  7.53    0.00  168.16 v _84181_/A (XNOR2x2_ASAP7_75t_R)
     2    1.73   10.81   21.78  189.94 ^ _84181_/Y (XNOR2x2_ASAP7_75t_R)
                                         _43522_ (net)
                 10.81    0.00  189.94 ^ _84183_/C (AND3x1_ASAP7_75t_R)
     1    0.65    9.10   17.64  207.58 ^ _84183_/Y (AND3x1_ASAP7_75t_R)
                                         _43524_ (net)
                  9.10    0.00  207.58 ^ _84184_/A2 (OA21x2_ASAP7_75t_R)
     1    0.62    6.46   14.90  222.48 ^ _84184_/Y (OA21x2_ASAP7_75t_R)
                                         _14834_ (net)
                  6.46    0.00  222.48 ^ tagq.len[3]$_SDFFE_PP0P_/D (DFFHQNx1_ASAP7_75t_R)
                                222.48   data arrival time

                         80.00   80.00   max_delay
                        -15.04   64.96   library setup time
                                 64.96   data required time
-----------------------------------------------------------------------------
                                 64.96   data required time
                               -222.48   data arrival time
-----------------------------------------------------------------------------
                               -157.53   slack (VIOLATED)


Startpoint: tagq.raddr[1]$_SDFFE_PP0P_
            (rising edge-triggered flip-flop clocked by clock)
Endpoint: io_resp_bits_tag_bits[3] (output port)
Path Group: reg2out
Path Type: max

Fanout     Cap    Slew   Delay    Time   Description
-----------------------------------------------------------------------------
                  0.00    0.00    0.00 ^ tagq.raddr[1]$_SDFFE_PP0P_/CLK (DFFHQNx2_ASAP7_75t_R)
     6    6.62   30.95   50.44   50.44 v tagq.raddr[1]$_SDFFE_PP0P_/QN (DFFHQNx2_ASAP7_75t_R)
                                         _11123_ (net)
                 30.95    0.00   50.44 v _48806_/A (INVx3_ASAP7_75t_R)
     4    3.58   14.77   12.24   62.67 ^ _48806_/Y (INVx3_ASAP7_75t_R)
                                         tagq.raddr[1] (net)
                 14.77    0.00   62.67 ^ _91248_/B (HAxp5_ASAP7_75t_R)
     2    1.34   24.84   14.36   77.03 v _91248_/CON (HAxp5_ASAP7_75t_R)
                                         _11132_ (net)
                 24.84    0.00   77.03 v _56726_/A (BUFx3_ASAP7_75t_R)
    10    6.01   13.59   22.57   99.60 v _56726_/Y (BUFx3_ASAP7_75t_R)
                                         _21672_ (net)
                 13.59    0.00   99.60 v _56742_/A (OR3x1_ASAP7_75t_R)
     3    1.90   14.45   24.16  123.76 v _56742_/Y (OR3x1_ASAP7_75t_R)
                                         _21688_ (net)
                 14.45    0.00  123.76 v _56802_/A (BUFx3_ASAP7_75t_R)
    10    5.96   13.19   19.65  143.41 v _56802_/Y (BUFx3_ASAP7_75t_R)
                                         _21748_ (net)
                 13.19    0.00  143.41 v _56828_/A1 (OA211x2_ASAP7_75t_R)
     1    0.66    9.28   22.55  165.96 v _56828_/Y (OA211x2_ASAP7_75t_R)
                                         _21774_ (net)
                  9.28    0.00  165.96 v _56829_/A (AND4x1_ASAP7_75t_R)
     1    0.63    5.98   11.54  177.50 v _56829_/Y (AND4x1_ASAP7_75t_R)
                                         _21775_ (net)
                  5.98    0.00  177.50 v _56830_/B (OA21x2_ASAP7_75t_R)
     1    1.00    7.14   12.15  189.65 v _56830_/Y (OA21x2_ASAP7_75t_R)
                                         _21776_ (net)
                  7.14    0.00  189.65 v _56831_/A (XOR2x2_ASAP7_75t_R)
     1    1.04    7.92   23.37  213.03 ^ _56831_/Y (XOR2x2_ASAP7_75t_R)
                                         _21777_ (net)
                  7.92    0.00  213.03 ^ _56834_/D (AND5x2_ASAP7_75t_R)
     2    3.16   17.19   32.20  245.22 ^ _56834_/Y (AND5x2_ASAP7_75t_R)
                                         _21780_ (net)
                 17.19    0.00  245.22 ^ _69579_/A (INVx4_ASAP7_75t_R)
     8    8.95   14.98   11.62  256.84 v _69579_/Y (INVx4_ASAP7_75t_R)
                                         _32355_ (net)
                 14.98    0.00  256.84 v _69623_/B (AOI21x1_ASAP7_75t_R)
     1    0.00    8.48    7.92  264.76 ^ _69623_/Y (AOI21x1_ASAP7_75t_R)
                                         io_resp_bits_tag_bits[3] (net)
                  8.48    0.00  264.76 ^ io_resp_bits_tag_bits[3] (out)
                                264.76   data arrival time

                         80.00   80.00   max_delay
                          0.00   80.00   output external delay
                                 80.00   data required time
-----------------------------------------------------------------------------
                                 80.00   data required time
                               -264.76   data arrival time
-----------------------------------------------------------------------------
                               -184.76   slack (VIOLATED)


Startpoint: mesh.mesh_0_1_io_in_control_0_propagate_pipe_pipe_b$_DFFE_PP_
            (rising edge-triggered flip-flop clocked by clock)
Endpoint: mesh.pipe_b_5_0[31]$_DFFE_PP_
          (rising edge-triggered flip-flop clocked by clock)
Path Group: reg2reg
Path Type: max

Fanout     Cap    Slew   Delay    Time   Description
-----------------------------------------------------------------------------
                  0.00    0.00    0.00   clock clock (rise edge)
                          0.00    0.00   clock network delay (ideal)
                  0.00    0.00    0.00 ^ mesh.mesh_0_1_io_in_control_0_propagate_pipe_pipe_b$_DFFE_PP_/CLK (DFFHQNx1_ASAP7_75t_R)
     2    1.69   18.62   35.26   35.26 v mesh.mesh_0_1_io_in_control_0_propagate_pipe_pipe_b$_DFFE_PP_/QN (DFFHQNx1_ASAP7_75t_R)
                                         _01935_ (net)
                 18.62    0.00   35.26 v _50482_/A (BUFx3_ASAP7_75t_R)
    10    6.63   14.35   21.50   56.76 v _50482_/Y (BUFx3_ASAP7_75t_R)
                                         _16793_ (net)
                 14.35    0.00   56.76 v _50483_/A (BUFx6f_ASAP7_75t_R)
    10    9.81   11.86   18.26   75.01 v _50483_/Y (BUFx6f_ASAP7_75t_R)
                                         _16794_ (net)
                 11.86    0.00   75.01 v _50484_/A (BUFx12f_ASAP7_75t_R)
    10    9.77    8.55   15.63   90.65 v _50484_/Y (BUFx12f_ASAP7_75t_R)
                                         _16795_ (net)
                  8.55    0.00   90.65 v _50485_/A (BUFx12f_ASAP7_75t_R)
    10    9.77    8.49   14.61  105.26 v _50485_/Y (BUFx12f_ASAP7_75t_R)
                                         _16796_ (net)
                  8.49    0.00  105.26 v _50486_/A (BUFx12f_ASAP7_75t_R)
    10    8.85    8.03   14.31  119.56 v _50486_/Y (BUFx12f_ASAP7_75t_R)
                                         _16797_ (net)
                  8.03    0.00  119.56 v _50487_/A (BUFx12f_ASAP7_75t_R)
    10    7.07    7.13   13.62  133.18 v _50487_/Y (BUFx12f_ASAP7_75t_R)
                                         _16798_ (net)
                  7.13    0.00  133.18 v _53330_/B (NAND2x1p5_ASAP7_75t_R)
     1    0.64   13.77    5.66  138.84 ^ _53330_/Y (NAND2x1p5_ASAP7_75t_R)
                                         _19168_ (net)
                 13.77    0.00  138.84 ^ _53331_/B (OA21x2_ASAP7_75t_R)
     1    1.33    8.50   17.63  156.46 ^ _53331_/Y (OA21x2_ASAP7_75t_R)
                                         _19169_ (net)
                  8.50    0.00  156.46 ^ _53332_/A (BUFx6f_ASAP7_75t_R)
     9    6.93   10.30   14.57  171.03 ^ _53332_/Y (BUFx6f_ASAP7_75t_R)
                                         _19170_ (net)
                 10.30    0.00  171.03 ^ _62587_/C (AND3x1_ASAP7_75t_R)
     1    1.09   11.52   19.18  190.21 ^ _62587_/Y (AND3x1_ASAP7_75t_R)
                                         _10588_ (net)
                 11.52    0.00  190.21 ^ _91064_/A (HAxp5_ASAP7_75t_R)
     5    8.47   91.31  103.38  293.59 v _91064_/SN (HAxp5_ASAP7_75t_R)
                                         _06719_ (net)
                 91.31    0.00  293.59 v _89796_/CI (FAx1_ASAP7_75t_R)
     3    4.31   79.11   57.51  351.10 ^ _89796_/CON (FAx1_ASAP7_75t_R)
                                         _06737_ (net)
     2    1.77   48.88   24.36  375.46 v _89796_/SN (FAx1_ASAP7_75t_R)
                                         _10590_ (net)
                 48.88    0.00  375.46 v _59593_/A (INVx1_ASAP7_75t_R)
     3    5.34   41.43   31.53  406.99 ^ _59593_/Y (INVx1_ASAP7_75t_R)
                                         _06720_ (net)
                 41.43    0.00  406.99 ^ _89807_/A (FAx1_ASAP7_75t_R)
     1    2.04   40.20   51.92  458.91 v _89807_/SN (FAx1_ASAP7_75t_R)
                                         _48112_ (net)
                 40.20    0.00  458.91 v _89812_/A (FAx1_ASAP7_75t_R)
     1    0.68   26.10   33.98  492.89 v _89812_/SN (FAx1_ASAP7_75t_R)
                                         _06766_ (net)
                 26.10    0.00  492.89 v _55138_/A (INVx1_ASAP7_75t_R)
     1    1.09   13.40   11.19  504.08 ^ _55138_/Y (INVx1_ASAP7_75t_R)
                                         _06768_ (net)
                 13.40    0.00  504.08 ^ _91067_/A (HAxp5_ASAP7_75t_R)
     5    3.53   41.99   52.08  556.15 v _91067_/SN (HAxp5_ASAP7_75t_R)
                                         _10601_ (net)
                 41.99    0.00  556.15 v _63367_/C (OR3x1_ASAP7_75t_R)
     1    0.63    8.69   24.75  580.91 v _63367_/Y (OR3x1_ASAP7_75t_R)
                                         _26998_ (net)
                  8.69    0.00  580.91 v _63368_/B (OA21x2_ASAP7_75t_R)
     1    0.55    6.71   12.42  593.33 v _63368_/Y (OA21x2_ASAP7_75t_R)
                                         _26999_ (net)
                  6.71    0.00  593.33 v _63369_/B1 (OA31x2_ASAP7_75t_R)
     2    1.11    8.81   18.93  612.25 v _63369_/Y (OA31x2_ASAP7_75t_R)
                                         _27000_ (net)
                  8.81    0.00  612.25 v _63372_/B2 (AO221x1_ASAP7_75t_R)
     1    1.08   10.69   21.78  634.04 v _63372_/Y (AO221x1_ASAP7_75t_R)
                                         _27003_ (net)
                 10.69    0.00  634.04 v _63380_/B (XOR2x2_ASAP7_75t_R)
     5    4.13   16.80   30.16  664.20 ^ _63380_/Y (XOR2x2_ASAP7_75t_R)
                                         _27011_ (net)
                 16.80    0.00  664.20 ^ _63381_/A (INVx2_ASAP7_75t_R)
     2    2.57   10.30    8.60  672.80 v _63381_/Y (INVx2_ASAP7_75t_R)
                                         _27012_ (net)
                 10.30    0.00  672.80 v _63382_/A (BUFx6f_ASAP7_75t_R)
    15   14.13   15.42   18.94  691.74 v _63382_/Y (BUFx6f_ASAP7_75t_R)
                                         _10662_ (net)
                 15.42    0.00  691.74 v _91111_/A (HAxp5_ASAP7_75t_R)
     2    1.73   23.89   33.74  725.48 v _91111_/SN (HAxp5_ASAP7_75t_R)
                                         _10742_ (net)
                 23.89    0.00  725.48 v _63523_/A2 (OA21x2_ASAP7_75t_R)
     4    3.24   12.95   25.18  750.66 v _63523_/Y (OA21x2_ASAP7_75t_R)
                                         _27112_ (net)
                 12.95    0.00  750.66 v _63530_/B (NAND2x1_ASAP7_75t_R)
     1    0.66    9.88    8.26  758.92 ^ _63530_/Y (NAND2x1_ASAP7_75t_R)
                                         _27119_ (net)
                  9.88    0.00  758.92 ^ _63531_/A (AND4x1_ASAP7_75t_R)
     1    1.24   13.60   22.25  781.18 ^ _63531_/Y (AND4x1_ASAP7_75t_R)
                                         _27120_ (net)
                 13.60    0.00  781.18 ^ _63532_/B (AOI21x1_ASAP7_75t_R)
     2    1.27   12.03    8.47  789.65 v _63532_/Y (AOI21x1_ASAP7_75t_R)
                                         _27121_ (net)
                 12.03    0.00  789.65 v _63626_/A1 (OA21x2_ASAP7_75t_R)
     2    2.16    9.90   19.74  809.39 v _63626_/Y (OA21x2_ASAP7_75t_R)
                                         _27197_ (net)
                  9.90    0.00  809.39 v _63627_/C (MAJx2_ASAP7_75t_R)
     1    0.65    7.19   19.41  828.79 v _63627_/Y (MAJx2_ASAP7_75t_R)
                                         _27198_ (net)
                  7.19    0.00  828.79 v _63628_/A2 (OA21x2_ASAP7_75t_R)
     1    1.08    7.85   16.89  845.68 v _63628_/Y (OA21x2_ASAP7_75t_R)
                                         _27199_ (net)
                  7.85    0.00  845.68 v _63629_/A (XNOR2x2_ASAP7_75t_R)
     3    3.23   14.74   24.16  869.85 ^ _63629_/Y (XNOR2x2_ASAP7_75t_R)
                                         _27200_ (net)
                 14.74    0.00  869.85 ^ _63630_/B (NOR2x1p5_ASAP7_75t_R)
     1    1.01   13.39    7.50  877.34 v _63630_/Y (NOR2x1p5_ASAP7_75t_R)
                                         _10755_ (net)
                 13.39    0.00  877.34 v _91116_/B (HAxp5_ASAP7_75t_R)
     5    3.53   56.35   52.10  929.44 v _91116_/SN (HAxp5_ASAP7_75t_R)
                                         _10757_ (net)
                 56.35    0.00  929.44 v _75268_/A2 (OA21x2_ASAP7_75t_R)
     2    1.28    9.31   28.45  957.89 v _75268_/Y (OA21x2_ASAP7_75t_R)
                                         _37084_ (net)
                  9.31    0.00  957.89 v _75269_/A2 (OA21x2_ASAP7_75t_R)
     1    0.65    7.44   16.75  974.65 v _75269_/Y (OA21x2_ASAP7_75t_R)
                                         _37085_ (net)
                  7.44    0.00  974.65 v _75270_/A2 (OA21x2_ASAP7_75t_R)
     1    0.65    7.31   16.22  990.87 v _75270_/Y (OA21x2_ASAP7_75t_R)
                                         _37086_ (net)
                  7.31    0.00  990.87 v _75271_/A2 (OA21x2_ASAP7_75t_R)
     1    0.65    7.17   16.18 1007.05 v _75271_/Y (OA21x2_ASAP7_75t_R)
                                         _37087_ (net)
                  7.17    0.00 1007.05 v _75273_/A2 (OA21x2_ASAP7_75t_R)
     1    0.60    7.19   16.06 1023.11 v _75273_/Y (OA21x2_ASAP7_75t_R)
                                         _37089_ (net)
                  7.19    0.00 1023.11 v _75274_/B (AND3x1_ASAP7_75t_R)
     2    1.57   10.95   13.80 1036.92 v _75274_/Y (AND3x1_ASAP7_75t_R)
                                         _37090_ (net)
                 10.95    0.00 1036.92 v _75275_/A2 (OA21x2_ASAP7_75t_R)
     1    0.65    7.05   17.23 1054.15 v _75275_/Y (OA21x2_ASAP7_75t_R)
                                         _37091_ (net)
                  7.05    0.00 1054.15 v _75276_/A2 (OA21x2_ASAP7_75t_R)
     3    2.21   10.94   18.77 1072.92 v _75276_/Y (OA21x2_ASAP7_75t_R)
                                         _37092_ (net)
                 10.94    0.00 1072.92 v _86230_/E (OR5x1_ASAP7_75t_R)
     1    0.43   10.42   31.21 1104.13 v _86230_/Y (OR5x1_ASAP7_75t_R)
                                         _45391_ (net)
                 10.42    0.00 1104.13 v _86231_/B (OA211x2_ASAP7_75t_R)
     1    1.08   10.50   26.57 1130.70 v _86231_/Y (OA211x2_ASAP7_75t_R)
                                         _45392_ (net)
                 10.50    0.00 1130.70 v _86234_/A (XNOR2x2_ASAP7_75t_R)
     1    0.63    6.58   20.72 1151.42 ^ _86234_/Y (XNOR2x2_ASAP7_75t_R)
                                         _45395_ (net)
                  6.58    0.00 1151.42 ^ _86236_/A2 (AO21x1_ASAP7_75t_R)
     1    0.62    7.50   12.52 1163.94 ^ _86236_/Y (AO21x1_ASAP7_75t_R)
                                         _15001_ (net)
                  7.50    0.00 1163.94 ^ mesh.pipe_b_5_0[31]$_DFFE_PP_/D (DFFHQNx1_ASAP7_75t_R)
                               1163.94   data arrival time

                  0.00 1000.00 1000.00   clock clock (rise edge)
                          0.00 1000.00   clock network delay (ideal)
                          0.00 1000.00   clock reconvergence pessimism
                               1000.00 ^ mesh.pipe_b_5_0[31]$_DFFE_PP_/CLK (DFFHQNx1_ASAP7_75t_R)
                        -15.16  984.84   library setup time
                                984.84   data required time
-----------------------------------------------------------------------------
                                984.84   data required time
                               -1163.94   data arrival time
-----------------------------------------------------------------------------
                               -179.10   slack (VIOLATED)



==========================================================================
floorplan final report_checks -unconstrained
--------------------------------------------------------------------------
Startpoint: io_req_valid (input port)
Endpoint: tagq.len[3]$_SDFFE_PP0P_
          (rising edge-triggered flip-flop clocked by clock)
Path Group: in2reg
Path Type: max

Fanout     Cap    Slew   Delay    Time   Description
-----------------------------------------------------------------------------
                          0.00    0.00 ^ input external delay
     4    3.98    0.00    0.00    0.00 ^ io_req_valid (in)
                                         io_req_valid (net)
                  0.00    0.00    0.00 ^ _48733_/B (NAND2x2_ASAP7_75t_R)
     7    3.94   12.21    6.37    6.37 v _48733_/Y (NAND2x2_ASAP7_75t_R)
                                         _15826_ (net)
                 12.21    0.00    6.37 v _48734_/A (OR3x1_ASAP7_75t_R)
     2    1.98   14.69   24.02   30.39 v _48734_/Y (OR3x1_ASAP7_75t_R)
                                         _15827_ (net)
                 14.69    0.00   30.39 v _48735_/A (BUFx6f_ASAP7_75t_R)
    10   13.16   14.71   19.87   50.26 v _48735_/Y (BUFx6f_ASAP7_75t_R)
                                         _15828_ (net)
                 14.71    0.00   50.26 v _48736_/A (INVx6_ASAP7_75t_R)
     7    8.31   12.36    9.80   60.06 ^ _48736_/Y (INVx6_ASAP7_75t_R)
                                         _15829_ (net)
                 12.36    0.00   60.06 ^ _48737_/A (BUFx12f_ASAP7_75t_R)
    10    8.32    8.62   14.70   74.76 ^ _48737_/Y (BUFx12f_ASAP7_75t_R)
                                         tagq._GEN_0 (net)
                  8.62    0.00   74.76 ^ _91449_/B (HAxp5_ASAP7_75t_R)
     4    4.74   51.28   26.19  100.95 v _91449_/CON (HAxp5_ASAP7_75t_R)
                                         _06860_ (net)
                 51.28    0.00  100.95 v _91148_/A (HAxp5_ASAP7_75t_R)
     1    0.65   17.49   31.33  132.28 v _91148_/SN (HAxp5_ASAP7_75t_R)
                                         _10849_ (net)
                 17.49    0.00  132.28 v _84179_/A2 (OA21x2_ASAP7_75t_R)
     1    0.65    6.45   19.19  151.47 v _84179_/Y (OA21x2_ASAP7_75t_R)
                                         _43520_ (net)
                  6.45    0.00  151.47 v _84180_/A2 (OA21x2_ASAP7_75t_R)
     1    1.08    7.53   16.68  168.16 v _84180_/Y (OA21x2_ASAP7_75t_R)
                                         _43521_ (net)
                  7.53    0.00  168.16 v _84181_/A (XNOR2x2_ASAP7_75t_R)
     2    1.73   10.81   21.78  189.94 ^ _84181_/Y (XNOR2x2_ASAP7_75t_R)
                                         _43522_ (net)
                 10.81    0.00  189.94 ^ _84183_/C (AND3x1_ASAP7_75t_R)
     1    0.65    9.10   17.64  207.58 ^ _84183_/Y (AND3x1_ASAP7_75t_R)
                                         _43524_ (net)
                  9.10    0.00  207.58 ^ _84184_/A2 (OA21x2_ASAP7_75t_R)
     1    0.62    6.46   14.90  222.48 ^ _84184_/Y (OA21x2_ASAP7_75t_R)
                                         _14834_ (net)
                  6.46    0.00  222.48 ^ tagq.len[3]$_SDFFE_PP0P_/D (DFFHQNx1_ASAP7_75t_R)
                                222.48   data arrival time

                         80.00   80.00   max_delay
                        -15.04   64.96   library setup time
                                 64.96   data required time
-----------------------------------------------------------------------------
                                 64.96   data required time
                               -222.48   data arrival time
-----------------------------------------------------------------------------
                               -157.53   slack (VIOLATED)


Startpoint: tagq.raddr[1]$_SDFFE_PP0P_
            (rising edge-triggered flip-flop clocked by clock)
Endpoint: io_resp_bits_tag_bits[3] (output port)
Path Group: reg2out
Path Type: max

Fanout     Cap    Slew   Delay    Time   Description
-----------------------------------------------------------------------------
                  0.00    0.00    0.00 ^ tagq.raddr[1]$_SDFFE_PP0P_/CLK (DFFHQNx2_ASAP7_75t_R)
     6    6.62   30.95   50.44   50.44 v tagq.raddr[1]$_SDFFE_PP0P_/QN (DFFHQNx2_ASAP7_75t_R)
                                         _11123_ (net)
                 30.95    0.00   50.44 v _48806_/A (INVx3_ASAP7_75t_R)
     4    3.58   14.77   12.24   62.67 ^ _48806_/Y (INVx3_ASAP7_75t_R)
                                         tagq.raddr[1] (net)
                 14.77    0.00   62.67 ^ _91248_/B (HAxp5_ASAP7_75t_R)
     2    1.34   24.84   14.36   77.03 v _91248_/CON (HAxp5_ASAP7_75t_R)
                                         _11132_ (net)
                 24.84    0.00   77.03 v _56726_/A (BUFx3_ASAP7_75t_R)
    10    6.01   13.59   22.57   99.60 v _56726_/Y (BUFx3_ASAP7_75t_R)
                                         _21672_ (net)
                 13.59    0.00   99.60 v _56742_/A (OR3x1_ASAP7_75t_R)
     3    1.90   14.45   24.16  123.76 v _56742_/Y (OR3x1_ASAP7_75t_R)
                                         _21688_ (net)
                 14.45    0.00  123.76 v _56802_/A (BUFx3_ASAP7_75t_R)
    10    5.96   13.19   19.65  143.41 v _56802_/Y (BUFx3_ASAP7_75t_R)
                                         _21748_ (net)
                 13.19    0.00  143.41 v _56828_/A1 (OA211x2_ASAP7_75t_R)
     1    0.66    9.28   22.55  165.96 v _56828_/Y (OA211x2_ASAP7_75t_R)
                                         _21774_ (net)
                  9.28    0.00  165.96 v _56829_/A (AND4x1_ASAP7_75t_R)
     1    0.63    5.98   11.54  177.50 v _56829_/Y (AND4x1_ASAP7_75t_R)
                                         _21775_ (net)
                  5.98    0.00  177.50 v _56830_/B (OA21x2_ASAP7_75t_R)
     1    1.00    7.14   12.15  189.65 v _56830_/Y (OA21x2_ASAP7_75t_R)
                                         _21776_ (net)
                  7.14    0.00  189.65 v _56831_/A (XOR2x2_ASAP7_75t_R)
     1    1.04    7.92   23.37  213.03 ^ _56831_/Y (XOR2x2_ASAP7_75t_R)
                                         _21777_ (net)
                  7.92    0.00  213.03 ^ _56834_/D (AND5x2_ASAP7_75t_R)
     2    3.16   17.19   32.20  245.22 ^ _56834_/Y (AND5x2_ASAP7_75t_R)
                                         _21780_ (net)
                 17.19    0.00  245.22 ^ _69579_/A (INVx4_ASAP7_75t_R)
     8    8.95   14.98   11.62  256.84 v _69579_/Y (INVx4_ASAP7_75t_R)
                                         _32355_ (net)
                 14.98    0.00  256.84 v _69623_/B (AOI21x1_ASAP7_75t_R)
     1    0.00    8.48    7.92  264.76 ^ _69623_/Y (AOI21x1_ASAP7_75t_R)
                                         io_resp_bits_tag_bits[3] (net)
                  8.48    0.00  264.76 ^ io_resp_bits_tag_bits[3] (out)
                                264.76   data arrival time

                         80.00   80.00   max_delay
                          0.00   80.00   output external delay
                                 80.00   data required time
-----------------------------------------------------------------------------
                                 80.00   data required time
                               -264.76   data arrival time
-----------------------------------------------------------------------------
                               -184.76   slack (VIOLATED)


Startpoint: mesh.mesh_0_1_io_in_control_0_propagate_pipe_pipe_b$_DFFE_PP_
            (rising edge-triggered flip-flop clocked by clock)
Endpoint: mesh.pipe_b_5_0[31]$_DFFE_PP_
          (rising edge-triggered flip-flop clocked by clock)
Path Group: reg2reg
Path Type: max

Fanout     Cap    Slew   Delay    Time   Description
-----------------------------------------------------------------------------
                  0.00    0.00    0.00   clock clock (rise edge)
                          0.00    0.00   clock network delay (ideal)
                  0.00    0.00    0.00 ^ mesh.mesh_0_1_io_in_control_0_propagate_pipe_pipe_b$_DFFE_PP_/CLK (DFFHQNx1_ASAP7_75t_R)
     2    1.69   18.62   35.26   35.26 v mesh.mesh_0_1_io_in_control_0_propagate_pipe_pipe_b$_DFFE_PP_/QN (DFFHQNx1_ASAP7_75t_R)
                                         _01935_ (net)
                 18.62    0.00   35.26 v _50482_/A (BUFx3_ASAP7_75t_R)
    10    6.63   14.35   21.50   56.76 v _50482_/Y (BUFx3_ASAP7_75t_R)
                                         _16793_ (net)
                 14.35    0.00   56.76 v _50483_/A (BUFx6f_ASAP7_75t_R)
    10    9.81   11.86   18.26   75.01 v _50483_/Y (BUFx6f_ASAP7_75t_R)
                                         _16794_ (net)
                 11.86    0.00   75.01 v _50484_/A (BUFx12f_ASAP7_75t_R)
    10    9.77    8.55   15.63   90.65 v _50484_/Y (BUFx12f_ASAP7_75t_R)
                                         _16795_ (net)
                  8.55    0.00   90.65 v _50485_/A (BUFx12f_ASAP7_75t_R)
    10    9.77    8.49   14.61  105.26 v _50485_/Y (BUFx12f_ASAP7_75t_R)
                                         _16796_ (net)
                  8.49    0.00  105.26 v _50486_/A (BUFx12f_ASAP7_75t_R)
    10    8.85    8.03   14.31  119.56 v _50486_/Y (BUFx12f_ASAP7_75t_R)
                                         _16797_ (net)
                  8.03    0.00  119.56 v _50487_/A (BUFx12f_ASAP7_75t_R)
    10    7.07    7.13   13.62  133.18 v _50487_/Y (BUFx12f_ASAP7_75t_R)
                                         _16798_ (net)
                  7.13    0.00  133.18 v _53330_/B (NAND2x1p5_ASAP7_75t_R)
     1    0.64   13.77    5.66  138.84 ^ _53330_/Y (NAND2x1p5_ASAP7_75t_R)
                                         _19168_ (net)
                 13.77    0.00  138.84 ^ _53331_/B (OA21x2_ASAP7_75t_R)
     1    1.33    8.50   17.63  156.46 ^ _53331_/Y (OA21x2_ASAP7_75t_R)
                                         _19169_ (net)
                  8.50    0.00  156.46 ^ _53332_/A (BUFx6f_ASAP7_75t_R)
     9    6.93   10.30   14.57  171.03 ^ _53332_/Y (BUFx6f_ASAP7_75t_R)
                                         _19170_ (net)
                 10.30    0.00  171.03 ^ _62587_/C (AND3x1_ASAP7_75t_R)
     1    1.09   11.52   19.18  190.21 ^ _62587_/Y (AND3x1_ASAP7_75t_R)
                                         _10588_ (net)
                 11.52    0.00  190.21 ^ _91064_/A (HAxp5_ASAP7_75t_R)
     5    8.47   91.31  103.38  293.59 v _91064_/SN (HAxp5_ASAP7_75t_R)
                                         _06719_ (net)
                 91.31    0.00  293.59 v _89796_/CI (FAx1_ASAP7_75t_R)
     3    4.31   79.11   57.51  351.10 ^ _89796_/CON (FAx1_ASAP7_75t_R)
                                         _06737_ (net)
     2    1.77   48.88   24.36  375.46 v _89796_/SN (FAx1_ASAP7_75t_R)
                                         _10590_ (net)
                 48.88    0.00  375.46 v _59593_/A (INVx1_ASAP7_75t_R)
     3    5.34   41.43   31.53  406.99 ^ _59593_/Y (INVx1_ASAP7_75t_R)
                                         _06720_ (net)
                 41.43    0.00  406.99 ^ _89807_/A (FAx1_ASAP7_75t_R)
     1    2.04   40.20   51.92  458.91 v _89807_/SN (FAx1_ASAP7_75t_R)
                                         _48112_ (net)
                 40.20    0.00  458.91 v _89812_/A (FAx1_ASAP7_75t_R)
     1    0.68   26.10   33.98  492.89 v _89812_/SN (FAx1_ASAP7_75t_R)
                                         _06766_ (net)
                 26.10    0.00  492.89 v _55138_/A (INVx1_ASAP7_75t_R)
     1    1.09   13.40   11.19  504.08 ^ _55138_/Y (INVx1_ASAP7_75t_R)
                                         _06768_ (net)
                 13.40    0.00  504.08 ^ _91067_/A (HAxp5_ASAP7_75t_R)
     5    3.53   41.99   52.08  556.15 v _91067_/SN (HAxp5_ASAP7_75t_R)
                                         _10601_ (net)
                 41.99    0.00  556.15 v _63367_/C (OR3x1_ASAP7_75t_R)
     1    0.63    8.69   24.75  580.91 v _63367_/Y (OR3x1_ASAP7_75t_R)
                                         _26998_ (net)
                  8.69    0.00  580.91 v _63368_/B (OA21x2_ASAP7_75t_R)
     1    0.55    6.71   12.42  593.33 v _63368_/Y (OA21x2_ASAP7_75t_R)
                                         _26999_ (net)
                  6.71    0.00  593.33 v _63369_/B1 (OA31x2_ASAP7_75t_R)
     2    1.11    8.81   18.93  612.25 v _63369_/Y (OA31x2_ASAP7_75t_R)
                                         _27000_ (net)
                  8.81    0.00  612.25 v _63372_/B2 (AO221x1_ASAP7_75t_R)
     1    1.08   10.69   21.78  634.04 v _63372_/Y (AO221x1_ASAP7_75t_R)
                                         _27003_ (net)
                 10.69    0.00  634.04 v _63380_/B (XOR2x2_ASAP7_75t_R)
     5    4.13   16.80   30.16  664.20 ^ _63380_/Y (XOR2x2_ASAP7_75t_R)
                                         _27011_ (net)
                 16.80    0.00  664.20 ^ _63381_/A (INVx2_ASAP7_75t_R)
     2    2.57   10.30    8.60  672.80 v _63381_/Y (INVx2_ASAP7_75t_R)
                                         _27012_ (net)
                 10.30    0.00  672.80 v _63382_/A (BUFx6f_ASAP7_75t_R)
    15   14.13   15.42   18.94  691.74 v _63382_/Y (BUFx6f_ASAP7_75t_R)
                                         _10662_ (net)
                 15.42    0.00  691.74 v _91111_/A (HAxp5_ASAP7_75t_R)
     2    1.73   23.89   33.74  725.48 v _91111_/SN (HAxp5_ASAP7_75t_R)
                                         _10742_ (net)
                 23.89    0.00  725.48 v _63523_/A2 (OA21x2_ASAP7_75t_R)
     4    3.24   12.95   25.18  750.66 v _63523_/Y (OA21x2_ASAP7_75t_R)
                                         _27112_ (net)
                 12.95    0.00  750.66 v _63530_/B (NAND2x1_ASAP7_75t_R)
     1    0.66    9.88    8.26  758.92 ^ _63530_/Y (NAND2x1_ASAP7_75t_R)
                                         _27119_ (net)
                  9.88    0.00  758.92 ^ _63531_/A (AND4x1_ASAP7_75t_R)
     1    1.24   13.60   22.25  781.18 ^ _63531_/Y (AND4x1_ASAP7_75t_R)
                                         _27120_ (net)
                 13.60    0.00  781.18 ^ _63532_/B (AOI21x1_ASAP7_75t_R)
     2    1.27   12.03    8.47  789.65 v _63532_/Y (AOI21x1_ASAP7_75t_R)
                                         _27121_ (net)
                 12.03    0.00  789.65 v _63626_/A1 (OA21x2_ASAP7_75t_R)
     2    2.16    9.90   19.74  809.39 v _63626_/Y (OA21x2_ASAP7_75t_R)
                                         _27197_ (net)
                  9.90    0.00  809.39 v _63627_/C (MAJx2_ASAP7_75t_R)
     1    0.65    7.19   19.41  828.79 v _63627_/Y (MAJx2_ASAP7_75t_R)
                                         _27198_ (net)
                  7.19    0.00  828.79 v _63628_/A2 (OA21x2_ASAP7_75t_R)
     1    1.08    7.85   16.89  845.68 v _63628_/Y (OA21x2_ASAP7_75t_R)
                                         _27199_ (net)
                  7.85    0.00  845.68 v _63629_/A (XNOR2x2_ASAP7_75t_R)
     3    3.23   14.74   24.16  869.85 ^ _63629_/Y (XNOR2x2_ASAP7_75t_R)
                                         _27200_ (net)
                 14.74    0.00  869.85 ^ _63630_/B (NOR2x1p5_ASAP7_75t_R)
     1    1.01   13.39    7.50  877.34 v _63630_/Y (NOR2x1p5_ASAP7_75t_R)
                                         _10755_ (net)
                 13.39    0.00  877.34 v _91116_/B (HAxp5_ASAP7_75t_R)
     5    3.53   56.35   52.10  929.44 v _91116_/SN (HAxp5_ASAP7_75t_R)
                                         _10757_ (net)
                 56.35    0.00  929.44 v _75268_/A2 (OA21x2_ASAP7_75t_R)
     2    1.28    9.31   28.45  957.89 v _75268_/Y (OA21x2_ASAP7_75t_R)
                                         _37084_ (net)
                  9.31    0.00  957.89 v _75269_/A2 (OA21x2_ASAP7_75t_R)
     1    0.65    7.44   16.75  974.65 v _75269_/Y (OA21x2_ASAP7_75t_R)
                                         _37085_ (net)
                  7.44    0.00  974.65 v _75270_/A2 (OA21x2_ASAP7_75t_R)
     1    0.65    7.31   16.22  990.87 v _75270_/Y (OA21x2_ASAP7_75t_R)
                                         _37086_ (net)
                  7.31    0.00  990.87 v _75271_/A2 (OA21x2_ASAP7_75t_R)
     1    0.65    7.17   16.18 1007.05 v _75271_/Y (OA21x2_ASAP7_75t_R)
                                         _37087_ (net)
                  7.17    0.00 1007.05 v _75273_/A2 (OA21x2_ASAP7_75t_R)
     1    0.60    7.19   16.06 1023.11 v _75273_/Y (OA21x2_ASAP7_75t_R)
                                         _37089_ (net)
                  7.19    0.00 1023.11 v _75274_/B (AND3x1_ASAP7_75t_R)
     2    1.57   10.95   13.80 1036.92 v _75274_/Y (AND3x1_ASAP7_75t_R)
                                         _37090_ (net)
                 10.95    0.00 1036.92 v _75275_/A2 (OA21x2_ASAP7_75t_R)
     1    0.65    7.05   17.23 1054.15 v _75275_/Y (OA21x2_ASAP7_75t_R)
                                         _37091_ (net)
                  7.05    0.00 1054.15 v _75276_/A2 (OA21x2_ASAP7_75t_R)
     3    2.21   10.94   18.77 1072.92 v _75276_/Y (OA21x2_ASAP7_75t_R)
                                         _37092_ (net)
                 10.94    0.00 1072.92 v _86230_/E (OR5x1_ASAP7_75t_R)
     1    0.43   10.42   31.21 1104.13 v _86230_/Y (OR5x1_ASAP7_75t_R)
                                         _45391_ (net)
                 10.42    0.00 1104.13 v _86231_/B (OA211x2_ASAP7_75t_R)
     1    1.08   10.50   26.57 1130.70 v _86231_/Y (OA211x2_ASAP7_75t_R)
                                         _45392_ (net)
                 10.50    0.00 1130.70 v _86234_/A (XNOR2x2_ASAP7_75t_R)
     1    0.63    6.58   20.72 1151.42 ^ _86234_/Y (XNOR2x2_ASAP7_75t_R)
                                         _45395_ (net)
                  6.58    0.00 1151.42 ^ _86236_/A2 (AO21x1_ASAP7_75t_R)
     1    0.62    7.50   12.52 1163.94 ^ _86236_/Y (AO21x1_ASAP7_75t_R)
                                         _15001_ (net)
                  7.50    0.00 1163.94 ^ mesh.pipe_b_5_0[31]$_DFFE_PP_/D (DFFHQNx1_ASAP7_75t_R)
                               1163.94   data arrival time

                  0.00 1000.00 1000.00   clock clock (rise edge)
                          0.00 1000.00   clock network delay (ideal)
                          0.00 1000.00   clock reconvergence pessimism
                               1000.00 ^ mesh.pipe_b_5_0[31]$_DFFE_PP_/CLK (DFFHQNx1_ASAP7_75t_R)
                        -15.16  984.84   library setup time
                                984.84   data required time
-----------------------------------------------------------------------------
                                984.84   data required time
                               -1163.94   data arrival time
-----------------------------------------------------------------------------
                               -179.10   slack (VIOLATED)



==========================================================================
floorplan final report_power
--------------------------------------------------------------------------
Group                  Internal  Switching    Leakage      Total
                          Power      Power      Power      Power (Watts)
----------------------------------------------------------------
Sequential             1.35e-02   1.56e-03   7.13e-07   1.51e-02  10.2%
Combinational          7.71e-02   5.63e-02   3.30e-06   1.33e-01  89.8%
Clock                  0.00e+00   0.00e+00   0.00e+00   0.00e+00   0.0%
Macro                  0.00e+00   0.00e+00   0.00e+00   0.00e+00   0.0%
Pad                    0.00e+00   0.00e+00   0.00e+00   0.00e+00   0.0%
----------------------------------------------------------------
Total                  9.06e-02   5.79e-02   4.01e-06   1.49e-01 100.0%
                          61.0%      39.0%       0.0%
