OpenROAD 26Q1-1929-g7cf7b720fd 
Features included (+) or not (-): +GPU +GUI +Python
This program is licensed under the BSD-3 license. See the LICENSE file for details.
Components of this program may be licensed under more restrictive licenses which must be honored.
[INFO ORD-0030] Using 16 thread(s).
source external/bazel-orfs++orfs_repositories+docker_orfs/OpenROAD-flow-scripts/flow/platforms/asap7/liberty_suppressions.tcl
read_liberty external/bazel-orfs++orfs_repositories+docker_orfs/OpenROAD-flow-scripts/flow/platforms/asap7/lib/NLDM/asap7sc7p5t_AO_RVT_FF_nldm_211120.lib.gz
read_liberty external/bazel-orfs++orfs_repositories+docker_orfs/OpenROAD-flow-scripts/flow/platforms/asap7/lib/NLDM/asap7sc7p5t_INVBUF_RVT_FF_nldm_220122.lib.gz
read_liberty external/bazel-orfs++orfs_repositories+docker_orfs/OpenROAD-flow-scripts/flow/platforms/asap7/lib/NLDM/asap7sc7p5t_OA_RVT_FF_nldm_211120.lib.gz
read_liberty external/bazel-orfs++orfs_repositories+docker_orfs/OpenROAD-flow-scripts/flow/platforms/asap7/lib/NLDM/asap7sc7p5t_SIMPLE_RVT_FF_nldm_211120.lib.gz
read_liberty external/bazel-orfs++orfs_repositories+docker_orfs/OpenROAD-flow-scripts/flow/platforms/asap7/lib/NLDM/asap7sc7p5t_SEQ_RVT_FF_nldm_220123.lib
read_db -hier bazel-out/k8-fastbuild/bin/gemmini_2x2/results/asap7/MeshWithDelays/base/1_synth.odb
[WARNING ORD-0012] Hierarchical flow (-hier) is currently in development and may cause multiple issues. Do not use in production environments.
source external/bazel-orfs++orfs_repositories+docker_orfs/OpenROAD-flow-scripts/flow/platforms/asap7/setRC.tcl

==========================================================================
Floorplan check_setup
--------------------------------------------------------------------------
Warning: There are 74 input ports missing set_input_delay.
Warning: There are 168 output ports missing set_output_delay.
number instances in verilog is 12793
[INFO IFP-0107] Defining die area using utilization: 40.00% and aspect ratio: 1.
[WARNING IFP-0028] Core area lower left (1.000, 1.000) snapped to (1.026, 1.080).
[INFO IFP-0001] Added 227 rows of 1138 site asap7sc7p5t.
[INFO IFP-0100] Die BBox:  (  0.000  0.000 ) ( 63.480 63.480 ) um
[INFO IFP-0101] Core BBox: (  1.026  1.080 ) ( 62.478 62.370 ) um
[INFO IFP-0102] Core area:                         3766.393 um^2
[INFO IFP-0103] Total instances area:              1511.946 um^2
[INFO IFP-0104] Effective utilization:                0.401
[INFO IFP-0105] Number of instances:                  12793
source external/bazel-orfs++orfs_repositories+docker_orfs/OpenROAD-flow-scripts/flow/platforms/asap7/openRoad/make_tracks.tcl
source external/bazel-orfs++orfs_repositories+docker_orfs/OpenROAD-flow-scripts/flow/platforms/asap7/fastroute.tcl
Repair tie lo fanout...
Repair tie hi fanout...
repair_timing -setup_margin 0 -hold_margin 0 -repair_tns 100 -skip_last_gasp -setup -skip_last_gasp -sequence unbuffer,sizeup,swap,vt_swap -verbose
[WARNING EST-0027] no estimated parasitics. Using wire load models.
[INFO RSZ-0100] Repair move sequence: UnbufferMove SizeUpMove SwapPinsMove 
[INFO RSZ-0094] Found 494 endpoints with setup violations.
[INFO RSZ-0099] Repairing 494 out of 494 (100.00%) violating endpoints...
   Iter   | Removed | Resized | Inserted | Cloned |  Pin  |   Area   |    WNS   |   TNS      |  Viol  | Worst
          | Buffers |  Gates  | Buffers  |  Gates | Swaps |          |          |            | Endpts | Endpt
--------------------------------------------------------------------------------------------------------------
        0 |       0 |       0 |        0 |      0 |     0 |    +0.0% | -283.304 |   -42147.5 |    494 | mesh.pipe_b_3_0[31]$_DFFE_PP_/D
       10 |       0 |       1 |        0 |      0 |     8 |    +0.0% | -271.963 |   -41327.4 |    494 | mesh.io_out_b_0_0[30]$_DFF_P_/D
       20 |       0 |       3 |        0 |      0 |    16 |    +0.0% | -268.759 |   -40533.1 |    494 | mesh.io_out_b_0_0[30]$_DFF_P_/D
       30 |       0 |       8 |        0 |      0 |    21 |    +0.0% | -255.063 |   -39587.1 |    494 | mesh.pipe_b_1_0[31]$_DFFE_PP_/D
       40 |       0 |      15 |        0 |      0 |    24 |    +0.0% | -244.640 |   -38331.9 |    494 | mesh.pipe_b_1_0[31]$_DFFE_PP_/D
       50 |       0 |      25 |        0 |      0 |    24 |    +0.0% | -227.855 |   -36512.1 |    494 | mesh.pipe_b_1_0[31]$_DFFE_PP_/D
       60 |       0 |      29 |        0 |      0 |    30 |    +0.0% | -222.390 |   -36046.5 |    494 | mesh.io_out_b_0_0[30]$_DFF_P_/D
       70 |       0 |      34 |        0 |      0 |    35 |    +0.0% | -217.819 |   -35464.2 |    494 | mesh.io_out_b_0_0[30]$_DFF_P_/D
       80 |       0 |      39 |        0 |      0 |    40 |    +0.0% | -214.792 |   -34982.2 |    494 | mesh.io_out_b_1_0[31]$_DFF_P_/D
       90 |       0 |      47 |        0 |      0 |    42 |    +0.1% | -207.838 |   -34383.7 |    494 | mesh.pipe_b_3_0[31]$_DFFE_PP_/D
      100 |       0 |      57 |        0 |      0 |    42 |    +0.1% | -202.527 |   -33747.5 |    494 | mesh.pipe_b_1_0[31]$_DFFE_PP_/D
      110 |       0 |      64 |        0 |      0 |    45 |    +0.1% | -200.398 |   -33541.2 |    494 | mesh.pipe_b_1_0[31]$_DFFE_PP_/D
      120 |       0 |      69 |        0 |      0 |    50 |    +0.1% | -197.925 |   -33361.3 |    494 | io_resp_bits_tag_bits[0]
      130 |       0 |      69 |        0 |      0 |    60 |    +0.1% | -197.501 |   -33355.4 |    494 | mesh.pipe_b_3_0[31]$_DFFE_PP_/D
      136 |       0 |      73 |        0 |      0 |    62 |    +0.1% | -197.189 |   -33130.4 |    494 | io_resp_bits_tag_bits[0]
      140 |       0 |      75 |        0 |      0 |    63 |    +0.1% | -197.189 |   -33056.0 |    494 | io_resp_bits_tag_bits[0]
      150 |       0 |      84 |        0 |      0 |    64 |    +0.1% | -197.189 |   -32813.9 |    494 | io_resp_bits_tag_bits[0]
      159 |       0 |      85 |        0 |      0 |    65 |    +0.2% | -197.189 |   -32794.7 |    494 | io_resp_bits_tag_bits[0]
      160 |       0 |      85 |        0 |      0 |    65 |    +0.2% | -197.189 |   -32794.7 |    494 | io_resp_bits_tag_bits[0]
      170 |       0 |      93 |        0 |      0 |    67 |    +0.2% | -197.189 |   -32344.2 |    494 | io_resp_bits_tag_bits[0]
      180 |       0 |     102 |        0 |      0 |    68 |    +0.2% | -197.189 |   -32111.1 |    494 | io_resp_bits_tag_bits[0]
      190 |       0 |     105 |        0 |      0 |    75 |    +0.2% | -197.189 |   -32076.5 |    494 | io_resp_bits_tag_bits[0]
      196 |       0 |     104 |        0 |      0 |    71 |    +0.2% | -197.189 |   -32062.1 |    494 | io_resp_bits_tag_bits[0]
      200 |       0 |     107 |        0 |      0 |    71 |    +0.2% | -197.189 |   -31947.2 |    494 | io_resp_bits_tag_bits[0]
      210 |       0 |     112 |        0 |      0 |    76 |    +0.3% | -197.189 |   -31845.0 |    494 | io_resp_bits_tag_bits[0]
      217 |       0 |     114 |        0 |      0 |    80 |    +0.3% | -197.189 |   -31806.4 |    494 | io_resp_bits_tag_bits[0]
      220 |       0 |     115 |        0 |      0 |    81 |    +0.3% | -197.189 |   -31797.6 |    494 | io_resp_bits_tag_bits[0]
      221 |       0 |     116 |        0 |      0 |    81 |    +0.3% | -197.189 |   -31794.7 |    494 | io_resp_bits_tag_bits[0]
      229 |       0 |     119 |        0 |      0 |    82 |    +0.3% | -197.189 |   -31770.4 |    494 | io_resp_bits_tag_bits[0]
      230 |       0 |     119 |        0 |      0 |    82 |    +0.3% | -197.189 |   -31770.4 |    494 | io_resp_bits_tag_bits[0]
      240 |       0 |     126 |        0 |      0 |    85 |    +0.3% | -197.189 |   -31726.7 |    494 | io_resp_bits_tag_bits[0]
      249 |       0 |     127 |        0 |      0 |    93 |    +0.3% | -197.189 |   -31724.3 |    494 | io_resp_bits_tag_bits[0]
      250 |       0 |     127 |        0 |      0 |    93 |    +0.3% | -197.189 |   -31724.3 |    494 | io_resp_bits_tag_bits[0]
      255 |       0 |     127 |        0 |      0 |    93 |    +0.3% | -197.189 |   -31724.3 |    494 | io_resp_bits_tag_bits[0]
      260 |       0 |     129 |        0 |      0 |    95 |    +0.3% | -197.189 |   -31759.8 |    494 | io_resp_bits_tag_bits[0]
      260 |       0 |     127 |        0 |      0 |    93 |    +0.3% | -197.189 |   -31724.3 |    494 | io_resp_bits_tag_bits[0]
      270 |       0 |     129 |        0 |      0 |   100 |    +0.3% | -197.189 |   -31747.2 |    494 | io_resp_bits_tag_bits[0]
      274 |       0 |     130 |        0 |      0 |   103 |    +0.3% | -197.189 |   -31739.3 |    494 | io_resp_bits_tag_bits[0]
      276 |       0 |     130 |        0 |      0 |   104 |    +0.3% | -197.189 |   -31737.9 |    494 | io_resp_bits_tag_bits[0]
      278 |       0 |     130 |        0 |      0 |   104 |    +0.3% | -197.189 |   -31737.9 |    494 | io_resp_bits_tag_bits[0]
      280 |       0 |     130 |        0 |      0 |   105 |    +0.3% | -197.189 |   -31730.7 |    494 | io_resp_bits_tag_bits[0]
      284 |       0 |     130 |        0 |      0 |   109 |    +0.3% | -197.189 |   -31713.2 |    494 | io_resp_bits_tag_bits[0]
      286 |       0 |     130 |        0 |      0 |   110 |    +0.3% | -197.189 |   -31712.0 |    494 | io_resp_bits_tag_bits[0]
      289 |       0 |     130 |        0 |      0 |   111 |    +0.3% | -197.189 |   -31711.0 |    494 | io_resp_bits_tag_bits[0]
      290 |       0 |     130 |        0 |      0 |   111 |    +0.3% | -197.189 |   -31711.0 |    494 | io_resp_bits_tag_bits[0]
      291 |       0 |     130 |        0 |      0 |   111 |    +0.3% | -197.189 |   -31711.0 |    494 | io_resp_bits_tag_bits[0]
      298 |       0 |     130 |        0 |      0 |   115 |    +0.3% | -197.189 |   -31695.8 |    494 | io_resp_bits_tag_bits[0]
      300 |       0 |     130 |        0 |      0 |   116 |    +0.3% | -197.189 |   -31695.3 |    494 | io_resp_bits_tag_bits[0]
      300 |       0 |     130 |        0 |      0 |   116 |    +0.3% | -197.189 |   -31695.3 |    494 | io_resp_bits_tag_bits[0]
      302 |       0 |     130 |        0 |      0 |   117 |    +0.3% | -197.189 |   -31694.7 |    494 | io_resp_bits_tag_bits[0]
      303 |       0 |     130 |        0 |      0 |   117 |    +0.3% | -197.189 |   -31694.7 |    494 | io_resp_bits_tag_bits[0]
      304 |       0 |     130 |        0 |      0 |   117 |    +0.3% | -197.189 |   -31694.7 |    494 | io_resp_bits_tag_bits[0]
      305 |       0 |     130 |        0 |      0 |   117 |    +0.3% | -197.189 |   -31694.7 |    494 | io_resp_bits_tag_bits[0]
      306 |       0 |     130 |        0 |      0 |   117 |    +0.3% | -197.189 |   -31694.7 |    494 | io_resp_bits_tag_bits[0]
      307 |       0 |     130 |        0 |      0 |   117 |    +0.3% | -197.189 |   -31694.7 |    494 | io_resp_bits_tag_bits[0]
      308 |       0 |     130 |        0 |      0 |   117 |    +0.3% | -197.189 |   -31694.7 |    494 | io_resp_bits_tag_bits[0]
      309 |       0 |     130 |        0 |      0 |   117 |    +0.3% | -197.189 |   -31694.7 |    494 | io_resp_bits_tag_bits[0]
      310 |       0 |     130 |        0 |      0 |   117 |    +0.3% | -197.189 |   -31694.7 |    494 | io_resp_bits_tag_bits[0]
      310 |       0 |     130 |        0 |      0 |   117 |    +0.3% | -197.189 |   -31694.7 |    494 | io_resp_bits_tag_bits[0]
      312 |       0 |     130 |        0 |      0 |   118 |    +0.3% | -197.189 |   -31693.8 |    494 | io_resp_bits_tag_bits[0]
      314 |       0 |     130 |        0 |      0 |   119 |    +0.3% | -197.189 |   -31692.9 |    494 | io_resp_bits_tag_bits[0]
      320 |       0 |     134 |        0 |      0 |   120 |    +0.3% | -197.189 |   -31356.7 |    494 | io_resp_bits_tag_bits[0]
      330 |       0 |     140 |        0 |      0 |   124 |    +0.3% | -197.189 |   -31046.5 |    494 | io_resp_bits_tag_bits[0]
      340 |       0 |     148 |        0 |      0 |   126 |    +0.3% | -197.189 |   -30806.0 |    494 | io_resp_bits_tag_bits[0]
      350 |       0 |     152 |        0 |      0 |   132 |    +0.4% | -197.189 |   -30749.7 |    494 | io_resp_bits_tag_bits[0]
      355 |       0 |     154 |        0 |      0 |   135 |    +0.4% | -197.189 |   -30733.0 |    494 | io_resp_bits_tag_bits[0]
      357 |       0 |     154 |        0 |      0 |   136 |    +0.4% | -197.189 |   -30734.3 |    494 | io_resp_bits_tag_bits[0]
      359 |       0 |     154 |        0 |      0 |   137 |    +0.4% | -197.189 |   -30736.3 |    494 | io_resp_bits_tag_bits[0]
      360 |       0 |     154 |        0 |      0 |   137 |    +0.4% | -197.189 |   -30736.3 |    494 | io_resp_bits_tag_bits[0]
      362 |       0 |     154 |        0 |      0 |   139 |    +0.4% | -197.189 |   -30735.8 |    494 | io_resp_bits_tag_bits[0]
      370 |       0 |     154 |        0 |      0 |   146 |    +0.4% | -197.189 |   -30763.2 |    494 | io_resp_bits_tag_bits[0]
      370 |       0 |     154 |        0 |      0 |   139 |    +0.4% | -197.189 |   -30735.8 |    494 | io_resp_bits_tag_bits[0]
      380 |       0 |     160 |        0 |      0 |   142 |    +0.4% | -197.189 |   -29748.4 |    494 | io_resp_bits_tag_bits[0]
      388 |       0 |     167 |        0 |      0 |   143 |    +0.4% | -197.189 |   -28740.0 |    494 | io_resp_bits_tag_bits[0]
      390 |       0 |     167 |        0 |      0 |   144 |    +0.4% | -197.189 |   -28734.0 |    494 | io_resp_bits_tag_bits[0]
      398 |       0 |     167 |        0 |      0 |   144 |    +0.4% | -197.189 |   -28734.0 |    494 | io_resp_bits_tag_bits[0]
      400 |       0 |     167 |        0 |      0 |   145 |    +0.4% | -197.189 |   -28733.0 |    494 | io_resp_bits_tag_bits[0]
      400 |       0 |     167 |        0 |      0 |   145 |    +0.4% | -197.189 |   -28733.0 |    494 | io_resp_bits_tag_bits[0]
      403 |       0 |     167 |        0 |      0 |   146 |    +0.4% | -197.189 |   -28731.5 |    494 | io_resp_bits_tag_bits[0]
      410 |       0 |     168 |        0 |      0 |   151 |    +0.4% | -197.189 |   -28738.5 |    494 | io_resp_bits_tag_bits[0]
      411 |       0 |     167 |        0 |      0 |   146 |    +0.4% | -197.189 |   -28731.5 |    494 | io_resp_bits_tag_bits[0]
      413 |       0 |     167 |        0 |      0 |   147 |    +0.4% | -197.189 |   -28730.3 |    494 | io_resp_bits_tag_bits[0]
      417 |       0 |     167 |        0 |      0 |   150 |    +0.4% | -197.189 |   -28729.9 |    494 | io_resp_bits_tag_bits[0]
      419 |       0 |     167 |        0 |      0 |   151 |    +0.4% | -197.189 |   -28729.3 |    494 | io_resp_bits_tag_bits[0]
      420 |       0 |     167 |        0 |      0 |   151 |    +0.4% | -197.189 |   -28729.3 |    494 | io_resp_bits_tag_bits[0]
      421 |       0 |     167 |        0 |      0 |   152 |    +0.4% | -197.189 |   -28728.7 |    494 | io_resp_bits_tag_bits[0]
      424 |       0 |     168 |        0 |      0 |   153 |    +0.4% | -197.189 |   -28729.2 |    494 | io_resp_bits_tag_bits[0]
      427 |       0 |     168 |        0 |      0 |   155 |    +0.4% | -197.189 |   -28728.4 |    494 | io_resp_bits_tag_bits[0]
      429 |       0 |     168 |        0 |      0 |   156 |    +0.4% | -197.189 |   -28727.9 |    494 | io_resp_bits_tag_bits[0]
      430 |       0 |     168 |        0 |      0 |   156 |    +0.4% | -197.189 |   -28727.9 |    494 | io_resp_bits_tag_bits[0]
      436 |       0 |     169 |        0 |      0 |   160 |    +0.4% | -197.189 |   -28713.5 |    494 | io_resp_bits_tag_bits[0]
      440 |       0 |     172 |        0 |      0 |   160 |    +0.4% | -197.189 |   -28702.7 |    494 | io_resp_bits_tag_bits[0]
      450 |       0 |     180 |        0 |      0 |   162 |    +0.4% | -197.189 |   -28682.5 |    494 | io_resp_bits_tag_bits[0]
      453 |       0 |     181 |        0 |      0 |   162 |    +0.4% | -197.189 |   -28681.0 |    494 | io_resp_bits_tag_bits[0]
      460 |       0 |     184 |        0 |      0 |   165 |    +0.4% | -197.189 |   -28502.7 |    494 | io_resp_bits_tag_bits[0]
      470 |       0 |     192 |        0 |      0 |   167 |    +0.4% | -197.189 |   -28107.7 |    494 | io_resp_bits_tag_bits[0]
      473 |       0 |     194 |        0 |      0 |   167 |    +0.4% | -197.189 |   -28104.9 |    494 | io_resp_bits_tag_bits[0]
      475 |       0 |     194 |        0 |      0 |   167 |    +0.4% | -197.189 |   -28104.9 |    494 | io_resp_bits_tag_bits[0]
      477 |       0 |     194 |        0 |      0 |   167 |    +0.4% | -197.189 |   -28104.9 |    494 | io_resp_bits_tag_bits[0]
      479 |       0 |     194 |        0 |      0 |   167 |    +0.4% | -197.189 |   -28104.9 |    494 | io_resp_bits_tag_bits[0]
      480 |       0 |     194 |        0 |      0 |   167 |    +0.4% | -197.189 |   -28104.9 |    494 | io_resp_bits_tag_bits[0]
      481 |       0 |     194 |        0 |      0 |   167 |    +0.4% | -197.189 |   -28104.9 |    494 | io_resp_bits_tag_bits[0]
      483 |       0 |     194 |        0 |      0 |   167 |    +0.4% | -197.189 |   -28104.9 |    494 | io_resp_bits_tag_bits[0]
      485 |       0 |     194 |        0 |      0 |   167 |    +0.4% | -197.189 |   -28104.9 |    494 | io_resp_bits_tag_bits[0]
      487 |       0 |     194 |        0 |      0 |   167 |    +0.4% | -197.189 |   -28104.9 |    494 | io_resp_bits_tag_bits[0]
      489 |       0 |     194 |        0 |      0 |   167 |    +0.4% | -197.189 |   -28104.9 |    494 | io_resp_bits_tag_bits[0]
      490 |       0 |     194 |        0 |      0 |   167 |    +0.4% | -197.189 |   -28104.9 |    494 | io_resp_bits_tag_bits[0]
      491 |       0 |     194 |        0 |      0 |   167 |    +0.4% | -197.189 |   -28104.9 |    494 | io_resp_bits_tag_bits[0]
      493 |       0 |     194 |        0 |      0 |   168 |    +0.4% | -197.189 |   -28104.8 |    494 | io_resp_bits_tag_bits[0]
      495 |       0 |     194 |        0 |      0 |   169 |    +0.4% | -197.189 |   -28109.9 |    494 | io_resp_bits_tag_bits[0]
      500 |       0 |     194 |        0 |      0 |   173 |    +0.4% | -197.189 |   -28155.0 |    494 | io_resp_bits_tag_bits[0]
      510 |       0 |     196 |        0 |      0 |   181 |    +0.4% | -197.189 |   -28130.6 |    494 | io_resp_bits_tag_bits[0]
      518 |       0 |     197 |        0 |      0 |   183 |    +0.4% | -197.189 |   -28128.6 |    494 | io_resp_bits_tag_bits[0]
      520 |       0 |     197 |        0 |      0 |   184 |    +0.4% | -197.189 |   -28145.2 |    494 | io_resp_bits_tag_bits[0]
      521 |       0 |     197 |        0 |      0 |   183 |    +0.4% | -197.189 |   -28128.6 |    494 | io_resp_bits_tag_bits[0]
      522 |       0 |     197 |        0 |      0 |   183 |    +0.4% | -197.189 |   -28128.6 |    494 | io_resp_bits_tag_bits[0]
      526 |       0 |     197 |        0 |      0 |   183 |    +0.4% | -197.189 |   -28128.6 |    494 | io_resp_bits_tag_bits[0]
      529 |       0 |     197 |        0 |      0 |   185 |    +0.4% | -197.189 |   -28131.1 |    494 | io_resp_bits_tag_bits[0]
      530 |       0 |     197 |        0 |      0 |   185 |    +0.4% | -197.189 |   -28131.1 |    494 | io_resp_bits_tag_bits[0]
      532 |       0 |     198 |        0 |      0 |   185 |    +0.4% | -197.189 |   -28127.6 |    494 | io_resp_bits_tag_bits[0]
      539 |       0 |     199 |        0 |      0 |   190 |    +0.4% | -197.189 |   -28116.5 |    494 | io_resp_bits_tag_bits[0]
      540 |       0 |     199 |        0 |      0 |   190 |    +0.4% | -197.189 |   -28116.5 |    494 | io_resp_bits_tag_bits[0]
      541 |       0 |     199 |        0 |      0 |   190 |    +0.4% | -197.189 |   -28116.5 |    494 | io_resp_bits_tag_bits[0]
      542 |       0 |     199 |        0 |      0 |   190 |    +0.4% | -197.189 |   -28116.5 |    494 | io_resp_bits_tag_bits[0]
      550 |       0 |     206 |        0 |      0 |   190 |    +0.4% | -197.189 |   -27989.9 |    494 | io_resp_bits_tag_bits[0]
      557 |       0 |     210 |        0 |      0 |   190 |    +0.4% | -197.189 |   -27863.6 |    494 | io_resp_bits_tag_bits[0]
      560 |       0 |     210 |        0 |      0 |   192 |    +0.4% | -197.189 |   -27861.7 |    494 | io_resp_bits_tag_bits[0]
      560 |       0 |     210 |        0 |      0 |   192 |    +0.4% | -197.189 |   -27861.7 |    494 | io_resp_bits_tag_bits[0]
      562 |       0 |     210 |        0 |      0 |   193 |    +0.4% | -197.189 |   -27860.9 |    494 | io_resp_bits_tag_bits[0]
      564 |       0 |     210 |        0 |      0 |   194 |    +0.4% | -197.189 |   -27860.2 |    494 | io_resp_bits_tag_bits[0]
      566 |       0 |     210 |        0 |      0 |   195 |    +0.4% | -197.189 |   -27859.3 |    494 | io_resp_bits_tag_bits[0]
      570 |       0 |     210 |        0 |      0 |   198 |    +0.4% | -197.189 |   -27859.6 |    494 | io_resp_bits_tag_bits[0]
      573 |       0 |     210 |        0 |      0 |   200 |    +0.4% | -197.189 |   -27859.1 |    494 | io_resp_bits_tag_bits[0]
      577 |       0 |     211 |        0 |      0 |   202 |    +0.5% | -197.189 |   -27597.9 |    494 | io_resp_bits_tag_bits[0]
      578 |       0 |     211 |        0 |      0 |   202 |    +0.5% | -197.189 |   -27597.9 |    494 | io_resp_bits_tag_bits[0]
      579 |       0 |     211 |        0 |      0 |   202 |    +0.5% | -197.189 |   -27597.9 |    494 | io_resp_bits_tag_bits[0]
      580 |       0 |     211 |        0 |      0 |   202 |    +0.5% | -197.189 |   -27597.9 |    494 | io_resp_bits_tag_bits[0]
      580 |       0 |     211 |        0 |      0 |   202 |    +0.5% | -197.189 |   -27597.9 |    494 | io_resp_bits_tag_bits[0]
      582 |       0 |     211 |        0 |      0 |   203 |    +0.5% | -197.189 |   -27597.2 |    494 | io_resp_bits_tag_bits[0]
      586 |       0 |     211 |        0 |      0 |   203 |    +0.5% | -197.189 |   -27597.2 |    494 | io_resp_bits_tag_bits[0]
      588 |       0 |     211 |        0 |      0 |   204 |    +0.5% | -197.189 |   -27596.5 |    494 | io_resp_bits_tag_bits[0]
      590 |       0 |     211 |        0 |      0 |   205 |    +0.5% | -197.189 |   -27595.4 |    494 | io_resp_bits_tag_bits[0]
      591 |       0 |     211 |        0 |      0 |   206 |    +0.5% | -197.189 |   -27598.3 |    494 | io_resp_bits_tag_bits[0]
      593 |       0 |     211 |        0 |      0 |   207 |    +0.5% | -197.189 |   -27597.7 |    494 | io_resp_bits_tag_bits[0]
      594 |       0 |     211 |        0 |      0 |   207 |    +0.5% | -197.189 |   -27597.7 |    493 | io_resp_bits_tag_bits[0]
      598 |       0 |     212 |        0 |      0 |   207 |    +0.5% | -197.189 |   -27578.4 |    493 | io_resp_bits_tag_bits[0]
      600 |       0 |     213 |        0 |      0 |   207 |    +0.5% | -197.189 |   -27578.9 |    493 | io_resp_bits_tag_bits[0]
      600 |       0 |     212 |        0 |      0 |   207 |    +0.5% | -197.189 |   -27578.4 |    493 | io_resp_bits_tag_bits[0]
      602 |       0 |     212 |        0 |      0 |   207 |    +0.5% | -197.189 |   -27578.4 |    493 | io_resp_bits_tag_bits[0]
      604 |       0 |     212 |        0 |      0 |   207 |    +0.5% | -197.189 |   -27578.4 |    493 | io_resp_bits_tag_bits[0]
      607 |       0 |     213 |        0 |      0 |   207 |    +0.5% | -197.189 |   -27534.8 |    493 | io_resp_bits_tag_bits[0]
      610 |       0 |     215 |        0 |      0 |   207 |    +0.5% | -197.189 |   -27491.6 |    493 | io_resp_bits_tag_bits[0]
      610 |       0 |     214 |        0 |      0 |   207 |    +0.5% | -197.189 |   -27491.1 |    493 | io_resp_bits_tag_bits[0]
      613 |       0 |     215 |        0 |      0 |   207 |    +0.5% | -197.189 |   -27447.5 |    493 | io_resp_bits_tag_bits[0]
      616 |       0 |     216 |        0 |      0 |   207 |    +0.5% | -197.189 |   -27403.6 |    493 | io_resp_bits_tag_bits[0]
      619 |       0 |     217 |        0 |      0 |   207 |    +0.5% | -197.189 |   -27357.0 |    493 | io_resp_bits_tag_bits[0]
      620 |       0 |     217 |        0 |      0 |   207 |    +0.5% | -197.189 |   -27357.0 |    493 | io_resp_bits_tag_bits[0]
      622 |       0 |     218 |        0 |      0 |   207 |    +0.5% | -197.189 |   -27310.4 |    493 | io_resp_bits_tag_bits[0]
      630 |       0 |     222 |        0 |      0 |   210 |    +0.5% | -197.189 |   -27217.2 |    493 | io_resp_bits_tag_bits[0]
      630 |       0 |     222 |        0 |      0 |   208 |    +0.5% | -197.189 |   -27216.3 |    493 | io_resp_bits_tag_bits[0]
      634 |       0 |     223 |        0 |      0 |   208 |    +0.5% | -197.189 |   -27217.8 |    493 | io_resp_bits_tag_bits[0]
      638 |       0 |     224 |        0 |      0 |   208 |    +0.5% | -197.189 |   -27219.3 |    493 | io_resp_bits_tag_bits[0]
      640 |       0 |     225 |        0 |      0 |   208 |    +0.5% | -197.189 |   -27205.1 |    493 | io_resp_bits_tag_bits[0]
      646 |       0 |     228 |        0 |      0 |   209 |    +0.5% | -197.189 |   -27125.0 |    493 | io_resp_bits_tag_bits[0]
      650 |       0 |     231 |        0 |      0 |   209 |    +0.5% | -197.189 |   -27032.4 |    493 | io_resp_bits_tag_bits[0]
      655 |       0 |     233 |        0 |      0 |   210 |    +0.5% | -197.189 |   -26957.0 |    493 | io_resp_bits_tag_bits[0]
      659 |       0 |     234 |        0 |      0 |   210 |    +0.5% | -197.189 |   -26959.3 |    493 | io_resp_bits_tag_bits[0]
      660 |       0 |     234 |        0 |      0 |   210 |    +0.5% | -197.189 |   -26959.3 |    493 | io_resp_bits_tag_bits[0]
      663 |       0 |     235 |        0 |      0 |   210 |    +0.5% | -197.189 |   -26961.6 |    493 | io_resp_bits_tag_bits[0]
      667 |       0 |     236 |        0 |      0 |   210 |    +0.5% | -197.189 |   -26963.6 |    493 | io_resp_bits_tag_bits[0]
      670 |       0 |     237 |        0 |      0 |   211 |    +0.5% | -197.189 |   -26966.1 |    493 | io_resp_bits_tag_bits[0]
      671 |       0 |     237 |        0 |      0 |   210 |    +0.5% | -197.189 |   -26965.1 |    493 | io_resp_bits_tag_bits[0]
      675 |       0 |     238 |        0 |      0 |   210 |    +0.5% | -197.189 |   -26966.6 |    493 | io_resp_bits_tag_bits[0]
      679 |       0 |     239 |        0 |      0 |   210 |    +0.5% | -197.189 |   -26967.8 |    493 | io_resp_bits_tag_bits[0]
      680 |       0 |     239 |        0 |      0 |   210 |    +0.5% | -197.189 |   -26967.8 |    493 | io_resp_bits_tag_bits[0]
      683 |       0 |     240 |        0 |      0 |   210 |    +0.5% | -197.189 |   -26969.1 |    493 | io_resp_bits_tag_bits[0]
      686 |       0 |     241 |        0 |      0 |   210 |    +0.5% | -197.189 |   -26926.9 |    493 | io_resp_bits_tag_bits[0]
      688 |       0 |     241 |        0 |      0 |   210 |    +0.5% | -197.189 |   -26926.9 |    493 | io_resp_bits_tag_bits[0]
      690 |       0 |     242 |        0 |      0 |   210 |    +0.5% | -197.189 |   -26887.3 |    493 | io_resp_bits_tag_bits[0]
      691 |       0 |     242 |        0 |      0 |   210 |    +0.5% | -197.189 |   -26887.3 |    493 | io_resp_bits_tag_bits[0]
      694 |       0 |     243 |        0 |      0 |   210 |    +0.5% | -197.189 |   -26847.6 |    493 | io_resp_bits_tag_bits[0]
      696 |       0 |     243 |        0 |      0 |   210 |    +0.5% | -197.189 |   -26847.6 |    493 | io_resp_bits_tag_bits[0]
      698 |       0 |     243 |        0 |      0 |   210 |    +0.5% | -197.189 |   -26847.6 |    493 | io_resp_bits_tag_bits[0]
      700 |       0 |     244 |        0 |      0 |   210 |    +0.5% | -197.189 |   -26848.3 |    493 | io_resp_bits_tag_bits[0]
      700 |       0 |     243 |        0 |      0 |   210 |    +0.5% | -197.189 |   -26847.6 |    493 | io_resp_bits_tag_bits[0]
      702 |       0 |     243 |        0 |      0 |   210 |    +0.5% | -197.189 |   -26847.6 |    493 | io_resp_bits_tag_bits[0]
      704 |       0 |     243 |        0 |      0 |   210 |    +0.5% | -197.189 |   -26847.6 |    493 | io_resp_bits_tag_bits[0]
      706 |       0 |     243 |        0 |      0 |   210 |    +0.5% | -197.189 |   -26847.6 |    493 | io_resp_bits_tag_bits[0]
      709 |       0 |     244 |        0 |      0 |   210 |    +0.5% | -197.189 |   -26848.6 |    493 | io_resp_bits_tag_bits[0]
      710 |       0 |     244 |        0 |      0 |   210 |    +0.5% | -197.189 |   -26848.6 |    493 | io_resp_bits_tag_bits[0]
      712 |       0 |     245 |        0 |      0 |   210 |    +0.5% | -197.189 |   -26850.4 |    493 | io_resp_bits_tag_bits[0]
      715 |       0 |     246 |        0 |      0 |   210 |    +0.5% | -197.189 |   -26851.4 |    493 | io_resp_bits_tag_bits[0]
      718 |       0 |     247 |        0 |      0 |   210 |    +0.5% | -197.189 |   -26853.1 |    493 | io_resp_bits_tag_bits[0]
      720 |       0 |     248 |        0 |      0 |   210 |    +0.5% | -197.189 |   -26854.8 |    493 | io_resp_bits_tag_bits[0]
      721 |       0 |     248 |        0 |      0 |   210 |    +0.5% | -197.189 |   -26854.8 |    493 | io_resp_bits_tag_bits[0]
      725 |       0 |     249 |        0 |      0 |   211 |    +0.5% | -197.189 |   -26841.4 |    493 | io_resp_bits_tag_bits[0]
      726 |       0 |     249 |        0 |      0 |   211 |    +0.5% | -197.189 |   -26841.4 |    492 | io_resp_bits_tag_bits[0]
      730 |       0 |     249 |        0 |      0 |   214 |    +0.5% | -197.189 |   -26844.0 |    492 | io_resp_bits_tag_bits[0]
      734 |       0 |     251 |        0 |      0 |   216 |    +0.5% | -197.189 |   -26843.4 |    492 | io_resp_bits_tag_bits[0]
      735 |       0 |     251 |        0 |      0 |   216 |    +0.5% | -197.189 |   -26843.4 |    491 | io_resp_bits_tag_bits[0]
      739 |       0 |     251 |        0 |      0 |   216 |    +0.5% | -197.189 |   -26843.4 |    491 | io_resp_bits_tag_bits[0]
      740 |       0 |     251 |        0 |      0 |   216 |    +0.5% | -197.189 |   -26843.4 |    491 | io_resp_bits_tag_bits[0]
      740 |       0 |     251 |        0 |      0 |   216 |    +0.5% | -197.189 |   -26843.4 |    490 | io_resp_bits_tag_bits[0]
      743 |       0 |     252 |        0 |      0 |   216 |    +0.5% | -197.189 |   -26822.0 |    490 | io_resp_bits_tag_bits[0]
      750 |       0 |     256 |        0 |      0 |   218 |    +0.5% | -197.189 |   -26760.8 |    490 | io_resp_bits_tag_bits[0]
      751 |       0 |     256 |        0 |      0 |   217 |    +0.5% | -197.189 |   -26759.9 |    490 | io_resp_bits_tag_bits[0]
      755 |       0 |     257 |        0 |      0 |   217 |    +0.5% | -197.189 |   -26761.4 |    490 | io_resp_bits_tag_bits[0]
      759 |       0 |     258 |        0 |      0 |   217 |    +0.5% | -197.189 |   -26762.9 |    490 | io_resp_bits_tag_bits[0]
      760 |       0 |     258 |        0 |      0 |   217 |    +0.5% | -197.189 |   -26762.9 |    490 | io_resp_bits_tag_bits[0]
      763 |       0 |     259 |        0 |      0 |   217 |    +0.5% | -197.189 |   -26764.1 |    490 | io_resp_bits_tag_bits[0]
      770 |       0 |     263 |        0 |      0 |   219 |    +0.5% | -197.189 |   -26692.9 |    490 | io_resp_bits_tag_bits[0]
      771 |       0 |     263 |        0 |      0 |   218 |    +0.5% | -197.189 |   -26691.9 |    490 | io_resp_bits_tag_bits[0]
      775 |       0 |     264 |        0 |      0 |   218 |    +0.5% | -197.189 |   -26693.5 |    490 | io_resp_bits_tag_bits[0]
      779 |       0 |     265 |        0 |      0 |   218 |    +0.5% | -197.189 |   -26694.9 |    490 | io_resp_bits_tag_bits[0]
      780 |       0 |     265 |        0 |      0 |   218 |    +0.5% | -197.189 |   -26694.9 |    490 | io_resp_bits_tag_bits[0]
      783 |       0 |     266 |        0 |      0 |   218 |    +0.5% | -197.189 |   -26696.2 |    490 | io_resp_bits_tag_bits[0]
      784 |       0 |     266 |        0 |      0 |   218 |    +0.5% | -197.189 |   -26696.2 |    489 | io_resp_bits_tag_bits[0]
      790 |       0 |     270 |        0 |      0 |   219 |    +0.6% | -197.189 |   -26609.1 |    489 | io_resp_bits_tag_bits[0]
      795 |       0 |     274 |        0 |      0 |   219 |    +0.6% | -197.189 |   -26574.0 |    489 | io_resp_bits_tag_bits[0]
      798 |       0 |     275 |        0 |      0 |   219 |    +0.6% | -197.189 |   -26574.8 |    489 | io_resp_bits_tag_bits[0]
      800 |       0 |     276 |        0 |      0 |   219 |    +0.6% | -197.189 |   -26575.5 |    489 | io_resp_bits_tag_bits[0]
      801 |       0 |     276 |        0 |      0 |   219 |    +0.6% | -197.189 |   -26575.5 |    489 | io_resp_bits_tag_bits[0]
      804 |       0 |     277 |        0 |      0 |   219 |    +0.6% | -197.189 |   -26575.9 |    489 | io_resp_bits_tag_bits[0]
      810 |       0 |     282 |        0 |      0 |   219 |    +0.6% | -197.189 |   -26474.7 |    489 | io_resp_bits_tag_bits[0]
      814 |       0 |     285 |        0 |      0 |   219 |    +0.6% | -197.189 |   -26457.4 |    489 | io_resp_bits_tag_bits[0]
      817 |       0 |     286 |        0 |      0 |   219 |    +0.6% | -197.189 |   -26458.1 |    489 | io_resp_bits_tag_bits[0]
      820 |       0 |     287 |        0 |      0 |   220 |    +0.6% | -197.189 |   -26458.9 |    489 | io_resp_bits_tag_bits[0]
      820 |       0 |     287 |        0 |      0 |   219 |    +0.6% | -197.189 |   -26458.8 |    489 | io_resp_bits_tag_bits[0]
      823 |       0 |     288 |        0 |      0 |   219 |    +0.6% | -197.189 |   -26459.3 |    489 | io_resp_bits_tag_bits[0]
      830 |       0 |     294 |        0 |      0 |   219 |    +0.6% | -197.189 |   -26348.0 |    489 | io_resp_bits_tag_bits[0]
      833 |       0 |     296 |        0 |      0 |   219 |    +0.6% | -197.189 |   -26340.7 |    489 | io_resp_bits_tag_bits[0]
      836 |       0 |     297 |        0 |      0 |   219 |    +0.6% | -197.189 |   -26341.5 |    489 | io_resp_bits_tag_bits[0]
      839 |       0 |     298 |        0 |      0 |   219 |    +0.6% | -197.189 |   -26342.2 |    489 | io_resp_bits_tag_bits[0]
      840 |       0 |     298 |        0 |      0 |   219 |    +0.6% | -197.189 |   -26342.2 |    489 | io_resp_bits_tag_bits[0]
      842 |       0 |     299 |        0 |      0 |   219 |    +0.6% | -197.189 |   -26342.6 |    489 | io_resp_bits_tag_bits[0]
      850 |       0 |     306 |        0 |      0 |   219 |    +0.6% | -197.189 |   -26232.4 |    489 | io_resp_bits_tag_bits[0]
      852 |       0 |     307 |        0 |      0 |   219 |    +0.6% | -197.189 |   -26224.0 |    489 | io_resp_bits_tag_bits[0]
      855 |       0 |     308 |        0 |      0 |   219 |    +0.6% | -197.189 |   -26224.8 |    489 | io_resp_bits_tag_bits[0]
      858 |       0 |     309 |        0 |      0 |   219 |    +0.6% | -197.189 |   -26225.5 |    489 | io_resp_bits_tag_bits[0]
      860 |       0 |     310 |        0 |      0 |   219 |    +0.6% | -197.189 |   -26225.9 |    489 | io_resp_bits_tag_bits[0]
      861 |       0 |     310 |        0 |      0 |   219 |    +0.6% | -197.189 |   -26225.9 |    489 | io_resp_bits_tag_bits[0]
      863 |       0 |     310 |        0 |      0 |   220 |    +0.6% | -197.189 |   -26225.2 |    489 | io_resp_bits_tag_bits[0]
      865 |       0 |     310 |        0 |      0 |   221 |    +0.6% | -197.189 |   -26224.6 |    489 | io_resp_bits_tag_bits[0]
      867 |       0 |     310 |        0 |      0 |   222 |    +0.6% | -197.189 |   -26223.7 |    489 | io_resp_bits_tag_bits[0]
      869 |       0 |     310 |        0 |      0 |   223 |    +0.6% | -197.189 |   -26222.9 |    489 | io_resp_bits_tag_bits[0]
      870 |       0 |     310 |        0 |      0 |   223 |    +0.6% | -197.189 |   -26222.9 |    489 | io_resp_bits_tag_bits[0]
      871 |       0 |     310 |        0 |      0 |   224 |    +0.6% | -197.189 |   -26222.2 |    489 | io_resp_bits_tag_bits[0]
      873 |       0 |     310 |        0 |      0 |   225 |    +0.6% | -197.189 |   -26221.6 |    489 | io_resp_bits_tag_bits[0]
      874 |       0 |     310 |        0 |      0 |   225 |    +0.6% | -197.189 |   -26221.6 |    488 | io_resp_bits_tag_bits[0]
      877 |       0 |     310 |        0 |      0 |   225 |    +0.6% | -197.189 |   -26221.6 |    488 | io_resp_bits_tag_bits[0]
      880 |       0 |     311 |        0 |      0 |   226 |    +0.6% | -197.189 |   -26223.6 |    488 | io_resp_bits_tag_bits[0]
      880 |       0 |     311 |        0 |      0 |   225 |    +0.6% | -197.189 |   -26222.6 |    488 | io_resp_bits_tag_bits[0]
      888 |       0 |     311 |        0 |      0 |   232 |    +0.6% | -197.189 |   -26235.3 |    488 | io_resp_bits_tag_bits[0]
      890 |       0 |     312 |        0 |      0 |   232 |    +0.6% | -197.189 |   -26235.6 |    488 | io_resp_bits_tag_bits[0]
      890 |       0 |     312 |        0 |      0 |   232 |    +0.6% | -197.189 |   -26235.6 |    488 | io_resp_bits_tag_bits[0]
      892 |       0 |     313 |        0 |      0 |   232 |    +0.7% | -197.189 |   -26235.9 |    488 | io_resp_bits_tag_bits[0]
      894 |       0 |     314 |        0 |      0 |   232 |    +0.7% | -197.189 |   -26236.1 |    488 | io_resp_bits_tag_bits[0]
      896 |       0 |     315 |        0 |      0 |   232 |    +0.7% | -197.189 |   -26236.4 |    488 | io_resp_bits_tag_bits[0]
      900 |       0 |     317 |        0 |      0 |   233 |    +0.7% | -197.189 |   -26107.1 |    488 | io_resp_bits_tag_bits[0]
      904 |       0 |     320 |        0 |      0 |   233 |    +0.7% | -197.189 |   -26114.9 |    488 | io_resp_bits_tag_bits[0]
      906 |       0 |     320 |        0 |      0 |   233 |    +0.7% | -197.189 |   -26114.9 |    488 | io_resp_bits_tag_bits[0]
      909 |       0 |     320 |        0 |      0 |   233 |    +0.7% | -197.189 |   -26114.9 |    488 | io_resp_bits_tag_bits[0]
      910 |       0 |     320 |        0 |      0 |   233 |    +0.7% | -197.189 |   -26114.9 |    488 | io_resp_bits_tag_bits[0]
      912 |       0 |     320 |        0 |      0 |   233 |    +0.7% | -197.189 |   -26114.9 |    488 | io_resp_bits_tag_bits[0]
      913 |       0 |     320 |        0 |      0 |   233 |    +0.7% | -197.189 |   -26114.9 |    488 | io_resp_bits_tag_bits[0]
      914 |       0 |     320 |        0 |      0 |   233 |    +0.7% | -197.189 |   -26114.9 |    487 | io_resp_bits_tag_bits[0]
      915 |       0 |     320 |        0 |      0 |   233 |    +0.7% | -197.189 |   -26114.9 |    486 | io_resp_bits_tag_bits[0]
      920 |       0 |     322 |        0 |      0 |   235 |    +0.7% | -197.189 |   -26086.9 |    486 | io_resp_bits_tag_bits[0]
      920 |       0 |     322 |        0 |      0 |   235 |    +0.7% | -197.189 |   -26086.9 |    486 | io_resp_bits_tag_bits[0]
      923 |       0 |     322 |        0 |      0 |   236 |    +0.7% | -197.189 |   -26067.9 |    486 | io_resp_bits_tag_bits[0]
      925 |       0 |     322 |        0 |      0 |   236 |    +0.7% | -197.189 |   -26067.9 |    486 | io_resp_bits_tag_bits[0]
      927 |       0 |     322 |        0 |      0 |   236 |    +0.7% | -197.189 |   -26067.9 |    486 | io_resp_bits_tag_bits[0]
      929 |       0 |     322 |        0 |      0 |   236 |    +0.7% | -197.189 |   -26067.9 |    486 | io_resp_bits_tag_bits[0]
      930 |       0 |     322 |        0 |      0 |   236 |    +0.7% | -197.189 |   -26067.9 |    486 | io_resp_bits_tag_bits[0]
      931 |       0 |     322 |        0 |      0 |   236 |    +0.7% | -197.189 |   -26067.9 |    486 | io_resp_bits_tag_bits[0]
      933 |       0 |     322 |        0 |      0 |   237 |    +0.7% | -197.189 |   -26067.2 |    486 | io_resp_bits_tag_bits[0]
      935 |       0 |     322 |        0 |      0 |   238 |    +0.7% | -197.189 |   -26066.6 |    486 | io_resp_bits_tag_bits[0]
      937 |       0 |     322 |        0 |      0 |   239 |    +0.7% | -197.189 |   -26065.9 |    486 | io_resp_bits_tag_bits[0]
      939 |       0 |     322 |        0 |      0 |   240 |    +0.7% | -197.189 |   -26065.2 |    486 | io_resp_bits_tag_bits[0]
      940 |       0 |     322 |        0 |      0 |   240 |    +0.7% | -197.189 |   -26065.2 |    486 | io_resp_bits_tag_bits[0]
      941 |       0 |     322 |        0 |      0 |   240 |    +0.7% | -197.189 |   -26065.2 |    486 | io_resp_bits_tag_bits[0]
      944 |       0 |     323 |        0 |      0 |   241 |    +0.7% | -197.189 |   -26007.6 |    486 | io_resp_bits_tag_bits[0]
      945 |       0 |     323 |        0 |      0 |   241 |    +0.7% | -197.189 |   -26007.6 |    486 | io_resp_bits_tag_bits[0]
      946 |       0 |     323 |        0 |      0 |   241 |    +0.7% | -197.189 |   -26007.6 |    486 | io_resp_bits_tag_bits[0]
      947 |       0 |     323 |        0 |      0 |   241 |    +0.7% | -197.189 |   -26007.6 |    486 | io_resp_bits_tag_bits[0]
      950 |       0 |     324 |        0 |      0 |   242 |    +0.7% | -197.189 |   -25949.8 |    486 | io_resp_bits_tag_bits[0]
      950 |       0 |     324 |        0 |      0 |   242 |    +0.7% | -197.189 |   -25949.8 |    486 | io_resp_bits_tag_bits[0]
      951 |       0 |     324 |        0 |      0 |   242 |    +0.7% | -197.189 |   -25949.8 |    486 | io_resp_bits_tag_bits[0]
      952 |       0 |     324 |        0 |      0 |   242 |    +0.7% | -197.189 |   -25949.8 |    486 | io_resp_bits_tag_bits[0]
      953 |       0 |     324 |        0 |      0 |   242 |    +0.7% | -197.189 |   -25949.8 |    486 | io_resp_bits_tag_bits[0]
      958 |       0 |     327 |        0 |      0 |   243 |    +0.7% | -197.189 |   -25940.7 |    486 | io_resp_bits_tag_bits[0]
      960 |       0 |     327 |        0 |      0 |   244 |    +0.7% | -197.189 |   -25940.5 |    486 | io_resp_bits_tag_bits[0]
      960 |       0 |     327 |        0 |      0 |   244 |    +0.7% | -197.189 |   -25940.5 |    486 | io_resp_bits_tag_bits[0]
      965 |       0 |     330 |        0 |      0 |   245 |    +0.7% | -197.189 |   -25931.4 |    486 | io_resp_bits_tag_bits[0]
      967 |       0 |     330 |        0 |      0 |   246 |    +0.7% | -197.189 |   -25931.2 |    486 | io_resp_bits_tag_bits[0]
      970 |       0 |     330 |        0 |      0 |   248 |    +0.7% | -197.189 |   -25921.0 |    486 | io_resp_bits_tag_bits[0]
      970 |       0 |     330 |        0 |      0 |   247 |    +0.7% | -197.189 |   -25918.7 |    486 | io_resp_bits_tag_bits[0]
      972 |       0 |     330 |        0 |      0 |   248 |    +0.7% | -197.189 |   -25918.4 |    486 | io_resp_bits_tag_bits[0]
      974 |       0 |     330 |        0 |      0 |   249 |    +0.7% | -197.189 |   -25918.2 |    486 | io_resp_bits_tag_bits[0]
      976 |       0 |     330 |        0 |      0 |   249 |    +0.7% | -197.189 |   -25918.2 |    486 | io_resp_bits_tag_bits[0]
      978 |       0 |     330 |        0 |      0 |   249 |    +0.7% | -197.189 |   -25918.2 |    486 | io_resp_bits_tag_bits[0]
      980 |       0 |     331 |        0 |      0 |   249 |    +0.7% | -197.189 |   -25911.0 |    486 | io_resp_bits_tag_bits[0]
      982 |       0 |     333 |        0 |      0 |   249 |    +0.7% | -197.189 |   -25911.3 |    486 | io_resp_bits_tag_bits[0]
      983 |       0 |     333 |        0 |      0 |   249 |    +0.7% | -197.189 |   -25911.3 |    486 | io_resp_bits_tag_bits[0]
      985 |       0 |     333 |        0 |      0 |   250 |    +0.7% | -197.189 |   -25911.0 |    486 | io_resp_bits_tag_bits[0]
      987 |       0 |     333 |        0 |      0 |   251 |    +0.7% | -197.189 |   -25910.8 |    486 | io_resp_bits_tag_bits[0]
      989 |       0 |     333 |        0 |      0 |   252 |    +0.7% | -197.189 |   -25910.5 |    486 | io_resp_bits_tag_bits[0]
      990 |       0 |     333 |        0 |      0 |   252 |    +0.7% | -197.189 |   -25910.5 |    486 | io_resp_bits_tag_bits[0]
      991 |       0 |     333 |        0 |      0 |   253 |    +0.7% | -197.189 |   -25910.2 |    486 | io_resp_bits_tag_bits[0]
      993 |       0 |     333 |        0 |      0 |   254 |    +0.7% | -197.189 |   -25910.0 |    486 | io_resp_bits_tag_bits[0]
      995 |       0 |     333 |        0 |      0 |   255 |    +0.7% | -197.189 |   -25909.7 |    486 | io_resp_bits_tag_bits[0]
     1000 |       0 |     336 |        0 |      0 |   256 |    +0.7% | -197.189 |   -25898.4 |    486 | io_resp_bits_tag_bits[0]
     1001 |       0 |     336 |        0 |      0 |   257 |    +0.7% | -197.189 |   -25897.8 |    486 | io_resp_bits_tag_bits[0]
     1002 |       0 |     336 |        0 |      0 |   257 |    +0.7% | -197.189 |   -25897.8 |    485 | io_resp_bits_tag_bits[0]
     1006 |       0 |     336 |        0 |      0 |   258 |    +0.7% | -197.189 |   -25896.6 |    485 | io_resp_bits_tag_bits[0]
     1008 |       0 |     336 |        0 |      0 |   258 |    +0.7% | -197.189 |   -25896.6 |    485 | io_resp_bits_tag_bits[0]
     1010 |       0 |     336 |        0 |      0 |   259 |    +0.7% | -197.189 |   -25898.9 |    485 | io_resp_bits_tag_bits[0]
     1011 |       0 |     336 |        0 |      0 |   258 |    +0.7% | -197.189 |   -25896.6 |    485 | io_resp_bits_tag_bits[0]
     1013 |       0 |     336 |        0 |      0 |   259 |    +0.7% | -197.189 |   -25895.5 |    485 | io_resp_bits_tag_bits[0]
     1016 |       0 |     336 |        0 |      0 |   260 |    +0.7% | -197.189 |   -25889.5 |    485 | io_resp_bits_tag_bits[0]
     1018 |       0 |     336 |        0 |      0 |   260 |    +0.7% | -197.189 |   -25889.5 |    485 | io_resp_bits_tag_bits[0]
     1020 |       0 |     337 |        0 |      0 |   260 |    +0.7% | -197.189 |   -25861.4 |    485 | io_resp_bits_tag_bits[0]
     1024 |       0 |     339 |        0 |      0 |   261 |    +0.7% | -197.189 |   -25832.0 |    485 | io_resp_bits_tag_bits[0]
     1027 |       0 |     340 |        0 |      0 |   261 |    +0.7% | -197.189 |   -25833.0 |    485 | io_resp_bits_tag_bits[0]
     1030 |       0 |     341 |        0 |      0 |   262 |    +0.7% | -197.189 |   -25834.8 |    485 | io_resp_bits_tag_bits[0]
     1030 |       0 |     341 |        0 |      0 |   261 |    +0.7% | -197.189 |   -25833.9 |    485 | io_resp_bits_tag_bits[0]
     1033 |       0 |     342 |        0 |      0 |   261 |    +0.7% | -197.189 |   -25834.8 |    485 | io_resp_bits_tag_bits[0]
     1036 |       0 |     342 |        0 |      0 |   262 |    +0.7% | -197.189 |   -25816.4 |    485 | io_resp_bits_tag_bits[0]
     1038 |       0 |     342 |        0 |      0 |   262 |    +0.7% | -197.189 |   -25816.4 |    485 | io_resp_bits_tag_bits[0]
     1040 |       0 |     342 |        0 |      0 |   263 |    +0.7% | -197.189 |   -25817.1 |    485 | io_resp_bits_tag_bits[0]
     1040 |       0 |     342 |        0 |      0 |   262 |    +0.7% | -197.189 |   -25816.4 |    485 | io_resp_bits_tag_bits[0]
     1042 |       0 |     342 |        0 |      0 |   262 |    +0.7% | -197.189 |   -25816.4 |    485 | io_resp_bits_tag_bits[0]
     1047 |       0 |     345 |        0 |      0 |   263 |    +0.7% | -197.189 |   -25809.5 |    485 | io_resp_bits_tag_bits[0]
     1048 |       0 |     345 |        0 |      0 |   263 |    +0.7% | -197.189 |   -25809.5 |    485 | io_resp_bits_tag_bits[0]
     1049 |       0 |     345 |        0 |      0 |   263 |    +0.7% | -197.189 |   -25809.5 |    484 | io_resp_bits_tag_bits[0]
     1050 |       0 |     345 |        0 |      0 |   263 |    +0.7% | -197.189 |   -25809.5 |    484 | io_resp_bits_tag_bits[0]
     1052 |       0 |     346 |        0 |      0 |   264 |    +0.7% | -197.189 |   -25806.3 |    484 | io_resp_bits_tag_bits[0]
     1055 |       0 |     348 |        0 |      0 |   264 |    +0.8% | -197.189 |   -25798.7 |    484 | io_resp_bits_tag_bits[0]
     1057 |       0 |     349 |        0 |      0 |   264 |    +0.8% | -197.189 |   -25799.7 |    484 | io_resp_bits_tag_bits[0]
     1059 |       0 |     350 |        0 |      0 |   264 |    +0.8% | -197.189 |   -25800.7 |    484 | io_resp_bits_tag_bits[0]
     1060 |       0 |     350 |        0 |      0 |   264 |    +0.8% | -197.189 |   -25800.7 |    484 | io_resp_bits_tag_bits[0]
     1061 |       0 |     351 |        0 |      0 |   264 |    +0.8% | -197.189 |   -25801.7 |    484 | io_resp_bits_tag_bits[0]
     1065 |       0 |     352 |        0 |      0 |   265 |    +0.8% | -197.189 |   -25810.2 |    484 | io_resp_bits_tag_bits[0]
     1067 |       0 |     352 |        0 |      0 |   265 |    +0.8% | -197.189 |   -25810.2 |    484 | io_resp_bits_tag_bits[0]
     1070 |       0 |     354 |        0 |      0 |   265 |    +0.8% | -197.189 |   -25803.1 |    484 | io_resp_bits_tag_bits[0]
     1071 |       0 |     355 |        0 |      0 |   265 |    +0.8% | -197.189 |   -25801.2 |    484 | io_resp_bits_tag_bits[0]
     1073 |       0 |     355 |        0 |      0 |   266 |    +0.8% | -197.189 |   -25801.1 |    484 | io_resp_bits_tag_bits[0]
     1077 |       0 |     358 |        0 |      0 |   266 |    +0.8% | -197.189 |   -25792.1 |    484 | io_resp_bits_tag_bits[0]
     1079 |       0 |     358 |        0 |      0 |   267 |    +0.8% | -197.189 |   -25791.9 |    484 | io_resp_bits_tag_bits[0]
     1080 |       0 |     358 |        0 |      0 |   267 |    +0.8% | -197.189 |   -25791.9 |    484 | io_resp_bits_tag_bits[0]
     1080 |       0 |     358 |        0 |      0 |   267 |    +0.8% | -197.189 |   -25791.9 |    483 | io_resp_bits_tag_bits[0]
     1083 |       0 |     360 |        0 |      0 |   267 |    +0.8% | -197.189 |   -25778.3 |    483 | io_resp_bits_tag_bits[0]
     1086 |       0 |     362 |        0 |      0 |   267 |    +0.8% | -197.189 |   -25772.8 |    483 | io_resp_bits_tag_bits[0]
     1088 |       0 |     363 |        0 |      0 |   267 |    +0.8% | -197.189 |   -25773.3 |    483 | io_resp_bits_tag_bits[0]
     1089 |       0 |     363 |        0 |      0 |   267 |    +0.8% | -197.189 |   -25773.3 |    482 | io_resp_bits_tag_bits[0]
     1090 |       0 |     363 |        0 |      0 |   267 |    +0.8% | -197.189 |   -25773.3 |    482 | io_resp_bits_tag_bits[0]
     1091 |       0 |     364 |        0 |      0 |   267 |    +0.8% | -197.189 |   -25773.9 |    482 | io_resp_bits_tag_bits[0]
     1092 |       0 |     364 |        0 |      0 |   267 |    +0.8% | -197.189 |   -25773.9 |    482 | io_resp_bits_tag_bits[0]
     1093 |       0 |     364 |        0 |      0 |   267 |    +0.8% | -197.189 |   -25773.9 |    481 | io_resp_bits_tag_bits[0]
     1096 |       0 |     366 |        0 |      0 |   267 |    +0.8% | -197.189 |   -25769.0 |    481 | io_resp_bits_tag_bits[0]
     1097 |       0 |     366 |        0 |      0 |   267 |    +0.8% | -197.189 |   -25769.0 |    481 | io_resp_bits_tag_bits[0]
     1099 |       0 |     366 |        0 |      0 |   267 |    +0.8% | -197.189 |   -25769.0 |    481 | io_resp_bits_tag_bits[0]
     1100 |       0 |     366 |        0 |      0 |   267 |    +0.8% | -197.189 |   -25769.0 |    481 | io_resp_bits_tag_bits[0]
     1102 |       0 |     368 |        0 |      0 |   267 |    +0.8% | -197.189 |   -25764.2 |    481 | io_resp_bits_tag_bits[0]
     1103 |       0 |     368 |        0 |      0 |   267 |    +0.8% | -197.189 |   -25764.2 |    481 | io_resp_bits_tag_bits[0]
     1106 |       0 |     370 |        0 |      0 |   267 |    +0.8% | -197.189 |   -25759.3 |    481 | io_resp_bits_tag_bits[0]
     1107 |       0 |     370 |        0 |      0 |   267 |    +0.8% | -197.189 |   -25759.3 |    481 | io_resp_bits_tag_bits[0]
     1110 |       0 |     372 |        0 |      0 |   267 |    +0.8% | -197.189 |   -25754.4 |    481 | io_resp_bits_tag_bits[0]
     1110 |       0 |     372 |        0 |      0 |   267 |    +0.8% | -197.189 |   -25754.4 |    481 | io_resp_bits_tag_bits[0]
     1111 |       0 |     372 |        0 |      0 |   267 |    +0.8% | -197.189 |   -25754.4 |    481 | io_resp_bits_tag_bits[0]
     1115 |       0 |     373 |        0 |      0 |   268 |    +0.8% | -197.189 |   -25733.1 |    481 | io_resp_bits_tag_bits[0]
     1116 |       0 |     373 |        0 |      0 |   268 |    +0.8% | -197.189 |   -25733.1 |    480 | io_resp_bits_tag_bits[0]
     1117 |       0 |     373 |        0 |      0 |   268 |    +0.8% | -197.189 |   -25733.1 |    479 | io_resp_bits_tag_bits[0]
     1120 |       0 |     373 |        0 |      0 |   270 |    +0.8% | -197.189 |   -25737.0 |    479 | io_resp_bits_tag_bits[0]
     1120 |       0 |     373 |        0 |      0 |   268 |    +0.8% | -197.189 |   -25733.1 |    479 | io_resp_bits_tag_bits[0]
     1123 |       0 |     373 |        0 |      0 |   268 |    +0.8% | -197.189 |   -25733.1 |    479 | io_resp_bits_tag_bits[0]
     1125 |       0 |     373 |        0 |      0 |   268 |    +0.8% | -197.189 |   -25733.1 |    479 | io_resp_bits_tag_bits[0]
     1127 |       0 |     373 |        0 |      0 |   268 |    +0.8% | -197.189 |   -25733.1 |    479 | io_resp_bits_tag_bits[0]
     1128 |       0 |     373 |        0 |      0 |   268 |    +0.8% | -197.189 |   -25733.1 |    479 | io_resp_bits_tag_bits[0]
     1129 |       0 |     373 |        0 |      0 |   268 |    +0.8% | -197.189 |   -25733.1 |    478 | io_resp_bits_tag_bits[0]
     1130 |       0 |     373 |        0 |      0 |   268 |    +0.8% | -197.189 |   -25733.1 |    478 | io_resp_bits_tag_bits[0]
     1130 |       0 |     373 |        0 |      0 |   268 |    +0.8% | -197.189 |   -25733.1 |    477 | io_resp_bits_tag_bits[0]
     1131 |       0 |     373 |        0 |      0 |   268 |    +0.8% | -197.189 |   -25733.1 |    476 | io_resp_bits_tag_bits[0]
     1132 |       0 |     373 |        0 |      0 |   268 |    +0.8% | -197.189 |   -25733.1 |    475 | io_resp_bits_tag_bits[0]
     1133 |       0 |     373 |        0 |      0 |   268 |    +0.8% | -197.189 |   -25733.1 |    474 | io_resp_bits_tag_bits[0]
     1134 |       0 |     373 |        0 |      0 |   268 |    +0.8% | -197.189 |   -25733.1 |    473 | io_resp_bits_tag_bits[0]
     1137 |       0 |     374 |        0 |      0 |   268 |    +0.8% | -197.189 |   -25733.1 |    473 | io_resp_bits_tag_bits[0]
     1139 |       0 |     375 |        0 |      0 |   268 |    +0.8% | -197.189 |   -25733.6 |    473 | io_resp_bits_tag_bits[0]
     1140 |       0 |     375 |        0 |      0 |   268 |    +0.8% | -197.189 |   -25733.6 |    473 | io_resp_bits_tag_bits[0]
     1140 |       0 |     375 |        0 |      0 |   268 |    +0.8% | -197.189 |   -25733.6 |    472 | io_resp_bits_tag_bits[0]
     1141 |       0 |     375 |        0 |      0 |   268 |    +0.8% | -197.189 |   -25733.6 |    471 | io_resp_bits_tag_bits[0]
     1142 |       0 |     375 |        0 |      0 |   268 |    +0.8% | -197.189 |   -25733.6 |    470 | io_resp_bits_tag_bits[0]
     1143 |       0 |     375 |        0 |      0 |   268 |    +0.8% | -197.189 |   -25733.6 |    469 | io_resp_bits_tag_bits[0]
     1144 |       0 |     375 |        0 |      0 |   268 |    +0.8% | -197.189 |   -25733.6 |    468 | io_resp_bits_tag_bits[0]
     1146 |       0 |     376 |        0 |      0 |   268 |    +0.8% | -197.189 |   -25734.2 |    468 | io_resp_bits_tag_bits[0]
     1150 |       0 |     377 |        0 |      0 |   270 |    +0.8% | -197.189 |   -25737.9 |    468 | io_resp_bits_tag_bits[0]
     1150 |       0 |     376 |        0 |      0 |   268 |    +0.8% | -197.189 |   -25734.2 |    468 | io_resp_bits_tag_bits[0]
     1151 |       0 |     376 |        0 |      0 |   268 |    +0.8% | -197.189 |   -25734.2 |    467 | io_resp_bits_tag_bits[0]
     1152 |       0 |     376 |        0 |      0 |   268 |    +0.8% | -197.189 |   -25734.2 |    466 | io_resp_bits_tag_bits[0]
     1153 |       0 |     376 |        0 |      0 |   268 |    +0.8% | -197.189 |   -25734.2 |    465 | io_resp_bits_tag_bits[0]
     1160 |       0 |     381 |        0 |      0 |   269 |    +0.8% | -197.189 |   -25650.0 |    465 | io_resp_bits_tag_bits[0]
     1162 |       0 |     381 |        0 |      0 |   269 |    +0.8% | -197.189 |   -25650.0 |    465 | io_resp_bits_tag_bits[0]
     1166 |       0 |     382 |        0 |      0 |   269 |    +0.8% | -197.189 |   -25651.5 |    465 | io_resp_bits_tag_bits[0]
     1170 |       0 |     383 |        0 |      0 |   271 |    +0.8% | -197.189 |   -25654.0 |    465 | io_resp_bits_tag_bits[0]
     1170 |       0 |     383 |        0 |      0 |   269 |    +0.8% | -197.189 |   -25653.0 |    465 | io_resp_bits_tag_bits[0]
     1174 |       0 |     384 |        0 |      0 |   269 |    +0.8% | -197.189 |   -25654.3 |    465 | io_resp_bits_tag_bits[0]
     1180 |       0 |     388 |        0 |      0 |   270 |    +0.8% | -197.189 |   -25568.7 |    465 | io_resp_bits_tag_bits[0]
     1183 |       0 |     389 |        0 |      0 |   270 |    +0.8% | -197.189 |   -25570.3 |    465 | io_resp_bits_tag_bits[0]
     1187 |       0 |     390 |        0 |      0 |   270 |    +0.8% | -197.189 |   -25571.8 |    465 | io_resp_bits_tag_bits[0]
     1190 |       0 |     391 |        0 |      0 |   271 |    +0.8% | -197.189 |   -25574.3 |    465 | io_resp_bits_tag_bits[0]
     1191 |       0 |     391 |        0 |      0 |   270 |    +0.8% | -197.189 |   -25573.3 |    465 | io_resp_bits_tag_bits[0]
     1195 |       0 |     392 |        0 |      0 |   270 |    +0.8% | -197.189 |   -25574.5 |    465 | io_resp_bits_tag_bits[0]
     1196 |       0 |     392 |        0 |      0 |   270 |    +0.8% | -197.189 |   -25574.5 |    465 | io_resp_bits_tag_bits[0]
     1198 |       0 |     392 |        0 |      0 |   270 |    +0.8% | -197.189 |   -25574.5 |    465 | io_resp_bits_tag_bits[0]
     1199 |       0 |     392 |        0 |      0 |   270 |    +0.8% | -197.189 |   -25574.5 |    464 | io_resp_bits_tag_bits[0]
     1200 |       0 |     392 |        0 |      0 |   270 |    +0.8% | -197.189 |   -25574.5 |    464 | io_resp_bits_tag_bits[0]
     1200 |       0 |     392 |        0 |      0 |   270 |    +0.8% | -197.189 |   -25574.5 |    463 | io_resp_bits_tag_bits[0]
     1201 |       0 |     392 |        0 |      0 |   270 |    +0.8% | -197.189 |   -25574.5 |    463 | io_resp_bits_tag_bits[0]
     1204 |       0 |     393 |        0 |      0 |   270 |    +0.8% | -197.189 |   -25575.6 |    463 | io_resp_bits_tag_bits[0]
     1207 |       0 |     393 |        0 |      0 |   270 |    +0.8% | -197.189 |   -25575.6 |    463 | io_resp_bits_tag_bits[0]
     1210 |       0 |     393 |        0 |      0 |   272 |    +0.8% | -197.189 |   -25572.1 |    463 | io_resp_bits_tag_bits[0]
     1210 |       0 |     393 |        0 |      0 |   272 |    +0.8% | -197.189 |   -25572.1 |    463 | io_resp_bits_tag_bits[0]
     1211 |       0 |     393 |        0 |      0 |   272 |    +0.8% | -197.189 |   -25572.1 |    462 | io_resp_bits_tag_bits[0]
     1212 |       0 |     393 |        0 |      0 |   272 |    +0.8% | -197.189 |   -25572.1 |    461 | io_resp_bits_tag_bits[0]
     1214 |       0 |     393 |        0 |      0 |   273 |    +0.8% | -197.189 |   -25571.4 |    461 | io_resp_bits_tag_bits[0]
     1216 |       0 |     393 |        0 |      0 |   274 |    +0.8% | -197.189 |   -25570.7 |    461 | io_resp_bits_tag_bits[0]
     1218 |       0 |     393 |        0 |      0 |   275 |    +0.8% | -197.189 |   -25570.0 |    461 | io_resp_bits_tag_bits[0]
     1220 |       0 |     393 |        0 |      0 |   276 |    +0.8% | -197.189 |   -25569.4 |    461 | io_resp_bits_tag_bits[0]
     1220 |       0 |     393 |        0 |      0 |   276 |    +0.8% | -197.189 |   -25569.4 |    461 | io_resp_bits_tag_bits[0]
     1221 |       0 |     393 |        0 |      0 |   276 |    +0.8% | -197.189 |   -25569.4 |    460 | io_resp_bits_tag_bits[0]
     1222 |       0 |     393 |        0 |      0 |   276 |    +0.8% | -197.189 |   -25569.4 |    459 | io_resp_bits_tag_bits[0]
     1223 |       0 |     393 |        0 |      0 |   276 |    +0.8% | -197.189 |   -25569.4 |    458 | io_resp_bits_tag_bits[0]
     1224 |       0 |     393 |        0 |      0 |   276 |    +0.8% | -197.189 |   -25569.4 |    457 | io_resp_bits_tag_bits[0]
     1225 |       0 |     393 |        0 |      0 |   276 |    +0.8% | -197.189 |   -25569.4 |    456 | io_resp_bits_tag_bits[0]
     1226 |       0 |     393 |        0 |      0 |   276 |    +0.8% | -197.189 |   -25569.4 |    456 | io_resp_bits_tag_bits[0]
     1227 |       0 |     393 |        0 |      0 |   276 |    +0.8% | -197.189 |   -25569.4 |    455 | io_resp_bits_tag_bits[0]
     1228 |       0 |     393 |        0 |      0 |   276 |    +0.8% | -197.189 |   -25569.4 |    454 | io_resp_bits_tag_bits[0]
     1229 |       0 |     393 |        0 |      0 |   276 |    +0.8% | -197.189 |   -25569.4 |    453 | io_resp_bits_tag_bits[0]
     1230 |       0 |     393 |        0 |      0 |   276 |    +0.8% | -197.189 |   -25569.4 |    453 | io_resp_bits_tag_bits[0]
     1230 |       0 |     393 |        0 |      0 |   276 |    +0.8% | -197.189 |   -25569.4 |    452 | io_resp_bits_tag_bits[0]
     1231 |       0 |     393 |        0 |      0 |   276 |    +0.8% | -197.189 |   -25569.4 |    451 | io_resp_bits_tag_bits[0]
     1232 |       0 |     393 |        0 |      0 |   276 |    +0.8% | -197.189 |   -25569.4 |    450 | io_resp_bits_tag_bits[0]
     1236 |       0 |     396 |        0 |      0 |   276 |    +0.8% | -197.189 |   -25560.3 |    450 | io_resp_bits_tag_bits[0]
     1238 |       0 |     396 |        0 |      0 |   277 |    +0.8% | -197.189 |   -25560.2 |    450 | io_resp_bits_tag_bits[0]
     1240 |       0 |     397 |        0 |      0 |   277 |    +0.8% | -197.189 |   -25552.6 |    450 | io_resp_bits_tag_bits[0]
     1243 |       0 |     399 |        0 |      0 |   278 |    +0.8% | -197.189 |   -25551.0 |    450 | io_resp_bits_tag_bits[0]
     1245 |       0 |     399 |        0 |      0 |   279 |    +0.8% | -197.189 |   -25550.8 |    450 | io_resp_bits_tag_bits[0]
     1246 |       0 |     399 |        0 |      0 |   279 |    +0.8% | -197.189 |   -25550.8 |    449 | io_resp_bits_tag_bits[0]
     1247 |       0 |     399 |        0 |      0 |   279 |    +0.8% | -197.189 |   -25550.8 |    448 | io_resp_bits_tag_bits[0]
     1248 |       0 |     399 |        0 |      0 |   279 |    +0.8% | -197.189 |   -25550.8 |    447 | io_resp_bits_tag_bits[0]
     1249 |       0 |     399 |        0 |      0 |   279 |    +0.8% | -197.189 |   -25550.8 |    446 | io_resp_bits_tag_bits[0]
     1250 |       0 |     399 |        0 |      0 |   279 |    +0.8% | -197.189 |   -25550.8 |    446 | io_resp_bits_tag_bits[0]
     1250 |       0 |     399 |        0 |      0 |   279 |    +0.8% | -197.189 |   -25550.8 |    445 | io_resp_bits_tag_bits[0]
     1251 |       0 |     399 |        0 |      0 |   279 |    +0.8% | -197.189 |   -25550.8 |    444 | io_resp_bits_tag_bits[0]
     1252 |       0 |     399 |        0 |      0 |   279 |    +0.8% | -197.189 |   -25550.8 |    443 | io_resp_bits_tag_bits[0]
     1253 |       0 |     399 |        0 |      0 |   279 |    +0.8% | -197.189 |   -25550.8 |    442 | io_resp_bits_tag_bits[0]
     1255 |       0 |     399 |        0 |      0 |   280 |    +0.8% | -197.189 |   -25547.7 |    442 | io_resp_bits_tag_bits[0]
     1256 |       0 |     399 |        0 |      0 |   280 |    +0.8% | -197.189 |   -25547.7 |    441 | io_resp_bits_tag_bits[0]
     1257 |       0 |     399 |        0 |      0 |   280 |    +0.8% | -197.189 |   -25547.7 |    440 | io_resp_bits_tag_bits[0]
     1260 |       0 |     401 |        0 |      0 |   280 |    +0.8% | -197.189 |   -25243.6 |    440 | io_resp_bits_tag_bits[0]
     1270 |       0 |     411 |        0 |      0 |   280 |    +0.9% | -197.189 |   -24969.3 |    440 | io_resp_bits_tag_bits[0]
     1274 |       0 |     414 |        0 |      0 |   280 |    +0.9% | -197.189 |   -24952.8 |    440 | io_resp_bits_tag_bits[0]
     1280 |       0 |     418 |        0 |      0 |   281 |    +0.9% | -197.189 |   -24918.9 |    440 | io_resp_bits_tag_bits[0]
     1280 |       0 |     418 |        0 |      0 |   280 |    +0.9% | -197.189 |   -24918.9 |    440 | io_resp_bits_tag_bits[0]
     1282 |       0 |     418 |        0 |      0 |   280 |    +0.9% | -197.189 |   -24918.9 |    440 | io_resp_bits_tag_bits[0]
     1284 |       0 |     418 |        0 |      0 |   280 |    +0.9% | -197.189 |   -24918.9 |    440 | io_resp_bits_tag_bits[0]
     1288 |       0 |     420 |        0 |      0 |   280 |    +0.9% | -197.189 |   -24874.6 |    440 | io_resp_bits_tag_bits[0]
     1290 |       0 |     420 |        0 |      0 |   281 |    +0.9% | -197.189 |   -24874.7 |    440 | io_resp_bits_tag_bits[0]
     1290 |       0 |     420 |        0 |      0 |   280 |    +0.9% | -197.189 |   -24874.6 |    440 | io_resp_bits_tag_bits[0]
     1294 |       0 |     422 |        0 |      0 |   280 |    +0.9% | -197.189 |   -24841.7 |    440 | io_resp_bits_tag_bits[0]
     1296 |       0 |     422 |        0 |      0 |   280 |    +0.9% | -197.189 |   -24841.7 |    440 | io_resp_bits_tag_bits[0]
     1298 |       0 |     422 |        0 |      0 |   280 |    +0.9% | -197.189 |   -24841.7 |    440 | io_resp_bits_tag_bits[0]
     1300 |       0 |     423 |        0 |      0 |   280 |    +0.9% | -197.189 |   -24836.6 |    440 | io_resp_bits_tag_bits[0]
     1301 |       0 |     423 |        0 |      0 |   280 |    +0.9% | -197.189 |   -24836.6 |    440 | io_resp_bits_tag_bits[0]
     1303 |       0 |     423 |        0 |      0 |   280 |    +0.9% | -197.189 |   -24836.6 |    440 | io_resp_bits_tag_bits[0]
     1305 |       0 |     423 |        0 |      0 |   280 |    +0.9% | -197.189 |   -24836.6 |    440 | io_resp_bits_tag_bits[0]
     1310 |       0 |     427 |        0 |      0 |   280 |    +0.9% | -197.189 |   -24757.6 |    440 | io_resp_bits_tag_bits[0]
     1311 |       0 |     427 |        0 |      0 |   280 |    +0.9% | -197.189 |   -24757.6 |    440 | io_resp_bits_tag_bits[0]
     1313 |       0 |     427 |        0 |      0 |   280 |    +0.9% | -197.189 |   -24757.6 |    440 | io_resp_bits_tag_bits[0]
     1315 |       0 |     427 |        0 |      0 |   280 |    +0.9% | -197.189 |   -24757.6 |    440 | io_resp_bits_tag_bits[0]
     1317 |       0 |     427 |        0 |      0 |   280 |    +0.9% | -197.189 |   -24757.6 |    440 | io_resp_bits_tag_bits[0]
     1319 |       0 |     427 |        0 |      0 |   280 |    +0.9% | -197.189 |   -24757.6 |    440 | io_resp_bits_tag_bits[0]
     1320 |       0 |     427 |        0 |      0 |   280 |    +0.9% | -197.189 |   -24757.6 |    440 | io_resp_bits_tag_bits[0]
     1321 |       0 |     427 |        0 |      0 |   280 |    +0.9% | -197.189 |   -24757.6 |    440 | io_resp_bits_tag_bits[0]
     1323 |       0 |     427 |        0 |      0 |   280 |    +0.9% | -197.189 |   -24757.6 |    440 | io_resp_bits_tag_bits[0]
     1325 |       0 |     427 |        0 |      0 |   280 |    +0.9% | -197.189 |   -24757.6 |    440 | io_resp_bits_tag_bits[0]
     1327 |       0 |     427 |        0 |      0 |   280 |    +0.9% | -197.189 |   -24757.6 |    440 | io_resp_bits_tag_bits[0]
     1329 |       0 |     427 |        0 |      0 |   280 |    +0.9% | -197.189 |   -24757.6 |    440 | io_resp_bits_tag_bits[0]
     1330 |       0 |     427 |        0 |      0 |   280 |    +0.9% | -197.189 |   -24757.6 |    440 | io_resp_bits_tag_bits[0]
     1331 |       0 |     427 |        0 |      0 |   280 |    +0.9% | -197.189 |   -24757.6 |    440 | io_resp_bits_tag_bits[0]
     1333 |       0 |     427 |        0 |      0 |   280 |    +0.9% | -197.189 |   -24757.6 |    440 | io_resp_bits_tag_bits[0]
     1335 |       0 |     427 |        0 |      0 |   280 |    +0.9% | -197.189 |   -24757.6 |    440 | io_resp_bits_tag_bits[0]
     1337 |       0 |     427 |        0 |      0 |   280 |    +0.9% | -197.189 |   -24757.6 |    440 | io_resp_bits_tag_bits[0]
     1339 |       0 |     427 |        0 |      0 |   280 |    +0.9% | -197.189 |   -24757.6 |    440 | io_resp_bits_tag_bits[0]
     1340 |       0 |     427 |        0 |      0 |   280 |    +0.9% | -197.189 |   -24757.6 |    440 | io_resp_bits_tag_bits[0]
     1341 |       0 |     427 |        0 |      0 |   280 |    +0.9% | -197.189 |   -24757.6 |    440 | io_resp_bits_tag_bits[0]
     1343 |       0 |     427 |        0 |      0 |   280 |    +0.9% | -197.189 |   -24757.6 |    440 | io_resp_bits_tag_bits[0]
     1345 |       0 |     427 |        0 |      0 |   280 |    +0.9% | -197.189 |   -24757.6 |    440 | io_resp_bits_tag_bits[0]
     1346 |       0 |     427 |        0 |      0 |   280 |    +0.9% | -197.189 |   -24757.6 |    439 | io_resp_bits_tag_bits[0]
     1347 |       0 |     427 |        0 |      0 |   280 |    +0.9% | -197.189 |   -24757.6 |    438 | io_resp_bits_tag_bits[0]
     1348 |       0 |     427 |        0 |      0 |   280 |    +0.9% | -197.189 |   -24757.6 |    437 | io_resp_bits_tag_bits[0]
     1349 |       0 |     427 |        0 |      0 |   280 |    +0.9% | -197.189 |   -24757.6 |    436 | io_resp_bits_tag_bits[0]
     1350 |       0 |     427 |        0 |      0 |   280 |    +0.9% | -197.189 |   -24757.6 |    436 | io_resp_bits_tag_bits[0]
     1350 |       0 |     427 |        0 |      0 |   280 |    +0.9% | -197.189 |   -24757.6 |    435 | io_resp_bits_tag_bits[0]
     1351 |       0 |     427 |        0 |      0 |   280 |    +0.9% | -197.189 |   -24757.6 |    434 | io_resp_bits_tag_bits[0]
     1352 |       0 |     427 |        0 |      0 |   280 |    +0.9% | -197.189 |   -24757.6 |    433 | io_resp_bits_tag_bits[0]
     1353 |       0 |     427 |        0 |      0 |   280 |    +0.9% | -197.189 |   -24757.6 |    432 | io_resp_bits_tag_bits[0]
     1360 |       0 |     433 |        0 |      0 |   280 |    +0.9% | -197.189 |   -24444.6 |    432 | io_resp_bits_tag_bits[0]
     1364 |       0 |     437 |        0 |      0 |   280 |    +0.9% | -197.189 |   -24399.1 |    432 | io_resp_bits_tag_bits[0]
     1367 |       0 |     439 |        0 |      0 |   280 |    +0.9% | -197.189 |   -24392.1 |    432 | io_resp_bits_tag_bits[0]
     1369 |       0 |     440 |        0 |      0 |   280 |    +0.9% | -197.189 |   -24392.2 |    432 | io_resp_bits_tag_bits[0]
     1370 |       0 |     440 |        0 |      0 |   280 |    +0.9% | -197.189 |   -24392.2 |    432 | io_resp_bits_tag_bits[0]
     1371 |       0 |     441 |        0 |      0 |   280 |    +0.9% | -197.189 |   -24392.1 |    432 | io_resp_bits_tag_bits[0]
     1373 |       0 |     442 |        0 |      0 |   280 |    +0.9% | -197.189 |   -24392.0 |    432 | io_resp_bits_tag_bits[0]
     1375 |       0 |     443 |        0 |      0 |   280 |    +0.9% | -197.189 |   -24391.9 |    432 | io_resp_bits_tag_bits[0]
     1380 |       0 |     447 |        0 |      0 |   280 |    +1.0% | -197.189 |   -24293.9 |    432 | io_resp_bits_tag_bits[0]
     1381 |       0 |     448 |        0 |      0 |   280 |    +1.0% | -197.189 |   -24294.2 |    432 | io_resp_bits_tag_bits[0]
     1384 |       0 |     450 |        0 |      0 |   280 |    +1.0% | -197.189 |   -24288.0 |    432 | io_resp_bits_tag_bits[0]
     1386 |       0 |     451 |        0 |      0 |   280 |    +1.0% | -197.189 |   -24289.1 |    432 | io_resp_bits_tag_bits[0]
     1388 |       0 |     452 |        0 |      0 |   280 |    +1.0% | -197.189 |   -24289.9 |    432 | io_resp_bits_tag_bits[0]
     1390 |       0 |     453 |        0 |      0 |   280 |    +1.0% | -197.189 |   -24290.6 |    432 | io_resp_bits_tag_bits[0]
     1390 |       0 |     453 |        0 |      0 |   280 |    +1.0% | -197.189 |   -24290.6 |    432 | io_resp_bits_tag_bits[0]
     1396 |       0 |     458 |        0 |      0 |   280 |    +1.0% | -197.189 |   -24192.0 |    432 | io_resp_bits_tag_bits[0]
     1398 |       0 |     459 |        0 |      0 |   280 |    +1.0% | -197.189 |   -24192.1 |    432 | io_resp_bits_tag_bits[0]
     1400 |       0 |     460 |        0 |      0 |   280 |    +1.0% | -197.189 |   -24192.2 |    432 | io_resp_bits_tag_bits[0]
     1400 |       0 |     460 |        0 |      0 |   280 |    +1.0% | -197.189 |   -24192.2 |    432 | io_resp_bits_tag_bits[0]
     1402 |       0 |     461 |        0 |      0 |   280 |    +1.0% | -197.189 |   -24192.1 |    432 | io_resp_bits_tag_bits[0]
     1404 |       0 |     462 |        0 |      0 |   280 |    +1.0% | -197.189 |   -24192.0 |    432 | io_resp_bits_tag_bits[0]
     1406 |       0 |     463 |        0 |      0 |   280 |    +1.0% | -197.189 |   -24191.8 |    432 | io_resp_bits_tag_bits[0]
     1409 |       0 |     465 |        0 |      0 |   280 |    +1.0% | -197.189 |   -24189.5 |    432 | io_resp_bits_tag_bits[0]
     1410 |       0 |     465 |        0 |      0 |   280 |    +1.0% | -197.189 |   -24189.5 |    432 | io_resp_bits_tag_bits[0]
     1411 |       0 |     466 |        0 |      0 |   280 |    +1.0% | -197.189 |   -24190.2 |    432 | io_resp_bits_tag_bits[0]
     1414 |       0 |     467 |        0 |      0 |   280 |    +1.0% | -197.189 |   -24190.9 |    432 | io_resp_bits_tag_bits[0]
     1417 |       0 |     468 |        0 |      0 |   280 |    +1.0% | -197.189 |   -24191.5 |    432 | io_resp_bits_tag_bits[0]
     1419 |       0 |     469 |        0 |      0 |   280 |    +1.0% | -197.189 |   -24192.2 |    432 | io_resp_bits_tag_bits[0]
     1420 |       0 |     469 |        0 |      0 |   280 |    +1.0% | -197.189 |   -24192.2 |    432 | io_resp_bits_tag_bits[0]
     1421 |       0 |     470 |        0 |      0 |   280 |    +1.0% | -197.189 |   -24192.9 |    432 | io_resp_bits_tag_bits[0]
     1423 |       0 |     471 |        0 |      0 |   280 |    +1.0% | -197.189 |   -24193.6 |    432 | io_resp_bits_tag_bits[0]
     1426 |       0 |     472 |        0 |      0 |   280 |    +1.0% | -197.189 |   -24194.2 |    432 | io_resp_bits_tag_bits[0]
     1429 |       0 |     473 |        0 |      0 |   280 |    +1.0% | -197.189 |   -24194.9 |    432 | io_resp_bits_tag_bits[0]
     1430 |       0 |     473 |        0 |      0 |   280 |    +1.0% | -197.189 |   -24194.9 |    432 | io_resp_bits_tag_bits[0]
     1430 |       0 |     473 |        0 |      0 |   280 |    +1.0% | -197.189 |   -24194.9 |    431 | io_resp_bits_tag_bits[0]
     1437 |       0 |     479 |        0 |      0 |   280 |    +1.0% | -197.189 |   -24084.6 |    431 | io_resp_bits_tag_bits[0]
     1439 |       0 |     480 |        0 |      0 |   280 |    +1.0% | -197.189 |   -24084.9 |    431 | io_resp_bits_tag_bits[0]
     1440 |       0 |     480 |        0 |      0 |   280 |    +1.0% | -197.189 |   -24084.9 |    431 | io_resp_bits_tag_bits[0]
     1441 |       0 |     481 |        0 |      0 |   280 |    +1.0% | -197.189 |   -24085.2 |    431 | io_resp_bits_tag_bits[0]
     1443 |       0 |     482 |        0 |      0 |   280 |    +1.0% | -197.189 |   -24085.5 |    431 | io_resp_bits_tag_bits[0]
     1445 |       0 |     483 |        0 |      0 |   280 |    +1.0% | -197.189 |   -24085.6 |    431 | io_resp_bits_tag_bits[0]
     1447 |       0 |     484 |        0 |      0 |   280 |    +1.0% | -197.189 |   -24085.6 |    431 | io_resp_bits_tag_bits[0]
     1448 |       0 |     484 |        0 |      0 |   280 |    +1.0% | -197.189 |   -24085.6 |    430 | io_resp_bits_tag_bits[0]
     1449 |       0 |     484 |        0 |      0 |   280 |    +1.0% | -197.189 |   -24085.6 |    429 | io_resp_bits_tag_bits[0]
     1450 |       0 |     484 |        0 |      0 |   280 |    +1.0% | -197.189 |   -24085.6 |    429 | io_resp_bits_tag_bits[0]
     1450 |       0 |     484 |        0 |      0 |   280 |    +1.0% | -197.189 |   -24085.6 |    428 | io_resp_bits_tag_bits[0]
     1451 |       0 |     484 |        0 |      0 |   280 |    +1.0% | -197.189 |   -24085.6 |    427 | io_resp_bits_tag_bits[0]
     1452 |       0 |     484 |        0 |      0 |   280 |    +1.0% | -197.189 |   -24085.6 |    426 | io_resp_bits_tag_bits[0]
     1453 |       0 |     484 |        0 |      0 |   280 |    +1.0% | -197.189 |   -24085.6 |    425 | io_resp_bits_tag_bits[0]
     1454 |       0 |     484 |        0 |      0 |   280 |    +1.0% | -197.189 |   -24085.6 |    424 | io_resp_bits_tag_bits[0]
     1455 |       0 |     484 |        0 |      0 |   280 |    +1.0% | -197.189 |   -24085.6 |    423 | io_resp_bits_tag_bits[0]
     1456 |       0 |     484 |        0 |      0 |   280 |    +1.0% | -197.189 |   -24085.6 |    422 | io_resp_bits_tag_bits[0]
     1457 |       0 |     484 |        0 |      0 |   280 |    +1.0% | -197.189 |   -24085.6 |    421 | io_resp_bits_tag_bits[0]
     1458 |       0 |     484 |        0 |      0 |   280 |    +1.0% | -197.189 |   -24085.6 |    420 | io_resp_bits_tag_bits[0]
     1459 |       0 |     484 |        0 |      0 |   280 |    +1.0% | -197.189 |   -24085.6 |    419 | io_resp_bits_tag_bits[0]
     1460 |       0 |     484 |        0 |      0 |   280 |    +1.0% | -197.189 |   -24085.6 |    419 | io_resp_bits_tag_bits[0]
     1460 |       0 |     484 |        0 |      0 |   280 |    +1.0% | -197.189 |   -24085.6 |    418 | io_resp_bits_tag_bits[0]
     1464 |       0 |     487 |        0 |      0 |   280 |    +1.1% | -197.189 |   -24082.8 |    418 | io_resp_bits_tag_bits[0]
     1465 |       0 |     487 |        0 |      0 |   280 |    +1.1% | -197.189 |   -24082.8 |    417 | io_resp_bits_tag_bits[0]
     1466 |       0 |     487 |        0 |      0 |   280 |    +1.1% | -197.189 |   -24082.8 |    416 | io_resp_bits_tag_bits[0]
     1467 |       0 |     487 |        0 |      0 |   280 |    +1.1% | -197.189 |   -24082.8 |    415 | io_resp_bits_tag_bits[0]
     1468 |       0 |     487 |        0 |      0 |   280 |    +1.1% | -197.189 |   -24082.8 |    414 | io_resp_bits_tag_bits[0]
     1469 |       0 |     487 |        0 |      0 |   280 |    +1.1% | -197.189 |   -24082.8 |    413 | io_resp_bits_tag_bits[0]
     1470 |       0 |     487 |        0 |      0 |   280 |    +1.1% | -197.189 |   -24082.8 |    413 | io_resp_bits_tag_bits[0]
     1470 |       0 |     487 |        0 |      0 |   280 |    +1.1% | -197.189 |   -24082.8 |    412 | io_resp_bits_tag_bits[0]
     1471 |       0 |     487 |        0 |      0 |   280 |    +1.1% | -197.189 |   -24082.8 |    411 | io_resp_bits_tag_bits[0]
     1472 |       0 |     487 |        0 |      0 |   280 |    +1.1% | -197.189 |   -24082.8 |    410 | io_resp_bits_tag_bits[0]
     1475 |       0 |     488 |        0 |      0 |   281 |    +1.1% | -197.189 |   -24088.0 |    410 | io_resp_bits_tag_bits[0]
     1476 |       0 |     488 |        0 |      0 |   281 |    +1.1% | -197.189 |   -24088.0 |    409 | io_resp_bits_tag_bits[0]
     1477 |       0 |     488 |        0 |      0 |   281 |    +1.1% | -197.189 |   -24088.0 |    408 | io_resp_bits_tag_bits[0]
     1478 |       0 |     488 |        0 |      0 |   281 |    +1.1% | -197.189 |   -24088.0 |    407 | io_resp_bits_tag_bits[0]
     1479 |       0 |     488 |        0 |      0 |   281 |    +1.1% | -197.189 |   -24088.0 |    406 | io_resp_bits_tag_bits[0]
     1480 |       0 |     488 |        0 |      0 |   281 |    +1.1% | -197.189 |   -24088.0 |    406 | io_resp_bits_tag_bits[0]
     1480 |       0 |     488 |        0 |      0 |   281 |    +1.1% | -197.189 |   -24088.0 |    405 | io_resp_bits_tag_bits[0]
     1481 |       0 |     488 |        0 |      0 |   281 |    +1.1% | -197.189 |   -24088.0 |    404 | io_resp_bits_tag_bits[0]
     1482 |       0 |     488 |        0 |      0 |   281 |    +1.1% | -197.189 |   -24088.0 |    403 | io_resp_bits_tag_bits[0]
     1483 |       0 |     488 |        0 |      0 |   281 |    +1.1% | -197.189 |   -24088.0 |    402 | io_resp_bits_tag_bits[0]
     1484 |       0 |     488 |        0 |      0 |   281 |    +1.1% | -197.189 |   -24088.0 |    401 | io_resp_bits_tag_bits[0]
     1485 |       0 |     488 |        0 |      0 |   281 |    +1.1% | -197.189 |   -24088.0 |    400 | io_resp_bits_tag_bits[0]
     1486 |       0 |     488 |        0 |      0 |   281 |    +1.1% | -197.189 |   -24088.0 |    399 | io_resp_bits_tag_bits[0]
     1487 |       0 |     488 |        0 |      0 |   281 |    +1.1% | -197.189 |   -24088.0 |    398 | io_resp_bits_tag_bits[0]
     1490 |       0 |     490 |        0 |      0 |   281 |    +1.1% | -197.189 |   -24011.4 |    398 | io_resp_bits_tag_bits[0]
     1493 |       0 |     493 |        0 |      0 |   281 |    +1.1% | -197.189 |   -23932.9 |    396 | io_resp_bits_tag_bits[0]
     1494 |       0 |     493 |        0 |      0 |   281 |    +1.1% | -197.189 |   -23932.9 |    395 | io_resp_bits_tag_bits[0]
     1495 |       0 |     493 |        0 |      0 |   281 |    +1.1% | -197.189 |   -23932.9 |    394 | io_resp_bits_tag_bits[0]
     1496 |       0 |     493 |        0 |      0 |   281 |    +1.1% | -197.189 |   -23932.9 |    393 | io_resp_bits_tag_bits[0]
     1497 |       0 |     493 |        0 |      0 |   281 |    +1.1% | -197.189 |   -23932.9 |    392 | io_resp_bits_tag_bits[0]
     1499 |       0 |     494 |        0 |      0 |   281 |    +1.1% | -197.189 |   -23926.2 |    390 | io_resp_bits_tag_bits[0]
     1500 |       0 |     494 |        0 |      0 |   281 |    +1.1% | -197.189 |   -23926.2 |    390 | io_resp_bits_tag_bits[0]
     1500 |       0 |     494 |        0 |      0 |   281 |    +1.1% | -197.189 |   -23926.2 |    389 | io_resp_bits_tag_bits[0]
     1501 |       0 |     494 |        0 |      0 |   281 |    +1.1% | -197.189 |   -23926.2 |    388 | io_resp_bits_tag_bits[0]
     1502 |       0 |     494 |        0 |      0 |   281 |    +1.1% | -197.189 |   -23926.2 |    387 | io_resp_bits_tag_bits[0]
     1503 |       0 |     494 |        0 |      0 |   281 |    +1.1% | -197.189 |   -23926.2 |    386 | io_resp_bits_tag_bits[0]
     1504 |       0 |     494 |        0 |      0 |   281 |    +1.1% | -197.189 |   -23926.2 |    385 | io_resp_bits_tag_bits[0]
     1505 |       0 |     494 |        0 |      0 |   281 |    +1.1% | -197.189 |   -23926.2 |    384 | io_resp_bits_tag_bits[0]
     1506 |       0 |     494 |        0 |      0 |   281 |    +1.1% | -197.189 |   -23926.2 |    383 | io_resp_bits_tag_bits[0]
     1507 |       0 |     494 |        0 |      0 |   281 |    +1.1% | -197.189 |   -23926.2 |    382 | io_resp_bits_tag_bits[0]
     1508 |       0 |     494 |        0 |      0 |   281 |    +1.1% | -197.189 |   -23926.2 |    381 | io_resp_bits_tag_bits[0]
     1509 |       0 |     494 |        0 |      0 |   281 |    +1.1% | -197.189 |   -23926.2 |    380 | io_resp_bits_tag_bits[0]
     1510 |       0 |     494 |        0 |      0 |   281 |    +1.1% | -197.189 |   -23926.2 |    380 | io_resp_bits_tag_bits[0]
     1510 |       0 |     494 |        0 |      0 |   281 |    +1.1% | -197.189 |   -23926.2 |    379 | io_resp_bits_tag_bits[0]
     1512 |       0 |     494 |        0 |      0 |   281 |    +1.1% | -197.189 |   -23926.2 |    379 | io_resp_bits_tag_bits[0]
     1514 |       0 |     494 |        0 |      0 |   281 |    +1.1% | -197.189 |   -23926.2 |    379 | io_resp_bits_tag_bits[0]
     1515 |       0 |     494 |        0 |      0 |   281 |    +1.1% | -197.189 |   -23926.2 |    378 | io_resp_bits_tag_bits[0]
     1517 |       0 |     495 |        0 |      0 |   281 |    +1.1% | -197.189 |   -23925.7 |    376 | io_resp_bits_tag_bits[0]
     1518 |       0 |     495 |        0 |      0 |   281 |    +1.1% | -197.189 |   -23925.7 |    375 | io_resp_bits_tag_bits[0]
     1520 |       0 |     496 |        0 |      0 |   281 |    +1.1% | -197.189 |   -23902.5 |    374 | io_resp_bits_tag_bits[0]
     1520 |       0 |     496 |        0 |      0 |   281 |    +1.1% | -197.189 |   -23902.5 |    373 | io_resp_bits_tag_bits[0]
     1521 |       0 |     496 |        0 |      0 |   281 |    +1.1% | -197.189 |   -23902.5 |    372 | io_resp_bits_tag_bits[0]
     1522 |       0 |     496 |        0 |      0 |   281 |    +1.1% | -197.189 |   -23902.5 |    371 | io_resp_bits_tag_bits[0]
     1523 |       0 |     496 |        0 |      0 |   281 |    +1.1% | -197.189 |   -23902.5 |    370 | io_resp_bits_tag_bits[0]
     1525 |       0 |     497 |        0 |      0 |   281 |    +1.1% | -197.189 |   -23879.3 |    368 | io_resp_bits_tag_bits[0]
     1526 |       0 |     497 |        0 |      0 |   281 |    +1.1% | -197.189 |   -23879.3 |    367 | io_resp_bits_tag_bits[0]
     1527 |       0 |     497 |        0 |      0 |   281 |    +1.1% | -197.189 |   -23879.3 |    366 | io_resp_bits_tag_bits[0]
     1528 |       0 |     497 |        0 |      0 |   281 |    +1.1% | -197.189 |   -23879.3 |    365 | io_resp_bits_tag_bits[0]
     1530 |       0 |     498 |        0 |      0 |   281 |    +1.1% | -197.189 |   -23853.9 |    364 | io_resp_bits_tag_bits[0]
     1530 |       0 |     498 |        0 |      0 |   281 |    +1.1% | -197.189 |   -23853.9 |    363 | io_resp_bits_tag_bits[0]
     1531 |       0 |     498 |        0 |      0 |   281 |    +1.1% | -197.189 |   -23853.9 |    362 | io_resp_bits_tag_bits[0]
     1532 |       0 |     498 |        0 |      0 |   281 |    +1.1% | -197.189 |   -23853.9 |    361 | io_resp_bits_tag_bits[0]
     1533 |       0 |     498 |        0 |      0 |   281 |    +1.1% | -197.189 |   -23853.9 |    360 | io_resp_bits_tag_bits[0]
     1534 |       0 |     498 |        0 |      0 |   281 |    +1.1% | -197.189 |   -23853.9 |    359 | io_resp_bits_tag_bits[0]
     1535 |       0 |     498 |        0 |      0 |   281 |    +1.1% | -197.189 |   -23853.9 |    358 | io_resp_bits_tag_bits[0]
     1536 |       0 |     498 |        0 |      0 |   281 |    +1.1% | -197.189 |   -23853.9 |    357 | io_resp_bits_tag_bits[0]
     1537 |       0 |     498 |        0 |      0 |   281 |    +1.1% | -197.189 |   -23853.9 |    356 | io_resp_bits_tag_bits[0]
     1538 |       0 |     498 |        0 |      0 |   281 |    +1.1% | -197.189 |   -23853.9 |    355 | io_resp_bits_tag_bits[0]
     1539 |       0 |     498 |        0 |      0 |   281 |    +1.1% | -197.189 |   -23853.9 |    354 | io_resp_bits_tag_bits[0]
     1540 |       0 |     498 |        0 |      0 |   281 |    +1.1% | -197.189 |   -23853.9 |    354 | io_resp_bits_tag_bits[0]
     1540 |       0 |     498 |        0 |      0 |   281 |    +1.1% | -197.189 |   -23853.9 |    353 | io_resp_bits_tag_bits[0]
     1541 |       0 |     498 |        0 |      0 |   281 |    +1.1% | -197.189 |   -23853.9 |    352 | io_resp_bits_tag_bits[0]
     1542 |       0 |     498 |        0 |      0 |   281 |    +1.1% | -197.189 |   -23853.9 |    351 | io_resp_bits_tag_bits[0]
     1543 |       0 |     498 |        0 |      0 |   281 |    +1.1% | -197.189 |   -23853.9 |    350 | io_resp_bits_tag_bits[0]
     1544 |       0 |     498 |        0 |      0 |   281 |    +1.1% | -197.189 |   -23853.9 |    349 | io_resp_bits_tag_bits[0]
     1545 |       0 |     498 |        0 |      0 |   281 |    +1.1% | -197.189 |   -23853.9 |    348 | io_resp_bits_tag_bits[0]
     1546 |       0 |     498 |        0 |      0 |   281 |    +1.1% | -197.189 |   -23853.9 |    347 | io_resp_bits_tag_bits[0]
     1547 |       0 |     498 |        0 |      0 |   281 |    +1.1% | -197.189 |   -23853.9 |    346 | io_resp_bits_tag_bits[0]
     1548 |       0 |     498 |        0 |      0 |   281 |    +1.1% | -197.189 |   -23853.9 |    345 | io_resp_bits_tag_bits[0]
     1549 |       0 |     498 |        0 |      0 |   281 |    +1.1% | -197.189 |   -23853.9 |    344 | io_resp_bits_tag_bits[0]
     1550 |       0 |     498 |        0 |      0 |   281 |    +1.1% | -197.189 |   -23853.9 |    344 | io_resp_bits_tag_bits[0]
     1550 |       0 |     498 |        0 |      0 |   281 |    +1.1% | -197.189 |   -23853.9 |    343 | io_resp_bits_tag_bits[0]
     1551 |       0 |     498 |        0 |      0 |   281 |    +1.1% | -197.189 |   -23853.9 |    342 | io_resp_bits_tag_bits[0]
     1552 |       0 |     498 |        0 |      0 |   281 |    +1.1% | -197.189 |   -23853.9 |    341 | io_resp_bits_tag_bits[0]
     1553 |       0 |     498 |        0 |      0 |   281 |    +1.1% | -197.189 |   -23853.9 |    340 | io_resp_bits_tag_bits[0]
     1554 |       0 |     498 |        0 |      0 |   281 |    +1.1% | -197.189 |   -23853.9 |    339 | io_resp_bits_tag_bits[0]
    final |       0 |     498 |        0 |      0 |   281 |    +1.1% | -197.189 |   -23853.9 |    339 | io_resp_bits_tag_bits[0]
--------------------------------------------------------------------------------------------------------------
[INFO RSZ-0051] Resized 498 instances: 498 up, 0 up match, 0 down, 0 VT
[INFO RSZ-0043] Swapped pins on 281 instances.
[WARNING RSZ-0062] Unable to repair all setup violations.
Took 11 seconds: repair_timing -setup_margin 0 -hold_margin 0 -repair_tns 100 -skip_last_gasp -setup -skip_last_gasp -sequence unbuffer,sizeup,swap,vt_swap -verbose
Default units for flow
 time 1ps
 capacitance 1fF
 resistance 1kohm
 voltage 1v
 current 1mA
 power 1pW
 distance 1um
   Layer   | Unit Resistance | Unit Capacitance 
           |       (kohm/um) |          (fF/um)
------------------------------------------------
        M1 |        7.04e-02 |         1.00e-10
        M2 |        4.62e-02 |         1.85e-01
        M3 |        3.63e-02 |         1.54e-01
        M4 |        2.03e-02 |         1.89e-01
        M5 |        1.93e-02 |         1.72e-01
        M6 |        1.19e-02 |         1.76e-01
        M7 |        1.25e-02 |         1.47e-01
        M8 |        0.00e+00 |         0.00e+00
        M9 |        0.00e+00 |         0.00e+00
       Pad |        0.00e+00 |         0.00e+00
------------------------------------------------

   Layer   | Via Resistance 
           |         (kohm) 
----------------------------
        V1 |       1.72e-02 
        V2 |       1.72e-02 
        V3 |       1.72e-02 
        V4 |       1.18e-02 
        V5 |       1.18e-02 
        V6 |       8.20e-03 
        V7 |       8.20e-03 
        V8 |       6.30e-03 
        V9 |       0.00e+00 
----------------------------
Report metrics stage 2, floorplan final...

==========================================================================
floorplan final report_design_area
--------------------------------------------------------------------------
Design area 1528 um^2 41% utilization.
write_db bazel-out/k8-fastbuild/bin/gemmini_2x2/results/asap7/MeshWithDelays/base/2_1_floorplan.odb
write_sdc -no_timestamp bazel-out/k8-fastbuild/bin/gemmini_2x2/results/asap7/MeshWithDelays/base/2_1_floorplan.sdc
Elapsed time: 0:14.88[h:]min:sec. CPU time: user 30.21 sys 7.53 (253%). Peak memory: 265056KB.
Log                        Elapsed/s Peak Memory/MB  sha1sum .odb [0:20)
2_1_floorplan                     14            258 99eb69d355eff1877bb4
