OpenROAD 26Q1-1929-g7cf7b720fd 
Features included (+) or not (-): +GPU +GUI +Python
This program is licensed under the BSD-3 license. See the LICENSE file for details.
Components of this program may be licensed under more restrictive licenses which must be honored.
[INFO ORD-0030] Using 16 thread(s).
source external/bazel-orfs++orfs_repositories+docker_orfs/OpenROAD-flow-scripts/flow/platforms/asap7/liberty_suppressions.tcl
read_liberty external/bazel-orfs++orfs_repositories+docker_orfs/OpenROAD-flow-scripts/flow/platforms/asap7/lib/NLDM/asap7sc7p5t_AO_RVT_FF_nldm_211120.lib.gz
read_liberty external/bazel-orfs++orfs_repositories+docker_orfs/OpenROAD-flow-scripts/flow/platforms/asap7/lib/NLDM/asap7sc7p5t_INVBUF_RVT_FF_nldm_220122.lib.gz
read_liberty external/bazel-orfs++orfs_repositories+docker_orfs/OpenROAD-flow-scripts/flow/platforms/asap7/lib/NLDM/asap7sc7p5t_OA_RVT_FF_nldm_211120.lib.gz
read_liberty external/bazel-orfs++orfs_repositories+docker_orfs/OpenROAD-flow-scripts/flow/platforms/asap7/lib/NLDM/asap7sc7p5t_SIMPLE_RVT_FF_nldm_211120.lib.gz
read_liberty external/bazel-orfs++orfs_repositories+docker_orfs/OpenROAD-flow-scripts/flow/platforms/asap7/lib/NLDM/asap7sc7p5t_SEQ_RVT_FF_nldm_220123.lib
read_db -hier bazel-out/k8-fastbuild/bin/gemmini_2x2/results/asap7/MeshWithDelays/base/2_floorplan.odb
[WARNING ORD-0012] Hierarchical flow (-hier) is currently in development and may cause multiple issues. Do not use in production environments.
source external/bazel-orfs++orfs_repositories+docker_orfs/OpenROAD-flow-scripts/flow/platforms/asap7/setRC.tcl
global_placement -skip_io -density 0.65 -pad_left 0 -pad_right 0
[INFO GPL-0001] ---- Initialize GPL Main Data Structures
[INFO GPL-0002] DBU: 1000
[INFO GPL-0003] SiteSize: (  0.054  0.270 ) um
[INFO GPL-0004] CoreBBox: (  1.026  1.080 ) ( 62.478 62.370 ) um
[INFO GPL-0036] Movable instances area:       1528.130 um^2
[INFO GPL-0037] Total instances area:         1528.130 um^2
[INFO GPL-0035] Pin density area adjust:       187.161 um^2
[INFO GPL-0032] ---- Initialize Region: Top-level
[INFO GPL-0006] Number of instances:             12793
[INFO GPL-0007] Movable instances:               12793
[INFO GPL-0008] Fixed instances:                     0
[INFO GPL-0009] Dummy instances:                     0
[INFO GPL-0010] Number of nets:                  13486
[INFO GPL-0011] Number of pins:                  45053
[INFO GPL-0012] Die BBox:  (  0.000  0.000 ) ( 63.480 63.480 ) um
[INFO GPL-0013] Core BBox: (  1.026  1.080 ) ( 62.478 62.370 ) um
[INFO GPL-0016] Core area:                    3766.393 um^2
[INFO GPL-0014] Region name: top-level.
[INFO GPL-0015] Region area:                  3766.393 um^2
[INFO GPL-0017] Fixed instances area:            0.000 um^2
[INFO GPL-0018] Movable instances area:       1715.291 um^2
[INFO GPL-0019] Utilization:                    45.542 %
[INFO GPL-0020] Standard cells area:          1715.291 um^2
[INFO GPL-0021] Large instances area:            0.000 um^2
[INFO GPL-0005] ---- Execute Conjugate Gradient Initial Placement.
[INFO GPL-0051] Source of initial instance position counters:
	Odb location = 0	Core center = 12793	Region center = 0
[INFO GPL-0033] ---- Initialize Nesterov Region: Top-level
[INFO GPL-0023] Placement target density:       0.6500
[INFO GPL-0024] Movable insts average area:      0.134 um^2
[INFO GPL-0025] Ideal bin area:                  0.206 um^2
[INFO GPL-0026] Ideal bin count:                 18258
[INFO GPL-0027] Total bin area:               3766.393 um^2
[INFO GPL-0028] Bin count (X, Y):         128 ,    128
[INFO GPL-0029] Bin size (W * H):       0.480 *  0.479 um
[INFO GPL-0030] Number of bins:                  16384
[INFO GPL-0007] ---- Execute Nesterov Global Placement.
[INFO GPL-0031] HPWL: Half-Perimeter Wirelength
Iteration | Overflow |     HPWL (um) |  HPWL(%) |   Penalty | Group
---------------------------------------------------------------
        0 |   0.9943 |  9.758252e+03 |   +0.00% |  1.53e-13 |      
       10 |   0.9960 |  2.849129e+03 |  -70.80% |  2.49e-13 |      
       20 |   0.9960 |  2.707959e+03 |   -4.95% |  4.05e-13 |      
       30 |   0.9958 |  2.658313e+03 |   -1.83% |  6.60e-13 |      
       40 |   0.9956 |  2.624031e+03 |   -1.29% |  1.08e-12 |      
       50 |   0.9955 |  2.600729e+03 |   -0.89% |  1.75e-12 |      
       60 |   0.9953 |  2.585098e+03 |   -0.60% |  2.85e-12 |      
       70 |   0.9951 |  2.577942e+03 |   -0.28% |  4.65e-12 |      
       80 |   0.9949 |  2.590024e+03 |   +0.47% |  7.57e-12 |      
       90 |   0.9945 |  2.635663e+03 |   +1.76% |  1.23e-11 |      
      100 |   0.9934 |  2.734571e+03 |   +3.75% |  2.01e-11 |      
      110 |   0.9916 |  2.923973e+03 |   +6.93% |  3.27e-11 |      
      120 |   0.9881 |  3.268436e+03 |  +11.78% |  5.33e-11 |      
      130 |   0.9821 |  3.787667e+03 |  +15.89% |  8.68e-11 |      
      140 |   0.9762 |  4.523359e+03 |  +19.42% |  1.41e-10 |      
      150 |   0.9669 |  5.487369e+03 |  +21.31% |  2.30e-10 |      
      160 |   0.9549 |  6.668386e+03 |  +21.52% |  3.75e-10 |      
      170 |   0.9398 |  8.076714e+03 |  +21.12% |  6.11e-10 |      
      180 |   0.9225 |  9.640500e+03 |  +19.36% |  9.94e-10 |      
      190 |   0.9026 |  1.127903e+04 |  +17.00% |  1.62e-09 |      
      200 |   0.8787 |  1.301159e+04 |  +15.36% |  2.64e-09 |      
      210 |   0.8519 |  1.483628e+04 |  +14.02% |  4.30e-09 |      
      220 |   0.8229 |  1.681180e+04 |  +13.32% |  7.00e-09 |      
      230 |   0.7924 |  1.867640e+04 |  +11.09% |  1.14e-08 |      
      240 |   0.7606 |  2.020874e+04 |   +8.20% |  1.86e-08 |      
      250 |   0.7251 |  2.156631e+04 |   +6.72% |  3.02e-08 |      
      260 |   0.6870 |  2.305028e+04 |   +6.88% |  4.92e-08 |      
      270 |   0.6474 |  2.449901e+04 |   +6.29% |  8.02e-08 |      
      280 |   0.6018 |  2.612607e+04 |   +6.64% |  1.31e-07 |      
      290 |   0.5565 |  2.758896e+04 |   +5.60% |  2.13e-07 |      
      300 |   0.5100 |  2.883771e+04 |   +4.53% |  3.46e-07 |      
      310 |   0.4583 |  3.006881e+04 |   +4.27% |  5.64e-07 |      
      320 |   0.4122 |  3.107080e+04 |   +3.33% |  9.18e-07 |      
      330 |   0.3656 |  3.184022e+04 |   +2.48% |  1.50e-06 |      
      340 |   0.3218 |  3.247888e+04 |   +2.01% |  2.29e-06 |      
      350 |   0.2878 |  3.289036e+04 |   +1.27% |  3.38e-06 |      
      360 |   0.2558 |  3.327876e+04 |   +1.18% |  4.98e-06 |      
      370 |   0.2267 |  3.360716e+04 |   +0.99% |  7.33e-06 |      
      380 |   0.1984 |  3.386760e+04 |   +0.77% |  1.08e-05 |      
      390 |   0.1723 |  3.408474e+04 |   +0.64% |  1.59e-05 |      
      400 |   0.1495 |  3.424333e+04 |   +0.47% |  2.34e-05 |      
      410 |   0.1287 |  3.438453e+04 |   +0.41% |  3.45e-05 |      
      420 |   0.1109 |  3.451041e+04 |   +0.37% |  5.09e-05 |      
      427 |   0.0999 |  3.461003e+04 |          |  6.94e-05 |      
---------------------------------------------------------------
[INFO GPL-1001] Global placement finished at iteration 427
[INFO GPL-1002] Placed Cell Area             1715.2909
[INFO GPL-1003] Available Free Area          3766.3931
[INFO GPL-1004] Minimum Feasible Density        0.4600 (cell_area / free_area)
[INFO GPL-1006]   Suggested Target Densities:
[INFO GPL-1007]     - For 90% usage of free space: 0.5060
[INFO GPL-1008]     - For 80% usage of free space: 0.5693
[INFO GPL-1009]     - For 50% usage of free space: 0.9108
[INFO GPL-1014] Final placement area: 1715.29 (+0.00%)
Design area 1528 um^2 41% utilization.
write_db bazel-out/k8-fastbuild/bin/gemmini_2x2/results/asap7/MeshWithDelays/base/3_1_place_gp_skip_io.odb
Elapsed time: 0:04.65[h:]min:sec. CPU time: user 50.33 sys 0.11 (1082%). Peak memory: 240188KB.
Log                        Elapsed/s Peak Memory/MB  sha1sum .odb [0:20)
3_1_place_gp_skip_io               4            234 4bbc657bf5e1a94f2cca
