OpenROAD 26Q1-1929-g7cf7b720fd 
Features included (+) or not (-): +GPU +GUI +Python
This program is licensed under the BSD-3 license. See the LICENSE file for details.
Components of this program may be licensed under more restrictive licenses which must be honored.
[INFO ORD-0030] Using 16 thread(s).
source external/bazel-orfs++orfs_repositories+docker_orfs/OpenROAD-flow-scripts/flow/platforms/asap7/liberty_suppressions.tcl
read_liberty external/bazel-orfs++orfs_repositories+docker_orfs/OpenROAD-flow-scripts/flow/platforms/asap7/lib/NLDM/asap7sc7p5t_AO_RVT_FF_nldm_211120.lib.gz
read_liberty external/bazel-orfs++orfs_repositories+docker_orfs/OpenROAD-flow-scripts/flow/platforms/asap7/lib/NLDM/asap7sc7p5t_INVBUF_RVT_FF_nldm_220122.lib.gz
read_liberty external/bazel-orfs++orfs_repositories+docker_orfs/OpenROAD-flow-scripts/flow/platforms/asap7/lib/NLDM/asap7sc7p5t_OA_RVT_FF_nldm_211120.lib.gz
read_liberty external/bazel-orfs++orfs_repositories+docker_orfs/OpenROAD-flow-scripts/flow/platforms/asap7/lib/NLDM/asap7sc7p5t_SIMPLE_RVT_FF_nldm_211120.lib.gz
read_liberty external/bazel-orfs++orfs_repositories+docker_orfs/OpenROAD-flow-scripts/flow/platforms/asap7/lib/NLDM/asap7sc7p5t_SEQ_RVT_FF_nldm_220123.lib
read_db -hier bazel-out/k8-fastbuild/bin/gemmini_2x2/results/asap7/MeshWithDelays/base/3_3_place_gp.odb
[WARNING ORD-0012] Hierarchical flow (-hier) is currently in development and may cause multiple issues. Do not use in production environments.
source external/bazel-orfs++orfs_repositories+docker_orfs/OpenROAD-flow-scripts/flow/platforms/asap7/setRC.tcl
estimate_parasitics -placement
Perform buffer insertion and gate resizing...
repair_design -verbose
Iteration |   Area    | Resized | Buffers | Nets repaired | Remaining
---------------------------------------------------------------------
        0 |     +0.0% |       0 |       0 |             0 |     13728
     1000 |     +0.0% |       0 |       0 |             0 |     12728
     2000 |     +0.0% |       0 |       0 |             0 |     11728
     3000 |     +0.0% |       0 |       0 |             0 |     10728
     4000 |     +0.0% |       0 |       0 |             0 |      9728
     5000 |     +0.0% |       0 |       0 |             0 |      8728
     6000 |     +0.0% |       0 |       0 |             0 |      7728
     7000 |     +0.0% |       0 |       0 |             0 |      6728
     8000 |     +0.0% |       0 |       0 |             0 |      5728
     9000 |     +0.0% |       0 |       0 |             0 |      4728
    10000 |     +0.0% |       0 |       0 |             0 |      3728
    11000 |     +0.0% |       0 |       0 |             0 |      2728
    12000 |     +0.0% |       0 |       0 |             0 |      1728
    13000 |     +0.0% |       0 |       0 |             0 |       728
    final |     +0.0% |       0 |       0 |             0 |         0
---------------------------------------------------------------------
Floating nets: 
Report metrics stage 3, resizer...

==========================================================================
resizer report_design_area
--------------------------------------------------------------------------
Design area 1546 um^2 41% utilization.
Instance count before 13035, after 13035
Pin count before 45537, after 45537
write_db bazel-out/k8-fastbuild/bin/gemmini_2x2/results/asap7/MeshWithDelays/base/3_4_place_resized.odb
Elapsed time: 0:07.41[h:]min:sec. CPU time: user 10.39 sys 1.18 (156%). Peak memory: 271152KB.
Log                        Elapsed/s Peak Memory/MB  sha1sum .odb [0:20)
3_4_place_resized                  7            264 ae9388b6e21e4380c31e
