OpenROAD 26Q1-1929-g7cf7b720fd 
Features included (+) or not (-): +GPU +GUI +Python
This program is licensed under the BSD-3 license. See the LICENSE file for details.
Components of this program may be licensed under more restrictive licenses which must be honored.
[INFO ORD-0030] Using 16 thread(s).
source external/bazel-orfs++orfs_repositories+docker_orfs/OpenROAD-flow-scripts/flow/platforms/asap7/liberty_suppressions.tcl
read_liberty external/bazel-orfs++orfs_repositories+docker_orfs/OpenROAD-flow-scripts/flow/platforms/asap7/lib/NLDM/asap7sc7p5t_AO_RVT_FF_nldm_211120.lib.gz
read_liberty external/bazel-orfs++orfs_repositories+docker_orfs/OpenROAD-flow-scripts/flow/platforms/asap7/lib/NLDM/asap7sc7p5t_INVBUF_RVT_FF_nldm_220122.lib.gz
read_liberty external/bazel-orfs++orfs_repositories+docker_orfs/OpenROAD-flow-scripts/flow/platforms/asap7/lib/NLDM/asap7sc7p5t_OA_RVT_FF_nldm_211120.lib.gz
read_liberty external/bazel-orfs++orfs_repositories+docker_orfs/OpenROAD-flow-scripts/flow/platforms/asap7/lib/NLDM/asap7sc7p5t_SIMPLE_RVT_FF_nldm_211120.lib.gz
read_liberty external/bazel-orfs++orfs_repositories+docker_orfs/OpenROAD-flow-scripts/flow/platforms/asap7/lib/NLDM/asap7sc7p5t_SEQ_RVT_FF_nldm_220123.lib
read_db -hier bazel-out/k8-fastbuild/bin/gemmini_4x4/results/asap7/MeshWithDelays/base/3_2_place_iop.odb
[WARNING ORD-0012] Hierarchical flow (-hier) is currently in development and may cause multiple issues. Do not use in production environments.
source external/bazel-orfs++orfs_repositories+docker_orfs/OpenROAD-flow-scripts/flow/platforms/asap7/setRC.tcl
Perform port buffering...
[INFO RSZ-0027] Inserted 123 BUFx2_ASAP7_75t_R input buffers.
[INFO RSZ-0028] Inserted 233 BUFx2_ASAP7_75t_R output buffers.
global_placement -density 0.65 -pad_left 0 -pad_right 0 -force_center_initial_place -min_phi_coef 0.95 -max_phi_coef 1.05
[INFO GPL-0001] ---- Initialize GPL Main Data Structures
[INFO GPL-0002] DBU: 1000
[INFO GPL-0003] SiteSize: (  0.054  0.270 ) um
[INFO GPL-0004] CoreBBox: (  1.026  1.080 ) ( 119.340 119.340 ) um
[INFO GPL-0036] Movable instances area:       5671.008 um^2
[INFO GPL-0037] Total instances area:         5671.008 um^2
[INFO GPL-0035] Pin density area adjust:       709.707 um^2
[INFO GPL-0032] ---- Initialize Region: Top-level
[INFO GPL-0006] Number of instances:             47956
[INFO GPL-0007] Movable instances:               47956
[INFO GPL-0008] Fixed instances:                     0
[INFO GPL-0009] Dummy instances:                     0
[INFO GPL-0010] Number of nets:                  50496
[INFO GPL-0011] Number of pins:                 168704
[INFO GPL-0012] Die BBox:  (  0.000  0.000 ) ( 120.387 120.387 ) um
[INFO GPL-0013] Core BBox: (  1.026  1.080 ) ( 119.340 119.340 ) um
[INFO GPL-0016] Core area:                   13991.814 um^2
[INFO GPL-0014] Region name: top-level.
[INFO GPL-0015] Region area:                 13991.814 um^2
[INFO GPL-0017] Fixed instances area:            0.000 um^2
[INFO GPL-0018] Movable instances area:       6380.715 um^2
[INFO GPL-0019] Utilization:                    45.603 %
[INFO GPL-0020] Standard cells area:          6380.715 um^2
[INFO GPL-0021] Large instances area:            0.000 um^2
[INFO GPL-0005] ---- Execute Conjugate Gradient Initial Placement.
[INFO GPL-0051] Source of initial instance position counters:
	Odb location = 0	Core center = 47956	Region center = 0
[InitialPlace]  Iter: 1 conjugate gradient residual: 0.00639931 HPWL: 183705773
[InitialPlace]  Iter: 2 conjugate gradient residual: 0.00227575 HPWL: 74120894
[InitialPlace]  Iter: 3 conjugate gradient residual: 0.00114104 HPWL: 72978380
[InitialPlace]  Iter: 4 conjugate gradient residual: 0.00089618 HPWL: 72950359
[InitialPlace]  Iter: 5 conjugate gradient residual: 0.00105808 HPWL: 72766069
[InitialPlace]  Iter: 6 conjugate gradient residual: 0.00095148 HPWL: 72915694
[InitialPlace]  Iter: 7 conjugate gradient residual: 0.00069477 HPWL: 72758901
[InitialPlace]  Iter: 8 conjugate gradient residual: 0.00062609 HPWL: 72885371
[InitialPlace]  Iter: 9 conjugate gradient residual: 0.00078954 HPWL: 72670761
[InitialPlace]  Iter: 10 conjugate gradient residual: 0.00082394 HPWL: 72865885
[InitialPlace]  Iter: 11 conjugate gradient residual: 0.00100958 HPWL: 72652313
[InitialPlace]  Iter: 12 conjugate gradient residual: 0.00062652 HPWL: 72856129
[InitialPlace]  Iter: 13 conjugate gradient residual: 0.00062135 HPWL: 72598547
[InitialPlace]  Iter: 14 conjugate gradient residual: 0.00051365 HPWL: 72771331
[InitialPlace]  Iter: 15 conjugate gradient residual: 0.00049566 HPWL: 72562559
[InitialPlace]  Iter: 16 conjugate gradient residual: 0.00048142 HPWL: 72716649
[InitialPlace]  Iter: 17 conjugate gradient residual: 0.00037495 HPWL: 72508116
[InitialPlace]  Iter: 18 conjugate gradient residual: 0.00039614 HPWL: 72633590
[InitialPlace]  Iter: 19 conjugate gradient residual: 0.00031940 HPWL: 72450608
[InitialPlace]  Iter: 20 conjugate gradient residual: 0.00025811 HPWL: 72581767
[INFO GPL-0033] ---- Initialize Nesterov Region: Top-level
[INFO GPL-0023] Placement target density:       0.6500
[INFO GPL-0024] Movable insts average area:      0.133 um^2
[INFO GPL-0025] Ideal bin area:                  0.205 um^2
[INFO GPL-0026] Ideal bin count:                 68353
[INFO GPL-0027] Total bin area:              13991.814 um^2
[INFO GPL-0028] Bin count (X, Y):         256 ,    256
[INFO GPL-0029] Bin size (W * H):       0.462 *  0.462 um
[INFO GPL-0030] Number of bins:                  65536
[INFO GPL-0007] ---- Execute Nesterov Global Placement.
[INFO GPL-0031] HPWL: Half-Perimeter Wirelength
Iteration | Overflow |     HPWL (um) |  HPWL(%) |   Penalty | Group
---------------------------------------------------------------
        0 |   0.9500 |  5.485898e+04 |   +0.00% |  4.93e-13 |      
       10 |   0.9453 |  4.065158e+04 |  -25.90% |  8.03e-13 |      
       20 |   0.9381 |  4.231023e+04 |   +4.08% |  1.31e-12 |      
       30 |   0.9326 |  4.394933e+04 |   +3.87% |  2.13e-12 |      
       40 |   0.9292 |  4.498612e+04 |   +2.36% |  3.47e-12 |      
       50 |   0.9275 |  4.574205e+04 |   +1.68% |  5.65e-12 |      
       60 |   0.9260 |  4.640995e+04 |   +1.46% |  9.20e-12 |      
       70 |   0.9249 |  4.712444e+04 |   +1.54% |  1.50e-11 |      
       80 |   0.9228 |  4.789211e+04 |   +1.63% |  2.44e-11 |      
       90 |   0.9210 |  4.869756e+04 |   +1.68% |  3.98e-11 |      
      100 |   0.9192 |  4.958321e+04 |   +1.82% |  6.48e-11 |      
      110 |   0.9169 |  5.068276e+04 |   +2.22% |  1.05e-10 |      
      120 |   0.9133 |  5.215575e+04 |   +2.91% |  1.72e-10 |      
      130 |   0.9083 |  5.415313e+04 |   +3.83% |  2.80e-10 |      
      140 |   0.9017 |  5.689982e+04 |   +5.07% |  4.56e-10 |      
      150 |   0.8926 |  6.063297e+04 |   +6.56% |  7.42e-10 |      
      160 |   0.8793 |  6.547864e+04 |   +7.99% |  1.21e-09 |      
      170 |   0.8613 |  7.091821e+04 |   +8.31% |  1.97e-09 |      
      180 |   0.8408 |  7.567284e+04 |   +6.70% |  3.20e-09 |      
      190 |   0.8202 |  7.922610e+04 |   +4.70% |  5.21e-09 |      
      200 |   0.7929 |  8.482258e+04 |   +7.06% |  8.48e-09 |      
      210 |   0.7638 |  9.030618e+04 |   +6.46% |  1.38e-08 |      
      220 |   0.7333 |  9.308039e+04 |   +3.07% |  2.25e-08 |      
      230 |   0.6973 |  1.005102e+05 |   +7.98% |  3.66e-08 |      
      240 |   0.6622 |  1.047490e+05 |   +4.22% |  5.96e-08 |      
      250 |   0.6210 |  1.097143e+05 |   +4.74% |  9.70e-08 |      
      260 |   0.5795 |  1.162526e+05 |   +5.96% |  1.58e-07 |      
      270 |   0.5355 |  1.198283e+05 |   +3.08% |  2.57e-07 |      
      280 |   0.4848 |  1.235688e+05 |   +3.12% |  4.19e-07 |      
      290 |   0.4370 |  1.270136e+05 |   +2.79% |  6.82e-07 |      
      300 |   0.3893 |  1.298091e+05 |   +2.20% |  1.11e-06 |      
      310 |   0.3423 |  1.325857e+05 |   +2.14% |  1.81e-06 |      
      320 |   0.3088 |  1.341604e+05 |   +1.19% |  2.66e-06 |      
      330 |   0.2751 |  1.356733e+05 |   +1.13% |  3.92e-06 |      
      340 |   0.2443 |  1.367843e+05 |   +0.82% |  5.78e-06 |      
      350 |   0.2148 |  1.377777e+05 |   +0.73% |  8.51e-06 |      
      360 |   0.1880 |  1.385660e+05 |   +0.57% |  1.25e-05 |      
      370 |   0.1640 |  1.392195e+05 |   +0.47% |  1.85e-05 |      
      380 |   0.1431 |  1.397741e+05 |   +0.40% |  2.72e-05 |      
      390 |   0.1240 |  1.402768e+05 |   +0.36% |  4.01e-05 |      
      400 |   0.1077 |  1.407347e+05 |   +0.33% |  5.90e-05 |      
      406 |   0.0990 |  1.410122e+05 |          |  7.74e-05 |      
---------------------------------------------------------------
[INFO GPL-1001] Global placement finished at iteration 406
[INFO GPL-1002] Placed Cell Area             6380.7150
[INFO GPL-1003] Available Free Area         13991.8136
[INFO GPL-1004] Minimum Feasible Density        0.4600 (cell_area / free_area)
[INFO GPL-1006]   Suggested Target Densities:
[INFO GPL-1007]     - For 90% usage of free space: 0.5067
[INFO GPL-1008]     - For 80% usage of free space: 0.5700
[INFO GPL-1009]     - For 50% usage of free space: 0.9121
[INFO GPL-1014] Final placement area: 6380.72 (+0.00%)
Took 18 seconds: global_placement -density 0.65 -pad_left 0 -pad_right 0 -force_center_initial_place -min_phi_coef 0.95 -max_phi_coef 1.05
estimate_parasitics -placement
Report metrics stage 3, global place...

==========================================================================
global place report_design_area
--------------------------------------------------------------------------
Design area 5671 um^2 41% utilization.
write_db bazel-out/k8-fastbuild/bin/gemmini_4x4/results/asap7/MeshWithDelays/base/3_3_place_gp.odb
Elapsed time: 0:31.24[h:]min:sec. CPU time: user 244.52 sys 2.15 (789%). Peak memory: 452104KB.
Log                        Elapsed/s Peak Memory/MB  sha1sum .odb [0:20)
3_3_place_gp                      31            441 1a0da4eeff575663911c
