OpenROAD 26Q1-1929-g7cf7b720fd 
Features included (+) or not (-): +GPU +GUI +Python
This program is licensed under the BSD-3 license. See the LICENSE file for details.
Components of this program may be licensed under more restrictive licenses which must be honored.
[INFO ORD-0030] Using 16 thread(s).
source external/bazel-orfs++orfs_repositories+docker_orfs/OpenROAD-flow-scripts/flow/platforms/asap7/liberty_suppressions.tcl
read_liberty external/bazel-orfs++orfs_repositories+docker_orfs/OpenROAD-flow-scripts/flow/platforms/asap7/lib/NLDM/asap7sc7p5t_AO_RVT_FF_nldm_211120.lib.gz
read_liberty external/bazel-orfs++orfs_repositories+docker_orfs/OpenROAD-flow-scripts/flow/platforms/asap7/lib/NLDM/asap7sc7p5t_INVBUF_RVT_FF_nldm_220122.lib.gz
read_liberty external/bazel-orfs++orfs_repositories+docker_orfs/OpenROAD-flow-scripts/flow/platforms/asap7/lib/NLDM/asap7sc7p5t_OA_RVT_FF_nldm_211120.lib.gz
read_liberty external/bazel-orfs++orfs_repositories+docker_orfs/OpenROAD-flow-scripts/flow/platforms/asap7/lib/NLDM/asap7sc7p5t_SIMPLE_RVT_FF_nldm_211120.lib.gz
read_liberty external/bazel-orfs++orfs_repositories+docker_orfs/OpenROAD-flow-scripts/flow/platforms/asap7/lib/NLDM/asap7sc7p5t_SEQ_RVT_FF_nldm_220123.lib
read_db -hier bazel-out/k8-fastbuild/bin/gemmini_4x4/results/asap7/MeshWithDelays/base/3_3_place_gp.odb
[WARNING ORD-0012] Hierarchical flow (-hier) is currently in development and may cause multiple issues. Do not use in production environments.
source external/bazel-orfs++orfs_repositories+docker_orfs/OpenROAD-flow-scripts/flow/platforms/asap7/setRC.tcl
estimate_parasitics -placement
Perform buffer insertion and gate resizing...
repair_design -verbose
Iteration |   Area    | Resized | Buffers | Nets repaired | Remaining
---------------------------------------------------------------------
        0 |     +0.0% |       0 |       0 |             0 |     50496
     1000 |     +0.0% |       0 |       0 |             0 |     49496
     2000 |     +0.0% |       0 |       0 |             0 |     48496
     3000 |     +0.0% |       0 |       0 |             0 |     47496
     4000 |     +0.0% |       0 |       0 |             0 |     46496
     5000 |     +0.0% |       0 |       0 |             0 |     45496
     6000 |     +0.0% |       0 |       0 |             0 |     44496
     7000 |     +0.0% |       0 |       0 |             0 |     43496
     8000 |     +0.0% |       0 |       0 |             0 |     42496
     9000 |     +0.0% |       0 |       0 |             0 |     41496
    10000 |     +0.0% |       0 |       0 |             0 |     40496
    11000 |     +0.0% |       0 |       0 |             0 |     39496
    12000 |     +0.0% |       0 |       0 |             0 |     38496
    13000 |     +0.0% |       0 |       0 |             0 |     37496
    14000 |     +0.0% |       0 |       0 |             0 |     36496
    15000 |     +0.0% |       0 |       0 |             0 |     35496
    16000 |     +0.0% |       0 |       0 |             0 |     34496
    17000 |     +0.0% |       0 |       0 |             0 |     33496
    18000 |     +0.0% |       0 |       0 |             0 |     32496
    19000 |     +0.0% |       0 |       0 |             0 |     31496
    20000 |     +0.0% |       0 |       0 |             0 |     30496
    21000 |     +0.0% |       0 |       0 |             0 |     29496
    22000 |     +0.0% |       0 |       0 |             0 |     28496
    23000 |     +0.0% |       0 |       0 |             0 |     27496
    24000 |     +0.0% |       0 |       0 |             0 |     26496
    25000 |     +0.0% |       0 |       0 |             0 |     25496
    26000 |     +0.0% |       0 |       0 |             0 |     24496
    27000 |     +0.0% |       0 |       0 |             0 |     23496
    28000 |     +0.0% |       0 |       0 |             0 |     22496
    29000 |     +0.0% |       0 |       0 |             0 |     21496
    30000 |     +0.0% |       0 |       0 |             0 |     20496
    31000 |     +0.0% |       0 |       0 |             0 |     19496
    32000 |     +0.0% |       0 |       0 |             0 |     18496
    33000 |     +0.0% |       0 |       0 |             0 |     17496
    34000 |     +0.0% |       0 |       0 |             0 |     16496
    35000 |     +0.0% |       0 |       0 |             0 |     15496
    36000 |     +0.0% |       0 |       0 |             0 |     14496
    37000 |     +0.0% |       0 |       0 |             0 |     13496
    38000 |     +0.0% |       0 |       0 |             0 |     12496
    39000 |     +0.0% |       0 |       0 |             0 |     11496
    40000 |     +0.0% |       0 |       0 |             0 |     10496
    41000 |     +0.0% |       0 |       0 |             0 |      9496
    42000 |     +0.0% |       0 |       0 |             0 |      8496
    43000 |     +0.0% |       0 |       0 |             0 |      7496
    44000 |     +0.0% |       0 |       0 |             0 |      6496
    45000 |     +0.0% |       0 |       0 |             0 |      5496
    46000 |     +0.0% |       0 |       0 |             0 |      4496
    47000 |     +0.0% |       0 |       0 |             0 |      3496
    48000 |     +0.0% |       0 |       0 |             0 |      2496
    49000 |     +0.0% |       0 |       0 |             0 |      1496
    50000 |     +0.0% |       0 |       0 |             0 |       496
    final |     +0.0% |       0 |       0 |             0 |         0
---------------------------------------------------------------------
Took 7 seconds: repair_design -verbose
Floating nets: 
Report metrics stage 3, resizer...

==========================================================================
resizer report_design_area
--------------------------------------------------------------------------
Design area 5671 um^2 41% utilization.
Instance count before 47956, after 47956
Pin count before 168347, after 168347
write_db bazel-out/k8-fastbuild/bin/gemmini_4x4/results/asap7/MeshWithDelays/base/3_4_place_resized.odb
Elapsed time: 0:23.93[h:]min:sec. CPU time: user 35.27 sys 4.21 (164%). Peak memory: 455316KB.
Log                        Elapsed/s Peak Memory/MB  sha1sum .odb [0:20)
3_4_place_resized                 23            444 1a0da4eeff575663911c
