OpenROAD 26Q1-1929-g7cf7b720fd 
Features included (+) or not (-): +GPU +GUI +Python
This program is licensed under the BSD-3 license. See the LICENSE file for details.
Components of this program may be licensed under more restrictive licenses which must be honored.
[INFO ORD-0030] Using 16 thread(s).
source external/bazel-orfs++orfs_repositories+docker_orfs/OpenROAD-flow-scripts/flow/platforms/asap7/liberty_suppressions.tcl
read_liberty external/bazel-orfs++orfs_repositories+docker_orfs/OpenROAD-flow-scripts/flow/platforms/asap7/lib/NLDM/asap7sc7p5t_AO_RVT_FF_nldm_211120.lib.gz
read_liberty external/bazel-orfs++orfs_repositories+docker_orfs/OpenROAD-flow-scripts/flow/platforms/asap7/lib/NLDM/asap7sc7p5t_INVBUF_RVT_FF_nldm_220122.lib.gz
read_liberty external/bazel-orfs++orfs_repositories+docker_orfs/OpenROAD-flow-scripts/flow/platforms/asap7/lib/NLDM/asap7sc7p5t_OA_RVT_FF_nldm_211120.lib.gz
read_liberty external/bazel-orfs++orfs_repositories+docker_orfs/OpenROAD-flow-scripts/flow/platforms/asap7/lib/NLDM/asap7sc7p5t_SIMPLE_RVT_FF_nldm_211120.lib.gz
read_liberty external/bazel-orfs++orfs_repositories+docker_orfs/OpenROAD-flow-scripts/flow/platforms/asap7/lib/NLDM/asap7sc7p5t_SEQ_RVT_FF_nldm_220123.lib
read_db -hier bazel-out/k8-fastbuild/bin/gemmini_4x4/results/asap7/MeshWithDelays/base/4_cts.odb
[WARNING ORD-0012] Hierarchical flow (-hier) is currently in development and may cause multiple issues. Do not use in production environments.
source external/bazel-orfs++orfs_repositories+docker_orfs/OpenROAD-flow-scripts/flow/platforms/asap7/setRC.tcl
pin_access
[INFO DRT-0149] Reading tech and libs.

Units:                1000
Number of layers:     21
Number of macros:     212
Number of vias:       14
Number of viarulegen: 11

[INFO DRT-0150] Reading design.

Design:                   MeshWithDelays
Die area:                 ( 0 0 ) ( 120387 120387 )
Number of track patterns: 32
Number of DEF vias:       0
Number of components:     48454
Number of terminals:      359
Number of snets:          2
Number of nets:           50779

[INFO DRT-0167] List of default vias:
  Layer V2
    default via: VIA23
  Layer V3
    default via: VIA34
  Layer V4
    default via: VIA45
  Layer V5
    default via: VIA56
  Layer V6
    default via: VIA67
  Layer V7
    default via: VIA78
  Layer V8
    default via: VIA89
  Layer V9
    default via: VIA9Pad
[INFO DRT-0162] Library cell analysis.
[INFO DRT-0163] Instance analysis.
[INFO DRT-0164] Number of unique instances = 264.
[INFO DRT-0168] Init region query.
[INFO DRT-0024]   Complete Active.
[INFO DRT-0024]   Complete V0.
[INFO DRT-0024]   Complete M1.
[INFO DRT-0024]   Complete V1.
[INFO DRT-0024]   Complete M2.
[INFO DRT-0024]   Complete V2.
[INFO DRT-0024]   Complete M3.
[INFO DRT-0024]   Complete V3.
[INFO DRT-0024]   Complete M4.
[INFO DRT-0024]   Complete V4.
[INFO DRT-0024]   Complete M5.
[INFO DRT-0024]   Complete V5.
[INFO DRT-0024]   Complete M6.
[INFO DRT-0024]   Complete V6.
[INFO DRT-0024]   Complete M7.
[INFO DRT-0024]   Complete V7.
[INFO DRT-0024]   Complete M8.
[INFO DRT-0024]   Complete V8.
[INFO DRT-0024]   Complete M9.
[INFO DRT-0024]   Complete V9.
[INFO DRT-0024]   Complete Pad.
[INFO DRT-0033] Active shape region query size = 0.
[INFO DRT-0033] V0 shape region query size = 0.
[INFO DRT-0033] M1 shape region query size = 860715.
[INFO DRT-0033] V1 shape region query size = 1495779.
[INFO DRT-0033] M2 shape region query size = 28582.
[INFO DRT-0033] V2 shape region query size = 28974.
[INFO DRT-0033] M3 shape region query size = 28974.
[INFO DRT-0033] V3 shape region query size = 19316.
[INFO DRT-0033] M4 shape region query size = 19620.
[INFO DRT-0033] V4 shape region query size = 19316.
[INFO DRT-0033] M5 shape region query size = 10723.
[INFO DRT-0033] V5 shape region query size = 1936.
[INFO DRT-0033] M6 shape region query size = 1056.
[INFO DRT-0033] V6 shape region query size = 0.
[INFO DRT-0033] M7 shape region query size = 0.
[INFO DRT-0033] V7 shape region query size = 0.
[INFO DRT-0033] M8 shape region query size = 0.
[INFO DRT-0033] V8 shape region query size = 0.
[INFO DRT-0033] M9 shape region query size = 0.
[INFO DRT-0033] V9 shape region query size = 0.
[INFO DRT-0033] Pad shape region query size = 0.
[INFO DRT-0165] Start pin access.
[INFO DRT-0076]   Complete 1000 pins.
[INFO DRT-0078]   Complete 1544 pins.
[INFO DRT-0079]   Complete 100 unique inst patterns.
[INFO DRT-0079]   Complete 200 unique inst patterns.
[INFO DRT-0081]   Complete 264 unique inst patterns.
[INFO DRT-0082]   Complete 10000 groups.
[INFO DRT-0082]   Complete 20000 groups.
[INFO DRT-0082]   Complete 30000 groups.
[INFO DRT-0084]   Complete 32269 groups.
#scanned instances     = 48454
#unique  instances     = 264
#stdCellGenAp          = 7598
#stdCellValidPlanarAp  = 48
#stdCellValidViaAp     = 6294
#stdCellPinNoAp        = 0
#stdCellPinCnt         = 169128
#instTermValidViaApCnt = 0
#macroGenAp            = 0
#macroValidPlanarAp    = 0
#macroValidViaAp       = 0
#macroNoAp             = 0
[INFO DRT-0166] Complete pin access.
[INFO DRT-0267] cpu time = 00:18:52, elapsed time = 00:01:17, memory = 483.91 (MB), peak = 505.49 (MB)
Took 78 seconds: pin_access
global_route -congestion_report_file bazel-out/k8-fastbuild/bin/gemmini_4x4/reports/asap7/MeshWithDelays/base/congestion.rpt -congestion_iterations 30 -congestion_report_iter_step 5 -verbose
[INFO GRT-0020] Min routing layer: M2
[INFO GRT-0021] Max routing layer: M7
[INFO GRT-0022] Global adjustment: 0%
[INFO GRT-0023] Grid origin: (0, 0)
[INFO GRT-0088] Layer M1      Track-Pitch = 0.0360  line-2-Via Pitch: 0.0360
[INFO GRT-0088] Layer M2      Track-Pitch = 0.0390  line-2-Via Pitch: 0.0360
[INFO GRT-0088] Layer M3      Track-Pitch = 0.0360  line-2-Via Pitch: 0.0360
[INFO GRT-0088] Layer M4      Track-Pitch = 0.0480  line-2-Via Pitch: 0.0480
[INFO GRT-0088] Layer M5      Track-Pitch = 0.0480  line-2-Via Pitch: 0.0480
[INFO GRT-0088] Layer M6      Track-Pitch = 0.0640  line-2-Via Pitch: 0.0640
[INFO GRT-0088] Layer M7      Track-Pitch = 0.0640  line-2-Via Pitch: 0.0640
[INFO GRT-0003] Macros: 0
[INFO GRT-0004] Blockages: 14394
[INFO GRT-0019] Found 284 clock nets.
[INFO GRT-0001] Minimum degree: 2
[INFO GRT-0002] Maximum degree: 28

[INFO GRT-0053] Routing resources analysis:
          Routing      Original      Derated      Resource
Layer     Direction    Resources     Resources    Reduction (%)
---------------------------------------------------------------
M1         Vertical            0             0          0.00%
M2         Horizontal     532792        383852          27.95%
M3         Vertical       674159        500648          25.74%
M4         Horizontal     516285        383235          25.77%
M5         Vertical       498392        369396          25.88%
M6         Horizontal     346962        235286          32.19%
M7         Vertical       395010        266070          32.64%
---------------------------------------------------------------

[INFO GRT-0197] Via related to pin nodes: 301063
[INFO GRT-0198] Via related Steiner nodes: 8477
[INFO GRT-0199] Via filling finished.
[INFO GRT-0111] Final number of vias: 381093
[INFO GRT-0112] Final usage 3D: 1442718

[INFO GRT-0096] Final congestion report:
Layer         Resource        Demand        Usage (%)    Max H / Max V / Total Overflow
---------------------------------------------------------------------------------------
M1                   0             0            0.00%             0 /  0 /  0
M2              383852        130219           33.92%             0 /  0 /  0
M3              500648        136164           27.20%             0 /  0 /  0
M4              383235         21778            5.68%             0 /  0 /  0
M5              369396         10553            2.86%             0 /  0 /  0
M6              235286           437            0.19%             0 /  0 /  0
M7              266070           288            0.11%             0 /  0 /  0
---------------------------------------------------------------------------------------
Total          2138487        299439           14.00%             0 /  0 /  0

[INFO GRT-0018] Total wirelength: 246436 um
[INFO GRT-0014] Routed nets: 50675
[INFO GRT-0303] Global routing runtime = 00:00:03
estimate_parasitics -global_routing
global_route -start_incremental
global_route -end_incremental -congestion_report_file bazel-out/k8-fastbuild/bin/gemmini_4x4/reports/asap7/MeshWithDelays/base/congestion_post_recover_power.rpt
Repair antennas...
[WARNING GRT-0246] No diode with LEF class CORE ANTENNACELL found.
[INFO ANT-0002] Found 0 net violations.
[INFO ANT-0001] Found 0 pin violations.
Estimate parasitics...
estimate_parasitics -global_routing
Report metrics stage 5, global route...

==========================================================================
global route report_design_area
--------------------------------------------------------------------------
Design area 5840 um^2 42% utilization.
[INFO FLW-0007] clock clock period 1000.000000
[INFO FLW-0008] Clock clock period 1290.430
[INFO FLW-0009] Clock clock slack -358.347
[INFO FLW-0011] Path endpoint path count 5350
write_db bazel-out/k8-fastbuild/bin/gemmini_4x4/results/asap7/MeshWithDelays/base/5_1_grt.odb
write_sdc -no_timestamp bazel-out/k8-fastbuild/bin/gemmini_4x4/results/asap7/MeshWithDelays/base/5_1_grt.sdc
Elapsed time: 1:50.14[h:]min:sec. CPU time: user 1227.43 sys 8.35 (1121%). Peak memory: 1171952KB.
Log                        Elapsed/s Peak Memory/MB  sha1sum .odb [0:20)
5_1_grt                          110           1144 539bc69774c4be0aa5fd
