
==========================================================================
cts final report_tns
--------------------------------------------------------------------------
tns max -3256381.00

==========================================================================
cts final report_wns
--------------------------------------------------------------------------
wns max -635.38

==========================================================================
cts final report_worst_slack
--------------------------------------------------------------------------
worst slack max -635.38

==========================================================================
cts final report_clock_min_period
--------------------------------------------------------------------------
clock period_min = 1567.59 fmax = 637.92

==========================================================================
cts final report_clock_skew
--------------------------------------------------------------------------
Clock clock
 866.13 source latency mesh/mesh_2_14/tile_0_0/c1[6]$_DFFE_PP_/CLK ^
-739.89 target latency mesh/pipe_b_227_0[21]$_DFFE_PP_/CLK ^
 -12.28 CRPR
--------------
 113.95 setup skew


==========================================================================
cts final report_checks -path_delay min
--------------------------------------------------------------------------
Startpoint: mesh/r_90_0[5]$_DFF_P_
            (rising edge-triggered flip-flop clocked by clock)
Endpoint: mesh/r_91_0[5]$_DFF_P_
          (rising edge-triggered flip-flop clocked by clock)
Path Group: reg2reg
Path Type: min

Fanout     Cap    Slew   Delay    Time   Description
-----------------------------------------------------------------------------
                          0.00    0.00   clock clock (rise edge)
                          0.00    0.00   clock source latency
     1   13.16    0.00    0.00    0.00 ^ clock (in)
                                         clock (net)
                 67.63   21.33   21.33 ^ wire2243/A (BUFx6f_ASAP7_75t_R)
     1   13.02   12.58   24.21   45.55 ^ wire2243/Y (BUFx6f_ASAP7_75t_R)
                                         net1879 (net)
                 71.48   22.08   67.63 ^ wire2242/A (BUFx12f_ASAP7_75t_R)
     1   18.60   10.76   23.78   91.41 ^ wire2242/Y (BUFx12f_ASAP7_75t_R)
                                         net1878 (net)
                138.81   43.71  135.12 ^ wire2241/A (BUFx12f_ASAP7_75t_R)
     1   18.61   12.39   28.87  163.99 ^ wire2241/Y (BUFx12f_ASAP7_75t_R)
                                         net1877 (net)
                139.19   43.81  207.80 ^ wire2240/A (BUFx12f_ASAP7_75t_R)
     1   18.58   12.41   28.90  236.70 ^ wire2240/Y (BUFx12f_ASAP7_75t_R)
                                         net1876 (net)
                138.83   43.70  280.39 ^ clkbuf_0_clock/A (BUFx24_ASAP7_75t_R)
     2   14.16   14.84   39.80  320.20 ^ clkbuf_0_clock/Y (BUFx24_ASAP7_75t_R)
                                         clknet_0_clock (net)
                 26.78    7.43  327.63 ^ clkbuf_1_0_0_clock/A (BUFx24_ASAP7_75t_R)
     1    8.80    8.55   22.60  350.23 ^ clkbuf_1_0_0_clock/Y (BUFx24_ASAP7_75t_R)
                                         clknet_1_0_0_clock (net)
                 31.85    9.75  359.99 ^ clkbuf_1_0_1_clock/A (BUFx24_ASAP7_75t_R)
     1    8.77    8.78   23.86  383.84 ^ clkbuf_1_0_1_clock/Y (BUFx24_ASAP7_75t_R)
                                         clknet_1_0_1_clock (net)
                 31.72    9.70  393.54 ^ clkbuf_1_0_2_clock/A (BUFx24_ASAP7_75t_R)
     2   12.43    9.16   23.84  417.38 ^ clkbuf_1_0_2_clock/Y (BUFx24_ASAP7_75t_R)
                                         clknet_1_0_2_clock (net)
                 32.01    9.58  426.96 ^ clkbuf_2_1_0_clock/A (BUFx24_ASAP7_75t_R)
     1    8.80    8.79   23.90  450.85 ^ clkbuf_2_1_0_clock/Y (BUFx24_ASAP7_75t_R)
                                         clknet_2_1_0_clock (net)
                 31.93    9.77  460.62 ^ clkbuf_2_1_1_clock/A (BUFx24_ASAP7_75t_R)
     1    8.80    8.78   23.88  484.50 ^ clkbuf_2_1_1_clock/Y (BUFx24_ASAP7_75t_R)
                                         clknet_2_1_1_clock (net)
                 31.93    9.77  494.26 ^ clkbuf_2_1_2_clock/A (BUFx24_ASAP7_75t_R)
     2   14.16   10.72   24.64  518.91 ^ clkbuf_2_1_2_clock/Y (BUFx24_ASAP7_75t_R)
                                         clknet_2_1_2_clock (net)
                 23.09    6.46  525.37 ^ clkbuf_3_3_0_clock/A (BUFx24_ASAP7_75t_R)
     2    9.69    8.35   21.64  547.01 ^ clkbuf_3_3_0_clock/Y (BUFx24_ASAP7_75t_R)
                                         clknet_3_3_0_clock (net)
                 33.65   10.30  557.31 ^ clkbuf_4_7_0_clock/A (BUFx24_ASAP7_75t_R)
     1    8.52    8.83   24.29  581.59 ^ clkbuf_4_7_0_clock/Y (BUFx24_ASAP7_75t_R)
                                         clknet_4_7_0_clock (net)
                 30.10    9.17  590.76 ^ clkbuf_4_7_1_clock/A (BUFx24_ASAP7_75t_R)
     4   16.95    9.18   23.46  614.23 ^ clkbuf_4_7_1_clock/Y (BUFx24_ASAP7_75t_R)
                                         clknet_4_7_1_clock (net)
                 45.43   13.89  628.11 ^ clkbuf_6_30_0_clock/A (BUFx24_ASAP7_75t_R)
     2   11.02    9.47   26.72  654.84 ^ clkbuf_6_30_0_clock/Y (BUFx24_ASAP7_75t_R)
                                         clknet_6_30_0_clock (net)
                 35.59   10.84  665.68 ^ clkbuf_7_61_0_clock/A (BUFx24_ASAP7_75t_R)
     4   14.93   12.01   25.73  691.41 ^ clkbuf_7_61_0_clock/Y (BUFx24_ASAP7_75t_R)
                                         clknet_7_61_0_clock (net)
                 16.46    3.56  694.97 ^ clkbuf_9_247__f_clock/A (BUFx24_ASAP7_75t_R)
     6   23.86   15.61   22.39  717.36 ^ clkbuf_9_247__f_clock/Y (BUFx24_ASAP7_75t_R)
                                         clknet_9_247__leaf_clock (net)
                 24.48    6.24  723.61 ^ clkbuf_leaf_1440_clock/A (BUFx24_ASAP7_75t_R)
    16   18.33   13.77   24.26  747.87 ^ clkbuf_leaf_1440_clock/Y (BUFx24_ASAP7_75t_R)
                                         clknet_leaf_1440_clock_1 (net)
                 13.85    0.57  748.43 ^ mesh/r_90_0[5]$_DFF_P_/CLK (DFFHQNx1_ASAP7_75t_R)
     1    2.82   25.88   44.61  793.04 ^ mesh/r_90_0[5]$_DFF_P_/QN (DFFHQNx1_ASAP7_75t_R)
                                         mesh/_040337_ (net)
                 25.95    0.76  793.80 ^ mesh/_143245_/A (INVx1_ASAP7_75t_R)
     1    0.79    9.87    8.31  802.10 v mesh/_143245_/Y (INVx1_ASAP7_75t_R)
                                         mesh/r_90_0[5] (net)
                  9.87    0.05  802.15 v mesh/r_91_0[5]$_DFF_P_/D (DFFHQNx1_ASAP7_75t_R)
                                802.15   data arrival time

                          0.00    0.00   clock clock (rise edge)
                          0.00    0.00   clock source latency
     1   13.44    0.00    0.00    0.00 ^ clock (in)
                                         clock (net)
                 70.28   22.17   22.17 ^ wire2243/A (BUFx6f_ASAP7_75t_R)
     1   13.55   12.69   24.53   46.70 ^ wire2243/Y (BUFx6f_ASAP7_75t_R)
                                         net1879 (net)
                 76.38   23.64   70.34 ^ wire2242/A (BUFx12f_ASAP7_75t_R)
     1   19.13   10.93   24.34   94.67 ^ wire2242/Y (BUFx12f_ASAP7_75t_R)
                                         net1878 (net)
                145.97   45.97  140.64 ^ wire2241/A (BUFx12f_ASAP7_75t_R)
     1   19.14   12.57   29.38  170.02 ^ wire2241/Y (BUFx12f_ASAP7_75t_R)
                                         net1877 (net)
                146.38   46.07  216.09 ^ wire2240/A (BUFx12f_ASAP7_75t_R)
     1   19.18   12.58   29.41  245.50 ^ wire2240/Y (BUFx12f_ASAP7_75t_R)
                                         net1876 (net)
                146.93   46.25  291.74 ^ clkbuf_0_clock/A (BUFx24_ASAP7_75t_R)
     2   15.36   15.33   40.74  332.48 ^ clkbuf_0_clock/Y (BUFx24_ASAP7_75t_R)
                                         clknet_0_clock (net)
                 29.51    8.24  340.72 ^ clkbuf_1_0_0_clock/A (BUFx24_ASAP7_75t_R)
     1    9.41    8.70   23.29  364.00 ^ clkbuf_1_0_0_clock/Y (BUFx24_ASAP7_75t_R)
                                         clknet_1_0_0_clock (net)
                 35.12   10.80  374.80 ^ clkbuf_1_0_1_clock/A (BUFx24_ASAP7_75t_R)
     1    9.37    8.95   24.67  399.47 ^ clkbuf_1_0_1_clock/Y (BUFx24_ASAP7_75t_R)
                                         clknet_1_0_1_clock (net)
                 34.98   10.74  410.21 ^ clkbuf_1_0_2_clock/A (BUFx24_ASAP7_75t_R)
     2   13.64    9.34   24.66  434.87 ^ clkbuf_1_0_2_clock/Y (BUFx24_ASAP7_75t_R)
                                         clknet_1_0_2_clock (net)
                 35.68   10.75  445.62 ^ clkbuf_2_1_0_clock/A (BUFx24_ASAP7_75t_R)
     1    9.41    8.98   24.81  470.43 ^ clkbuf_2_1_0_clock/Y (BUFx24_ASAP7_75t_R)
                                         clknet_2_1_0_clock (net)
                 35.22   10.81  481.24 ^ clkbuf_2_1_1_clock/A (BUFx24_ASAP7_75t_R)
     1    9.41    8.96   24.70  505.94 ^ clkbuf_2_1_1_clock/Y (BUFx24_ASAP7_75t_R)
                                         clknet_2_1_1_clock (net)
                 35.22   10.81  516.75 ^ clkbuf_2_1_2_clock/A (BUFx24_ASAP7_75t_R)
     2   15.36   11.02   25.50  542.25 ^ clkbuf_2_1_2_clock/Y (BUFx24_ASAP7_75t_R)
                                         clknet_2_1_2_clock (net)
                 25.63    7.23  549.48 ^ clkbuf_3_3_0_clock/A (BUFx24_ASAP7_75t_R)
     2   10.89    8.50   22.28  571.76 ^ clkbuf_3_3_0_clock/Y (BUFx24_ASAP7_75t_R)
                                         clknet_3_3_0_clock (net)
                 39.15   12.05  583.81 ^ clkbuf_4_7_0_clock/A (BUFx24_ASAP7_75t_R)
     1    9.13    9.11   25.66  609.46 ^ clkbuf_4_7_0_clock/Y (BUFx24_ASAP7_75t_R)
                                         clknet_4_7_0_clock (net)
                 33.27   10.17  619.63 ^ clkbuf_4_7_1_clock/A (BUFx24_ASAP7_75t_R)
     4   19.35    9.37   24.27  643.90 ^ clkbuf_4_7_1_clock/Y (BUFx24_ASAP7_75t_R)
                                         clknet_4_7_1_clock (net)
                 52.83   16.24  660.15 ^ clkbuf_6_31_0_clock/A (BUFx24_ASAP7_75t_R)
     2   11.62    9.75   27.98  688.12 ^ clkbuf_6_31_0_clock/Y (BUFx24_ASAP7_75t_R)
                                         clknet_6_31_0_clock (net)
                 40.86   12.53  700.65 ^ clkbuf_7_63_0_clock/A (BUFx24_ASAP7_75t_R)
     4   17.68   11.75   26.46  727.12 ^ clkbuf_7_63_0_clock/Y (BUFx24_ASAP7_75t_R)
                                         clknet_7_63_0_clock (net)
                 29.94    8.40  735.52 ^ clkbuf_9_252__f_clock/A (BUFx24_ASAP7_75t_R)
    16   58.01   18.69   27.24  762.76 ^ clkbuf_9_252__f_clock/Y (BUFx24_ASAP7_75t_R)
                                         clknet_9_252__leaf_clock (net)
                132.90   41.95  804.70 ^ clkbuf_leaf_1439_clock/A (BUFx24_ASAP7_75t_R)
     8   15.26   15.92   40.04  844.74 ^ clkbuf_leaf_1439_clock/Y (BUFx24_ASAP7_75t_R)
                                         clknet_leaf_1439_clock_1 (net)
                 16.45    1.49  846.23 ^ mesh/r_91_0[5]$_DFF_P_/CLK (DFFHQNx1_ASAP7_75t_R)
                        -29.68  816.55   clock reconvergence pessimism
                         12.33  828.89   library hold time
                                828.89   data required time
-----------------------------------------------------------------------------
                                828.89   data required time
                               -802.15   data arrival time
-----------------------------------------------------------------------------
                                -26.73   slack (VIOLATED)



==========================================================================
cts final report_checks -path_delay max
--------------------------------------------------------------------------
Startpoint: io_req_valid (input port)
Endpoint: tagq/len[4]$_SDFFE_PP0P_
          (rising edge-triggered flip-flop clocked by clock)
Path Group: in2reg
Path Type: max

Fanout     Cap    Slew   Delay    Time   Description
-----------------------------------------------------------------------------
                          0.00    0.00 ^ input external delay
     1    1.02    0.00    0.00    0.00 ^ io_req_valid (in)
                                         io_req_valid (net)
                  0.19    0.06    0.06 ^ input1072/A (BUFx2_ASAP7_75t_R)
     1    9.22   32.60   20.08   20.14 ^ input1072/Y (BUFx2_ASAP7_75t_R)
                                         net708 (net)
                 38.88    7.34   27.48 ^ _7101_/C (AND3x1_ASAP7_75t_R)
     2    2.45   20.03   26.39   53.87 ^ _7101_/Y (AND3x1_ASAP7_75t_R)
                                         _3764_ (net)
                 20.04    0.20   54.07 ^ _7102_/B (OAI21x1_ASAP7_75t_R)
     2    1.51   17.95   11.89   65.96 v _7102_/Y (OAI21x1_ASAP7_75t_R)
                                         _3765_ (net)
                 17.95    0.05   66.01 v _7103_/A (BUFx3_ASAP7_75t_R)
    10   42.48   55.95   36.22  102.23 v _7103_/Y (BUFx3_ASAP7_75t_R)
                                         _3766_ (net)
                 56.39    2.48  104.71 v _7104_/C (OR3x1_ASAP7_75t_R)
     1    3.58   24.34   35.07  139.79 v _7104_/Y (OR3x1_ASAP7_75t_R)
                                         _3767_ (net)
                 24.53    1.20  140.99 v _7105_/A (INVx1_ASAP7_75t_R)
     5   10.19   68.53   34.38  175.37 ^ _7105_/Y (INVx1_ASAP7_75t_R)
                                         _0994_ (net)
                 70.46    6.29  181.65 ^ tagq/_1180_/B (OAI21x1_ASAP7_75t_R)
     4    4.47   38.42   27.93  209.58 v tagq/_1180_/Y (OAI21x1_ASAP7_75t_R)
                                         tagq/_0934_ (net)
                 38.50    1.04  210.62 v tagq/_1181_/A (BUFx3_ASAP7_75t_R)
    10    8.88   19.73   27.93  238.55 v tagq/_1181_/Y (BUFx3_ASAP7_75t_R)
                                         tagq/_0935_ (net)
                 19.78    0.59  239.13 v tagq/_1182_/A (INVx1_ASAP7_75t_R)
     4    3.93   27.58   18.69  257.83 ^ tagq/_1182_/Y (INVx1_ASAP7_75t_R)
                                         tagq/_GEN_0 (net)
                 27.59    0.32  258.14 ^ tagq/_2230_/A (HAxp5_ASAP7_75t_R)
     5    7.14   74.14   38.89  297.03 v tagq/_2230_/CON (HAxp5_ASAP7_75t_R)
                                         tagq/_0215_ (net)
                 74.15    0.48  297.52 v tagq/_2220_/A (HAxp5_ASAP7_75t_R)
     3    2.67   50.78   61.83  359.35 v tagq/_2220_/SN (HAxp5_ASAP7_75t_R)
                                         tagq/_0221_ (net)
                 50.78    0.06  359.41 v tagq/_2136_/A1 (OA21x2_ASAP7_75t_R)
     1    0.75    7.28   23.91  383.32 v tagq/_2136_/Y (OA21x2_ASAP7_75t_R)
                                         tagq/_0889_ (net)
                  7.28    0.03  383.36 v tagq/_2137_/A2 (OA21x2_ASAP7_75t_R)
     1    1.02    7.63   16.80  400.16 v tagq/_2137_/Y (OA21x2_ASAP7_75t_R)
                                         tagq/_0890_ (net)
                  7.63    0.04  400.20 v tagq/_2138_/B (XNOR2x2_ASAP7_75t_R)
     2    1.97   11.52   21.84  422.04 ^ tagq/_2138_/Y (XNOR2x2_ASAP7_75t_R)
                                         tagq/_0891_ (net)
                 11.52    0.09  422.13 ^ tagq/_2140_/C (AND3x1_ASAP7_75t_R)
     1    0.69    9.21   17.89  440.02 ^ tagq/_2140_/Y (AND3x1_ASAP7_75t_R)
                                         tagq/_0893_ (net)
                  9.21    0.02  440.04 ^ tagq/_2141_/A2 (OA21x2_ASAP7_75t_R)
     1    0.67    6.80   15.02  455.06 ^ tagq/_2141_/Y (OA21x2_ASAP7_75t_R)
                                         tagq/_0420_ (net)
                  6.80    0.02  455.08 ^ tagq/len[4]$_SDFFE_PP0P_/D (DFFHQNx1_ASAP7_75t_R)
                                455.08   data arrival time

                         80.00   80.00   max_delay
                         -5.54   74.46   library setup time
                                 74.46   data required time
-----------------------------------------------------------------------------
                                 74.46   data required time
                               -455.08   data arrival time
-----------------------------------------------------------------------------
                               -380.61   slack (VIOLATED)


Startpoint: mesh/io_out_control_0_0_dataflow$_DFF_P_
            (rising edge-triggered flip-flop clocked by clock)
Endpoint: io_resp_bits_data_15_0[16] (output port)
Path Group: reg2out
Path Type: max

Fanout     Cap    Slew   Delay    Time   Description
-----------------------------------------------------------------------------
                 13.04    0.00    0.00 ^ mesh/io_out_control_0_0_dataflow$_DFF_P_/CLK (DFFHQNx1_ASAP7_75t_R)
     1    0.75   12.52   36.25   36.25 ^ mesh/io_out_control_0_0_dataflow$_DFF_P_/QN (DFFHQNx1_ASAP7_75t_R)
                                         mesh/_042141_ (net)
                 12.52    0.03   36.28 ^ mesh/_222509_/A (INVx1_ASAP7_75t_R)
     1    0.64    6.56    6.03   42.31 v mesh/_222509_/Y (INVx1_ASAP7_75t_R)
                                         _mesh_io_out_control_0_0_dataflow (net)
                  6.56    0.02   42.33 v _4383_/A (BUFx2_ASAP7_75t_R)
     3   12.36   37.71   23.68   66.01 v _4383_/Y (BUFx2_ASAP7_75t_R)
                                         _2085_ (net)
                 47.96   10.19   76.20 v wire2119/A (BUFx16f_ASAP7_75t_R)
     2   25.70    9.43   25.98  102.19 v wire2119/Y (BUFx16f_ASAP7_75t_R)
                                         net1755 (net)
                114.32   36.01  138.20 v wire2118/A (BUFx16f_ASAP7_75t_R)
     2   24.06   12.89   36.88  175.08 v wire2118/Y (BUFx16f_ASAP7_75t_R)
                                         net1754 (net)
                121.77   38.29  213.37 v wire2117/A (BUFx16f_ASAP7_75t_R)
     3   25.08   12.32   37.15  250.52 v wire2117/Y (BUFx16f_ASAP7_75t_R)
                                         net1753 (net)
                124.94   39.47  289.99 v wire2116/A (BUFx16f_ASAP7_75t_R)
     3   25.30   12.23   37.38  327.36 v wire2116/Y (BUFx16f_ASAP7_75t_R)
                                         net1752 (net)
                 88.47   27.27  354.63 v _4384_/A (INVx3_ASAP7_75t_R)
     3   17.05   59.57   38.27  392.90 ^ _4384_/Y (INVx3_ASAP7_75t_R)
                                         _2086_ (net)
                 59.58    0.36  393.26 ^ _4385_/A (BUFx2_ASAP7_75t_R)
     2   10.50   38.42   32.70  425.96 ^ _4385_/Y (BUFx2_ASAP7_75t_R)
                                         _2087_ (net)
                 45.75    8.62  434.58 ^ wire2089/A (BUFx16f_ASAP7_75t_R)
     5   25.71   10.08   23.43  458.01 ^ wire2089/Y (BUFx16f_ASAP7_75t_R)
                                         net1725 (net)
                123.39   39.02  497.03 ^ wire2088/A (BUFx16f_ASAP7_75t_R)
     5   24.15   13.32   32.24  529.27 ^ wire2088/Y (BUFx16f_ASAP7_75t_R)
                                         net1724 (net)
                121.36   38.11  567.38 ^ _4411_/A (BUFx2_ASAP7_75t_R)
    10    7.43   27.37   37.74  605.12 ^ _4411_/Y (BUFx2_ASAP7_75t_R)
                                         _2102_ (net)
                 27.42    0.62  605.74 ^ _4420_/A1 (AO21x1_ASAP7_75t_R)
     1   18.23  119.97   52.91  658.65 ^ _4420_/Y (AO21x1_ASAP7_75t_R)
                                         net913 (net)
                145.46   28.32  686.97 ^ output1277/A (BUFx2_ASAP7_75t_R)
     1    0.27    8.51   28.39  715.37 ^ output1277/Y (BUFx2_ASAP7_75t_R)
                                         io_resp_bits_data_15_0[16] (net)
                  8.51    0.01  715.38 ^ io_resp_bits_data_15_0[16] (out)
                                715.38   data arrival time

                         80.00   80.00   max_delay
                          0.00   80.00   output external delay
                                 80.00   data required time
-----------------------------------------------------------------------------
                                 80.00   data required time
                               -715.38   data arrival time
-----------------------------------------------------------------------------
                               -635.38   slack (VIOLATED)


Startpoint: mesh/mesh_2_13_io_in_control_0_propagate_pipe_pipe_b$_DFFE_PP_
            (rising edge-triggered flip-flop clocked by clock)
Endpoint: mesh/pipe_b_211_0[30]$_DFFE_PP_
          (rising edge-triggered flip-flop clocked by clock)
Path Group: reg2reg
Path Type: max

Fanout     Cap    Slew   Delay    Time   Description
-----------------------------------------------------------------------------
                          0.00    0.00   clock clock (rise edge)
                          0.00    0.00   clock source latency
     1   13.44    0.00    0.00    0.00 ^ clock (in)
                                         clock (net)
                 70.28   22.17   22.17 ^ wire2243/A (BUFx6f_ASAP7_75t_R)
     1   13.55   12.69   24.53   46.70 ^ wire2243/Y (BUFx6f_ASAP7_75t_R)
                                         net1879 (net)
                 76.38   23.64   70.34 ^ wire2242/A (BUFx12f_ASAP7_75t_R)
     1   19.13   10.93   24.34   94.67 ^ wire2242/Y (BUFx12f_ASAP7_75t_R)
                                         net1878 (net)
                145.97   45.97  140.64 ^ wire2241/A (BUFx12f_ASAP7_75t_R)
     1   19.14   12.57   29.38  170.02 ^ wire2241/Y (BUFx12f_ASAP7_75t_R)
                                         net1877 (net)
                146.38   46.07  216.09 ^ wire2240/A (BUFx12f_ASAP7_75t_R)
     1   19.18   12.58   29.41  245.50 ^ wire2240/Y (BUFx12f_ASAP7_75t_R)
                                         net1876 (net)
                146.93   46.25  291.74 ^ clkbuf_0_clock/A (BUFx24_ASAP7_75t_R)
     2   15.36   15.33   40.74  332.48 ^ clkbuf_0_clock/Y (BUFx24_ASAP7_75t_R)
                                         clknet_0_clock (net)
                 29.51    8.24  340.72 ^ clkbuf_1_0_0_clock/A (BUFx24_ASAP7_75t_R)
     1    9.41    8.70   23.29  364.00 ^ clkbuf_1_0_0_clock/Y (BUFx24_ASAP7_75t_R)
                                         clknet_1_0_0_clock (net)
                 35.12   10.80  374.80 ^ clkbuf_1_0_1_clock/A (BUFx24_ASAP7_75t_R)
     1    9.37    8.95   24.67  399.47 ^ clkbuf_1_0_1_clock/Y (BUFx24_ASAP7_75t_R)
                                         clknet_1_0_1_clock (net)
                 34.98   10.74  410.21 ^ clkbuf_1_0_2_clock/A (BUFx24_ASAP7_75t_R)
     2   13.64    9.34   24.66  434.87 ^ clkbuf_1_0_2_clock/Y (BUFx24_ASAP7_75t_R)
                                         clknet_1_0_2_clock (net)
                 35.68   10.75  445.62 ^ clkbuf_2_1_0_clock/A (BUFx24_ASAP7_75t_R)
     1    9.41    8.98   24.81  470.43 ^ clkbuf_2_1_0_clock/Y (BUFx24_ASAP7_75t_R)
                                         clknet_2_1_0_clock (net)
                 35.22   10.81  481.24 ^ clkbuf_2_1_1_clock/A (BUFx24_ASAP7_75t_R)
     1    9.41    8.96   24.70  505.94 ^ clkbuf_2_1_1_clock/Y (BUFx24_ASAP7_75t_R)
                                         clknet_2_1_1_clock (net)
                 35.22   10.81  516.75 ^ clkbuf_2_1_2_clock/A (BUFx24_ASAP7_75t_R)
     2   15.36   11.02   25.50  542.25 ^ clkbuf_2_1_2_clock/Y (BUFx24_ASAP7_75t_R)
                                         clknet_2_1_2_clock (net)
                 25.63    7.23  549.48 ^ clkbuf_3_3_0_clock/A (BUFx24_ASAP7_75t_R)
     2   10.89    8.50   22.28  571.76 ^ clkbuf_3_3_0_clock/Y (BUFx24_ASAP7_75t_R)
                                         clknet_3_3_0_clock (net)
                 39.15   12.05  583.81 ^ clkbuf_4_7_0_clock/A (BUFx24_ASAP7_75t_R)
     1    9.13    9.11   25.66  609.46 ^ clkbuf_4_7_0_clock/Y (BUFx24_ASAP7_75t_R)
                                         clknet_4_7_0_clock (net)
                 33.27   10.17  619.63 ^ clkbuf_4_7_1_clock/A (BUFx24_ASAP7_75t_R)
     4   19.35    9.37   24.27  643.90 ^ clkbuf_4_7_1_clock/Y (BUFx24_ASAP7_75t_R)
                                         clknet_4_7_1_clock (net)
                 52.83   16.24  660.15 ^ clkbuf_6_31_0_clock/A (BUFx24_ASAP7_75t_R)
     2   11.62    9.75   27.98  688.12 ^ clkbuf_6_31_0_clock/Y (BUFx24_ASAP7_75t_R)
                                         clknet_6_31_0_clock (net)
                 40.86   12.53  700.65 ^ clkbuf_7_63_0_clock/A (BUFx24_ASAP7_75t_R)
     4   17.68   11.75   26.46  727.12 ^ clkbuf_7_63_0_clock/Y (BUFx24_ASAP7_75t_R)
                                         clknet_7_63_0_clock (net)
                 29.94    8.40  735.52 ^ clkbuf_9_252__f_clock/A (BUFx24_ASAP7_75t_R)
    16   58.01   18.69   27.24  762.76 ^ clkbuf_9_252__f_clock/Y (BUFx24_ASAP7_75t_R)
                                         clknet_9_252__leaf_clock (net)
                 84.95   25.17  787.93 ^ clkbuf_leaf_1416_clock/A (BUFx24_ASAP7_75t_R)
    23   15.47   14.55   34.95  822.88 ^ clkbuf_leaf_1416_clock/Y (BUFx24_ASAP7_75t_R)
                                         clknet_leaf_1416_clock_1 (net)
                 14.81    0.96  823.83 ^ mesh/mesh_2_13_io_in_control_0_propagate_pipe_pipe_b$_DFFE_PP_/CLK (DFFHQNx1_ASAP7_75t_R)
     2    1.45   17.34   38.67  862.50 v mesh/mesh_2_13_io_in_control_0_propagate_pipe_pipe_b$_DFFE_PP_/QN (DFFHQNx1_ASAP7_75t_R)
                                         mesh/_000270_ (net)
                 17.35    0.05  862.54 v mesh/_120451_/A (INVx1_ASAP7_75t_R)
     2   17.57  118.11   42.44  904.98 ^ mesh/_120451_/Y (INVx1_ASAP7_75t_R)
                                         MeshWithDelays/Mesh$MeshWithDelays.mesh/mesh_2_13_io_in_control_0_propagate_pipe_pipe_b (net)
                132.54   21.42  926.41 ^ mesh/mesh_2_13/tile_0_0/_1725_/A (BUFx6f_ASAP7_75t_R)
     7    9.16   15.56   30.68  957.08 ^ mesh/mesh_2_13/tile_0_0/_1725_/Y (BUFx6f_ASAP7_75t_R)
                                         mesh/mesh_2_13/tile_0_0/_1055_ (net)
                 15.57    0.24  957.32 ^ mesh/mesh_2_13/tile_0_0/_1799_/A (BUFx3_ASAP7_75t_R)
    10    8.45   20.81   21.35  978.67 ^ mesh/mesh_2_13/tile_0_0/_1799_/Y (BUFx3_ASAP7_75t_R)
                                         mesh/mesh_2_13/tile_0_0/_1125_ (net)
                 20.83    0.37  979.04 ^ mesh/mesh_2_13/tile_0_0/_1848_/A (BUFx3_ASAP7_75t_R)
    10    8.78   21.34   23.08 1002.12 ^ mesh/mesh_2_13/tile_0_0/_1848_/Y (BUFx3_ASAP7_75t_R)
                                         mesh/mesh_2_13/tile_0_0/_1174_ (net)
                 21.35    0.26 1002.38 ^ mesh/mesh_2_13/tile_0_0/_1904_/A (BUFx2_ASAP7_75t_R)
    10   11.69   39.29   31.27 1033.65 ^ mesh/mesh_2_13/tile_0_0/_1904_/Y (BUFx2_ASAP7_75t_R)
                                         mesh/mesh_2_13/tile_0_0/_1230_ (net)
                 39.41    1.28 1034.93 ^ mesh/mesh_2_13/tile_0_0/_3118_/A (BUFx2_ASAP7_75t_R)
    10    7.91   27.78   29.82 1064.75 ^ mesh/mesh_2_13/tile_0_0/_3118_/Y (BUFx2_ASAP7_75t_R)
                                         mesh/mesh_2_13/tile_0_0/_0847_ (net)
                 27.78    0.13 1064.88 ^ mesh/mesh_2_13/tile_0_0/_3181_/A (BUFx2_ASAP7_75t_R)
    10   12.21   41.32   32.95 1097.83 ^ mesh/mesh_2_13/tile_0_0/_3181_/Y (BUFx2_ASAP7_75t_R)
                                         mesh/mesh_2_13/tile_0_0/_0883_ (net)
                 41.39    1.01 1098.84 ^ mesh/mesh_2_13/tile_0_0/_3189_/B (NAND2x1_ASAP7_75t_R)
     2    1.15   14.65   11.00 1109.84 v mesh/mesh_2_13/tile_0_0/_3189_/Y (NAND2x1_ASAP7_75t_R)
                                         mesh/mesh_2_13/tile_0_0/_0888_ (net)
                 14.65    0.07 1109.90 v mesh/mesh_2_13/tile_0_0/_3197_/C (OA211x2_ASAP7_75t_R)
     8    6.49   24.81   38.18 1148.09 v mesh/mesh_2_13/tile_0_0/_3197_/Y (OA211x2_ASAP7_75t_R)
                                         MeshWithDelays/Mesh$MeshWithDelays.mesh/Tile$MeshWithDelays.mesh.mesh_0_0_mesh_2_13/PE_256$MeshWithDelays.mesh.mesh_0_0.tile_0_0_tile_0_0_132/_0000_ (net)
                 25.07    1.40 1149.48 v mesh/mesh_2_13/tile_0_0/mac_unit/_711_/A (AND2x2_ASAP7_75t_R)
     2    3.47   12.68   24.17 1173.65 v mesh/mesh_2_13/tile_0_0/mac_unit/_711_/Y (AND2x2_ASAP7_75t_R)
                                         mesh/mesh_2_13/tile_0_0/mac_unit/_101_ (net)
                 12.69    0.11 1173.76 v mesh/mesh_2_13/tile_0_0/mac_unit/_939_/B (HAxp5_ASAP7_75t_R)
     3    5.47   95.34   71.73 1245.49 v mesh/mesh_2_13/tile_0_0/mac_unit/_939_/SN (HAxp5_ASAP7_75t_R)
                                         mesh/mesh_2_13/tile_0_0/mac_unit/_009_ (net)
                 95.34    0.27 1245.76 v mesh/mesh_2_13/tile_0_0/mac_unit/_587_/A (INVx1_ASAP7_75t_R)
     3    6.98   62.91   48.05 1293.81 ^ mesh/mesh_2_13/tile_0_0/mac_unit/_587_/Y (INVx1_ASAP7_75t_R)
                                         mesh/mesh_2_13/tile_0_0/mac_unit/_006_ (net)
                 62.92    0.44 1294.25 ^ mesh/mesh_2_13/tile_0_0/mac_unit/_883_/B (FAx1_ASAP7_75t_R)
     4    7.66  152.34  127.93 1422.19 v mesh/mesh_2_13/tile_0_0/mac_unit/_883_/SN (FAx1_ASAP7_75t_R)
                                         mesh/mesh_2_13/tile_0_0/mac_unit/_018_ (net)
                152.35    0.42 1422.60 v mesh/mesh_2_13/tile_0_0/mac_unit/_894_/A (FAx1_ASAP7_75t_R)
     1    0.78   40.04   49.71 1472.32 v mesh/mesh_2_13/tile_0_0/mac_unit/_894_/SN (FAx1_ASAP7_75t_R)
                                         mesh/mesh_2_13/tile_0_0/mac_unit/_051_ (net)
                 40.04    0.03 1472.35 v mesh/mesh_2_13/tile_0_0/mac_unit/_776_/A (INVx1_ASAP7_75t_R)
     1    2.15   22.92   18.33 1490.68 ^ mesh/mesh_2_13/tile_0_0/mac_unit/_776_/Y (INVx1_ASAP7_75t_R)
                                         mesh/mesh_2_13/tile_0_0/mac_unit/_041_ (net)
                 22.92    0.10 1490.78 ^ mesh/mesh_2_13/tile_0_0/mac_unit/_899_/A (FAx1_ASAP7_75t_R)
     1    1.36   31.46   39.15 1529.93 v mesh/mesh_2_13/tile_0_0/mac_unit/_899_/SN (FAx1_ASAP7_75t_R)
                                         mesh/mesh_2_13/tile_0_0/mac_unit/_522_ (net)
                 31.47    0.10 1530.03 v mesh/mesh_2_13/tile_0_0/mac_unit/_942_/A (HAxp5_ASAP7_75t_R)
     6    4.79   84.58   70.93 1600.96 v mesh/mesh_2_13/tile_0_0/mac_unit/_942_/SN (HAxp5_ASAP7_75t_R)
                                         mesh/mesh_2_13/tile_0_0/mac_unit/_145_ (net)
                 84.59    0.43 1601.39 v mesh/mesh_2_13/tile_0_0/mac_unit/_642_/B (OR3x1_ASAP7_75t_R)
     1    0.71    9.90   31.92 1633.30 v mesh/mesh_2_13/tile_0_0/mac_unit/_642_/Y (OR3x1_ASAP7_75t_R)
                                         mesh/mesh_2_13/tile_0_0/mac_unit/_322_ (net)
                  9.90    0.03 1633.33 v mesh/mesh_2_13/tile_0_0/mac_unit/_643_/B (OA21x2_ASAP7_75t_R)
     1    0.73    8.81   13.08 1646.41 v mesh/mesh_2_13/tile_0_0/mac_unit/_643_/Y (OA21x2_ASAP7_75t_R)
                                         mesh/mesh_2_13/tile_0_0/mac_unit/_323_ (net)
                  8.81    0.04 1646.45 v mesh/mesh_2_13/tile_0_0/mac_unit/_644_/B1 (OA31x2_ASAP7_75t_R)
     2    2.51   12.68   22.28 1668.72 v mesh/mesh_2_13/tile_0_0/mac_unit/_644_/Y (OA31x2_ASAP7_75t_R)
                                         mesh/mesh_2_13/tile_0_0/mac_unit/_324_ (net)
                 12.71    0.31 1669.04 v mesh/mesh_2_13/tile_0_0/mac_unit/_647_/B1 (AO221x1_ASAP7_75t_R)
     1    1.15   11.11   22.45 1691.49 v mesh/mesh_2_13/tile_0_0/mac_unit/_647_/Y (AO221x1_ASAP7_75t_R)
                                         mesh/mesh_2_13/tile_0_0/mac_unit/_327_ (net)
                 11.11    0.04 1691.53 v mesh/mesh_2_13/tile_0_0/mac_unit/_655_/A (XNOR2x2_ASAP7_75t_R)
    18   23.43   83.28   40.89 1732.42 ^ mesh/mesh_2_13/tile_0_0/mac_unit/_655_/Y (XNOR2x2_ASAP7_75t_R)
                                         mesh/mesh_2_13/tile_0_0/mac_unit/_202_ (net)
                 93.34   15.05 1747.47 ^ mesh/mesh_2_13/tile_0_0/mac_unit/_995_/B (HAxp5_ASAP7_75t_R)
     6    5.10   94.47   93.48 1840.94 v mesh/mesh_2_13/tile_0_0/mac_unit/_995_/SN (HAxp5_ASAP7_75t_R)
                                         mesh/mesh_2_13/tile_0_0/mac_unit/_281_ (net)
                 94.47    0.36 1841.31 v mesh/mesh_2_13/tile_0_0/mac_unit/_787_/A (OR4x1_ASAP7_75t_R)
     2    1.98   18.05   44.45 1885.76 v mesh/mesh_2_13/tile_0_0/mac_unit/_787_/Y (OR4x1_ASAP7_75t_R)
                                         mesh/mesh_2_13/tile_0_0/mac_unit/_396_ (net)
                 18.05    0.08 1885.85 v mesh/mesh_2_13/tile_0_0/mac_unit/_788_/B (OR2x2_ASAP7_75t_R)
     1    1.05    7.09   19.48 1905.32 v mesh/mesh_2_13/tile_0_0/mac_unit/_788_/Y (OR2x2_ASAP7_75t_R)
                                         mesh/mesh_2_13/tile_0_0/mac_unit/_397_ (net)
                  7.10    0.09 1905.41 v mesh/mesh_2_13/tile_0_0/mac_unit/_789_/B (AO21x1_ASAP7_75t_R)
     2    2.75   17.48   20.84 1926.24 v mesh/mesh_2_13/tile_0_0/mac_unit/_789_/Y (AO21x1_ASAP7_75t_R)
                                         mesh/mesh_2_13/tile_0_0/mac_unit/_398_ (net)
                 17.54    0.58 1926.82 v mesh/mesh_2_13/tile_0_0/mac_unit/_835_/A2 (OA21x2_ASAP7_75t_R)
     2    1.93    9.49   21.36 1948.18 v mesh/mesh_2_13/tile_0_0/mac_unit/_835_/Y (OA21x2_ASAP7_75t_R)
                                         mesh/mesh_2_13/tile_0_0/mac_unit/_434_ (net)
                  9.49    0.08 1948.26 v mesh/mesh_2_13/tile_0_0/mac_unit/_840_/B (XOR2x2_ASAP7_75t_R)
     3    2.17   12.11   26.52 1974.78 ^ mesh/mesh_2_13/tile_0_0/mac_unit/_840_/Y (XOR2x2_ASAP7_75t_R)
                                         MeshWithDelays/Mesh$MeshWithDelays.mesh/Tile$MeshWithDelays.mesh.mesh_0_0_mesh_2_13/PE_256$MeshWithDelays.mesh.mesh_0_0.tile_0_0_tile_0_0_132/_mac_unit_io_out_d[18] (net)
                 12.12    0.06 1974.84 ^ mesh/mesh_2_13/tile_0_0/_3098_/B (AND2x2_ASAP7_75t_R)
     1    1.33    8.39   16.35 1991.19 ^ mesh/mesh_2_13/tile_0_0/_3098_/Y (AND2x2_ASAP7_75t_R)
                                         MeshWithDelays/Mesh$MeshWithDelays.mesh/Tile$MeshWithDelays.mesh.mesh_0_0_mesh_2_13/_tile_0_0_io_out_b[18] (net)
                  8.40    0.11 1991.30 ^ mesh/mesh_2_13/_425_/B (HAxp5_ASAP7_75t_R)
     4    3.31   59.63   47.77 2039.08 v mesh/mesh_2_13/_425_/SN (HAxp5_ASAP7_75t_R)
                                         mesh/mesh_2_13/_044_ (net)
                 59.63    0.12 2039.20 v mesh/mesh_2_13/_245_/B (OR4x2_ASAP7_75t_R)
     6    5.47   24.60   48.84 2088.04 v mesh/mesh_2_13/_245_/Y (OR4x2_ASAP7_75t_R)
                                         mesh/mesh_2_13/_083_ (net)
                 24.61    0.24 2088.28 v mesh/mesh_2_13/_294_/C (OR3x1_ASAP7_75t_R)
     2    1.26   12.54   24.82 2113.10 v mesh/mesh_2_13/_294_/Y (OR3x1_ASAP7_75t_R)
                                         mesh/mesh_2_13/_131_ (net)
                 12.54    0.04 2113.15 v mesh/mesh_2_13/_305_/B (OR3x1_ASAP7_75t_R)
     1    0.47    7.33   19.95 2133.10 v mesh/mesh_2_13/_305_/Y (OR3x1_ASAP7_75t_R)
                                         mesh/mesh_2_13/_142_ (net)
                  7.33    0.02 2133.11 v mesh/mesh_2_13/_313_/B (OA211x2_ASAP7_75t_R)
     3    3.58   16.95   30.14 2163.25 v mesh/mesh_2_13/_313_/Y (OA211x2_ASAP7_75t_R)
                                         mesh/mesh_2_13/_150_ (net)
                 16.98    0.36 2163.61 v mesh/mesh_2_13/_316_/A1 (OA21x2_ASAP7_75t_R)
     2    1.86    9.30   20.27 2183.88 v mesh/mesh_2_13/_316_/Y (OA21x2_ASAP7_75t_R)
                                         mesh/mesh_2_13/_153_ (net)
                  9.31    0.09 2183.97 v mesh/mesh_2_13/_317_/E (OR5x1_ASAP7_75t_R)
     2    1.86   19.22   36.84 2220.82 v mesh/mesh_2_13/_317_/Y (OR5x1_ASAP7_75t_R)
                                         mesh/mesh_2_13/_154_ (net)
                 19.22    0.09 2220.91 v mesh/mesh_2_13/_324_/A2 (OA211x2_ASAP7_75t_R)
     1    1.92   12.44   27.25 2248.16 v mesh/mesh_2_13/_324_/Y (OA211x2_ASAP7_75t_R)
                                         mesh/mesh_2_13/_161_ (net)
                 12.45    0.14 2248.30 v mesh/mesh_2_13/_325_/B (XOR2x1_ASAP7_75t_R)
     1   10.00   58.32   28.29 2276.60 v mesh/mesh_2_13/_325_/Y (XOR2x1_ASAP7_75t_R)
                                         MeshWithDelays/Mesh$MeshWithDelays.mesh/_mesh_2_13_io_out_b_0[30] (net)
                 63.38    9.02 2285.62 v mesh/_172530_/A1 (AO21x2_ASAP7_75t_R)
     1    0.67    7.93   30.10 2315.71 v mesh/_172530_/Y (AO21x2_ASAP7_75t_R)
                                         mesh/_055509_ (net)
                  7.93    0.02 2315.74 v mesh/pipe_b_211_0[30]$_DFFE_PP_/D (DFFHQNx1_ASAP7_75t_R)
                               2315.74   data arrival time

                       1000.00 1000.00   clock clock (rise edge)
                          0.00 1000.00   clock source latency
     1   13.16    0.00    0.00 1000.00 ^ clock (in)
                                         clock (net)
                 67.63   21.33 1021.33 ^ wire2243/A (BUFx6f_ASAP7_75t_R)
     1   13.02   12.58   24.21 1045.55 ^ wire2243/Y (BUFx6f_ASAP7_75t_R)
                                         net1879 (net)
                 71.48   22.08 1067.63 ^ wire2242/A (BUFx12f_ASAP7_75t_R)
     1   18.60   10.76   23.78 1091.41 ^ wire2242/Y (BUFx12f_ASAP7_75t_R)
                                         net1878 (net)
                138.81   43.71 1135.12 ^ wire2241/A (BUFx12f_ASAP7_75t_R)
     1   18.61   12.39   28.87 1163.99 ^ wire2241/Y (BUFx12f_ASAP7_75t_R)
                                         net1877 (net)
                139.19   43.81 1207.80 ^ wire2240/A (BUFx12f_ASAP7_75t_R)
     1   18.58   12.41   28.90 1236.70 ^ wire2240/Y (BUFx12f_ASAP7_75t_R)
                                         net1876 (net)
                138.83   43.70 1280.39 ^ clkbuf_0_clock/A (BUFx24_ASAP7_75t_R)
     2   14.16   14.84   39.80 1320.20 ^ clkbuf_0_clock/Y (BUFx24_ASAP7_75t_R)
                                         clknet_0_clock (net)
                 25.32    6.88 1327.08 ^ clkbuf_1_1_0_clock/A (BUFx24_ASAP7_75t_R)
     1    8.48    8.44   22.22 1349.30 ^ clkbuf_1_1_0_clock/Y (BUFx24_ASAP7_75t_R)
                                         clknet_1_1_0_clock (net)
                 29.67    9.05 1358.35 ^ clkbuf_1_1_1_clock/A (BUFx24_ASAP7_75t_R)
     1    8.48    8.64   23.30 1381.64 ^ clkbuf_1_1_1_clock/Y (BUFx24_ASAP7_75t_R)
                                         clknet_1_1_1_clock (net)
                 29.73    9.06 1390.70 ^ clkbuf_1_1_2_clock/A (BUFx24_ASAP7_75t_R)
     2   14.05   10.61   24.09 1414.79 ^ clkbuf_1_1_2_clock/Y (BUFx24_ASAP7_75t_R)
                                         clknet_1_1_2_clock (net)
                 23.11    6.49 1421.28 ^ clkbuf_2_3_0_clock/A (BUFx24_ASAP7_75t_R)
     1    8.80    8.38   21.69 1442.97 ^ clkbuf_2_3_0_clock/Y (BUFx24_ASAP7_75t_R)
                                         clknet_2_3_0_clock (net)
                 31.80    9.74 1452.72 ^ clkbuf_2_3_1_clock/A (BUFx24_ASAP7_75t_R)
     1    8.80    8.78   23.84 1476.56 ^ clkbuf_2_3_1_clock/Y (BUFx24_ASAP7_75t_R)
                                         clknet_2_3_1_clock (net)
                 31.93    9.77 1486.33 ^ clkbuf_2_3_2_clock/A (BUFx24_ASAP7_75t_R)
     2   14.16   10.72   24.64 1510.97 ^ clkbuf_2_3_2_clock/Y (BUFx24_ASAP7_75t_R)
                                         clknet_2_3_2_clock (net)
                 24.64    7.02 1517.99 ^ clkbuf_3_6_0_clock/A (BUFx24_ASAP7_75t_R)
     2   11.26    8.42   21.99 1539.98 ^ clkbuf_3_6_0_clock/Y (BUFx24_ASAP7_75t_R)
                                         clknet_3_6_0_clock (net)
                 38.66   11.88 1551.86 ^ clkbuf_4_13_0_clock/A (BUFx24_ASAP7_75t_R)
     1    8.80    9.09   25.54 1577.41 ^ clkbuf_4_13_0_clock/Y (BUFx24_ASAP7_75t_R)
                                         clknet_4_13_0_clock (net)
                 32.03    9.78 1587.19 ^ clkbuf_4_13_1_clock/A (BUFx24_ASAP7_75t_R)
     4   18.45   10.89   24.63 1611.82 ^ clkbuf_4_13_1_clock/Y (BUFx24_ASAP7_75t_R)
                                         clknet_4_13_1_clock (net)
                 35.31   10.38 1622.20 ^ clkbuf_6_52_0_clock/A (BUFx24_ASAP7_75t_R)
     2   11.31    8.99   24.64 1646.84 ^ clkbuf_6_52_0_clock/Y (BUFx24_ASAP7_75t_R)
                                         clknet_6_52_0_clock (net)
                 31.68    9.47 1656.31 ^ clkbuf_7_105_0_clock/A (BUFx24_ASAP7_75t_R)
     4   15.93   12.33   24.80 1681.11 ^ clkbuf_7_105_0_clock/Y (BUFx24_ASAP7_75t_R)
                                         clknet_7_105_0_clock (net)
                 22.56    6.05 1687.17 ^ clkbuf_9_420__f_clock/A (BUFx24_ASAP7_75t_R)
     9   22.55   15.94   24.04 1711.21 ^ clkbuf_9_420__f_clock/Y (BUFx24_ASAP7_75t_R)
                                         clknet_9_420__leaf_clock (net)
                 17.88    2.85 1714.06 ^ clkbuf_leaf_1767_clock/A (BUFx24_ASAP7_75t_R)
    24   13.64   11.48   21.82 1735.88 ^ clkbuf_leaf_1767_clock/Y (BUFx24_ASAP7_75t_R)
                                         clknet_leaf_1767_clock_1 (net)
                 11.67    0.71 1736.59 ^ mesh/pipe_b_211_0[30]$_DFFE_PP_/CLK (DFFHQNx1_ASAP7_75t_R)
                         12.28 1748.88   clock reconvergence pessimism
                         -0.73 1748.14   library setup time
                               1748.14   data required time
-----------------------------------------------------------------------------
                               1748.14   data required time
                               -2315.74   data arrival time
-----------------------------------------------------------------------------
                               -567.59   slack (VIOLATED)



==========================================================================
cts final report_checks -unconstrained
--------------------------------------------------------------------------
Startpoint: io_req_valid (input port)
Endpoint: tagq/len[4]$_SDFFE_PP0P_
          (rising edge-triggered flip-flop clocked by clock)
Path Group: in2reg
Path Type: max

Fanout     Cap    Slew   Delay    Time   Description
-----------------------------------------------------------------------------
                          0.00    0.00 ^ input external delay
     1    1.02    0.00    0.00    0.00 ^ io_req_valid (in)
                                         io_req_valid (net)
                  0.19    0.06    0.06 ^ input1072/A (BUFx2_ASAP7_75t_R)
     1    9.22   32.60   20.08   20.14 ^ input1072/Y (BUFx2_ASAP7_75t_R)
                                         net708 (net)
                 38.88    7.34   27.48 ^ _7101_/C (AND3x1_ASAP7_75t_R)
     2    2.45   20.03   26.39   53.87 ^ _7101_/Y (AND3x1_ASAP7_75t_R)
                                         _3764_ (net)
                 20.04    0.20   54.07 ^ _7102_/B (OAI21x1_ASAP7_75t_R)
     2    1.51   17.95   11.89   65.96 v _7102_/Y (OAI21x1_ASAP7_75t_R)
                                         _3765_ (net)
                 17.95    0.05   66.01 v _7103_/A (BUFx3_ASAP7_75t_R)
    10   42.48   55.95   36.22  102.23 v _7103_/Y (BUFx3_ASAP7_75t_R)
                                         _3766_ (net)
                 56.39    2.48  104.71 v _7104_/C (OR3x1_ASAP7_75t_R)
     1    3.58   24.34   35.07  139.79 v _7104_/Y (OR3x1_ASAP7_75t_R)
                                         _3767_ (net)
                 24.53    1.20  140.99 v _7105_/A (INVx1_ASAP7_75t_R)
     5   10.19   68.53   34.38  175.37 ^ _7105_/Y (INVx1_ASAP7_75t_R)
                                         _0994_ (net)
                 70.46    6.29  181.65 ^ tagq/_1180_/B (OAI21x1_ASAP7_75t_R)
     4    4.47   38.42   27.93  209.58 v tagq/_1180_/Y (OAI21x1_ASAP7_75t_R)
                                         tagq/_0934_ (net)
                 38.50    1.04  210.62 v tagq/_1181_/A (BUFx3_ASAP7_75t_R)
    10    8.88   19.73   27.93  238.55 v tagq/_1181_/Y (BUFx3_ASAP7_75t_R)
                                         tagq/_0935_ (net)
                 19.78    0.59  239.13 v tagq/_1182_/A (INVx1_ASAP7_75t_R)
     4    3.93   27.58   18.69  257.83 ^ tagq/_1182_/Y (INVx1_ASAP7_75t_R)
                                         tagq/_GEN_0 (net)
                 27.59    0.32  258.14 ^ tagq/_2230_/A (HAxp5_ASAP7_75t_R)
     5    7.14   74.14   38.89  297.03 v tagq/_2230_/CON (HAxp5_ASAP7_75t_R)
                                         tagq/_0215_ (net)
                 74.15    0.48  297.52 v tagq/_2220_/A (HAxp5_ASAP7_75t_R)
     3    2.67   50.78   61.83  359.35 v tagq/_2220_/SN (HAxp5_ASAP7_75t_R)
                                         tagq/_0221_ (net)
                 50.78    0.06  359.41 v tagq/_2136_/A1 (OA21x2_ASAP7_75t_R)
     1    0.75    7.28   23.91  383.32 v tagq/_2136_/Y (OA21x2_ASAP7_75t_R)
                                         tagq/_0889_ (net)
                  7.28    0.03  383.36 v tagq/_2137_/A2 (OA21x2_ASAP7_75t_R)
     1    1.02    7.63   16.80  400.16 v tagq/_2137_/Y (OA21x2_ASAP7_75t_R)
                                         tagq/_0890_ (net)
                  7.63    0.04  400.20 v tagq/_2138_/B (XNOR2x2_ASAP7_75t_R)
     2    1.97   11.52   21.84  422.04 ^ tagq/_2138_/Y (XNOR2x2_ASAP7_75t_R)
                                         tagq/_0891_ (net)
                 11.52    0.09  422.13 ^ tagq/_2140_/C (AND3x1_ASAP7_75t_R)
     1    0.69    9.21   17.89  440.02 ^ tagq/_2140_/Y (AND3x1_ASAP7_75t_R)
                                         tagq/_0893_ (net)
                  9.21    0.02  440.04 ^ tagq/_2141_/A2 (OA21x2_ASAP7_75t_R)
     1    0.67    6.80   15.02  455.06 ^ tagq/_2141_/Y (OA21x2_ASAP7_75t_R)
                                         tagq/_0420_ (net)
                  6.80    0.02  455.08 ^ tagq/len[4]$_SDFFE_PP0P_/D (DFFHQNx1_ASAP7_75t_R)
                                455.08   data arrival time

                         80.00   80.00   max_delay
                         -5.54   74.46   library setup time
                                 74.46   data required time
-----------------------------------------------------------------------------
                                 74.46   data required time
                               -455.08   data arrival time
-----------------------------------------------------------------------------
                               -380.61   slack (VIOLATED)


Startpoint: mesh/io_out_control_0_0_dataflow$_DFF_P_
            (rising edge-triggered flip-flop clocked by clock)
Endpoint: io_resp_bits_data_15_0[16] (output port)
Path Group: reg2out
Path Type: max

Fanout     Cap    Slew   Delay    Time   Description
-----------------------------------------------------------------------------
                 13.04    0.00    0.00 ^ mesh/io_out_control_0_0_dataflow$_DFF_P_/CLK (DFFHQNx1_ASAP7_75t_R)
     1    0.75   12.52   36.25   36.25 ^ mesh/io_out_control_0_0_dataflow$_DFF_P_/QN (DFFHQNx1_ASAP7_75t_R)
                                         mesh/_042141_ (net)
                 12.52    0.03   36.28 ^ mesh/_222509_/A (INVx1_ASAP7_75t_R)
     1    0.64    6.56    6.03   42.31 v mesh/_222509_/Y (INVx1_ASAP7_75t_R)
                                         _mesh_io_out_control_0_0_dataflow (net)
                  6.56    0.02   42.33 v _4383_/A (BUFx2_ASAP7_75t_R)
     3   12.36   37.71   23.68   66.01 v _4383_/Y (BUFx2_ASAP7_75t_R)
                                         _2085_ (net)
                 47.96   10.19   76.20 v wire2119/A (BUFx16f_ASAP7_75t_R)
     2   25.70    9.43   25.98  102.19 v wire2119/Y (BUFx16f_ASAP7_75t_R)
                                         net1755 (net)
                114.32   36.01  138.20 v wire2118/A (BUFx16f_ASAP7_75t_R)
     2   24.06   12.89   36.88  175.08 v wire2118/Y (BUFx16f_ASAP7_75t_R)
                                         net1754 (net)
                121.77   38.29  213.37 v wire2117/A (BUFx16f_ASAP7_75t_R)
     3   25.08   12.32   37.15  250.52 v wire2117/Y (BUFx16f_ASAP7_75t_R)
                                         net1753 (net)
                124.94   39.47  289.99 v wire2116/A (BUFx16f_ASAP7_75t_R)
     3   25.30   12.23   37.38  327.36 v wire2116/Y (BUFx16f_ASAP7_75t_R)
                                         net1752 (net)
                 88.47   27.27  354.63 v _4384_/A (INVx3_ASAP7_75t_R)
     3   17.05   59.57   38.27  392.90 ^ _4384_/Y (INVx3_ASAP7_75t_R)
                                         _2086_ (net)
                 59.58    0.36  393.26 ^ _4385_/A (BUFx2_ASAP7_75t_R)
     2   10.50   38.42   32.70  425.96 ^ _4385_/Y (BUFx2_ASAP7_75t_R)
                                         _2087_ (net)
                 45.75    8.62  434.58 ^ wire2089/A (BUFx16f_ASAP7_75t_R)
     5   25.71   10.08   23.43  458.01 ^ wire2089/Y (BUFx16f_ASAP7_75t_R)
                                         net1725 (net)
                123.39   39.02  497.03 ^ wire2088/A (BUFx16f_ASAP7_75t_R)
     5   24.15   13.32   32.24  529.27 ^ wire2088/Y (BUFx16f_ASAP7_75t_R)
                                         net1724 (net)
                121.36   38.11  567.38 ^ _4411_/A (BUFx2_ASAP7_75t_R)
    10    7.43   27.37   37.74  605.12 ^ _4411_/Y (BUFx2_ASAP7_75t_R)
                                         _2102_ (net)
                 27.42    0.62  605.74 ^ _4420_/A1 (AO21x1_ASAP7_75t_R)
     1   18.23  119.97   52.91  658.65 ^ _4420_/Y (AO21x1_ASAP7_75t_R)
                                         net913 (net)
                145.46   28.32  686.97 ^ output1277/A (BUFx2_ASAP7_75t_R)
     1    0.27    8.51   28.39  715.37 ^ output1277/Y (BUFx2_ASAP7_75t_R)
                                         io_resp_bits_data_15_0[16] (net)
                  8.51    0.01  715.38 ^ io_resp_bits_data_15_0[16] (out)
                                715.38   data arrival time

                         80.00   80.00   max_delay
                          0.00   80.00   output external delay
                                 80.00   data required time
-----------------------------------------------------------------------------
                                 80.00   data required time
                               -715.38   data arrival time
-----------------------------------------------------------------------------
                               -635.38   slack (VIOLATED)


Startpoint: mesh/mesh_2_13_io_in_control_0_propagate_pipe_pipe_b$_DFFE_PP_
            (rising edge-triggered flip-flop clocked by clock)
Endpoint: mesh/pipe_b_211_0[30]$_DFFE_PP_
          (rising edge-triggered flip-flop clocked by clock)
Path Group: reg2reg
Path Type: max

Fanout     Cap    Slew   Delay    Time   Description
-----------------------------------------------------------------------------
                          0.00    0.00   clock clock (rise edge)
                          0.00    0.00   clock source latency
     1   13.44    0.00    0.00    0.00 ^ clock (in)
                                         clock (net)
                 70.28   22.17   22.17 ^ wire2243/A (BUFx6f_ASAP7_75t_R)
     1   13.55   12.69   24.53   46.70 ^ wire2243/Y (BUFx6f_ASAP7_75t_R)
                                         net1879 (net)
                 76.38   23.64   70.34 ^ wire2242/A (BUFx12f_ASAP7_75t_R)
     1   19.13   10.93   24.34   94.67 ^ wire2242/Y (BUFx12f_ASAP7_75t_R)
                                         net1878 (net)
                145.97   45.97  140.64 ^ wire2241/A (BUFx12f_ASAP7_75t_R)
     1   19.14   12.57   29.38  170.02 ^ wire2241/Y (BUFx12f_ASAP7_75t_R)
                                         net1877 (net)
                146.38   46.07  216.09 ^ wire2240/A (BUFx12f_ASAP7_75t_R)
     1   19.18   12.58   29.41  245.50 ^ wire2240/Y (BUFx12f_ASAP7_75t_R)
                                         net1876 (net)
                146.93   46.25  291.74 ^ clkbuf_0_clock/A (BUFx24_ASAP7_75t_R)
     2   15.36   15.33   40.74  332.48 ^ clkbuf_0_clock/Y (BUFx24_ASAP7_75t_R)
                                         clknet_0_clock (net)
                 29.51    8.24  340.72 ^ clkbuf_1_0_0_clock/A (BUFx24_ASAP7_75t_R)
     1    9.41    8.70   23.29  364.00 ^ clkbuf_1_0_0_clock/Y (BUFx24_ASAP7_75t_R)
                                         clknet_1_0_0_clock (net)
                 35.12   10.80  374.80 ^ clkbuf_1_0_1_clock/A (BUFx24_ASAP7_75t_R)
     1    9.37    8.95   24.67  399.47 ^ clkbuf_1_0_1_clock/Y (BUFx24_ASAP7_75t_R)
                                         clknet_1_0_1_clock (net)
                 34.98   10.74  410.21 ^ clkbuf_1_0_2_clock/A (BUFx24_ASAP7_75t_R)
     2   13.64    9.34   24.66  434.87 ^ clkbuf_1_0_2_clock/Y (BUFx24_ASAP7_75t_R)
                                         clknet_1_0_2_clock (net)
                 35.68   10.75  445.62 ^ clkbuf_2_1_0_clock/A (BUFx24_ASAP7_75t_R)
     1    9.41    8.98   24.81  470.43 ^ clkbuf_2_1_0_clock/Y (BUFx24_ASAP7_75t_R)
                                         clknet_2_1_0_clock (net)
                 35.22   10.81  481.24 ^ clkbuf_2_1_1_clock/A (BUFx24_ASAP7_75t_R)
     1    9.41    8.96   24.70  505.94 ^ clkbuf_2_1_1_clock/Y (BUFx24_ASAP7_75t_R)
                                         clknet_2_1_1_clock (net)
                 35.22   10.81  516.75 ^ clkbuf_2_1_2_clock/A (BUFx24_ASAP7_75t_R)
     2   15.36   11.02   25.50  542.25 ^ clkbuf_2_1_2_clock/Y (BUFx24_ASAP7_75t_R)
                                         clknet_2_1_2_clock (net)
                 25.63    7.23  549.48 ^ clkbuf_3_3_0_clock/A (BUFx24_ASAP7_75t_R)
     2   10.89    8.50   22.28  571.76 ^ clkbuf_3_3_0_clock/Y (BUFx24_ASAP7_75t_R)
                                         clknet_3_3_0_clock (net)
                 39.15   12.05  583.81 ^ clkbuf_4_7_0_clock/A (BUFx24_ASAP7_75t_R)
     1    9.13    9.11   25.66  609.46 ^ clkbuf_4_7_0_clock/Y (BUFx24_ASAP7_75t_R)
                                         clknet_4_7_0_clock (net)
                 33.27   10.17  619.63 ^ clkbuf_4_7_1_clock/A (BUFx24_ASAP7_75t_R)
     4   19.35    9.37   24.27  643.90 ^ clkbuf_4_7_1_clock/Y (BUFx24_ASAP7_75t_R)
                                         clknet_4_7_1_clock (net)
                 52.83   16.24  660.15 ^ clkbuf_6_31_0_clock/A (BUFx24_ASAP7_75t_R)
     2   11.62    9.75   27.98  688.12 ^ clkbuf_6_31_0_clock/Y (BUFx24_ASAP7_75t_R)
                                         clknet_6_31_0_clock (net)
                 40.86   12.53  700.65 ^ clkbuf_7_63_0_clock/A (BUFx24_ASAP7_75t_R)
     4   17.68   11.75   26.46  727.12 ^ clkbuf_7_63_0_clock/Y (BUFx24_ASAP7_75t_R)
                                         clknet_7_63_0_clock (net)
                 29.94    8.40  735.52 ^ clkbuf_9_252__f_clock/A (BUFx24_ASAP7_75t_R)
    16   58.01   18.69   27.24  762.76 ^ clkbuf_9_252__f_clock/Y (BUFx24_ASAP7_75t_R)
                                         clknet_9_252__leaf_clock (net)
                 84.95   25.17  787.93 ^ clkbuf_leaf_1416_clock/A (BUFx24_ASAP7_75t_R)
    23   15.47   14.55   34.95  822.88 ^ clkbuf_leaf_1416_clock/Y (BUFx24_ASAP7_75t_R)
                                         clknet_leaf_1416_clock_1 (net)
                 14.81    0.96  823.83 ^ mesh/mesh_2_13_io_in_control_0_propagate_pipe_pipe_b$_DFFE_PP_/CLK (DFFHQNx1_ASAP7_75t_R)
     2    1.45   17.34   38.67  862.50 v mesh/mesh_2_13_io_in_control_0_propagate_pipe_pipe_b$_DFFE_PP_/QN (DFFHQNx1_ASAP7_75t_R)
                                         mesh/_000270_ (net)
                 17.35    0.05  862.54 v mesh/_120451_/A (INVx1_ASAP7_75t_R)
     2   17.57  118.11   42.44  904.98 ^ mesh/_120451_/Y (INVx1_ASAP7_75t_R)
                                         MeshWithDelays/Mesh$MeshWithDelays.mesh/mesh_2_13_io_in_control_0_propagate_pipe_pipe_b (net)
                132.54   21.42  926.41 ^ mesh/mesh_2_13/tile_0_0/_1725_/A (BUFx6f_ASAP7_75t_R)
     7    9.16   15.56   30.68  957.08 ^ mesh/mesh_2_13/tile_0_0/_1725_/Y (BUFx6f_ASAP7_75t_R)
                                         mesh/mesh_2_13/tile_0_0/_1055_ (net)
                 15.57    0.24  957.32 ^ mesh/mesh_2_13/tile_0_0/_1799_/A (BUFx3_ASAP7_75t_R)
    10    8.45   20.81   21.35  978.67 ^ mesh/mesh_2_13/tile_0_0/_1799_/Y (BUFx3_ASAP7_75t_R)
                                         mesh/mesh_2_13/tile_0_0/_1125_ (net)
                 20.83    0.37  979.04 ^ mesh/mesh_2_13/tile_0_0/_1848_/A (BUFx3_ASAP7_75t_R)
    10    8.78   21.34   23.08 1002.12 ^ mesh/mesh_2_13/tile_0_0/_1848_/Y (BUFx3_ASAP7_75t_R)
                                         mesh/mesh_2_13/tile_0_0/_1174_ (net)
                 21.35    0.26 1002.38 ^ mesh/mesh_2_13/tile_0_0/_1904_/A (BUFx2_ASAP7_75t_R)
    10   11.69   39.29   31.27 1033.65 ^ mesh/mesh_2_13/tile_0_0/_1904_/Y (BUFx2_ASAP7_75t_R)
                                         mesh/mesh_2_13/tile_0_0/_1230_ (net)
                 39.41    1.28 1034.93 ^ mesh/mesh_2_13/tile_0_0/_3118_/A (BUFx2_ASAP7_75t_R)
    10    7.91   27.78   29.82 1064.75 ^ mesh/mesh_2_13/tile_0_0/_3118_/Y (BUFx2_ASAP7_75t_R)
                                         mesh/mesh_2_13/tile_0_0/_0847_ (net)
                 27.78    0.13 1064.88 ^ mesh/mesh_2_13/tile_0_0/_3181_/A (BUFx2_ASAP7_75t_R)
    10   12.21   41.32   32.95 1097.83 ^ mesh/mesh_2_13/tile_0_0/_3181_/Y (BUFx2_ASAP7_75t_R)
                                         mesh/mesh_2_13/tile_0_0/_0883_ (net)
                 41.39    1.01 1098.84 ^ mesh/mesh_2_13/tile_0_0/_3189_/B (NAND2x1_ASAP7_75t_R)
     2    1.15   14.65   11.00 1109.84 v mesh/mesh_2_13/tile_0_0/_3189_/Y (NAND2x1_ASAP7_75t_R)
                                         mesh/mesh_2_13/tile_0_0/_0888_ (net)
                 14.65    0.07 1109.90 v mesh/mesh_2_13/tile_0_0/_3197_/C (OA211x2_ASAP7_75t_R)
     8    6.49   24.81   38.18 1148.09 v mesh/mesh_2_13/tile_0_0/_3197_/Y (OA211x2_ASAP7_75t_R)
                                         MeshWithDelays/Mesh$MeshWithDelays.mesh/Tile$MeshWithDelays.mesh.mesh_0_0_mesh_2_13/PE_256$MeshWithDelays.mesh.mesh_0_0.tile_0_0_tile_0_0_132/_0000_ (net)
                 25.07    1.40 1149.48 v mesh/mesh_2_13/tile_0_0/mac_unit/_711_/A (AND2x2_ASAP7_75t_R)
     2    3.47   12.68   24.17 1173.65 v mesh/mesh_2_13/tile_0_0/mac_unit/_711_/Y (AND2x2_ASAP7_75t_R)
                                         mesh/mesh_2_13/tile_0_0/mac_unit/_101_ (net)
                 12.69    0.11 1173.76 v mesh/mesh_2_13/tile_0_0/mac_unit/_939_/B (HAxp5_ASAP7_75t_R)
     3    5.47   95.34   71.73 1245.49 v mesh/mesh_2_13/tile_0_0/mac_unit/_939_/SN (HAxp5_ASAP7_75t_R)
                                         mesh/mesh_2_13/tile_0_0/mac_unit/_009_ (net)
                 95.34    0.27 1245.76 v mesh/mesh_2_13/tile_0_0/mac_unit/_587_/A (INVx1_ASAP7_75t_R)
     3    6.98   62.91   48.05 1293.81 ^ mesh/mesh_2_13/tile_0_0/mac_unit/_587_/Y (INVx1_ASAP7_75t_R)
                                         mesh/mesh_2_13/tile_0_0/mac_unit/_006_ (net)
                 62.92    0.44 1294.25 ^ mesh/mesh_2_13/tile_0_0/mac_unit/_883_/B (FAx1_ASAP7_75t_R)
     4    7.66  152.34  127.93 1422.19 v mesh/mesh_2_13/tile_0_0/mac_unit/_883_/SN (FAx1_ASAP7_75t_R)
                                         mesh/mesh_2_13/tile_0_0/mac_unit/_018_ (net)
                152.35    0.42 1422.60 v mesh/mesh_2_13/tile_0_0/mac_unit/_894_/A (FAx1_ASAP7_75t_R)
     1    0.78   40.04   49.71 1472.32 v mesh/mesh_2_13/tile_0_0/mac_unit/_894_/SN (FAx1_ASAP7_75t_R)
                                         mesh/mesh_2_13/tile_0_0/mac_unit/_051_ (net)
                 40.04    0.03 1472.35 v mesh/mesh_2_13/tile_0_0/mac_unit/_776_/A (INVx1_ASAP7_75t_R)
     1    2.15   22.92   18.33 1490.68 ^ mesh/mesh_2_13/tile_0_0/mac_unit/_776_/Y (INVx1_ASAP7_75t_R)
                                         mesh/mesh_2_13/tile_0_0/mac_unit/_041_ (net)
                 22.92    0.10 1490.78 ^ mesh/mesh_2_13/tile_0_0/mac_unit/_899_/A (FAx1_ASAP7_75t_R)
     1    1.36   31.46   39.15 1529.93 v mesh/mesh_2_13/tile_0_0/mac_unit/_899_/SN (FAx1_ASAP7_75t_R)
                                         mesh/mesh_2_13/tile_0_0/mac_unit/_522_ (net)
                 31.47    0.10 1530.03 v mesh/mesh_2_13/tile_0_0/mac_unit/_942_/A (HAxp5_ASAP7_75t_R)
     6    4.79   84.58   70.93 1600.96 v mesh/mesh_2_13/tile_0_0/mac_unit/_942_/SN (HAxp5_ASAP7_75t_R)
                                         mesh/mesh_2_13/tile_0_0/mac_unit/_145_ (net)
                 84.59    0.43 1601.39 v mesh/mesh_2_13/tile_0_0/mac_unit/_642_/B (OR3x1_ASAP7_75t_R)
     1    0.71    9.90   31.92 1633.30 v mesh/mesh_2_13/tile_0_0/mac_unit/_642_/Y (OR3x1_ASAP7_75t_R)
                                         mesh/mesh_2_13/tile_0_0/mac_unit/_322_ (net)
                  9.90    0.03 1633.33 v mesh/mesh_2_13/tile_0_0/mac_unit/_643_/B (OA21x2_ASAP7_75t_R)
     1    0.73    8.81   13.08 1646.41 v mesh/mesh_2_13/tile_0_0/mac_unit/_643_/Y (OA21x2_ASAP7_75t_R)
                                         mesh/mesh_2_13/tile_0_0/mac_unit/_323_ (net)
                  8.81    0.04 1646.45 v mesh/mesh_2_13/tile_0_0/mac_unit/_644_/B1 (OA31x2_ASAP7_75t_R)
     2    2.51   12.68   22.28 1668.72 v mesh/mesh_2_13/tile_0_0/mac_unit/_644_/Y (OA31x2_ASAP7_75t_R)
                                         mesh/mesh_2_13/tile_0_0/mac_unit/_324_ (net)
                 12.71    0.31 1669.04 v mesh/mesh_2_13/tile_0_0/mac_unit/_647_/B1 (AO221x1_ASAP7_75t_R)
     1    1.15   11.11   22.45 1691.49 v mesh/mesh_2_13/tile_0_0/mac_unit/_647_/Y (AO221x1_ASAP7_75t_R)
                                         mesh/mesh_2_13/tile_0_0/mac_unit/_327_ (net)
                 11.11    0.04 1691.53 v mesh/mesh_2_13/tile_0_0/mac_unit/_655_/A (XNOR2x2_ASAP7_75t_R)
    18   23.43   83.28   40.89 1732.42 ^ mesh/mesh_2_13/tile_0_0/mac_unit/_655_/Y (XNOR2x2_ASAP7_75t_R)
                                         mesh/mesh_2_13/tile_0_0/mac_unit/_202_ (net)
                 93.34   15.05 1747.47 ^ mesh/mesh_2_13/tile_0_0/mac_unit/_995_/B (HAxp5_ASAP7_75t_R)
     6    5.10   94.47   93.48 1840.94 v mesh/mesh_2_13/tile_0_0/mac_unit/_995_/SN (HAxp5_ASAP7_75t_R)
                                         mesh/mesh_2_13/tile_0_0/mac_unit/_281_ (net)
                 94.47    0.36 1841.31 v mesh/mesh_2_13/tile_0_0/mac_unit/_787_/A (OR4x1_ASAP7_75t_R)
     2    1.98   18.05   44.45 1885.76 v mesh/mesh_2_13/tile_0_0/mac_unit/_787_/Y (OR4x1_ASAP7_75t_R)
                                         mesh/mesh_2_13/tile_0_0/mac_unit/_396_ (net)
                 18.05    0.08 1885.85 v mesh/mesh_2_13/tile_0_0/mac_unit/_788_/B (OR2x2_ASAP7_75t_R)
     1    1.05    7.09   19.48 1905.32 v mesh/mesh_2_13/tile_0_0/mac_unit/_788_/Y (OR2x2_ASAP7_75t_R)
                                         mesh/mesh_2_13/tile_0_0/mac_unit/_397_ (net)
                  7.10    0.09 1905.41 v mesh/mesh_2_13/tile_0_0/mac_unit/_789_/B (AO21x1_ASAP7_75t_R)
     2    2.75   17.48   20.84 1926.24 v mesh/mesh_2_13/tile_0_0/mac_unit/_789_/Y (AO21x1_ASAP7_75t_R)
                                         mesh/mesh_2_13/tile_0_0/mac_unit/_398_ (net)
                 17.54    0.58 1926.82 v mesh/mesh_2_13/tile_0_0/mac_unit/_835_/A2 (OA21x2_ASAP7_75t_R)
     2    1.93    9.49   21.36 1948.18 v mesh/mesh_2_13/tile_0_0/mac_unit/_835_/Y (OA21x2_ASAP7_75t_R)
                                         mesh/mesh_2_13/tile_0_0/mac_unit/_434_ (net)
                  9.49    0.08 1948.26 v mesh/mesh_2_13/tile_0_0/mac_unit/_840_/B (XOR2x2_ASAP7_75t_R)
     3    2.17   12.11   26.52 1974.78 ^ mesh/mesh_2_13/tile_0_0/mac_unit/_840_/Y (XOR2x2_ASAP7_75t_R)
                                         MeshWithDelays/Mesh$MeshWithDelays.mesh/Tile$MeshWithDelays.mesh.mesh_0_0_mesh_2_13/PE_256$MeshWithDelays.mesh.mesh_0_0.tile_0_0_tile_0_0_132/_mac_unit_io_out_d[18] (net)
                 12.12    0.06 1974.84 ^ mesh/mesh_2_13/tile_0_0/_3098_/B (AND2x2_ASAP7_75t_R)
     1    1.33    8.39   16.35 1991.19 ^ mesh/mesh_2_13/tile_0_0/_3098_/Y (AND2x2_ASAP7_75t_R)
                                         MeshWithDelays/Mesh$MeshWithDelays.mesh/Tile$MeshWithDelays.mesh.mesh_0_0_mesh_2_13/_tile_0_0_io_out_b[18] (net)
                  8.40    0.11 1991.30 ^ mesh/mesh_2_13/_425_/B (HAxp5_ASAP7_75t_R)
     4    3.31   59.63   47.77 2039.08 v mesh/mesh_2_13/_425_/SN (HAxp5_ASAP7_75t_R)
                                         mesh/mesh_2_13/_044_ (net)
                 59.63    0.12 2039.20 v mesh/mesh_2_13/_245_/B (OR4x2_ASAP7_75t_R)
     6    5.47   24.60   48.84 2088.04 v mesh/mesh_2_13/_245_/Y (OR4x2_ASAP7_75t_R)
                                         mesh/mesh_2_13/_083_ (net)
                 24.61    0.24 2088.28 v mesh/mesh_2_13/_294_/C (OR3x1_ASAP7_75t_R)
     2    1.26   12.54   24.82 2113.10 v mesh/mesh_2_13/_294_/Y (OR3x1_ASAP7_75t_R)
                                         mesh/mesh_2_13/_131_ (net)
                 12.54    0.04 2113.15 v mesh/mesh_2_13/_305_/B (OR3x1_ASAP7_75t_R)
     1    0.47    7.33   19.95 2133.10 v mesh/mesh_2_13/_305_/Y (OR3x1_ASAP7_75t_R)
                                         mesh/mesh_2_13/_142_ (net)
                  7.33    0.02 2133.11 v mesh/mesh_2_13/_313_/B (OA211x2_ASAP7_75t_R)
     3    3.58   16.95   30.14 2163.25 v mesh/mesh_2_13/_313_/Y (OA211x2_ASAP7_75t_R)
                                         mesh/mesh_2_13/_150_ (net)
                 16.98    0.36 2163.61 v mesh/mesh_2_13/_316_/A1 (OA21x2_ASAP7_75t_R)
     2    1.86    9.30   20.27 2183.88 v mesh/mesh_2_13/_316_/Y (OA21x2_ASAP7_75t_R)
                                         mesh/mesh_2_13/_153_ (net)
                  9.31    0.09 2183.97 v mesh/mesh_2_13/_317_/E (OR5x1_ASAP7_75t_R)
     2    1.86   19.22   36.84 2220.82 v mesh/mesh_2_13/_317_/Y (OR5x1_ASAP7_75t_R)
                                         mesh/mesh_2_13/_154_ (net)
                 19.22    0.09 2220.91 v mesh/mesh_2_13/_324_/A2 (OA211x2_ASAP7_75t_R)
     1    1.92   12.44   27.25 2248.16 v mesh/mesh_2_13/_324_/Y (OA211x2_ASAP7_75t_R)
                                         mesh/mesh_2_13/_161_ (net)
                 12.45    0.14 2248.30 v mesh/mesh_2_13/_325_/B (XOR2x1_ASAP7_75t_R)
     1   10.00   58.32   28.29 2276.60 v mesh/mesh_2_13/_325_/Y (XOR2x1_ASAP7_75t_R)
                                         MeshWithDelays/Mesh$MeshWithDelays.mesh/_mesh_2_13_io_out_b_0[30] (net)
                 63.38    9.02 2285.62 v mesh/_172530_/A1 (AO21x2_ASAP7_75t_R)
     1    0.67    7.93   30.10 2315.71 v mesh/_172530_/Y (AO21x2_ASAP7_75t_R)
                                         mesh/_055509_ (net)
                  7.93    0.02 2315.74 v mesh/pipe_b_211_0[30]$_DFFE_PP_/D (DFFHQNx1_ASAP7_75t_R)
                               2315.74   data arrival time

                       1000.00 1000.00   clock clock (rise edge)
                          0.00 1000.00   clock source latency
     1   13.16    0.00    0.00 1000.00 ^ clock (in)
                                         clock (net)
                 67.63   21.33 1021.33 ^ wire2243/A (BUFx6f_ASAP7_75t_R)
     1   13.02   12.58   24.21 1045.55 ^ wire2243/Y (BUFx6f_ASAP7_75t_R)
                                         net1879 (net)
                 71.48   22.08 1067.63 ^ wire2242/A (BUFx12f_ASAP7_75t_R)
     1   18.60   10.76   23.78 1091.41 ^ wire2242/Y (BUFx12f_ASAP7_75t_R)
                                         net1878 (net)
                138.81   43.71 1135.12 ^ wire2241/A (BUFx12f_ASAP7_75t_R)
     1   18.61   12.39   28.87 1163.99 ^ wire2241/Y (BUFx12f_ASAP7_75t_R)
                                         net1877 (net)
                139.19   43.81 1207.80 ^ wire2240/A (BUFx12f_ASAP7_75t_R)
     1   18.58   12.41   28.90 1236.70 ^ wire2240/Y (BUFx12f_ASAP7_75t_R)
                                         net1876 (net)
                138.83   43.70 1280.39 ^ clkbuf_0_clock/A (BUFx24_ASAP7_75t_R)
     2   14.16   14.84   39.80 1320.20 ^ clkbuf_0_clock/Y (BUFx24_ASAP7_75t_R)
                                         clknet_0_clock (net)
                 25.32    6.88 1327.08 ^ clkbuf_1_1_0_clock/A (BUFx24_ASAP7_75t_R)
     1    8.48    8.44   22.22 1349.30 ^ clkbuf_1_1_0_clock/Y (BUFx24_ASAP7_75t_R)
                                         clknet_1_1_0_clock (net)
                 29.67    9.05 1358.35 ^ clkbuf_1_1_1_clock/A (BUFx24_ASAP7_75t_R)
     1    8.48    8.64   23.30 1381.64 ^ clkbuf_1_1_1_clock/Y (BUFx24_ASAP7_75t_R)
                                         clknet_1_1_1_clock (net)
                 29.73    9.06 1390.70 ^ clkbuf_1_1_2_clock/A (BUFx24_ASAP7_75t_R)
     2   14.05   10.61   24.09 1414.79 ^ clkbuf_1_1_2_clock/Y (BUFx24_ASAP7_75t_R)
                                         clknet_1_1_2_clock (net)
                 23.11    6.49 1421.28 ^ clkbuf_2_3_0_clock/A (BUFx24_ASAP7_75t_R)
     1    8.80    8.38   21.69 1442.97 ^ clkbuf_2_3_0_clock/Y (BUFx24_ASAP7_75t_R)
                                         clknet_2_3_0_clock (net)
                 31.80    9.74 1452.72 ^ clkbuf_2_3_1_clock/A (BUFx24_ASAP7_75t_R)
     1    8.80    8.78   23.84 1476.56 ^ clkbuf_2_3_1_clock/Y (BUFx24_ASAP7_75t_R)
                                         clknet_2_3_1_clock (net)
                 31.93    9.77 1486.33 ^ clkbuf_2_3_2_clock/A (BUFx24_ASAP7_75t_R)
     2   14.16   10.72   24.64 1510.97 ^ clkbuf_2_3_2_clock/Y (BUFx24_ASAP7_75t_R)
                                         clknet_2_3_2_clock (net)
                 24.64    7.02 1517.99 ^ clkbuf_3_6_0_clock/A (BUFx24_ASAP7_75t_R)
     2   11.26    8.42   21.99 1539.98 ^ clkbuf_3_6_0_clock/Y (BUFx24_ASAP7_75t_R)
                                         clknet_3_6_0_clock (net)
                 38.66   11.88 1551.86 ^ clkbuf_4_13_0_clock/A (BUFx24_ASAP7_75t_R)
     1    8.80    9.09   25.54 1577.41 ^ clkbuf_4_13_0_clock/Y (BUFx24_ASAP7_75t_R)
                                         clknet_4_13_0_clock (net)
                 32.03    9.78 1587.19 ^ clkbuf_4_13_1_clock/A (BUFx24_ASAP7_75t_R)
     4   18.45   10.89   24.63 1611.82 ^ clkbuf_4_13_1_clock/Y (BUFx24_ASAP7_75t_R)
                                         clknet_4_13_1_clock (net)
                 35.31   10.38 1622.20 ^ clkbuf_6_52_0_clock/A (BUFx24_ASAP7_75t_R)
     2   11.31    8.99   24.64 1646.84 ^ clkbuf_6_52_0_clock/Y (BUFx24_ASAP7_75t_R)
                                         clknet_6_52_0_clock (net)
                 31.68    9.47 1656.31 ^ clkbuf_7_105_0_clock/A (BUFx24_ASAP7_75t_R)
     4   15.93   12.33   24.80 1681.11 ^ clkbuf_7_105_0_clock/Y (BUFx24_ASAP7_75t_R)
                                         clknet_7_105_0_clock (net)
                 22.56    6.05 1687.17 ^ clkbuf_9_420__f_clock/A (BUFx24_ASAP7_75t_R)
     9   22.55   15.94   24.04 1711.21 ^ clkbuf_9_420__f_clock/Y (BUFx24_ASAP7_75t_R)
                                         clknet_9_420__leaf_clock (net)
                 17.88    2.85 1714.06 ^ clkbuf_leaf_1767_clock/A (BUFx24_ASAP7_75t_R)
    24   13.64   11.48   21.82 1735.88 ^ clkbuf_leaf_1767_clock/Y (BUFx24_ASAP7_75t_R)
                                         clknet_leaf_1767_clock_1 (net)
                 11.67    0.71 1736.59 ^ mesh/pipe_b_211_0[30]$_DFFE_PP_/CLK (DFFHQNx1_ASAP7_75t_R)
                         12.28 1748.88   clock reconvergence pessimism
                         -0.73 1748.14   library setup time
                               1748.14   data required time
-----------------------------------------------------------------------------
                               1748.14   data required time
                               -2315.74   data arrival time
-----------------------------------------------------------------------------
                               -567.59   slack (VIOLATED)



==========================================================================
cts final report_check_types -max_slew -max_cap -max_fanout -violators
--------------------------------------------------------------------------
max slew

Pin                                    Limit    Slew   Slack
------------------------------------------------------------
mesh/mesh_13_10/tile_0_0/mac_unit/_570_/A  320.00  323.59   -3.59 (VIOLATED)
mesh/mesh_13_10/tile_0_0/mac_unit/_561_/A  320.00  323.57   -3.57 (VIOLATED)
mesh/mesh_13_10/tile_0_0/mac_unit/_689_/A  320.00  323.51   -3.51 (VIOLATED)
mesh/mesh_13_10/tile_0_0/mac_unit/_544_/B  320.00  323.35   -3.35 (VIOLATED)
mesh/mesh_13_10/tile_0_0/mac_unit/_728_/A  320.00  322.97   -2.97 (VIOLATED)
mesh/mesh_13_10/tile_0_0/mac_unit/_581_/A  320.00  322.71   -2.71 (VIOLATED)
mesh/mesh_13_10/tile_0_0/mac_unit/_555_/A  320.00  322.11   -2.11 (VIOLATED)
mesh/mesh_13_10/tile_0_0/mac_unit/_639_/A  320.00  321.76   -1.76 (VIOLATED)


==========================================================================
cts final max_slew_check_slack
--------------------------------------------------------------------------
-3.5887959003448486

==========================================================================
cts final max_slew_check_limit
--------------------------------------------------------------------------
320.0

==========================================================================
cts final max_slew_check_slack_limit
--------------------------------------------------------------------------
-0.0112

==========================================================================
cts final max_fanout_check_slack
--------------------------------------------------------------------------
1.0000000150474662e+30

==========================================================================
cts final max_fanout_check_limit
--------------------------------------------------------------------------
1.0000000150474662e+30

==========================================================================
cts final max_capacitance_check_slack
--------------------------------------------------------------------------
4.354982376098633

==========================================================================
cts final max_capacitance_check_limit
--------------------------------------------------------------------------
46.08000183105469

==========================================================================
cts final max_capacitance_check_slack_limit
--------------------------------------------------------------------------
0.0945

==========================================================================
cts final max_slew_violation_count
--------------------------------------------------------------------------
max slew violation count 8

==========================================================================
cts final max_fanout_violation_count
--------------------------------------------------------------------------
max fanout violation count 0

==========================================================================
cts final max_cap_violation_count
--------------------------------------------------------------------------
max cap violation count 0

==========================================================================
cts final setup_violation_count
--------------------------------------------------------------------------
setup violation count 16104

==========================================================================
cts final hold_violation_count
--------------------------------------------------------------------------
hold violation count 30

==========================================================================
cts final report_checks -path_delay max reg to reg
--------------------------------------------------------------------------
Startpoint: mesh/mesh_2_13_io_in_control_0_propagate_pipe_pipe_b$_DFFE_PP_
            (rising edge-triggered flip-flop clocked by clock)
Endpoint: mesh/pipe_b_211_0[30]$_DFFE_PP_
          (rising edge-triggered flip-flop clocked by clock)
Path Group: reg2reg
Path Type: max

  Delay    Time   Description
---------------------------------------------------------
   0.00    0.00   clock clock (rise edge)
   0.00    0.00   clock source latency
   0.00    0.00 ^ clock (in)
  46.70   46.70 ^ wire2243/Y (BUFx6f_ASAP7_75t_R)
  47.97   94.67 ^ wire2242/Y (BUFx12f_ASAP7_75t_R)
  75.34  170.02 ^ wire2241/Y (BUFx12f_ASAP7_75t_R)
  75.48  245.50 ^ wire2240/Y (BUFx12f_ASAP7_75t_R)
  86.98  332.48 ^ clkbuf_0_clock/Y (BUFx24_ASAP7_75t_R)
  31.52  364.00 ^ clkbuf_1_0_0_clock/Y (BUFx24_ASAP7_75t_R)
  35.47  399.47 ^ clkbuf_1_0_1_clock/Y (BUFx24_ASAP7_75t_R)
  35.40  434.87 ^ clkbuf_1_0_2_clock/Y (BUFx24_ASAP7_75t_R)
  35.56  470.43 ^ clkbuf_2_1_0_clock/Y (BUFx24_ASAP7_75t_R)
  35.51  505.94 ^ clkbuf_2_1_1_clock/Y (BUFx24_ASAP7_75t_R)
  36.31  542.25 ^ clkbuf_2_1_2_clock/Y (BUFx24_ASAP7_75t_R)
  29.51  571.76 ^ clkbuf_3_3_0_clock/Y (BUFx24_ASAP7_75t_R)
  37.70  609.46 ^ clkbuf_4_7_0_clock/Y (BUFx24_ASAP7_75t_R)
  34.44  643.90 ^ clkbuf_4_7_1_clock/Y (BUFx24_ASAP7_75t_R)
  44.22  688.12 ^ clkbuf_6_31_0_clock/Y (BUFx24_ASAP7_75t_R)
  38.99  727.12 ^ clkbuf_7_63_0_clock/Y (BUFx24_ASAP7_75t_R)
  35.64  762.76 ^ clkbuf_9_252__f_clock/Y (BUFx24_ASAP7_75t_R)
  60.12  822.88 ^ clkbuf_leaf_1416_clock/Y (BUFx24_ASAP7_75t_R)
   0.96  823.83 ^ mesh/mesh_2_13_io_in_control_0_propagate_pipe_pipe_b$_DFFE_PP_/CLK (DFFHQNx1_ASAP7_75t_R)
  38.67  862.50 v mesh/mesh_2_13_io_in_control_0_propagate_pipe_pipe_b$_DFFE_PP_/QN (DFFHQNx1_ASAP7_75t_R)
  42.48  904.98 ^ mesh/_120451_/Y (INVx1_ASAP7_75t_R)
  52.10  957.08 ^ mesh/mesh_2_13/tile_0_0/_1725_/Y (BUFx6f_ASAP7_75t_R)
  21.59  978.67 ^ mesh/mesh_2_13/tile_0_0/_1799_/Y (BUFx3_ASAP7_75t_R)
  23.45 1002.12 ^ mesh/mesh_2_13/tile_0_0/_1848_/Y (BUFx3_ASAP7_75t_R)
  31.53 1033.65 ^ mesh/mesh_2_13/tile_0_0/_1904_/Y (BUFx2_ASAP7_75t_R)
  31.09 1064.75 ^ mesh/mesh_2_13/tile_0_0/_3118_/Y (BUFx2_ASAP7_75t_R)
  33.08 1097.83 ^ mesh/mesh_2_13/tile_0_0/_3181_/Y (BUFx2_ASAP7_75t_R)
  12.01 1109.84 v mesh/mesh_2_13/tile_0_0/_3189_/Y (NAND2x1_ASAP7_75t_R)
  38.25 1148.09 v mesh/mesh_2_13/tile_0_0/_3197_/Y (OA211x2_ASAP7_75t_R)
  25.57 1173.65 v mesh/mesh_2_13/tile_0_0/mac_unit/_711_/Y (AND2x2_ASAP7_75t_R)
  71.84 1245.49 v mesh/mesh_2_13/tile_0_0/mac_unit/_939_/SN (HAxp5_ASAP7_75t_R)
  48.32 1293.81 ^ mesh/mesh_2_13/tile_0_0/mac_unit/_587_/Y (INVx1_ASAP7_75t_R)
 128.38 1422.19 v mesh/mesh_2_13/tile_0_0/mac_unit/_883_/SN (FAx1_ASAP7_75t_R)
  50.13 1472.32 v mesh/mesh_2_13/tile_0_0/mac_unit/_894_/SN (FAx1_ASAP7_75t_R)
  18.37 1490.68 ^ mesh/mesh_2_13/tile_0_0/mac_unit/_776_/Y (INVx1_ASAP7_75t_R)
  39.25 1529.93 v mesh/mesh_2_13/tile_0_0/mac_unit/_899_/SN (FAx1_ASAP7_75t_R)
  71.03 1600.96 v mesh/mesh_2_13/tile_0_0/mac_unit/_942_/SN (HAxp5_ASAP7_75t_R)
  32.34 1633.30 v mesh/mesh_2_13/tile_0_0/mac_unit/_642_/Y (OR3x1_ASAP7_75t_R)
  13.10 1646.41 v mesh/mesh_2_13/tile_0_0/mac_unit/_643_/Y (OA21x2_ASAP7_75t_R)
  22.32 1668.72 v mesh/mesh_2_13/tile_0_0/mac_unit/_644_/Y (OA31x2_ASAP7_75t_R)
  22.76 1691.49 v mesh/mesh_2_13/tile_0_0/mac_unit/_647_/Y (AO221x1_ASAP7_75t_R)
  40.93 1732.42 ^ mesh/mesh_2_13/tile_0_0/mac_unit/_655_/Y (XNOR2x2_ASAP7_75t_R)
 108.53 1840.94 v mesh/mesh_2_13/tile_0_0/mac_unit/_995_/SN (HAxp5_ASAP7_75t_R)
  44.82 1885.76 v mesh/mesh_2_13/tile_0_0/mac_unit/_787_/Y (OR4x1_ASAP7_75t_R)
  19.56 1905.32 v mesh/mesh_2_13/tile_0_0/mac_unit/_788_/Y (OR2x2_ASAP7_75t_R)
  20.92 1926.24 v mesh/mesh_2_13/tile_0_0/mac_unit/_789_/Y (AO21x1_ASAP7_75t_R)
  21.93 1948.18 v mesh/mesh_2_13/tile_0_0/mac_unit/_835_/Y (OA21x2_ASAP7_75t_R)
  26.60 1974.78 ^ mesh/mesh_2_13/tile_0_0/mac_unit/_840_/Y (XOR2x2_ASAP7_75t_R)
  16.41 1991.19 ^ mesh/mesh_2_13/tile_0_0/_3098_/Y (AND2x2_ASAP7_75t_R)
  47.89 2039.08 v mesh/mesh_2_13/_425_/SN (HAxp5_ASAP7_75t_R)
  48.96 2088.04 v mesh/mesh_2_13/_245_/Y (OR4x2_ASAP7_75t_R)
  25.06 2113.10 v mesh/mesh_2_13/_294_/Y (OR3x1_ASAP7_75t_R)
  20.00 2133.10 v mesh/mesh_2_13/_305_/Y (OR3x1_ASAP7_75t_R)
  30.15 2163.25 v mesh/mesh_2_13/_313_/Y (OA211x2_ASAP7_75t_R)
  20.63 2183.88 v mesh/mesh_2_13/_316_/Y (OA21x2_ASAP7_75t_R)
  36.93 2220.82 v mesh/mesh_2_13/_317_/Y (OR5x1_ASAP7_75t_R)
  27.35 2248.16 v mesh/mesh_2_13/_324_/Y (OA211x2_ASAP7_75t_R)
  28.43 2276.60 v mesh/mesh_2_13/_325_/Y (XOR2x1_ASAP7_75t_R)
  39.11 2315.71 v mesh/_172530_/Y (AO21x2_ASAP7_75t_R)
   0.02 2315.74 v mesh/pipe_b_211_0[30]$_DFFE_PP_/D (DFFHQNx1_ASAP7_75t_R)
        2315.74   data arrival time

1000.00 1000.00   clock clock (rise edge)
   0.00 1000.00   clock source latency
   0.00 1000.00 ^ clock (in)
  45.55 1045.55 ^ wire2243/Y (BUFx6f_ASAP7_75t_R)
  45.86 1091.41 ^ wire2242/Y (BUFx12f_ASAP7_75t_R)
  72.58 1163.99 ^ wire2241/Y (BUFx12f_ASAP7_75t_R)
  72.71 1236.70 ^ wire2240/Y (BUFx12f_ASAP7_75t_R)
  83.50 1320.20 ^ clkbuf_0_clock/Y (BUFx24_ASAP7_75t_R)
  29.10 1349.30 ^ clkbuf_1_1_0_clock/Y (BUFx24_ASAP7_75t_R)
  32.34 1381.64 ^ clkbuf_1_1_1_clock/Y (BUFx24_ASAP7_75t_R)
  33.15 1414.79 ^ clkbuf_1_1_2_clock/Y (BUFx24_ASAP7_75t_R)
  28.18 1442.97 ^ clkbuf_2_3_0_clock/Y (BUFx24_ASAP7_75t_R)
  33.59 1476.56 ^ clkbuf_2_3_1_clock/Y (BUFx24_ASAP7_75t_R)
  34.41 1510.97 ^ clkbuf_2_3_2_clock/Y (BUFx24_ASAP7_75t_R)
  29.01 1539.98 ^ clkbuf_3_6_0_clock/Y (BUFx24_ASAP7_75t_R)
  37.42 1577.41 ^ clkbuf_4_13_0_clock/Y (BUFx24_ASAP7_75t_R)
  34.41 1611.82 ^ clkbuf_4_13_1_clock/Y (BUFx24_ASAP7_75t_R)
  35.02 1646.84 ^ clkbuf_6_52_0_clock/Y (BUFx24_ASAP7_75t_R)
  34.27 1681.11 ^ clkbuf_7_105_0_clock/Y (BUFx24_ASAP7_75t_R)
  30.10 1711.21 ^ clkbuf_9_420__f_clock/Y (BUFx24_ASAP7_75t_R)
  24.67 1735.88 ^ clkbuf_leaf_1767_clock/Y (BUFx24_ASAP7_75t_R)
   0.71 1736.59 ^ mesh/pipe_b_211_0[30]$_DFFE_PP_/CLK (DFFHQNx1_ASAP7_75t_R)
  12.28 1748.88   clock reconvergence pessimism
  -0.73 1748.14   library setup time
        1748.14   data required time
---------------------------------------------------------
        1748.14   data required time
        -2315.74   data arrival time
---------------------------------------------------------
        -567.59   slack (VIOLATED)



==========================================================================
cts final report_checks -path_delay min reg to reg
--------------------------------------------------------------------------
Startpoint: mesh/r_90_0[5]$_DFF_P_
            (rising edge-triggered flip-flop clocked by clock)
Endpoint: mesh/r_91_0[5]$_DFF_P_
          (rising edge-triggered flip-flop clocked by clock)
Path Group: reg2reg
Path Type: min

  Delay    Time   Description
---------------------------------------------------------
   0.00    0.00   clock clock (rise edge)
   0.00    0.00   clock source latency
   0.00    0.00 ^ clock (in)
  45.55   45.55 ^ wire2243/Y (BUFx6f_ASAP7_75t_R)
  45.86   91.41 ^ wire2242/Y (BUFx12f_ASAP7_75t_R)
  72.58  163.99 ^ wire2241/Y (BUFx12f_ASAP7_75t_R)
  72.71  236.70 ^ wire2240/Y (BUFx12f_ASAP7_75t_R)
  83.50  320.20 ^ clkbuf_0_clock/Y (BUFx24_ASAP7_75t_R)
  30.04  350.23 ^ clkbuf_1_0_0_clock/Y (BUFx24_ASAP7_75t_R)
  33.61  383.84 ^ clkbuf_1_0_1_clock/Y (BUFx24_ASAP7_75t_R)
  33.53  417.38 ^ clkbuf_1_0_2_clock/Y (BUFx24_ASAP7_75t_R)
  33.48  450.85 ^ clkbuf_2_1_0_clock/Y (BUFx24_ASAP7_75t_R)
  33.64  484.50 ^ clkbuf_2_1_1_clock/Y (BUFx24_ASAP7_75t_R)
  34.41  518.91 ^ clkbuf_2_1_2_clock/Y (BUFx24_ASAP7_75t_R)
  28.10  547.01 ^ clkbuf_3_3_0_clock/Y (BUFx24_ASAP7_75t_R)
  34.58  581.59 ^ clkbuf_4_7_0_clock/Y (BUFx24_ASAP7_75t_R)
  32.63  614.23 ^ clkbuf_4_7_1_clock/Y (BUFx24_ASAP7_75t_R)
  40.61  654.84 ^ clkbuf_6_30_0_clock/Y (BUFx24_ASAP7_75t_R)
  36.57  691.41 ^ clkbuf_7_61_0_clock/Y (BUFx24_ASAP7_75t_R)
  25.96  717.36 ^ clkbuf_9_247__f_clock/Y (BUFx24_ASAP7_75t_R)
  30.50  747.87 ^ clkbuf_leaf_1440_clock/Y (BUFx24_ASAP7_75t_R)
   0.57  748.43 ^ mesh/r_90_0[5]$_DFF_P_/CLK (DFFHQNx1_ASAP7_75t_R)
  44.61  793.04 ^ mesh/r_90_0[5]$_DFF_P_/QN (DFFHQNx1_ASAP7_75t_R)
   9.06  802.10 v mesh/_143245_/Y (INVx1_ASAP7_75t_R)
   0.05  802.15 v mesh/r_91_0[5]$_DFF_P_/D (DFFHQNx1_ASAP7_75t_R)
         802.15   data arrival time

   0.00    0.00   clock clock (rise edge)
   0.00    0.00   clock source latency
   0.00    0.00 ^ clock (in)
  46.70   46.70 ^ wire2243/Y (BUFx6f_ASAP7_75t_R)
  47.97   94.67 ^ wire2242/Y (BUFx12f_ASAP7_75t_R)
  75.34  170.02 ^ wire2241/Y (BUFx12f_ASAP7_75t_R)
  75.48  245.50 ^ wire2240/Y (BUFx12f_ASAP7_75t_R)
  86.98  332.48 ^ clkbuf_0_clock/Y (BUFx24_ASAP7_75t_R)
  31.52  364.00 ^ clkbuf_1_0_0_clock/Y (BUFx24_ASAP7_75t_R)
  35.47  399.47 ^ clkbuf_1_0_1_clock/Y (BUFx24_ASAP7_75t_R)
  35.40  434.87 ^ clkbuf_1_0_2_clock/Y (BUFx24_ASAP7_75t_R)
  35.56  470.43 ^ clkbuf_2_1_0_clock/Y (BUFx24_ASAP7_75t_R)
  35.51  505.94 ^ clkbuf_2_1_1_clock/Y (BUFx24_ASAP7_75t_R)
  36.31  542.25 ^ clkbuf_2_1_2_clock/Y (BUFx24_ASAP7_75t_R)
  29.51  571.76 ^ clkbuf_3_3_0_clock/Y (BUFx24_ASAP7_75t_R)
  37.70  609.46 ^ clkbuf_4_7_0_clock/Y (BUFx24_ASAP7_75t_R)
  34.44  643.90 ^ clkbuf_4_7_1_clock/Y (BUFx24_ASAP7_75t_R)
  44.22  688.12 ^ clkbuf_6_31_0_clock/Y (BUFx24_ASAP7_75t_R)
  38.99  727.12 ^ clkbuf_7_63_0_clock/Y (BUFx24_ASAP7_75t_R)
  35.64  762.76 ^ clkbuf_9_252__f_clock/Y (BUFx24_ASAP7_75t_R)
  81.99  844.74 ^ clkbuf_leaf_1439_clock/Y (BUFx24_ASAP7_75t_R)
   1.49  846.23 ^ mesh/r_91_0[5]$_DFF_P_/CLK (DFFHQNx1_ASAP7_75t_R)
 -29.68  816.55   clock reconvergence pessimism
  12.33  828.89   library hold time
         828.89   data required time
---------------------------------------------------------
         828.89   data required time
        -802.15   data arrival time
---------------------------------------------------------
         -26.73   slack (VIOLATED)



==========================================================================
cts final critical path target clock latency max path
--------------------------------------------------------------------------
749.6768

==========================================================================
cts final critical path target clock latency min path
--------------------------------------------------------------------------
0

==========================================================================
cts final critical path source clock latency min path
--------------------------------------------------------------------------
0

==========================================================================
cts final critical path delay
--------------------------------------------------------------------------
1500.3411

==========================================================================
cts final critical path slack
--------------------------------------------------------------------------
-635.3771

==========================================================================
cts final slack div critical path delay
--------------------------------------------------------------------------
-42.348843

==========================================================================
cts final report_power
--------------------------------------------------------------------------
Group                  Internal  Switching    Leakage      Total
                          Power      Power      Power      Power (Watts)
----------------------------------------------------------------
Sequential             1.33e-01   7.68e-03   1.13e-05   1.41e-01  32.5%
Combinational          7.65e-02   8.86e-02   7.05e-05   1.65e-01  38.1%
Clock                  7.68e-02   5.06e-02   2.78e-06   1.27e-01  29.4%
Macro                  0.00e+00   0.00e+00   0.00e+00   0.00e+00   0.0%
Pad                    0.00e+00   0.00e+00   0.00e+00   0.00e+00   0.0%
----------------------------------------------------------------
Total                  2.87e-01   1.47e-01   8.46e-05   4.34e-01 100.0%
                          66.1%      33.9%       0.0%
