OpenROAD 26Q1-1929-g7cf7b720fd 
Features included (+) or not (-): +GPU +GUI +Python
This program is licensed under the BSD-3 license. See the LICENSE file for details.
Components of this program may be licensed under more restrictive licenses which must be honored.
[INFO ORD-0030] Using 16 thread(s).
source external/bazel-orfs++orfs_repositories+docker_orfs/OpenROAD-flow-scripts/flow/platforms/asap7/liberty_suppressions.tcl
read_liberty external/bazel-orfs++orfs_repositories+docker_orfs/OpenROAD-flow-scripts/flow/platforms/asap7/lib/NLDM/asap7sc7p5t_AO_RVT_FF_nldm_211120.lib.gz
read_liberty external/bazel-orfs++orfs_repositories+docker_orfs/OpenROAD-flow-scripts/flow/platforms/asap7/lib/NLDM/asap7sc7p5t_INVBUF_RVT_FF_nldm_220122.lib.gz
read_liberty external/bazel-orfs++orfs_repositories+docker_orfs/OpenROAD-flow-scripts/flow/platforms/asap7/lib/NLDM/asap7sc7p5t_OA_RVT_FF_nldm_211120.lib.gz
read_liberty external/bazel-orfs++orfs_repositories+docker_orfs/OpenROAD-flow-scripts/flow/platforms/asap7/lib/NLDM/asap7sc7p5t_SIMPLE_RVT_FF_nldm_211120.lib.gz
read_liberty external/bazel-orfs++orfs_repositories+docker_orfs/OpenROAD-flow-scripts/flow/platforms/asap7/lib/NLDM/asap7sc7p5t_SEQ_RVT_FF_nldm_220123.lib
read_db -hier bazel-out/k8-fastbuild/bin/vlsiffra/results/asap7/multiplier/base/1_synth.odb
[WARNING ORD-0012] Hierarchical flow (-hier) is currently in development and may cause multiple issues. Do not use in production environments.
source external/bazel-orfs++orfs_repositories+docker_orfs/OpenROAD-flow-scripts/flow/platforms/asap7/setRC.tcl

==========================================================================
Floorplan check_setup
--------------------------------------------------------------------------
Warning: There are 65 input ports missing set_input_delay.
Warning: There are 64 output ports missing set_output_delay.
Warning: There are 592 unconstrained endpoints.
number instances in verilog is 5183
[INFO IFP-0107] Defining die area using utilization: 40.00% and aspect ratio: 1.
[WARNING IFP-0028] Core area lower left (1.000, 1.000) snapped to (1.026, 1.080).
[INFO IFP-0001] Added 150 rows of 755 site asap7sc7p5t.
[INFO IFP-0100] Die BBox:  (  0.000  0.000 ) ( 42.831 42.831 ) um
[INFO IFP-0101] Core BBox: (  1.026  1.080 ) ( 41.796 41.580 ) um
[INFO IFP-0102] Core area:                         1651.185 um^2
[INFO IFP-0103] Total instances area:               666.889 um^2
[INFO IFP-0104] Effective utilization:                0.404
[INFO IFP-0105] Number of instances:                   5183
source external/bazel-orfs++orfs_repositories+docker_orfs/OpenROAD-flow-scripts/flow/platforms/asap7/openRoad/make_tracks.tcl
source external/bazel-orfs++orfs_repositories+docker_orfs/OpenROAD-flow-scripts/flow/platforms/asap7/fastroute.tcl
Repair tie lo fanout...
[INFO RSZ-0042] Inserted 75 tie TIELOx1_ASAP7_75t_R instances.
Repair tie hi fanout...
[INFO RSZ-0042] Inserted 14 tie TIEHIx1_ASAP7_75t_R instances.
repair_timing -setup_margin 0 -hold_margin 0 -repair_tns 100 -skip_last_gasp -setup -skip_last_gasp -sequence unbuffer,sizeup,swap,vt_swap -verbose
[WARNING EST-0027] no estimated parasitics. Using wire load models.
[INFO RSZ-0100] Repair move sequence: UnbufferMove SizeUpMove SwapPinsMove 
[INFO RSZ-0094] Found 560 endpoints with setup violations.
[INFO RSZ-0099] Repairing 560 out of 560 (100.00%) violating endpoints...
   Iter   | Removed | Resized | Inserted | Cloned |  Pin  |   Area   |    WNS   |   TNS      |  Viol  | Worst
          | Buffers |  Gates  | Buffers  |  Gates | Swaps |          |          |            | Endpts | Endpt
--------------------------------------------------------------------------------------------------------------
        0 |       0 |       0 |        0 |      0 |     0 |    +0.0% |  -31.928 |   -17762.5 |    560 | pp_row0_0$_DFF_P_/D
       10 |       0 |       9 |        0 |      0 |     0 |    -0.0% |  -31.928 |   -16552.7 |    560 | pp_row18_9$_DFF_P_/D
       20 |       0 |      17 |        0 |      0 |     2 |    -0.0% |  -28.190 |   -15021.3 |    560 | pp_row10_3$_DFF_P_/D
       30 |       0 |      17 |        0 |      0 |    12 |    -0.0% |  -28.190 |   -14517.0 |    560 | pp_row27_13$_DFF_P_/D
       40 |       0 |      24 |        0 |      0 |    15 |    -0.0% |  -28.745 |   -14418.9 |    560 | pp_row17_1$_DFF_P_/D
       50 |       0 |      34 |        0 |      0 |    15 |    -0.0% |  -31.788 |   -14495.7 |    560 | pp_row27_1$_DFF_P_/D
       60 |       0 |      44 |        0 |      0 |    15 |    +0.0% |  -34.832 |   -14573.6 |    560 | pp_row5_1$_DFF_P_/D
       70 |       0 |      49 |        0 |      0 |    20 |    +0.0% |  -33.643 |   -14598.1 |    560 | pp_row15_1$_DFF_P_/D
       80 |       0 |      49 |        0 |      0 |    30 |    +0.0% |  -32.874 |   -14568.1 |    560 | pp_row25_1$_DFF_P_/D
       83 |       0 |      17 |        0 |      0 |    15 |    -0.0% |  -26.614 |   -14365.7 |    560 | pp_row10_1$_DFF_P_/D
       90 |       0 |      20 |        0 |      0 |    18 |    -0.0% |  -26.614 |   -14303.6 |    560 | pp_row10_1$_DFF_P_/D
       91 |       0 |      21 |        0 |      0 |    18 |    -0.0% |  -26.614 |   -14298.0 |    560 | pp_row10_1$_DFF_P_/D
       99 |       0 |      27 |        0 |      0 |    19 |    -0.0% |  -26.614 |   -14265.6 |    560 | pp_row10_2$_DFF_P_/D
      100 |       0 |      27 |        0 |      0 |    19 |    -0.0% |  -26.614 |   -14265.6 |    560 | pp_row10_2$_DFF_P_/D
      108 |       0 |      33 |        0 |      0 |    21 |    +0.0% |  -26.614 |   -14229.2 |    560 | pp_row10_3$_DFF_P_/D
      110 |       0 |      34 |        0 |      0 |    21 |    +0.0% |  -26.919 |   -14236.8 |    560 | pp_row11_3$_DFF_P_/D
      117 |       0 |      39 |        0 |      0 |    23 |    +0.0% |  -26.614 |   -14192.8 |    560 | pp_row10_4$_DFF_P_/D
      120 |       0 |      40 |        0 |      0 |    24 |    +0.0% |  -26.843 |   -14198.5 |    560 | pp_row11_4$_DFF_P_/D
      126 |       0 |      45 |        0 |      0 |    25 |    +0.0% |  -26.614 |   -14156.4 |    560 | pp_row11_5$_DFF_P_/D
      130 |       0 |      46 |        0 |      0 |    27 |    +0.0% |  -26.919 |   -14160.7 |    560 | pp_row11_5$_DFF_P_/D
      131 |       0 |      45 |        0 |      0 |    25 |    +0.0% |  -26.614 |   -14156.4 |    560 | pp_row11_5$_DFF_P_/D
      135 |       0 |      46 |        0 |      0 |    25 |    +0.0% |  -26.614 |   -14162.6 |    560 | pp_row11_5$_DFF_P_/D
      138 |       0 |      47 |        0 |      0 |    25 |    +0.0% |  -26.614 |   -14168.7 |    560 | pp_row11_5$_DFF_P_/D
      140 |       0 |      48 |        0 |      0 |    25 |    +0.0% |  -26.614 |   -14176.3 |    560 | pp_row11_5$_DFF_P_/D
      142 |       0 |      48 |        0 |      0 |    25 |    +0.0% |  -26.614 |   -14176.3 |    560 | pp_row11_5$_DFF_P_/D
      146 |       0 |      49 |        0 |      0 |    25 |    +0.0% |  -26.614 |   -14183.8 |    560 | pp_row11_5$_DFF_P_/D
      150 |       0 |      50 |        0 |      0 |    27 |    +0.0% |  -26.614 |   -14189.8 |    560 | pp_row11_5$_DFF_P_/D
      150 |       0 |      50 |        0 |      0 |    25 |    +0.0% |  -26.614 |   -14191.4 |    560 | pp_row11_5$_DFF_P_/D
      159 |       0 |      56 |        0 |      0 |    27 |    +0.1% |  -26.614 |   -14155.0 |    560 | pp_row13_6$_DFF_P_/D
      160 |       0 |      56 |        0 |      0 |    27 |    +0.1% |  -26.614 |   -14155.0 |    560 | pp_row13_6$_DFF_P_/D
      163 |       0 |      57 |        0 |      0 |    27 |    +0.1% |  -26.614 |   -14161.2 |    560 | pp_row13_6$_DFF_P_/D
      166 |       0 |      58 |        0 |      0 |    27 |    +0.1% |  -26.614 |   -14167.5 |    560 | pp_row13_6$_DFF_P_/D
      170 |       0 |      59 |        0 |      0 |    29 |    +0.1% |  -26.614 |   -14173.4 |    560 | pp_row13_6$_DFF_P_/D
      170 |       0 |      59 |        0 |      0 |    27 |    +0.1% |  -26.614 |   -14175.0 |    560 | pp_row13_6$_DFF_P_/D
      174 |       0 |      60 |        0 |      0 |    27 |    +0.1% |  -26.614 |   -14182.5 |    560 | pp_row13_6$_DFF_P_/D
      178 |       0 |      61 |        0 |      0 |    27 |    +0.1% |  -26.614 |   -14190.1 |    560 | pp_row13_6$_DFF_P_/D
      180 |       0 |      62 |        0 |      0 |    27 |    +0.1% |  -26.614 |   -14197.6 |    560 | pp_row13_6$_DFF_P_/D
      182 |       0 |      62 |        0 |      0 |    27 |    +0.1% |  -26.614 |   -14197.6 |    560 | pp_row13_6$_DFF_P_/D
      187 |       0 |      62 |        0 |      0 |    27 |    +0.1% |  -26.614 |   -14197.6 |    560 | pp_row13_6$_DFF_P_/D
      190 |       0 |      63 |        0 |      0 |    28 |    +0.1% |  -26.614 |   -14202.3 |    560 | pp_row13_6$_DFF_P_/D
      191 |       0 |      63 |        0 |      0 |    27 |    +0.1% |  -26.614 |   -14204.0 |    560 | pp_row13_6$_DFF_P_/D
      194 |       0 |      64 |        0 |      0 |    27 |    +0.1% |  -26.614 |   -14210.3 |    560 | pp_row13_6$_DFF_P_/D
      198 |       0 |      65 |        0 |      0 |    27 |    +0.1% |  -26.614 |   -14217.8 |    560 | pp_row13_6$_DFF_P_/D
      200 |       0 |      66 |        0 |      0 |    27 |    +0.1% |  -26.614 |   -14225.4 |    560 | pp_row13_6$_DFF_P_/D
      202 |       0 |      66 |        0 |      0 |    27 |    +0.1% |  -26.614 |   -14225.4 |    560 | pp_row13_6$_DFF_P_/D
      206 |       0 |      67 |        0 |      0 |    27 |    +0.1% |  -26.614 |   -14232.9 |    560 | pp_row13_6$_DFF_P_/D
      210 |       0 |      68 |        0 |      0 |    29 |    +0.1% |  -26.614 |   -14238.9 |    560 | pp_row13_6$_DFF_P_/D
      210 |       0 |      68 |        0 |      0 |    27 |    +0.1% |  -26.614 |   -14240.5 |    560 | pp_row13_6$_DFF_P_/D
      219 |       0 |      74 |        0 |      0 |    29 |    +0.1% |  -26.614 |   -14204.1 |    560 | pp_row15_7$_DFF_P_/D
      220 |       0 |      74 |        0 |      0 |    29 |    +0.1% |  -26.614 |   -14204.1 |    560 | pp_row15_7$_DFF_P_/D
      223 |       0 |      75 |        0 |      0 |    29 |    +0.1% |  -26.614 |   -14210.5 |    560 | pp_row15_7$_DFF_P_/D
      226 |       0 |      75 |        0 |      0 |    29 |    +0.1% |  -26.614 |   -14210.5 |    560 | pp_row15_7$_DFF_P_/D
      230 |       0 |      76 |        0 |      0 |    31 |    +0.1% |  -26.659 |   -14216.4 |    560 | pp_row15_2$_DFF_P_/D
      230 |       0 |      75 |        0 |      0 |    29 |    +0.1% |  -26.614 |   -14210.5 |    560 | pp_row15_7$_DFF_P_/D
      234 |       0 |      75 |        0 |      0 |    29 |    +0.1% |  -26.614 |   -14210.5 |    560 | pp_row15_7$_DFF_P_/D
      238 |       0 |      75 |        0 |      0 |    29 |    +0.1% |  -26.614 |   -14210.5 |    560 | pp_row15_7$_DFF_P_/D
      240 |       0 |      76 |        0 |      0 |    29 |    +0.1% |  -26.614 |   -14218.1 |    560 | pp_row15_7$_DFF_P_/D
      242 |       0 |      76 |        0 |      0 |    29 |    +0.1% |  -26.614 |   -14218.1 |    560 | pp_row15_7$_DFF_P_/D
      246 |       0 |      77 |        0 |      0 |    29 |    +0.1% |  -26.614 |   -14225.6 |    560 | pp_row15_7$_DFF_P_/D
      250 |       0 |      78 |        0 |      0 |    31 |    +0.1% |  -26.919 |   -14229.9 |    560 | pp_row15_7$_DFF_P_/D
      251 |       0 |      77 |        0 |      0 |    29 |    +0.1% |  -26.614 |   -14225.6 |    560 | pp_row15_7$_DFF_P_/D
      255 |       0 |      78 |        0 |      0 |    29 |    +0.1% |  -26.614 |   -14232.1 |    560 | pp_row15_7$_DFF_P_/D
      258 |       0 |      78 |        0 |      0 |    29 |    +0.1% |  -26.614 |   -14232.1 |    560 | pp_row15_7$_DFF_P_/D
      260 |       0 |      79 |        0 |      0 |    29 |    +0.1% |  -26.735 |   -14239.7 |    560 | pp_row14_2$_DFF_P_/D
      262 |       0 |      78 |        0 |      0 |    29 |    +0.1% |  -26.614 |   -14232.1 |    560 | pp_row15_7$_DFF_P_/D
      266 |       0 |      78 |        0 |      0 |    29 |    +0.1% |  -26.614 |   -14232.1 |    560 | pp_row15_7$_DFF_P_/D
      270 |       0 |      79 |        0 |      0 |    31 |    +0.1% |  -26.659 |   -14238.0 |    560 | pp_row14_4$_DFF_P_/D
      270 |       0 |      78 |        0 |      0 |    29 |    +0.1% |  -26.614 |   -14232.1 |    560 | pp_row15_7$_DFF_P_/D
      274 |       0 |      78 |        0 |      0 |    29 |    +0.1% |  -26.614 |   -14232.1 |    560 | pp_row15_7$_DFF_P_/D
      278 |       0 |      79 |        0 |      0 |    29 |    +0.1% |  -26.614 |   -14239.7 |    560 | pp_row15_7$_DFF_P_/D
      280 |       0 |      80 |        0 |      0 |    29 |    +0.1% |  -26.919 |   -14247.2 |    560 | pp_row16_7$_DFF_P_/D
      287 |       0 |      85 |        0 |      0 |    31 |    +0.1% |  -26.614 |   -14203.3 |    560 | pp_row17_8$_DFF_P_/D
      290 |       0 |      86 |        0 |      0 |    32 |    +0.1% |  -26.614 |   -14208.2 |    560 | pp_row17_8$_DFF_P_/D
      291 |       0 |      86 |        0 |      0 |    31 |    +0.1% |  -26.614 |   -14209.9 |    560 | pp_row17_8$_DFF_P_/D
      294 |       0 |      86 |        0 |      0 |    31 |    +0.1% |  -26.614 |   -14209.9 |    560 | pp_row17_8$_DFF_P_/D
      298 |       0 |      86 |        0 |      0 |    31 |    +0.1% |  -26.614 |   -14209.9 |    560 | pp_row17_8$_DFF_P_/D
      300 |       0 |      87 |        0 |      0 |    31 |    +0.1% |  -26.735 |   -14217.5 |    560 | pp_row14_3$_DFF_P_/D
      302 |       0 |      86 |        0 |      0 |    31 |    +0.1% |  -26.614 |   -14209.9 |    560 | pp_row17_8$_DFF_P_/D
      306 |       0 |      86 |        0 |      0 |    31 |    +0.1% |  -26.614 |   -14209.9 |    560 | pp_row17_8$_DFF_P_/D
      310 |       0 |      87 |        0 |      0 |    33 |    +0.1% |  -26.659 |   -14215.8 |    560 | pp_row15_5$_DFF_P_/D
      310 |       0 |      86 |        0 |      0 |    31 |    +0.1% |  -26.614 |   -14209.9 |    560 | pp_row17_8$_DFF_P_/D
      314 |       0 |      87 |        0 |      0 |    31 |    +0.1% |  -26.614 |   -14217.4 |    560 | pp_row17_8$_DFF_P_/D
      318 |       0 |      88 |        0 |      0 |    31 |    +0.1% |  -26.614 |   -14225.0 |    560 | pp_row17_8$_DFF_P_/D
      320 |       0 |      88 |        0 |      0 |    32 |    +0.1% |  -26.614 |   -14225.0 |    560 | pp_row17_8$_DFF_P_/D
      323 |       0 |      88 |        0 |      0 |    31 |    +0.1% |  -26.614 |   -14225.0 |    560 | pp_row17_8$_DFF_P_/D
      327 |       0 |      89 |        0 |      0 |    31 |    +0.1% |  -26.614 |   -14231.7 |    560 | pp_row17_8$_DFF_P_/D
      330 |       0 |      90 |        0 |      0 |    32 |    +0.1% |  -26.742 |   -14238.5 |    560 | pp_row14_1$_DFF_P_/D
      330 |       0 |      89 |        0 |      0 |    31 |    +0.1% |  -26.614 |   -14231.7 |    560 | pp_row17_8$_DFF_P_/D
      334 |       0 |      89 |        0 |      0 |    31 |    +0.1% |  -26.614 |   -14231.7 |    560 | pp_row17_8$_DFF_P_/D
      338 |       0 |      89 |        0 |      0 |    31 |    +0.1% |  -26.614 |   -14231.7 |    560 | pp_row17_8$_DFF_P_/D
      340 |       0 |      90 |        0 |      0 |    31 |    +0.1% |  -26.735 |   -14239.2 |    560 | pp_row14_4$_DFF_P_/D
      342 |       0 |      89 |        0 |      0 |    31 |    +0.1% |  -26.614 |   -14231.7 |    560 | pp_row17_8$_DFF_P_/D
      346 |       0 |      89 |        0 |      0 |    31 |    +0.1% |  -26.614 |   -14231.7 |    560 | pp_row17_8$_DFF_P_/D
      350 |       0 |      90 |        0 |      0 |    33 |    +0.1% |  -26.659 |   -14237.5 |    560 | pp_row18_6$_DFF_P_/D
      350 |       0 |      89 |        0 |      0 |    31 |    +0.1% |  -26.614 |   -14231.7 |    560 | pp_row17_8$_DFF_P_/D
      354 |       0 |      90 |        0 |      0 |    31 |    +0.1% |  -26.614 |   -14239.2 |    560 | pp_row17_8$_DFF_P_/D
      360 |       0 |      93 |        0 |      0 |    33 |    +0.1% |  -26.614 |   -14214.7 |    560 | pp_row19_9$_DFF_P_/D
      363 |       0 |      96 |        0 |      0 |    33 |    +0.2% |  -26.614 |   -14202.8 |    560 | pp_row19_9$_DFF_P_/D
      367 |       0 |      97 |        0 |      0 |    33 |    +0.2% |  -26.614 |   -14209.6 |    560 | pp_row19_9$_DFF_P_/D
      370 |       0 |      98 |        0 |      0 |    34 |    +0.2% |  -26.742 |   -14216.4 |    560 | pp_row14_1$_DFF_P_/D
      370 |       0 |      97 |        0 |      0 |    33 |    +0.2% |  -26.614 |   -14209.6 |    560 | pp_row19_9$_DFF_P_/D
      374 |       0 |      97 |        0 |      0 |    33 |    +0.2% |  -26.614 |   -14209.6 |    560 | pp_row19_9$_DFF_P_/D
      378 |       0 |      97 |        0 |      0 |    33 |    +0.2% |  -26.614 |   -14209.6 |    560 | pp_row19_9$_DFF_P_/D
      380 |       0 |      98 |        0 |      0 |    33 |    +0.2% |  -26.735 |   -14217.1 |    560 | pp_row14_4$_DFF_P_/D
      382 |       0 |      97 |        0 |      0 |    33 |    +0.2% |  -26.614 |   -14209.6 |    560 | pp_row19_9$_DFF_P_/D
      386 |       0 |      97 |        0 |      0 |    33 |    +0.2% |  -26.614 |   -14209.6 |    560 | pp_row19_9$_DFF_P_/D
      390 |       0 |      98 |        0 |      0 |    35 |    +0.2% |  -26.659 |   -14215.5 |    560 | pp_row17_6$_DFF_P_/D
      390 |       0 |      97 |        0 |      0 |    33 |    +0.2% |  -26.614 |   -14209.6 |    560 | pp_row19_9$_DFF_P_/D
      394 |       0 |      98 |        0 |      0 |    33 |    +0.2% |  -26.614 |   -14217.1 |    560 | pp_row19_9$_DFF_P_/D
      398 |       0 |      99 |        0 |      0 |    33 |    +0.2% |  -26.614 |   -14224.7 |    560 | pp_row19_9$_DFF_P_/D
      400 |       0 |      99 |        0 |      0 |    34 |    +0.2% |  -26.614 |   -14224.7 |    560 | pp_row19_9$_DFF_P_/D
      403 |       0 |      99 |        0 |      0 |    33 |    +0.2% |  -26.614 |   -14224.7 |    560 | pp_row19_9$_DFF_P_/D
      407 |       0 |      99 |        0 |      0 |    33 |    +0.2% |  -26.614 |   -14224.7 |    560 | pp_row19_9$_DFF_P_/D
      410 |       0 |     100 |        0 |      0 |    34 |    +0.2% |  -26.742 |   -14231.5 |    560 | pp_row14_1$_DFF_P_/D
      410 |       0 |      99 |        0 |      0 |    33 |    +0.2% |  -26.614 |   -14224.7 |    560 | pp_row19_9$_DFF_P_/D
      414 |       0 |      99 |        0 |      0 |    33 |    +0.2% |  -26.614 |   -14224.7 |    560 | pp_row19_9$_DFF_P_/D
      418 |       0 |      99 |        0 |      0 |    33 |    +0.2% |  -26.614 |   -14224.7 |    560 | pp_row19_9$_DFF_P_/D
      420 |       0 |     100 |        0 |      0 |    33 |    +0.2% |  -26.735 |   -14232.2 |    560 | pp_row14_4$_DFF_P_/D
      422 |       0 |      99 |        0 |      0 |    33 |    +0.2% |  -26.614 |   -14224.7 |    560 | pp_row19_9$_DFF_P_/D
      426 |       0 |      99 |        0 |      0 |    33 |    +0.2% |  -26.614 |   -14224.7 |    560 | pp_row19_9$_DFF_P_/D
      430 |       0 |     100 |        0 |      0 |    35 |    +0.2% |  -26.659 |   -14230.5 |    560 | pp_row17_6$_DFF_P_/D
      430 |       0 |      99 |        0 |      0 |    33 |    +0.2% |  -26.614 |   -14224.7 |    560 | pp_row19_9$_DFF_P_/D
      434 |       0 |      99 |        0 |      0 |    33 |    +0.2% |  -26.614 |   -14224.7 |    560 | pp_row19_9$_DFF_P_/D
      438 |       0 |     100 |        0 |      0 |    33 |    +0.2% |  -26.614 |   -14232.2 |    560 | pp_row19_9$_DFF_P_/D
      440 |       0 |     101 |        0 |      0 |    33 |    +0.2% |  -26.919 |   -14239.8 |    560 | pp_row20_9$_DFF_P_/D
      447 |       0 |     106 |        0 |      0 |    35 |    +0.2% |  -26.614 |   -14195.8 |    560 | pp_row21_10$_DFF_P_/D
      450 |       0 |     107 |        0 |      0 |    36 |    +0.2% |  -26.813 |   -14201.5 |    560 | pp_row19_0$_DFF_P_/D
      451 |       0 |     106 |        0 |      0 |    35 |    +0.2% |  -26.614 |   -14195.8 |    560 | pp_row21_10$_DFF_P_/D
      455 |       0 |     106 |        0 |      0 |    35 |    +0.2% |  -26.614 |   -14195.8 |    560 | pp_row21_10$_DFF_P_/D
      458 |       0 |     106 |        0 |      0 |    35 |    +0.2% |  -26.614 |   -14195.8 |    560 | pp_row21_10$_DFF_P_/D
      460 |       0 |     106 |        0 |      0 |    36 |    +0.2% |  -26.614 |   -14195.8 |    560 | pp_row21_10$_DFF_P_/D
      463 |       0 |     106 |        0 |      0 |    35 |    +0.2% |  -26.614 |   -14195.8 |    560 | pp_row21_10$_DFF_P_/D
      467 |       0 |     106 |        0 |      0 |    35 |    +0.2% |  -26.614 |   -14195.8 |    560 | pp_row21_10$_DFF_P_/D
      470 |       0 |     107 |        0 |      0 |    36 |    +0.2% |  -26.659 |   -14201.4 |    560 | pp_row14_3$_DFF_P_/D
      471 |       0 |     106 |        0 |      0 |    35 |    +0.2% |  -26.614 |   -14195.8 |    560 | pp_row21_10$_DFF_P_/D
      475 |       0 |     106 |        0 |      0 |    35 |    +0.2% |  -26.614 |   -14195.8 |    560 | pp_row21_10$_DFF_P_/D
      479 |       0 |     106 |        0 |      0 |    35 |    +0.2% |  -26.614 |   -14195.8 |    560 | pp_row21_10$_DFF_P_/D
      480 |       0 |     106 |        0 |      0 |    35 |    +0.2% |  -26.614 |   -14195.8 |    560 | pp_row21_10$_DFF_P_/D
      483 |       0 |     106 |        0 |      0 |    35 |    +0.2% |  -26.614 |   -14195.8 |    560 | pp_row21_10$_DFF_P_/D
      487 |       0 |     106 |        0 |      0 |    35 |    +0.2% |  -26.614 |   -14195.8 |    560 | pp_row21_10$_DFF_P_/D
      490 |       0 |     107 |        0 |      0 |    36 |    +0.2% |  -26.614 |   -14201.4 |    560 | pp_row21_10$_DFF_P_/D
      491 |       0 |     107 |        0 |      0 |    35 |    +0.2% |  -26.614 |   -14203.4 |    560 | pp_row21_10$_DFF_P_/D
      495 |       0 |     108 |        0 |      0 |    35 |    +0.2% |  -26.614 |   -14210.9 |    560 | pp_row21_10$_DFF_P_/D
      499 |       0 |     108 |        0 |      0 |    35 |    +0.2% |  -26.614 |   -14210.9 |    560 | pp_row21_10$_DFF_P_/D
      500 |       0 |     108 |        0 |      0 |    35 |    +0.2% |  -26.614 |   -14210.9 |    560 | pp_row21_10$_DFF_P_/D
      502 |       0 |     108 |        0 |      0 |    35 |    +0.2% |  -26.614 |   -14210.9 |    560 | pp_row21_10$_DFF_P_/D
      510 |       0 |     113 |        0 |      0 |    37 |    +0.2% |  -26.614 |   -14176.0 |    560 | pp_row23_11$_DFF_P_/D
      511 |       0 |     114 |        0 |      0 |    37 |    +0.2% |  -26.614 |   -14174.5 |    560 | pp_row23_11$_DFF_P_/D
      515 |       0 |     114 |        0 |      0 |    37 |    +0.2% |  -26.614 |   -14174.5 |    560 | pp_row23_11$_DFF_P_/D
      519 |       0 |     114 |        0 |      0 |    37 |    +0.2% |  -26.614 |   -14174.5 |    560 | pp_row23_11$_DFF_P_/D
      520 |       0 |     114 |        0 |      0 |    37 |    +0.2% |  -26.614 |   -14174.5 |    560 | pp_row23_11$_DFF_P_/D
      523 |       0 |     114 |        0 |      0 |    37 |    +0.2% |  -26.614 |   -14174.5 |    560 | pp_row23_11$_DFF_P_/D
      527 |       0 |     114 |        0 |      0 |    37 |    +0.2% |  -26.614 |   -14174.5 |    560 | pp_row23_11$_DFF_P_/D
      530 |       0 |     115 |        0 |      0 |    38 |    +0.2% |  -26.659 |   -14180.1 |    560 | pp_row17_6$_DFF_P_/D
      531 |       0 |     114 |        0 |      0 |    37 |    +0.2% |  -26.614 |   -14174.5 |    560 | pp_row23_11$_DFF_P_/D
      535 |       0 |     114 |        0 |      0 |    37 |    +0.2% |  -26.614 |   -14174.5 |    560 | pp_row23_11$_DFF_P_/D
      539 |       0 |     114 |        0 |      0 |    37 |    +0.2% |  -26.614 |   -14174.5 |    560 | pp_row23_11$_DFF_P_/D
      540 |       0 |     114 |        0 |      0 |    37 |    +0.2% |  -26.614 |   -14174.5 |    560 | pp_row23_11$_DFF_P_/D
      543 |       0 |     115 |        0 |      0 |    37 |    +0.2% |  -26.614 |   -14182.1 |    560 | pp_row23_11$_DFF_P_/D
      547 |       0 |     115 |        0 |      0 |    37 |    +0.2% |  -26.614 |   -14182.1 |    560 | pp_row23_11$_DFF_P_/D
      550 |       0 |     116 |        0 |      0 |    38 |    +0.2% |  -26.742 |   -14188.9 |    560 | pp_row14_1$_DFF_P_/D
      550 |       0 |     115 |        0 |      0 |    37 |    +0.2% |  -26.614 |   -14182.1 |    560 | pp_row23_11$_DFF_P_/D
      554 |       0 |     116 |        0 |      0 |    37 |    +0.2% |  -26.614 |   -14189.6 |    560 | pp_row23_11$_DFF_P_/D
      559 |       0 |     116 |        0 |      0 |    37 |    +0.2% |  -26.614 |   -14189.6 |    560 | pp_row23_11$_DFF_P_/D
      560 |       0 |     116 |        0 |      0 |    37 |    +0.2% |  -26.614 |   -14189.6 |    560 | pp_row23_11$_DFF_P_/D
      563 |       0 |     116 |        0 |      0 |    37 |    +0.2% |  -26.614 |   -14189.6 |    560 | pp_row23_11$_DFF_P_/D
      567 |       0 |     116 |        0 |      0 |    37 |    +0.2% |  -26.614 |   -14189.6 |    560 | pp_row23_11$_DFF_P_/D
      570 |       0 |     117 |        0 |      0 |    38 |    +0.2% |  -26.659 |   -14195.1 |    560 | pp_row14_4$_DFF_P_/D
      571 |       0 |     116 |        0 |      0 |    37 |    +0.2% |  -26.614 |   -14189.6 |    560 | pp_row23_11$_DFF_P_/D
      575 |       0 |     116 |        0 |      0 |    37 |    +0.2% |  -26.614 |   -14189.6 |    560 | pp_row23_11$_DFF_P_/D
      579 |       0 |     116 |        0 |      0 |    37 |    +0.2% |  -26.614 |   -14189.6 |    560 | pp_row23_11$_DFF_P_/D
      580 |       0 |     116 |        0 |      0 |    37 |    +0.2% |  -26.614 |   -14189.6 |    560 | pp_row23_11$_DFF_P_/D
      583 |       0 |     116 |        0 |      0 |    37 |    +0.2% |  -26.614 |   -14189.6 |    560 | pp_row23_11$_DFF_P_/D
      587 |       0 |     116 |        0 |      0 |    37 |    +0.2% |  -26.614 |   -14189.6 |    560 | pp_row23_11$_DFF_P_/D
      590 |       0 |     117 |        0 |      0 |    38 |    +0.2% |  -26.614 |   -14195.2 |    560 | pp_row23_11$_DFF_P_/D
      591 |       0 |     117 |        0 |      0 |    37 |    +0.2% |  -26.614 |   -14197.2 |    560 | pp_row23_11$_DFF_P_/D
      595 |       0 |     117 |        0 |      0 |    37 |    +0.2% |  -26.614 |   -14197.2 |    560 | pp_row23_11$_DFF_P_/D
      598 |       0 |     117 |        0 |      0 |    37 |    +0.2% |  -26.614 |   -14197.2 |    560 | pp_row23_11$_DFF_P_/D
      600 |       0 |     118 |        0 |      0 |    37 |    +0.2% |  -26.614 |   -14204.7 |    560 | pp_row23_11$_DFF_P_/D
      602 |       0 |     118 |        0 |      0 |    37 |    +0.2% |  -26.614 |   -14204.7 |    560 | pp_row23_11$_DFF_P_/D
      610 |       0 |     123 |        0 |      0 |    39 |    +0.2% |  -26.614 |   -14169.8 |    560 | pp_row25_12$_DFF_P_/D
      611 |       0 |     124 |        0 |      0 |    39 |    +0.2% |  -26.614 |   -14168.3 |    560 | pp_row25_12$_DFF_P_/D
      615 |       0 |     124 |        0 |      0 |    39 |    +0.2% |  -26.614 |   -14168.3 |    560 | pp_row25_12$_DFF_P_/D
      619 |       0 |     124 |        0 |      0 |    39 |    +0.2% |  -26.614 |   -14168.3 |    560 | pp_row25_12$_DFF_P_/D
      620 |       0 |     124 |        0 |      0 |    39 |    +0.2% |  -26.614 |   -14168.3 |    560 | pp_row25_12$_DFF_P_/D
      623 |       0 |     124 |        0 |      0 |    39 |    +0.2% |  -26.614 |   -14168.3 |    560 | pp_row25_12$_DFF_P_/D
      627 |       0 |     124 |        0 |      0 |    39 |    +0.2% |  -26.614 |   -14168.3 |    560 | pp_row25_12$_DFF_P_/D
      630 |       0 |     125 |        0 |      0 |    40 |    +0.2% |  -26.659 |   -14173.9 |    560 | pp_row17_6$_DFF_P_/D
      631 |       0 |     124 |        0 |      0 |    39 |    +0.2% |  -26.614 |   -14168.3 |    560 | pp_row25_12$_DFF_P_/D
      635 |       0 |     124 |        0 |      0 |    39 |    +0.2% |  -26.614 |   -14168.3 |    560 | pp_row25_12$_DFF_P_/D
      639 |       0 |     124 |        0 |      0 |    39 |    +0.2% |  -26.614 |   -14168.3 |    560 | pp_row25_12$_DFF_P_/D
      640 |       0 |     124 |        0 |      0 |    39 |    +0.2% |  -26.614 |   -14168.3 |    560 | pp_row25_12$_DFF_P_/D
      643 |       0 |     124 |        0 |      0 |    39 |    +0.2% |  -26.614 |   -14168.3 |    560 | pp_row25_12$_DFF_P_/D
      647 |       0 |     124 |        0 |      0 |    39 |    +0.2% |  -26.614 |   -14168.3 |    560 | pp_row25_12$_DFF_P_/D
      650 |       0 |     125 |        0 |      0 |    40 |    +0.2% |  -26.742 |   -14175.2 |    560 | pp_row14_1$_DFF_P_/D
      650 |       0 |     124 |        0 |      0 |    39 |    +0.2% |  -26.614 |   -14168.3 |    560 | pp_row25_12$_DFF_P_/D
      654 |       0 |     125 |        0 |      0 |    39 |    +0.2% |  -26.614 |   -14175.9 |    560 | pp_row25_12$_DFF_P_/D
      658 |       0 |     126 |        0 |      0 |    39 |    +0.2% |  -26.614 |   -14183.4 |    560 | pp_row25_12$_DFF_P_/D
      660 |       0 |     126 |        0 |      0 |    40 |    +0.2% |  -26.614 |   -14183.4 |    560 | pp_row25_12$_DFF_P_/D
      663 |       0 |     126 |        0 |      0 |    39 |    +0.2% |  -26.614 |   -14183.4 |    560 | pp_row25_12$_DFF_P_/D
      667 |       0 |     126 |        0 |      0 |    39 |    +0.2% |  -26.614 |   -14183.4 |    560 | pp_row25_12$_DFF_P_/D
      670 |       0 |     127 |        0 |      0 |    40 |    +0.2% |  -26.659 |   -14189.0 |    560 | pp_row14_3$_DFF_P_/D
      671 |       0 |     126 |        0 |      0 |    39 |    +0.2% |  -26.614 |   -14183.4 |    560 | pp_row25_12$_DFF_P_/D
      675 |       0 |     126 |        0 |      0 |    39 |    +0.2% |  -26.614 |   -14183.4 |    560 | pp_row25_12$_DFF_P_/D
      679 |       0 |     126 |        0 |      0 |    39 |    +0.2% |  -26.614 |   -14183.4 |    560 | pp_row25_12$_DFF_P_/D
      680 |       0 |     126 |        0 |      0 |    39 |    +0.2% |  -26.614 |   -14183.4 |    560 | pp_row25_12$_DFF_P_/D
      683 |       0 |     126 |        0 |      0 |    39 |    +0.2% |  -26.614 |   -14183.4 |    560 | pp_row25_12$_DFF_P_/D
      687 |       0 |     126 |        0 |      0 |    39 |    +0.2% |  -26.614 |   -14183.4 |    560 | pp_row25_12$_DFF_P_/D
      690 |       0 |     127 |        0 |      0 |    40 |    +0.2% |  -26.659 |   -14189.0 |    560 | pp_row21_8$_DFF_P_/D
      691 |       0 |     126 |        0 |      0 |    39 |    +0.2% |  -26.614 |   -14183.4 |    560 | pp_row25_12$_DFF_P_/D
      695 |       0 |     126 |        0 |      0 |    39 |    +0.2% |  -26.614 |   -14183.4 |    560 | pp_row25_12$_DFF_P_/D
      699 |       0 |     126 |        0 |      0 |    39 |    +0.2% |  -26.614 |   -14183.4 |    560 | pp_row25_12$_DFF_P_/D
      700 |       0 |     126 |        0 |      0 |    39 |    +0.2% |  -26.614 |   -14183.4 |    560 | pp_row25_12$_DFF_P_/D
      702 |       0 |     126 |        0 |      0 |    39 |    +0.2% |  -26.614 |   -14183.4 |    560 | pp_row25_12$_DFF_P_/D
      706 |       0 |     126 |        0 |      0 |    39 |    +0.2% |  -26.614 |   -14183.4 |    560 | pp_row25_12$_DFF_P_/D
      710 |       0 |     127 |        0 |      0 |    41 |    +0.2% |  -26.614 |   -14189.4 |    560 | pp_row25_12$_DFF_P_/D
      710 |       0 |     127 |        0 |      0 |    39 |    +0.2% |  -26.614 |   -14191.0 |    560 | pp_row25_12$_DFF_P_/D
      719 |       0 |     133 |        0 |      0 |    41 |    +0.2% |  -26.614 |   -14154.6 |    560 | pp_row27_13$_DFF_P_/D
      720 |       0 |     133 |        0 |      0 |    41 |    +0.2% |  -26.614 |   -14154.6 |    560 | pp_row27_13$_DFF_P_/D
      723 |       0 |     133 |        0 |      0 |    41 |    +0.2% |  -26.614 |   -14154.6 |    560 | pp_row27_13$_DFF_P_/D
      727 |       0 |     133 |        0 |      0 |    41 |    +0.2% |  -26.614 |   -14154.6 |    560 | pp_row27_13$_DFF_P_/D
      730 |       0 |     134 |        0 |      0 |    42 |    +0.2% |  -26.659 |   -14160.1 |    560 | pp_row14_4$_DFF_P_/D
      731 |       0 |     133 |        0 |      0 |    41 |    +0.2% |  -26.614 |   -14154.6 |    560 | pp_row27_13$_DFF_P_/D
      735 |       0 |     133 |        0 |      0 |    41 |    +0.2% |  -26.614 |   -14154.6 |    560 | pp_row27_13$_DFF_P_/D
      739 |       0 |     133 |        0 |      0 |    41 |    +0.2% |  -26.614 |   -14154.6 |    560 | pp_row27_13$_DFF_P_/D
      740 |       0 |     133 |        0 |      0 |    41 |    +0.2% |  -26.614 |   -14154.6 |    560 | pp_row27_13$_DFF_P_/D
      743 |       0 |     133 |        0 |      0 |    41 |    +0.2% |  -26.614 |   -14154.6 |    560 | pp_row27_13$_DFF_P_/D
      747 |       0 |     133 |        0 |      0 |    41 |    +0.2% |  -26.614 |   -14154.6 |    560 | pp_row27_13$_DFF_P_/D
      750 |       0 |     134 |        0 |      0 |    42 |    +0.2% |  -26.659 |   -14160.1 |    560 | pp_row23_9$_DFF_P_/D
      751 |       0 |     133 |        0 |      0 |    41 |    +0.2% |  -26.614 |   -14154.6 |    560 | pp_row27_13$_DFF_P_/D
      755 |       0 |     133 |        0 |      0 |    41 |    +0.2% |  -26.614 |   -14154.6 |    560 | pp_row27_13$_DFF_P_/D
      758 |       0 |     133 |        0 |      0 |    41 |    +0.2% |  -26.614 |   -14154.6 |    560 | pp_row27_13$_DFF_P_/D
      760 |       0 |     134 |        0 |      0 |    41 |    +0.2% |  -26.735 |   -14162.2 |    560 | pp_row25_10$_DFF_P_/D
      762 |       0 |     133 |        0 |      0 |    41 |    +0.2% |  -26.614 |   -14154.6 |    560 | pp_row27_13$_DFF_P_/D
      766 |       0 |     134 |        0 |      0 |    41 |    +0.2% |  -26.614 |   -14162.2 |    560 | pp_row27_13$_DFF_P_/D
      770 |       0 |     135 |        0 |      0 |    43 |    +0.2% |  -26.614 |   -14168.1 |    560 | pp_row27_13$_DFF_P_/D
      770 |       0 |     135 |        0 |      0 |    41 |    +0.2% |  -26.614 |   -14169.7 |    560 | pp_row27_13$_DFF_P_/D
      775 |       0 |     135 |        0 |      0 |    41 |    +0.2% |  -26.614 |   -14169.7 |    560 | pp_row27_13$_DFF_P_/D
      779 |       0 |     135 |        0 |      0 |    41 |    +0.2% |  -26.614 |   -14169.7 |    560 | pp_row27_13$_DFF_P_/D
      780 |       0 |     135 |        0 |      0 |    41 |    +0.2% |  -26.614 |   -14169.7 |    560 | pp_row27_13$_DFF_P_/D
      783 |       0 |     135 |        0 |      0 |    41 |    +0.2% |  -26.614 |   -14169.7 |    560 | pp_row27_13$_DFF_P_/D
      787 |       0 |     135 |        0 |      0 |    41 |    +0.2% |  -26.614 |   -14169.7 |    560 | pp_row27_13$_DFF_P_/D
      790 |       0 |     136 |        0 |      0 |    42 |    +0.2% |  -26.659 |   -14175.2 |    560 | pp_row15_5$_DFF_P_/D
      791 |       0 |     135 |        0 |      0 |    41 |    +0.2% |  -26.614 |   -14169.7 |    560 | pp_row27_13$_DFF_P_/D
      795 |       0 |     135 |        0 |      0 |    41 |    +0.2% |  -26.614 |   -14169.7 |    560 | pp_row27_13$_DFF_P_/D
      799 |       0 |     135 |        0 |      0 |    41 |    +0.2% |  -26.614 |   -14169.7 |    560 | pp_row27_13$_DFF_P_/D
      800 |       0 |     135 |        0 |      0 |    41 |    +0.2% |  -26.614 |   -14169.7 |    560 | pp_row27_13$_DFF_P_/D
      803 |       0 |     135 |        0 |      0 |    41 |    +0.2% |  -26.614 |   -14169.7 |    560 | pp_row27_13$_DFF_P_/D
      807 |       0 |     135 |        0 |      0 |    41 |    +0.2% |  -26.614 |   -14169.7 |    560 | pp_row27_13$_DFF_P_/D
      810 |       0 |     136 |        0 |      0 |    42 |    +0.2% |  -26.813 |   -14175.4 |    560 | pp_row19_0$_DFF_P_/D
      811 |       0 |     135 |        0 |      0 |    41 |    +0.2% |  -26.614 |   -14169.7 |    560 | pp_row27_13$_DFF_P_/D
      814 |       0 |     135 |        0 |      0 |    41 |    +0.2% |  -26.614 |   -14169.7 |    560 | pp_row27_13$_DFF_P_/D
      818 |       0 |     135 |        0 |      0 |    41 |    +0.2% |  -26.614 |   -14169.7 |    560 | pp_row27_13$_DFF_P_/D
      820 |       0 |     136 |        0 |      0 |    41 |    +0.2% |  -26.735 |   -14177.3 |    560 | pp_row28_11$_DFF_P_/D
      822 |       0 |     135 |        0 |      0 |    41 |    +0.2% |  -26.614 |   -14169.7 |    560 | pp_row27_13$_DFF_P_/D
      826 |       0 |     136 |        0 |      0 |    41 |    +0.2% |  -26.614 |   -14177.2 |    560 | pp_row27_13$_DFF_P_/D
      830 |       0 |     137 |        0 |      0 |    43 |    +0.3% |  -26.843 |   -14183.3 |    560 | pp_row28_13$_DFF_P_/D
      835 |       0 |     142 |        0 |      0 |    43 |    +0.3% |  -26.614 |   -14140.9 |    560 | pp_row29_14$_DFF_P_/D
      839 |       0 |     142 |        0 |      0 |    43 |    +0.3% |  -26.614 |   -14140.9 |    560 | pp_row29_14$_DFF_P_/D
      840 |       0 |     142 |        0 |      0 |    43 |    +0.3% |  -26.614 |   -14140.9 |    560 | pp_row29_14$_DFF_P_/D
      843 |       0 |     142 |        0 |      0 |    43 |    +0.3% |  -26.614 |   -14140.9 |    560 | pp_row29_14$_DFF_P_/D
      847 |       0 |     142 |        0 |      0 |    43 |    +0.3% |  -26.614 |   -14140.9 |    560 | pp_row29_14$_DFF_P_/D
      850 |       0 |     143 |        0 |      0 |    44 |    +0.3% |  -26.659 |   -14146.4 |    560 | pp_row15_5$_DFF_P_/D
      851 |       0 |     142 |        0 |      0 |    43 |    +0.3% |  -26.614 |   -14140.9 |    560 | pp_row29_14$_DFF_P_/D
      855 |       0 |     142 |        0 |      0 |    43 |    +0.3% |  -26.614 |   -14140.9 |    560 | pp_row29_14$_DFF_P_/D
      859 |       0 |     142 |        0 |      0 |    43 |    +0.3% |  -26.614 |   -14140.9 |    560 | pp_row29_14$_DFF_P_/D
      860 |       0 |     142 |        0 |      0 |    43 |    +0.3% |  -26.614 |   -14140.9 |    560 | pp_row29_14$_DFF_P_/D
      863 |       0 |     142 |        0 |      0 |    43 |    +0.3% |  -26.614 |   -14140.9 |    560 | pp_row29_14$_DFF_P_/D
      867 |       0 |     142 |        0 |      0 |    43 |    +0.3% |  -26.614 |   -14140.9 |    560 | pp_row29_14$_DFF_P_/D
      870 |       0 |     143 |        0 |      0 |    44 |    +0.3% |  -26.813 |   -14146.6 |    560 | pp_row19_0$_DFF_P_/D
      871 |       0 |     142 |        0 |      0 |    43 |    +0.3% |  -26.614 |   -14140.9 |    560 | pp_row29_14$_DFF_P_/D
      874 |       0 |     142 |        0 |      0 |    43 |    +0.3% |  -26.614 |   -14140.9 |    560 | pp_row29_14$_DFF_P_/D
      878 |       0 |     142 |        0 |      0 |    43 |    +0.3% |  -26.614 |   -14140.9 |    560 | pp_row29_14$_DFF_P_/D
      880 |       0 |     143 |        0 |      0 |    43 |    +0.3% |  -26.735 |   -14148.4 |    560 | pp_row27_11$_DFF_P_/D
      882 |       0 |     142 |        0 |      0 |    43 |    +0.3% |  -26.614 |   -14140.9 |    560 | pp_row29_14$_DFF_P_/D
      886 |       0 |     143 |        0 |      0 |    43 |    +0.3% |  -26.614 |   -14148.4 |    560 | pp_row29_14$_DFF_P_/D
      890 |       0 |     144 |        0 |      0 |    45 |    +0.3% |  -26.614 |   -14154.4 |    560 | pp_row29_14$_DFF_P_/D
      890 |       0 |     144 |        0 |      0 |    43 |    +0.3% |  -26.614 |   -14156.0 |    560 | pp_row29_14$_DFF_P_/D
      895 |       0 |     144 |        0 |      0 |    43 |    +0.3% |  -26.614 |   -14156.0 |    560 | pp_row29_14$_DFF_P_/D
      899 |       0 |     144 |        0 |      0 |    43 |    +0.3% |  -26.614 |   -14156.0 |    560 | pp_row29_14$_DFF_P_/D
      900 |       0 |     144 |        0 |      0 |    43 |    +0.3% |  -26.614 |   -14156.0 |    560 | pp_row29_14$_DFF_P_/D
      903 |       0 |     144 |        0 |      0 |    43 |    +0.3% |  -26.614 |   -14156.0 |    560 | pp_row29_14$_DFF_P_/D
      907 |       0 |     144 |        0 |      0 |    43 |    +0.3% |  -26.614 |   -14156.0 |    560 | pp_row29_14$_DFF_P_/D
      910 |       0 |     145 |        0 |      0 |    44 |    +0.3% |  -26.659 |   -14161.5 |    560 | pp_row15_5$_DFF_P_/D
      911 |       0 |     144 |        0 |      0 |    43 |    +0.3% |  -26.614 |   -14156.0 |    560 | pp_row29_14$_DFF_P_/D
      915 |       0 |     144 |        0 |      0 |    43 |    +0.3% |  -26.614 |   -14156.0 |    560 | pp_row29_14$_DFF_P_/D
      919 |       0 |     144 |        0 |      0 |    43 |    +0.3% |  -26.614 |   -14156.0 |    560 | pp_row29_14$_DFF_P_/D
      920 |       0 |     144 |        0 |      0 |    43 |    +0.3% |  -26.614 |   -14156.0 |    560 | pp_row29_14$_DFF_P_/D
      923 |       0 |     144 |        0 |      0 |    43 |    +0.3% |  -26.614 |   -14156.0 |    560 | pp_row29_14$_DFF_P_/D
      927 |       0 |     144 |        0 |      0 |    43 |    +0.3% |  -26.614 |   -14156.0 |    560 | pp_row29_14$_DFF_P_/D
      930 |       0 |     145 |        0 |      0 |    44 |    +0.3% |  -26.813 |   -14161.7 |    560 | pp_row19_0$_DFF_P_/D
      931 |       0 |     144 |        0 |      0 |    43 |    +0.3% |  -26.614 |   -14156.0 |    560 | pp_row29_14$_DFF_P_/D
      937 |       0 |     147 |        0 |      0 |    45 |    +0.3% |  -26.614 |   -14155.4 |    560 | pp_row29_14$_DFF_P_/D
      940 |       0 |     148 |        0 |      0 |    46 |    +0.3% |  -26.659 |   -14160.9 |    560 | pp_row25_10$_DFF_P_/D
      941 |       0 |     147 |        0 |      0 |    45 |    +0.3% |  -26.614 |   -14155.4 |    560 | pp_row29_14$_DFF_P_/D
      945 |       0 |     147 |        0 |      0 |    45 |    +0.3% |  -26.614 |   -14155.4 |    560 | pp_row29_14$_DFF_P_/D
      949 |       0 |     147 |        0 |      0 |    45 |    +0.3% |  -26.614 |   -14155.4 |    560 | pp_row29_14$_DFF_P_/D
      950 |       0 |     147 |        0 |      0 |    45 |    +0.3% |  -26.614 |   -14155.4 |    560 | pp_row29_14$_DFF_P_/D
      953 |       0 |     148 |        0 |      0 |    45 |    +0.3% |  -26.614 |   -14162.9 |    560 | pp_row29_14$_DFF_P_/D
      960 |       0 |     152 |        0 |      0 |    47 |    +0.3% |  -26.614 |   -14128.9 |    560 | pp_row31_15$_DFF_P_/D
      962 |       0 |     154 |        0 |      0 |    47 |    +0.3% |  -26.614 |   -14126.6 |    560 | pp_row31_15$_DFF_P_/D
      966 |       0 |     154 |        0 |      0 |    47 |    +0.3% |  -26.614 |   -14126.6 |    560 | pp_row31_15$_DFF_P_/D
      970 |       0 |     155 |        0 |      0 |    49 |    +0.3% |  -26.659 |   -14132.4 |    560 | pp_row14_3$_DFF_P_/D
      970 |       0 |     154 |        0 |      0 |    47 |    +0.3% |  -26.614 |   -14126.6 |    560 | pp_row31_15$_DFF_P_/D
      974 |       0 |     154 |        0 |      0 |    47 |    +0.3% |  -26.614 |   -14126.6 |    560 | pp_row31_15$_DFF_P_/D
      978 |       0 |     154 |        0 |      0 |    47 |    +0.3% |  -26.614 |   -14126.6 |    560 | pp_row31_15$_DFF_P_/D
      980 |       0 |     155 |        0 |      0 |    47 |    +0.3% |  -26.735 |   -14134.1 |    560 | pp_row17_6$_DFF_P_/D
      982 |       0 |     154 |        0 |      0 |    47 |    +0.3% |  -26.614 |   -14126.6 |    560 | pp_row31_15$_DFF_P_/D
      986 |       0 |     154 |        0 |      0 |    47 |    +0.3% |  -26.614 |   -14126.6 |    560 | pp_row31_15$_DFF_P_/D
      990 |       0 |     155 |        0 |      0 |    49 |    +0.3% |  -26.659 |   -14132.4 |    560 | pp_row21_8$_DFF_P_/D
      990 |       0 |     154 |        0 |      0 |    47 |    +0.3% |  -26.614 |   -14126.6 |    560 | pp_row31_15$_DFF_P_/D
      994 |       0 |     154 |        0 |      0 |    47 |    +0.3% |  -26.614 |   -14126.6 |    560 | pp_row31_15$_DFF_P_/D
      998 |       0 |     154 |        0 |      0 |    47 |    +0.3% |  -26.614 |   -14126.6 |    560 | pp_row31_15$_DFF_P_/D
     1000 |       0 |     154 |        0 |      0 |    48 |    +0.3% |  -26.614 |   -14126.6 |    560 | pp_row31_15$_DFF_P_/D
     1003 |       0 |     154 |        0 |      0 |    47 |    +0.3% |  -26.614 |   -14126.6 |    560 | pp_row31_15$_DFF_P_/D
     1007 |       0 |     154 |        0 |      0 |    47 |    +0.3% |  -26.614 |   -14126.6 |    560 | pp_row31_15$_DFF_P_/D
     1010 |       0 |     155 |        0 |      0 |    48 |    +0.3% |  -26.664 |   -14131.7 |    560 | pp_row14_1$_DFF_P_/D
     1011 |       0 |     154 |        0 |      0 |    47 |    +0.3% |  -26.614 |   -14126.6 |    560 | pp_row31_15$_DFF_P_/D
     1015 |       0 |     154 |        0 |      0 |    47 |    +0.3% |  -26.614 |   -14126.6 |    560 | pp_row31_15$_DFF_P_/D
     1019 |       0 |     154 |        0 |      0 |    47 |    +0.3% |  -26.614 |   -14126.6 |    560 | pp_row31_15$_DFF_P_/D
     1020 |       0 |     154 |        0 |      0 |    47 |    +0.3% |  -26.614 |   -14126.6 |    560 | pp_row31_15$_DFF_P_/D
     1023 |       0 |     154 |        0 |      0 |    47 |    +0.3% |  -26.614 |   -14126.6 |    560 | pp_row31_15$_DFF_P_/D
     1027 |       0 |     155 |        0 |      0 |    47 |    +0.3% |  -26.614 |   -14134.1 |    560 | pp_row31_15$_DFF_P_/D
     1030 |       0 |     156 |        0 |      0 |    48 |    +0.3% |  -26.614 |   -14139.7 |    560 | pp_row31_15$_DFF_P_/D
     1031 |       0 |     156 |        0 |      0 |    47 |    +0.3% |  -26.614 |   -14141.6 |    560 | pp_row31_15$_DFF_P_/D
     1036 |       0 |     156 |        0 |      0 |    47 |    +0.3% |  -26.614 |   -14141.6 |    560 | pp_row31_15$_DFF_P_/D
     1040 |       0 |     157 |        0 |      0 |    49 |    +0.3% |  -26.659 |   -14147.5 |    560 | pp_row14_2$_DFF_P_/D
     1040 |       0 |     156 |        0 |      0 |    47 |    +0.3% |  -26.614 |   -14141.6 |    560 | pp_row31_15$_DFF_P_/D
     1044 |       0 |     156 |        0 |      0 |    47 |    +0.3% |  -26.614 |   -14141.6 |    560 | pp_row31_15$_DFF_P_/D
     1048 |       0 |     156 |        0 |      0 |    47 |    +0.3% |  -26.614 |   -14141.6 |    560 | pp_row31_15$_DFF_P_/D
     1050 |       0 |     157 |        0 |      0 |    47 |    +0.3% |  -26.735 |   -14149.2 |    560 | pp_row15_5$_DFF_P_/D
     1052 |       0 |     156 |        0 |      0 |    47 |    +0.3% |  -26.614 |   -14141.6 |    560 | pp_row31_15$_DFF_P_/D
     1056 |       0 |     156 |        0 |      0 |    47 |    +0.3% |  -26.614 |   -14141.6 |    560 | pp_row31_15$_DFF_P_/D
     1060 |       0 |     157 |        0 |      0 |    49 |    +0.3% |  -26.659 |   -14147.5 |    560 | pp_row19_7$_DFF_P_/D
     1060 |       0 |     156 |        0 |      0 |    47 |    +0.3% |  -26.614 |   -14141.6 |    560 | pp_row31_15$_DFF_P_/D
     1064 |       0 |     156 |        0 |      0 |    47 |    +0.3% |  -26.614 |   -14141.6 |    560 | pp_row31_15$_DFF_P_/D
     1068 |       0 |     156 |        0 |      0 |    47 |    +0.3% |  -26.614 |   -14141.6 |    560 | pp_row31_15$_DFF_P_/D
     1070 |       0 |     157 |        0 |      0 |    47 |    +0.3% |  -26.889 |   -14149.1 |    560 | pp_row19_0$_DFF_P_/D
     1072 |       0 |     156 |        0 |      0 |    47 |    +0.3% |  -26.614 |   -14141.6 |    560 | pp_row31_15$_DFF_P_/D
     1076 |       0 |     156 |        0 |      0 |    47 |    +0.3% |  -26.614 |   -14141.6 |    560 | pp_row31_15$_DFF_P_/D
     1080 |       0 |     157 |        0 |      0 |    49 |    +0.3% |  -26.659 |   -14147.5 |    560 | pp_row25_10$_DFF_P_/D
     1080 |       0 |     156 |        0 |      0 |    47 |    +0.3% |  -26.614 |   -14141.6 |    560 | pp_row31_15$_DFF_P_/D
     1084 |       0 |     156 |        0 |      0 |    47 |    +0.3% |  -26.614 |   -14141.6 |    560 | pp_row31_15$_DFF_P_/D
     1088 |       0 |     156 |        0 |      0 |    47 |    +0.3% |  -26.614 |   -14141.6 |    560 | pp_row31_15$_DFF_P_/D
     1090 |       0 |     157 |        0 |      0 |    47 |    +0.3% |  -26.735 |   -14149.2 |    560 | pp_row32_13$_DFF_P_/D
     1092 |       0 |     156 |        0 |      0 |    47 |    +0.3% |  -26.614 |   -14141.6 |    560 | pp_row31_15$_DFF_P_/D
     1096 |       0 |     157 |        0 |      0 |    47 |    +0.3% |  -26.614 |   -14149.2 |    560 | pp_row31_15$_DFF_P_/D
     1100 |       0 |     158 |        0 |      0 |    49 |    +0.3% |  -26.843 |   -14155.2 |    560 | pp_row32_15$_DFF_P_/D
     1100 |       0 |     157 |        0 |      0 |    47 |    +0.3% |  -26.614 |   -14149.2 |    560 | pp_row31_15$_DFF_P_/D
     1104 |       0 |     157 |        0 |      0 |    47 |    +0.3% |  -26.614 |   -14149.2 |    560 | pp_row31_15$_DFF_P_/D
     1108 |       0 |     157 |        0 |      0 |    47 |    +0.3% |  -26.614 |   -14149.2 |    560 | pp_row31_15$_DFF_P_/D
     1110 |       0 |     158 |        0 |      0 |    47 |    +0.3% |  -26.735 |   -14156.8 |    560 | pp_row14_4$_DFF_P_/D
     1112 |       0 |     157 |        0 |      0 |    47 |    +0.3% |  -26.614 |   -14149.2 |    560 | pp_row31_15$_DFF_P_/D
     1116 |       0 |     157 |        0 |      0 |    47 |    +0.3% |  -26.614 |   -14149.2 |    560 | pp_row31_15$_DFF_P_/D
     1120 |       0 |     158 |        0 |      0 |    49 |    +0.3% |  -26.659 |   -14155.1 |    560 | pp_row17_6$_DFF_P_/D
     1120 |       0 |     157 |        0 |      0 |    47 |    +0.3% |  -26.614 |   -14149.2 |    560 | pp_row31_15$_DFF_P_/D
     1124 |       0 |     157 |        0 |      0 |    47 |    +0.3% |  -26.614 |   -14149.2 |    560 | pp_row31_15$_DFF_P_/D
     1128 |       0 |     157 |        0 |      0 |    47 |    +0.3% |  -26.614 |   -14149.2 |    560 | pp_row31_15$_DFF_P_/D
     1130 |       0 |     158 |        0 |      0 |    47 |    +0.3% |  -26.735 |   -14156.8 |    560 | pp_row23_9$_DFF_P_/D
     1132 |       0 |     157 |        0 |      0 |    47 |    +0.3% |  -26.614 |   -14149.2 |    560 | pp_row31_15$_DFF_P_/D
     1136 |       0 |     157 |        0 |      0 |    47 |    +0.3% |  -26.614 |   -14149.2 |    560 | pp_row31_15$_DFF_P_/D
     1140 |       0 |     158 |        0 |      0 |    49 |    +0.3% |  -26.659 |   -14155.1 |    560 | pp_row25_10$_DFF_P_/D
     1140 |       0 |     157 |        0 |      0 |    47 |    +0.3% |  -26.614 |   -14149.2 |    560 | pp_row31_15$_DFF_P_/D
     1144 |       0 |     157 |        0 |      0 |    47 |    +0.3% |  -26.614 |   -14149.2 |    560 | pp_row31_15$_DFF_P_/D
     1148 |       0 |     157 |        0 |      0 |    47 |    +0.3% |  -26.614 |   -14149.2 |    560 | pp_row31_15$_DFF_P_/D
     1150 |       0 |     158 |        0 |      0 |    47 |    +0.3% |  -26.735 |   -14156.8 |    560 | pp_row31_13$_DFF_P_/D
     1152 |       0 |     157 |        0 |      0 |    47 |    +0.3% |  -26.614 |   -14149.2 |    560 | pp_row31_15$_DFF_P_/D
     1156 |       0 |     158 |        0 |      0 |    47 |    +0.3% |  -26.614 |   -14156.8 |    560 | pp_row31_15$_DFF_P_/D
     1160 |       0 |     159 |        0 |      0 |    49 |    +0.3% |  -26.843 |   -14162.8 |    560 | pp_row31_15$_DFF_P_/D
     1165 |       0 |     164 |        0 |      0 |    49 |    +0.3% |  -26.591 |   -14120.4 |    560 | pp_row19_0$_DFF_P_/D
     1169 |       0 |     164 |        0 |      0 |    49 |    +0.3% |  -26.591 |   -14120.4 |    560 | pp_row19_0$_DFF_P_/D
     1170 |       0 |     164 |        0 |      0 |    49 |    +0.3% |  -26.591 |   -14120.4 |    560 | pp_row19_0$_DFF_P_/D
     1173 |       0 |     164 |        0 |      0 |    49 |    +0.3% |  -26.591 |   -14120.4 |    560 | pp_row19_0$_DFF_P_/D
     1177 |       0 |     164 |        0 |      0 |    49 |    +0.3% |  -26.591 |   -14120.4 |    560 | pp_row19_0$_DFF_P_/D
     1180 |       0 |     165 |        0 |      0 |    50 |    +0.3% |  -26.659 |   -14125.9 |    560 | pp_row15_5$_DFF_P_/D
     1181 |       0 |     164 |        0 |      0 |    49 |    +0.3% |  -26.591 |   -14120.4 |    560 | pp_row19_0$_DFF_P_/D
     1185 |       0 |     164 |        0 |      0 |    49 |    +0.3% |  -26.591 |   -14120.4 |    560 | pp_row19_0$_DFF_P_/D
     1189 |       0 |     164 |        0 |      0 |    49 |    +0.3% |  -26.591 |   -14120.4 |    560 | pp_row19_0$_DFF_P_/D
     1190 |       0 |     164 |        0 |      0 |    49 |    +0.3% |  -26.591 |   -14120.4 |    560 | pp_row19_0$_DFF_P_/D
     1193 |       0 |     164 |        0 |      0 |    49 |    +0.3% |  -26.591 |   -14120.4 |    560 | pp_row19_0$_DFF_P_/D
     1197 |       0 |     164 |        0 |      0 |    49 |    +0.3% |  -26.591 |   -14120.4 |    560 | pp_row19_0$_DFF_P_/D
     1200 |       0 |     165 |        0 |      0 |    50 |    +0.3% |  -26.664 |   -14125.5 |    560 | pp_row14_1$_DFF_P_/D
     1201 |       0 |     164 |        0 |      0 |    49 |    +0.3% |  -26.591 |   -14120.4 |    560 | pp_row19_0$_DFF_P_/D
     1205 |       0 |     164 |        0 |      0 |    49 |    +0.3% |  -26.591 |   -14120.4 |    560 | pp_row19_0$_DFF_P_/D
     1209 |       0 |     164 |        0 |      0 |    49 |    +0.3% |  -26.591 |   -14120.4 |    560 | pp_row19_0$_DFF_P_/D
     1210 |       0 |     164 |        0 |      0 |    49 |    +0.3% |  -26.591 |   -14120.4 |    560 | pp_row19_0$_DFF_P_/D
     1213 |       0 |     164 |        0 |      0 |    49 |    +0.3% |  -26.591 |   -14120.4 |    560 | pp_row19_0$_DFF_P_/D
     1217 |       0 |     164 |        0 |      0 |    49 |    +0.3% |  -26.591 |   -14120.4 |    560 | pp_row19_0$_DFF_P_/D
     1220 |       0 |     165 |        0 |      0 |    50 |    +0.3% |  -26.659 |   -14125.9 |    560 | pp_row34_14$_DFF_P_/D
     1221 |       0 |     164 |        0 |      0 |    49 |    +0.3% |  -26.591 |   -14120.4 |    560 | pp_row19_0$_DFF_P_/D
     1225 |       0 |     165 |        0 |      0 |    49 |    +0.3% |  -26.591 |   -14127.9 |    560 | pp_row19_0$_DFF_P_/D
     1229 |       0 |     165 |        0 |      0 |    49 |    +0.3% |  -26.591 |   -14127.9 |    560 | pp_row19_0$_DFF_P_/D
     1230 |       0 |     165 |        0 |      0 |    49 |    +0.3% |  -26.591 |   -14127.9 |    560 | pp_row19_0$_DFF_P_/D
     1233 |       0 |     165 |        0 |      0 |    49 |    +0.3% |  -26.591 |   -14127.9 |    560 | pp_row19_0$_DFF_P_/D
     1237 |       0 |     165 |        0 |      0 |    49 |    +0.3% |  -26.591 |   -14127.9 |    560 | pp_row19_0$_DFF_P_/D
     1240 |       0 |     166 |        0 |      0 |    50 |    +0.3% |  -26.659 |   -14133.4 |    560 | pp_row15_5$_DFF_P_/D
     1241 |       0 |     165 |        0 |      0 |    49 |    +0.3% |  -26.591 |   -14127.9 |    560 | pp_row19_0$_DFF_P_/D
     1245 |       0 |     165 |        0 |      0 |    49 |    +0.3% |  -26.591 |   -14127.9 |    560 | pp_row19_0$_DFF_P_/D
     1249 |       0 |     165 |        0 |      0 |    49 |    +0.3% |  -26.591 |   -14127.9 |    560 | pp_row19_0$_DFF_P_/D
     1250 |       0 |     165 |        0 |      0 |    49 |    +0.3% |  -26.591 |   -14127.9 |    560 | pp_row19_0$_DFF_P_/D
     1253 |       0 |     165 |        0 |      0 |    49 |    +0.3% |  -26.591 |   -14127.9 |    560 | pp_row19_0$_DFF_P_/D
     1257 |       0 |     165 |        0 |      0 |    49 |    +0.3% |  -26.591 |   -14127.9 |    560 | pp_row19_0$_DFF_P_/D
     1260 |       0 |     166 |        0 |      0 |    50 |    +0.3% |  -26.659 |   -14133.4 |    560 | pp_row25_10$_DFF_P_/D
     1261 |       0 |     165 |        0 |      0 |    49 |    +0.3% |  -26.591 |   -14127.9 |    560 | pp_row19_0$_DFF_P_/D
     1265 |       0 |     165 |        0 |      0 |    49 |    +0.3% |  -26.591 |   -14127.9 |    560 | pp_row19_0$_DFF_P_/D
     1269 |       0 |     165 |        0 |      0 |    49 |    +0.3% |  -26.591 |   -14127.9 |    560 | pp_row19_0$_DFF_P_/D
     1270 |       0 |     165 |        0 |      0 |    49 |    +0.3% |  -26.591 |   -14127.9 |    560 | pp_row19_0$_DFF_P_/D
     1273 |       0 |     165 |        0 |      0 |    49 |    +0.3% |  -26.591 |   -14127.9 |    560 | pp_row19_0$_DFF_P_/D
     1277 |       0 |     165 |        0 |      0 |    49 |    +0.3% |  -26.591 |   -14127.9 |    560 | pp_row19_0$_DFF_P_/D
     1280 |       0 |     166 |        0 |      0 |    50 |    +0.3% |  -26.591 |   -14133.5 |    560 | pp_row19_0$_DFF_P_/D
     1281 |       0 |     166 |        0 |      0 |    49 |    +0.3% |  -26.591 |   -14135.5 |    560 | pp_row19_0$_DFF_P_/D
     1285 |       0 |     166 |        0 |      0 |    49 |    +0.3% |  -26.591 |   -14135.5 |    560 | pp_row19_0$_DFF_P_/D
     1289 |       0 |     166 |        0 |      0 |    49 |    +0.3% |  -26.591 |   -14135.5 |    560 | pp_row19_0$_DFF_P_/D
     1290 |       0 |     166 |        0 |      0 |    49 |    +0.3% |  -26.591 |   -14135.5 |    560 | pp_row19_0$_DFF_P_/D
     1293 |       0 |     166 |        0 |      0 |    49 |    +0.3% |  -26.591 |   -14135.5 |    560 | pp_row19_0$_DFF_P_/D
     1297 |       0 |     166 |        0 |      0 |    49 |    +0.3% |  -26.591 |   -14135.5 |    560 | pp_row19_0$_DFF_P_/D
     1300 |       0 |     167 |        0 |      0 |    50 |    +0.3% |  -26.659 |   -14141.0 |    560 | pp_row17_6$_DFF_P_/D
     1300 |       0 |     166 |        0 |      0 |    49 |    +0.3% |  -26.591 |   -14135.5 |    560 | pp_row19_0$_DFF_P_/D
     1304 |       0 |     166 |        0 |      0 |    49 |    +0.3% |  -26.591 |   -14135.5 |    560 | pp_row19_0$_DFF_P_/D
     1308 |       0 |     166 |        0 |      0 |    49 |    +0.3% |  -26.591 |   -14135.5 |    560 | pp_row19_0$_DFF_P_/D
     1310 |       0 |     167 |        0 |      0 |    49 |    +0.3% |  -26.735 |   -14143.0 |    560 | pp_row23_9$_DFF_P_/D
     1312 |       0 |     166 |        0 |      0 |    49 |    +0.3% |  -26.591 |   -14135.5 |    560 | pp_row19_0$_DFF_P_/D
     1316 |       0 |     166 |        0 |      0 |    49 |    +0.3% |  -26.591 |   -14135.5 |    560 | pp_row19_0$_DFF_P_/D
     1320 |       0 |     167 |        0 |      0 |    51 |    +0.3% |  -26.659 |   -14141.3 |    560 | pp_row27_11$_DFF_P_/D
     1320 |       0 |     166 |        0 |      0 |    49 |    +0.3% |  -26.591 |   -14135.5 |    560 | pp_row19_0$_DFF_P_/D
     1324 |       0 |     166 |        0 |      0 |    49 |    +0.3% |  -26.591 |   -14135.5 |    560 | pp_row19_0$_DFF_P_/D
     1328 |       0 |     166 |        0 |      0 |    49 |    +0.3% |  -26.591 |   -14135.5 |    560 | pp_row19_0$_DFF_P_/D
     1330 |       0 |     167 |        0 |      0 |    49 |    +0.3% |  -26.735 |   -14143.0 |    560 | pp_row33_14$_DFF_P_/D
     1332 |       0 |     166 |        0 |      0 |    49 |    +0.3% |  -26.591 |   -14135.5 |    560 | pp_row19_0$_DFF_P_/D
     1336 |       0 |     167 |        0 |      0 |    49 |    +0.3% |  -26.591 |   -14143.0 |    560 | pp_row19_0$_DFF_P_/D
     1340 |       0 |     168 |        0 |      0 |    51 |    +0.3% |  -26.659 |   -14148.9 |    560 | pp_row14_2$_DFF_P_/D
     1340 |       0 |     167 |        0 |      0 |    49 |    +0.3% |  -26.591 |   -14143.0 |    560 | pp_row19_0$_DFF_P_/D
     1344 |       0 |     167 |        0 |      0 |    49 |    +0.3% |  -26.591 |   -14143.0 |    560 | pp_row19_0$_DFF_P_/D
     1348 |       0 |     167 |        0 |      0 |    49 |    +0.3% |  -26.591 |   -14143.0 |    560 | pp_row19_0$_DFF_P_/D
     1350 |       0 |     168 |        0 |      0 |    49 |    +0.3% |  -26.735 |   -14150.6 |    560 | pp_row15_5$_DFF_P_/D
     1352 |       0 |     167 |        0 |      0 |    49 |    +0.3% |  -26.591 |   -14143.0 |    560 | pp_row19_0$_DFF_P_/D
     1356 |       0 |     167 |        0 |      0 |    49 |    +0.3% |  -26.591 |   -14143.0 |    560 | pp_row19_0$_DFF_P_/D
     1360 |       0 |     168 |        0 |      0 |    51 |    +0.3% |  -26.659 |   -14148.9 |    560 | pp_row19_7$_DFF_P_/D
     1360 |       0 |     167 |        0 |      0 |    49 |    +0.3% |  -26.591 |   -14143.0 |    560 | pp_row19_0$_DFF_P_/D
     1364 |       0 |     167 |        0 |      0 |    49 |    +0.3% |  -26.591 |   -14143.0 |    560 | pp_row19_0$_DFF_P_/D
     1368 |       0 |     167 |        0 |      0 |    49 |    +0.3% |  -26.591 |   -14143.0 |    560 | pp_row19_0$_DFF_P_/D
     1370 |       0 |     168 |        0 |      0 |    49 |    +0.3% |  -26.735 |   -14150.6 |    560 | pp_row27_11$_DFF_P_/D
     1372 |       0 |     167 |        0 |      0 |    49 |    +0.3% |  -26.591 |   -14143.0 |    560 | pp_row19_0$_DFF_P_/D
     1376 |       0 |     167 |        0 |      0 |    49 |    +0.3% |  -26.591 |   -14143.0 |    560 | pp_row19_0$_DFF_P_/D
     1380 |       0 |     168 |        0 |      0 |    51 |    +0.3% |  -26.659 |   -14148.9 |    560 | pp_row31_13$_DFF_P_/D
     1380 |       0 |     167 |        0 |      0 |    49 |    +0.3% |  -26.591 |   -14143.0 |    560 | pp_row19_0$_DFF_P_/D
     1384 |       0 |     167 |        0 |      0 |    49 |    +0.3% |  -26.591 |   -14143.0 |    560 | pp_row19_0$_DFF_P_/D
     1388 |       0 |     167 |        0 |      0 |    49 |    +0.3% |  -26.591 |   -14143.0 |    560 | pp_row19_0$_DFF_P_/D
     1390 |       0 |     168 |        0 |      0 |    49 |    +0.3% |  -26.735 |   -14150.6 |    560 | pp_row14_3$_DFF_P_/D
     1392 |       0 |     167 |        0 |      0 |    49 |    +0.3% |  -26.591 |   -14143.0 |    560 | pp_row19_0$_DFF_P_/D
     1396 |       0 |     167 |        0 |      0 |    49 |    +0.3% |  -26.591 |   -14143.0 |    560 | pp_row19_0$_DFF_P_/D
     1400 |       0 |     168 |        0 |      0 |    51 |    +0.3% |  -26.659 |   -14148.9 |    560 | pp_row15_5$_DFF_P_/D
     1400 |       0 |     167 |        0 |      0 |    49 |    +0.3% |  -26.591 |   -14143.0 |    560 | pp_row19_0$_DFF_P_/D
    final |       0 |     167 |        0 |      0 |    49 |    +0.3% |  -26.591 |   -14143.0 |    560 | pp_row19_0$_DFF_P_/D
--------------------------------------------------------------------------------------------------------------
[INFO RSZ-0051] Resized 167 instances: 167 up, 0 up match, 0 down, 0 VT
[INFO RSZ-0043] Swapped pins on 49 instances.
[WARNING RSZ-0062] Unable to repair all setup violations.
Took 48 seconds: repair_timing -setup_margin 0 -hold_margin 0 -repair_tns 100 -skip_last_gasp -setup -skip_last_gasp -sequence unbuffer,sizeup,swap,vt_swap -verbose
Default units for flow
 time 1ps
 capacitance 1fF
 resistance 1kohm
 voltage 1v
 current 1mA
 power 1pW
 distance 1um
   Layer   | Unit Resistance | Unit Capacitance 
           |       (kohm/um) |          (fF/um)
------------------------------------------------
        M1 |        7.04e-02 |         1.00e-10
        M2 |        4.62e-02 |         1.85e-01
        M3 |        3.63e-02 |         1.54e-01
        M4 |        2.03e-02 |         1.89e-01
        M5 |        1.93e-02 |         1.72e-01
        M6 |        1.19e-02 |         1.76e-01
        M7 |        1.25e-02 |         1.47e-01
        M8 |        0.00e+00 |         0.00e+00
        M9 |        0.00e+00 |         0.00e+00
       Pad |        0.00e+00 |         0.00e+00
------------------------------------------------

   Layer   | Via Resistance 
           |         (kohm) 
----------------------------
        V1 |       1.72e-02 
        V2 |       1.72e-02 
        V3 |       1.72e-02 
        V4 |       1.18e-02 
        V5 |       1.18e-02 
        V6 |       8.20e-03 
        V7 |       8.20e-03 
        V8 |       6.30e-03 
        V9 |       0.00e+00 
----------------------------
Report metrics stage 2, floorplan final...

==========================================================================
floorplan final report_design_area
--------------------------------------------------------------------------
Design area 673 um^2 41% utilization.
write_db bazel-out/k8-fastbuild/bin/vlsiffra/results/asap7/multiplier/base/2_1_floorplan.odb
write_sdc -no_timestamp bazel-out/k8-fastbuild/bin/vlsiffra/results/asap7/multiplier/base/2_1_floorplan.sdc
Elapsed time: 0:50.66[h:]min:sec. CPU time: user 43.07 sys 9.11 (103%). Peak memory: 240448KB.
Log                        Elapsed/s Peak Memory/MB  sha1sum .odb [0:20)
2_1_floorplan                     50            234 df6b5ce0b66505a65a2f
