OpenROAD 26Q1-1929-g7cf7b720fd 
Features included (+) or not (-): +GPU +GUI +Python
This program is licensed under the BSD-3 license. See the LICENSE file for details.
Components of this program may be licensed under more restrictive licenses which must be honored.
[INFO ORD-0030] Using 16 thread(s).
source external/bazel-orfs++orfs_repositories+docker_orfs/OpenROAD-flow-scripts/flow/platforms/asap7/liberty_suppressions.tcl
read_liberty external/bazel-orfs++orfs_repositories+docker_orfs/OpenROAD-flow-scripts/flow/platforms/asap7/lib/NLDM/asap7sc7p5t_AO_RVT_FF_nldm_211120.lib.gz
read_liberty external/bazel-orfs++orfs_repositories+docker_orfs/OpenROAD-flow-scripts/flow/platforms/asap7/lib/NLDM/asap7sc7p5t_INVBUF_RVT_FF_nldm_220122.lib.gz
read_liberty external/bazel-orfs++orfs_repositories+docker_orfs/OpenROAD-flow-scripts/flow/platforms/asap7/lib/NLDM/asap7sc7p5t_OA_RVT_FF_nldm_211120.lib.gz
read_liberty external/bazel-orfs++orfs_repositories+docker_orfs/OpenROAD-flow-scripts/flow/platforms/asap7/lib/NLDM/asap7sc7p5t_SIMPLE_RVT_FF_nldm_211120.lib.gz
read_liberty external/bazel-orfs++orfs_repositories+docker_orfs/OpenROAD-flow-scripts/flow/platforms/asap7/lib/NLDM/asap7sc7p5t_SEQ_RVT_FF_nldm_220123.lib
read_db -hier bazel-out/k8-fastbuild/bin/vlsiffra/results/asap7/multiplier/base/3_2_place_iop.odb
[WARNING ORD-0012] Hierarchical flow (-hier) is currently in development and may cause multiple issues. Do not use in production environments.
source external/bazel-orfs++orfs_repositories+docker_orfs/OpenROAD-flow-scripts/flow/platforms/asap7/setRC.tcl
Perform port buffering...
[INFO RSZ-0027] Inserted 64 BUFx2_ASAP7_75t_R input buffers.
[INFO RSZ-0028] Inserted 64 BUFx2_ASAP7_75t_R output buffers.
global_placement -density 0.41 -pad_left 1 -pad_right 1 -force_center_initial_place -min_phi_coef 0.95 -max_phi_coef 1.05
[INFO GPL-0001] ---- Initialize GPL Main Data Structures
[INFO GPL-0002] DBU: 1000
[INFO GPL-0003] SiteSize: (  0.054  0.270 ) um
[INFO GPL-0004] CoreBBox: (  1.026  1.080 ) ( 41.796 41.580 ) um
[INFO GPL-0036] Movable instances area:        839.618 um^2
[INFO GPL-0037] Total instances area:          839.618 um^2
[INFO GPL-0035] Pin density area adjust:        43.233 um^2
[INFO GPL-0032] ---- Initialize Region: Top-level
[INFO GPL-0006] Number of instances:              5398
[INFO GPL-0007] Movable instances:                5398
[INFO GPL-0008] Fixed instances:                     0
[INFO GPL-0009] Dummy instances:                     0
[INFO GPL-0010] Number of nets:                   6052
[INFO GPL-0011] Number of pins:                  16565
[INFO GPL-0012] Die BBox:  (  0.000  0.000 ) ( 42.831 42.831 ) um
[INFO GPL-0013] Core BBox: (  1.026  1.080 ) ( 41.796 41.580 ) um
[INFO GPL-0016] Core area:                    1651.185 um^2
[INFO GPL-0014] Region name: top-level.
[INFO GPL-0015] Region area:                  1651.185 um^2
[INFO GPL-0017] Fixed instances area:            0.000 um^2
[INFO GPL-0018] Movable instances area:        882.851 um^2
[INFO GPL-0019] Utilization:                    53.468 %
[INFO GPL-0020] Standard cells area:           882.851 um^2
[INFO GPL-0021] Large instances area:            0.000 um^2
[INFO GPL-0005] ---- Execute Conjugate Gradient Initial Placement.
[INFO GPL-0051] Source of initial instance position counters:
	Odb location = 0	Core center = 5398	Region center = 0
[InitialPlace]  Iter: 1 conjugate gradient residual: 0.00000247 HPWL: 17553838
[InitialPlace]  Iter: 2 conjugate gradient residual: 0.00000137 HPWL: 10936949
[InitialPlace]  Iter: 3 conjugate gradient residual: 0.00000062 HPWL: 11165946
[InitialPlace]  Iter: 4 conjugate gradient residual: 0.00000012 HPWL: 11163510
[InitialPlace]  Iter: 5 conjugate gradient residual: 0.00000010 HPWL: 11195312
[INFO GPL-0033] ---- Initialize Nesterov Region: Top-level
[WARNING GPL-0302] Target density 0.4100 is too low for the available free area.
Automatically adjusting to uniform density 0.5400.
[INFO GPL-0023] Placement target density:       0.5400
[INFO GPL-0024] Movable insts average area:      0.164 um^2
[INFO GPL-0025] Ideal bin area:                  0.303 um^2
[INFO GPL-0026] Ideal bin count:                  5451
[INFO GPL-0027] Total bin area:               1651.185 um^2
[INFO GPL-0028] Bin count (X, Y):          64 ,     64
[INFO GPL-0029] Bin size (W * H):       0.637 *  0.633 um
[INFO GPL-0030] Number of bins:                   4096
[INFO GPL-0007] ---- Execute Nesterov Global Placement.
[INFO GPL-0031] HPWL: Half-Perimeter Wirelength
Iteration | Overflow |     HPWL (um) |  HPWL(%) |   Penalty | Group
---------------------------------------------------------------
        0 |   0.9276 |  7.992496e+03 |   +0.00% |  8.01e-13 |      
       10 |   0.9201 |  5.697037e+03 |  -28.72% |  1.30e-12 |      
       20 |   0.9173 |  5.797473e+03 |   +1.76% |  2.12e-12 |      
       30 |   0.9147 |  5.892492e+03 |   +1.64% |  3.46e-12 |      
       40 |   0.9131 |  5.945387e+03 |   +0.90% |  5.64e-12 |      
       50 |   0.9122 |  6.001205e+03 |   +0.94% |  9.18e-12 |      
       60 |   0.9127 |  6.046781e+03 |   +0.76% |  1.50e-11 |      
       70 |   0.9130 |  6.085886e+03 |   +0.65% |  2.44e-11 |      
       80 |   0.9081 |  6.130280e+03 |   +0.73% |  3.97e-11 |      
       90 |   0.9096 |  6.191911e+03 |   +1.01% |  6.46e-11 |      
      100 |   0.9063 |  6.284944e+03 |   +1.50% |  1.05e-10 |      
      110 |   0.8988 |  6.418922e+03 |   +2.13% |  1.72e-10 |      
      120 |   0.8910 |  6.601664e+03 |   +2.85% |  2.79e-10 |      
      130 |   0.8800 |  6.843215e+03 |   +3.66% |  4.55e-10 |      
      140 |   0.8659 |  7.156968e+03 |   +4.58% |  7.41e-10 |      
      150 |   0.8479 |  7.513361e+03 |   +4.98% |  1.21e-09 |      
      160 |   0.8250 |  7.949990e+03 |   +5.81% |  1.97e-09 |      
      170 |   0.7968 |  8.430054e+03 |   +6.04% |  3.20e-09 |      
      180 |   0.7651 |  8.929101e+03 |   +5.92% |  5.22e-09 |      
      190 |   0.7297 |  9.436256e+03 |   +5.68% |  8.50e-09 |      
      200 |   0.6886 |  9.933692e+03 |   +5.27% |  1.38e-08 |      
      210 |   0.6415 |  1.038399e+04 |   +4.53% |  2.25e-08 |      
      220 |   0.5859 |  1.079426e+04 |   +3.95% |  3.67e-08 |      
      230 |   0.5221 |  1.118053e+04 |   +3.58% |  5.98e-08 |      
      240 |   0.4634 |  1.140239e+04 |   +1.98% |  9.74e-08 |      
      250 |   0.4232 |  1.157801e+04 |   +1.54% |  1.59e-07 |      
      260 |   0.3728 |  1.172800e+04 |   +1.30% |  2.59e-07 |      
      270 |   0.3355 |  1.169496e+04 |   -0.28% |  4.13e-07 |      
      280 |   0.3057 |  1.162144e+04 |   -0.63% |  6.08e-07 |      
      290 |   0.2799 |  1.165409e+04 |   +0.28% |  8.96e-07 |      
      300 |   0.2523 |  1.167584e+04 |   +0.19% |  1.32e-06 |      
      310 |   0.2306 |  1.163652e+04 |   -0.34% |  1.94e-06 |      
      320 |   0.2034 |  1.163896e+04 |   +0.02% |  2.86e-06 |      
      330 |   0.1801 |  1.161205e+04 |   -0.23% |  4.22e-06 |      
      340 |   0.1634 |  1.157959e+04 |   -0.28% |  6.21e-06 |      
      350 |   0.1413 |  1.155722e+04 |   -0.19% |  9.15e-06 |      
      360 |   0.1243 |  1.154268e+04 |   -0.13% |  1.35e-05 |      
      370 |   0.1071 |  1.154066e+04 |   -0.02% |  1.99e-05 |      
      375 |   0.0985 |  1.154184e+04 |          |  2.51e-05 |      
---------------------------------------------------------------
[INFO GPL-1001] Global placement finished at iteration 375
[INFO GPL-1002] Placed Cell Area              882.8510
[INFO GPL-1003] Available Free Area          1651.1850
[INFO GPL-1004] Minimum Feasible Density        0.5400 (cell_area / free_area)
[INFO GPL-1006]   Suggested Target Densities:
[INFO GPL-1007]     - For 90% usage of free space: 0.5941
[INFO GPL-1008]     - For 80% usage of free space: 0.6683
[INFO GPL-1014] Final placement area: 882.85 (+0.00%)
Took 38 seconds: global_placement -density 0.41 -pad_left 1 -pad_right 1 -force_center_initial_place -min_phi_coef 0.95 -max_phi_coef 1.05
estimate_parasitics -placement
Report metrics stage 3, global place...

==========================================================================
global place report_design_area
--------------------------------------------------------------------------
Design area 682 um^2 41% utilization.
write_db bazel-out/k8-fastbuild/bin/vlsiffra/results/asap7/multiplier/base/3_3_place_gp.odb
Elapsed time: 0:43.54[h:]min:sec. CPU time: user 347.21 sys 0.62 (798%). Peak memory: 232352KB.
Log                        Elapsed/s Peak Memory/MB  sha1sum .odb [0:20)
3_3_place_gp                      43            226 c43e31444ce3dc19e244
