OpenROAD 26Q1-1929-g7cf7b720fd 
Features included (+) or not (-): +GPU +GUI +Python
This program is licensed under the BSD-3 license. See the LICENSE file for details.
Components of this program may be licensed under more restrictive licenses which must be honored.
[INFO ORD-0030] Using 16 thread(s).
source external/bazel-orfs++orfs_repositories+docker_orfs/OpenROAD-flow-scripts/flow/platforms/asap7/liberty_suppressions.tcl
read_liberty external/bazel-orfs++orfs_repositories+docker_orfs/OpenROAD-flow-scripts/flow/platforms/asap7/lib/NLDM/asap7sc7p5t_AO_RVT_FF_nldm_211120.lib.gz
read_liberty external/bazel-orfs++orfs_repositories+docker_orfs/OpenROAD-flow-scripts/flow/platforms/asap7/lib/NLDM/asap7sc7p5t_INVBUF_RVT_FF_nldm_220122.lib.gz
read_liberty external/bazel-orfs++orfs_repositories+docker_orfs/OpenROAD-flow-scripts/flow/platforms/asap7/lib/NLDM/asap7sc7p5t_OA_RVT_FF_nldm_211120.lib.gz
read_liberty external/bazel-orfs++orfs_repositories+docker_orfs/OpenROAD-flow-scripts/flow/platforms/asap7/lib/NLDM/asap7sc7p5t_SIMPLE_RVT_FF_nldm_211120.lib.gz
read_liberty external/bazel-orfs++orfs_repositories+docker_orfs/OpenROAD-flow-scripts/flow/platforms/asap7/lib/NLDM/asap7sc7p5t_SEQ_RVT_FF_nldm_220123.lib
read_db -hier bazel-out/k8-fastbuild/bin/vlsiffra/results/asap7/multiplier/base/4_cts.odb
[WARNING ORD-0012] Hierarchical flow (-hier) is currently in development and may cause multiple issues. Do not use in production environments.
source external/bazel-orfs++orfs_repositories+docker_orfs/OpenROAD-flow-scripts/flow/platforms/asap7/setRC.tcl
pin_access
[INFO DRT-0149] Reading tech and libs.

Units:                1000
Number of layers:     21
Number of macros:     212
Number of vias:       14
Number of viarulegen: 11

[INFO DRT-0150] Reading design.

Design:                   multiplier
Die area:                 ( 0 0 ) ( 42831 42831 )
Number of track patterns: 32
Number of DEF vias:       0
Number of components:     5491
Number of terminals:      132
Number of snets:          2
Number of nets:           6109

[INFO DRT-0167] List of default vias:
  Layer V2
    default via: VIA23
  Layer V3
    default via: VIA34
  Layer V4
    default via: VIA45
  Layer V5
    default via: VIA56
  Layer V6
    default via: VIA67
  Layer V7
    default via: VIA78
  Layer V8
    default via: VIA89
  Layer V9
    default via: VIA9Pad
[INFO DRT-0162] Library cell analysis.
[INFO DRT-0163] Instance analysis.
[INFO DRT-0164] Number of unique instances = 86.
[INFO DRT-0168] Init region query.
[INFO DRT-0024]   Complete Active.
[INFO DRT-0024]   Complete V0.
[INFO DRT-0024]   Complete M1.
[INFO DRT-0024]   Complete V1.
[INFO DRT-0024]   Complete M2.
[INFO DRT-0024]   Complete V2.
[INFO DRT-0024]   Complete M3.
[INFO DRT-0024]   Complete V3.
[INFO DRT-0024]   Complete M4.
[INFO DRT-0024]   Complete V4.
[INFO DRT-0024]   Complete M5.
[INFO DRT-0024]   Complete V5.
[INFO DRT-0024]   Complete M6.
[INFO DRT-0024]   Complete V6.
[INFO DRT-0024]   Complete M7.
[INFO DRT-0024]   Complete V7.
[INFO DRT-0024]   Complete M8.
[INFO DRT-0024]   Complete V8.
[INFO DRT-0024]   Complete M9.
[INFO DRT-0024]   Complete V9.
[INFO DRT-0024]   Complete Pad.
[INFO DRT-0033] Active shape region query size = 0.
[INFO DRT-0033] V0 shape region query size = 0.
[INFO DRT-0033] M1 shape region query size = 109605.
[INFO DRT-0033] V1 shape region query size = 185755.
[INFO DRT-0033] M2 shape region query size = 7027.
[INFO DRT-0033] V2 shape region query size = 3624.
[INFO DRT-0033] M3 shape region query size = 3624.
[INFO DRT-0033] V3 shape region query size = 2416.
[INFO DRT-0033] M4 shape region query size = 2514.
[INFO DRT-0033] V4 shape region query size = 2416.
[INFO DRT-0033] M5 shape region query size = 1384.
[INFO DRT-0033] V5 shape region query size = 256.
[INFO DRT-0033] M6 shape region query size = 160.
[INFO DRT-0033] V6 shape region query size = 0.
[INFO DRT-0033] M7 shape region query size = 0.
[INFO DRT-0033] V7 shape region query size = 0.
[INFO DRT-0033] M8 shape region query size = 0.
[INFO DRT-0033] V8 shape region query size = 0.
[INFO DRT-0033] M9 shape region query size = 0.
[INFO DRT-0033] V9 shape region query size = 0.
[INFO DRT-0033] Pad shape region query size = 0.
[INFO DRT-0165] Start pin access.
[INFO DRT-0078]   Complete 424 pins.
[INFO DRT-0081]   Complete 86 unique inst patterns.
[INFO DRT-0084]   Complete 3932 groups.
#scanned instances     = 5491
#unique  instances     = 86
#stdCellGenAp          = 2202
#stdCellValidPlanarAp  = 72
#stdCellValidViaAp     = 1865
#stdCellPinNoAp        = 0
#stdCellPinCnt         = 16496
#instTermValidViaApCnt = 0
#macroGenAp            = 0
#macroValidPlanarAp    = 0
#macroValidViaAp       = 0
#macroNoAp             = 0
[INFO DRT-0166] Complete pin access.
[INFO DRT-0267] cpu time = 00:02:46, elapsed time = 00:00:18, memory = 240.34 (MB), peak = 239.03 (MB)
Took 19 seconds: pin_access
global_route -congestion_report_file bazel-out/k8-fastbuild/bin/vlsiffra/reports/asap7/multiplier/base/congestion.rpt -congestion_iterations 30 -congestion_report_iter_step 5 -verbose
[INFO GRT-0020] Min routing layer: M2
[INFO GRT-0021] Max routing layer: M7
[INFO GRT-0022] Global adjustment: 0%
[INFO GRT-0023] Grid origin: (0, 0)
[INFO GRT-0088] Layer M1      Track-Pitch = 0.0360  line-2-Via Pitch: 0.0360
[INFO GRT-0088] Layer M2      Track-Pitch = 0.0390  line-2-Via Pitch: 0.0360
[INFO GRT-0088] Layer M3      Track-Pitch = 0.0360  line-2-Via Pitch: 0.0360
[INFO GRT-0088] Layer M4      Track-Pitch = 0.0480  line-2-Via Pitch: 0.0480
[INFO GRT-0088] Layer M5      Track-Pitch = 0.0480  line-2-Via Pitch: 0.0480
[INFO GRT-0088] Layer M6      Track-Pitch = 0.0640  line-2-Via Pitch: 0.0640
[INFO GRT-0088] Layer M7      Track-Pitch = 0.0640  line-2-Via Pitch: 0.0640
[INFO GRT-0003] Macros: 0
[INFO GRT-0004] Blockages: 2349
[INFO GRT-0019] Found 46 clock nets.
[INFO GRT-0001] Minimum degree: 2
[INFO GRT-0002] Maximum degree: 41

[INFO GRT-0053] Routing resources analysis:
          Routing      Original      Derated      Resource
Layer     Direction    Resources     Resources    Reduction (%)
---------------------------------------------------------------
M1         Vertical            0             0          0.00%
M2         Horizontal      64041         46130          27.97%
M3         Vertical        84628         62781          25.82%
M4         Horizontal      64657         47947          25.84%
M5         Vertical        62505         46279          25.96%
M6         Horizontal      43386         29702          31.54%
M7         Vertical        49506         33374          32.59%
---------------------------------------------------------------

[INFO GRT-0197] Via related to pin nodes: 28648
[INFO GRT-0198] Via related Steiner nodes: 886
[INFO GRT-0199] Via filling finished.
[INFO GRT-0111] Final number of vias: 37504
[INFO GRT-0112] Final usage 3D: 146328

[INFO GRT-0096] Final congestion report:
Layer         Resource        Demand        Usage (%)    Max H / Max V / Total Overflow
---------------------------------------------------------------------------------------
M1                   0             0            0.00%             0 /  0 /  0
M2               46130         14783           32.05%             0 /  0 /  0
M3               62781         15999           25.48%             0 /  0 /  0
M4               47947          2121            4.42%             0 /  0 /  0
M5               46279           827            1.79%             0 /  0 /  0
M6               29702             0            0.00%             0 /  0 /  0
M7               33374            86            0.26%             0 /  0 /  0
---------------------------------------------------------------------------------------
Total           266213         33816           12.70%             0 /  0 /  0

[INFO GRT-0018] Total wirelength: 26497 um
[INFO GRT-0014] Routed nets: 6106
[INFO GRT-0303] Global routing runtime = 00:00:00
estimate_parasitics -global_routing
global_route -start_incremental
global_route -end_incremental -congestion_report_file bazel-out/k8-fastbuild/bin/vlsiffra/reports/asap7/multiplier/base/congestion_post_recover_power.rpt
Repair antennas...
[WARNING GRT-0246] No diode with LEF class CORE ANTENNACELL found.
[INFO ANT-0002] Found 0 net violations.
[INFO ANT-0001] Found 0 pin violations.
Estimate parasitics...
estimate_parasitics -global_routing
Report metrics stage 5, global route...

==========================================================================
global route report_design_area
--------------------------------------------------------------------------
Design area 706 um^2 43% utilization.
[INFO FLW-0007] clock clk period 370.000000
[INFO FLW-0008] Clock clk period 628.362
[INFO FLW-0009] Clock clk slack -291.433
[INFO FLW-0011] Path endpoint path count 951
write_db bazel-out/k8-fastbuild/bin/vlsiffra/results/asap7/multiplier/base/5_1_grt.odb
write_sdc -no_timestamp bazel-out/k8-fastbuild/bin/vlsiffra/results/asap7/multiplier/base/5_1_grt.sdc
Elapsed time: 0:26.86[h:]min:sec. CPU time: user 184.61 sys 1.53 (693%). Peak memory: 408308KB.
Log                        Elapsed/s Peak Memory/MB  sha1sum .odb [0:20)
5_1_grt                           26            398 996994044c093e90de81
