OpenROAD 26Q1-1929-g7cf7b720fd 
Features included (+) or not (-): +GPU +GUI +Python
This program is licensed under the BSD-3 license. See the LICENSE file for details.
Components of this program may be licensed under more restrictive licenses which must be honored.
[INFO ORD-0030] Using 16 thread(s).
source external/bazel-orfs++orfs_repositories+docker_orfs/OpenROAD-flow-scripts/flow/platforms/asap7/liberty_suppressions.tcl
read_liberty external/bazel-orfs++orfs_repositories+docker_orfs/OpenROAD-flow-scripts/flow/platforms/asap7/lib/NLDM/asap7sc7p5t_AO_RVT_FF_nldm_211120.lib.gz
read_liberty external/bazel-orfs++orfs_repositories+docker_orfs/OpenROAD-flow-scripts/flow/platforms/asap7/lib/NLDM/asap7sc7p5t_INVBUF_RVT_FF_nldm_220122.lib.gz
read_liberty external/bazel-orfs++orfs_repositories+docker_orfs/OpenROAD-flow-scripts/flow/platforms/asap7/lib/NLDM/asap7sc7p5t_OA_RVT_FF_nldm_211120.lib.gz
read_liberty external/bazel-orfs++orfs_repositories+docker_orfs/OpenROAD-flow-scripts/flow/platforms/asap7/lib/NLDM/asap7sc7p5t_SIMPLE_RVT_FF_nldm_211120.lib.gz
read_liberty external/bazel-orfs++orfs_repositories+docker_orfs/OpenROAD-flow-scripts/flow/platforms/asap7/lib/NLDM/asap7sc7p5t_SEQ_RVT_FF_nldm_220123.lib
read_db -hier bazel-out/k8-fastbuild/bin/gemmini/results/asap7/MeshWithDelays/base/2_floorplan.odb
[WARNING ORD-0012] Hierarchical flow (-hier) is currently in development and may cause multiple issues. Do not use in production environments.
Took 6 seconds: read_db -hier bazel-out/k8-fastbuild/bin/gemmini/results/asap7/MeshWithDelays/base/2_floorplan.odb
source external/bazel-orfs++orfs_repositories+docker_orfs/OpenROAD-flow-scripts/flow/platforms/asap7/setRC.tcl
global_placement -skip_io -density 0.65 -pad_left 0 -pad_right 0
[INFO GPL-0001] ---- Initialize GPL Main Data Structures
[INFO GPL-0002] DBU: 1000
[INFO GPL-0003] SiteSize: (  0.054  0.270 ) um
[INFO GPL-0004] CoreBBox: (  1.026  1.080 ) ( 510.138 510.030 ) um
[INFO GPL-0036] Movable instances area:     103704.595 um^2
[INFO GPL-0037] Total instances area:       103704.595 um^2
[INFO GPL-0035] Pin density area adjust:     12236.269 um^2
[INFO GPL-0032] ---- Initialize Region: Top-level
[INFO GPL-0006] Number of instances:            886379
[INFO GPL-0007] Movable instances:              886379
[INFO GPL-0008] Fixed instances:                     0
[INFO GPL-0009] Dummy instances:                     0
[INFO GPL-0010] Number of nets:                 926705
[INFO GPL-0011] Number of pins:                3150336
[INFO GPL-0012] Die BBox:  (  0.000  0.000 ) ( 511.145 511.145 ) um
[INFO GPL-0013] Core BBox: (  1.026  1.080 ) ( 510.138 510.030 ) um
[INFO GPL-0016] Core area:                  259112.552 um^2
[INFO GPL-0014] Region name: top-level.
[INFO GPL-0015] Region area:                259112.552 um^2
[INFO GPL-0017] Fixed instances area:            0.000 um^2
[INFO GPL-0018] Movable instances area:     115940.864 um^2
[INFO GPL-0019] Utilization:                    44.745 %
[INFO GPL-0020] Standard cells area:        115940.864 um^2
[INFO GPL-0021] Large instances area:            0.000 um^2
[INFO GPL-0005] ---- Execute Conjugate Gradient Initial Placement.
[INFO GPL-0051] Source of initial instance position counters:
	Odb location = 660	Core center = 885719	Region center = 0
[INFO GPL-0033] ---- Initialize Nesterov Region: Top-level
[INFO GPL-0023] Placement target density:       0.6500
[INFO GPL-0024] Movable insts average area:      0.131 um^2
[INFO GPL-0025] Ideal bin area:                  0.201 um^2
[INFO GPL-0026] Ideal bin count:               1287618
[INFO GPL-0027] Total bin area:             259112.552 um^2
[INFO GPL-0028] Bin count (X, Y):        1024 ,   1024
[INFO GPL-0029] Bin size (W * H):       0.497 *  0.497 um
[INFO GPL-0030] Number of bins:                1048576
[INFO GPL-0007] ---- Execute Nesterov Global Placement.
[INFO GPL-0031] HPWL: Half-Perimeter Wirelength
Iteration | Overflow |     HPWL (um) |  HPWL(%) |   Penalty | Group
---------------------------------------------------------------
        0 |   0.9973 |  1.022372e+06 |   +0.00% |  2.39e-15 |      
       10 |   0.9972 |  2.472379e+05 |  -75.82% |  3.75e-15 |      
       20 |   0.9973 |  1.990311e+05 |  -19.50% |  6.11e-15 |      
       30 |   0.9973 |  1.890870e+05 |   -5.00% |  9.96e-15 |      
       40 |   0.9973 |  1.861764e+05 |   -1.54% |  1.62e-14 |      
       50 |   0.9973 |  1.848951e+05 |   -0.69% |  2.64e-14 |      
       60 |   0.9973 |  1.845188e+05 |   -0.20% |  4.30e-14 |      
       70 |   0.9973 |  1.850344e+05 |   +0.28% |  7.01e-14 |      
       80 |   0.9972 |  1.869183e+05 |   +1.02% |  1.14e-13 |      
       90 |   0.9972 |  1.908731e+05 |   +2.12% |  1.86e-13 |      
      100 |   0.9971 |  1.988409e+05 |   +4.17% |  3.03e-13 |      
      110 |   0.9969 |  2.141179e+05 |   +7.68% |  4.92e-13 |      
      120 |   0.9967 |  2.351273e+05 |   +9.81% |  8.00e-13 |      
      130 |   0.9963 |  2.568123e+05 |   +9.22% |  1.30e-12 |      
      140 |   0.9958 |  2.798269e+05 |   +8.96% |  2.11e-12 |      
      150 |   0.9949 |  3.069707e+05 |   +9.70% |  3.43e-12 |      
      160 |   0.9935 |  3.439501e+05 |  +12.05% |  5.56e-12 |      
      170 |   0.9914 |  3.959811e+05 |  +15.13% |  9.01e-12 |      
      180 |   0.9882 |  4.659331e+05 |  +17.67% |  1.46e-11 |      
      190 |   0.9834 |  5.573689e+05 |  +19.62% |  2.35e-11 |      
      200 |   0.9766 |  6.771337e+05 |  +21.49% |  3.78e-11 |      
      210 |   0.9669 |  8.331920e+05 |  +23.05% |  6.06e-11 |      
      220 |   0.9540 |  1.032538e+06 |  +23.93% |  9.66e-11 |      
      230 |   0.9382 |  1.279460e+06 |  +23.91% |  1.53e-10 |      
      240 |   0.9197 |  1.573355e+06 |  +22.97% |  2.42e-10 |      
      250 |   0.8993 |  1.904537e+06 |  +21.05% |  3.80e-10 |      
      260 |   0.8769 |  2.278617e+06 |  +19.64% |  5.94e-10 |      
      270 |   0.8535 |  2.660520e+06 |  +16.76% |  9.28e-10 |      
      280 |   0.8310 |  2.960964e+06 |  +11.29% |  1.46e-09 |      
      290 |   0.8102 |  3.184171e+06 |   +7.54% |  2.32e-09 |      
      300 |   0.7930 |  3.306650e+06 |   +3.85% |  3.73e-09 |      
      310 |   0.7750 |  3.416335e+06 |   +3.32% |  6.00e-09 |      
      320 |   0.7560 |  3.607276e+06 |   +5.59% |  9.59e-09 |      
      330 |   0.7221 |  4.320708e+06 |  +19.78% |  1.46e-08 |      
      340 |   0.6722 |  5.259148e+06 |  +21.72% |  2.13e-08 |      
      350 |   0.6838 |  4.166102e+06 |  -20.78% |  3.45e-08 |      
      360 |   0.6224 |  5.015381e+06 |  +20.39% |  5.11e-08 |      
      370 |   0.6193 |  4.142000e+06 |  -17.41% |  8.32e-08 |      
      380 |   0.5741 |  4.286891e+06 |   +3.50% |  1.31e-07 |      
      390 |   0.5305 |  4.121060e+06 |   -3.87% |  2.11e-07 |      
      400 |   0.4957 |  3.913055e+06 |   -5.05% |  3.41e-07 |      
      410 |   0.4458 |  3.821745e+06 |   -2.33% |  5.54e-07 |      
      420 |   0.3943 |  3.791675e+06 |   -0.79% |  9.02e-07 |      
      430 |   0.3441 |  3.740083e+06 |   -1.36% |  1.47e-06 |      
      440 |   0.3071 |  3.685772e+06 |   -1.45% |  2.16e-06 |      
      450 |   0.2731 |  3.643981e+06 |   -1.13% |  3.19e-06 |      
      460 |   0.2437 |  3.606037e+06 |   -1.04% |  4.70e-06 |      
      470 |   0.2162 |  3.576559e+06 |   -0.82% |  6.92e-06 |      
      480 |   0.1905 |  3.556986e+06 |   -0.55% |  1.02e-05 |      
      490 |   0.1662 |  3.547451e+06 |   -0.27% |  1.50e-05 |      
      500 |   0.1438 |  3.543512e+06 |   -0.11% |  2.21e-05 |      
      510 |   0.1243 |  3.542821e+06 |   -0.02% |  3.26e-05 |      
      520 |   0.1080 |  3.543556e+06 |   +0.02% |  4.80e-05 |      
      526 |   0.0999 |  3.542547e+06 |          |  6.30e-05 |      
---------------------------------------------------------------
[INFO GPL-1001] Global placement finished at iteration 526
[INFO GPL-1002] Placed Cell Area            115940.8643
[INFO GPL-1003] Available Free Area         259112.5524
[INFO GPL-1004] Minimum Feasible Density        0.4500 (cell_area / free_area)
[INFO GPL-1006]   Suggested Target Densities:
[INFO GPL-1007]     - For 90% usage of free space: 0.4972
[INFO GPL-1008]     - For 80% usage of free space: 0.5593
[INFO GPL-1009]     - For 50% usage of free space: 0.8949
[INFO GPL-1014] Final placement area: 115940.86 (+0.00%)
Took 755 seconds: global_placement -skip_io -density 0.65 -pad_left 0 -pad_right 0
Design area 103705 um^2 40% utilization.
write_db bazel-out/k8-fastbuild/bin/gemmini/results/asap7/MeshWithDelays/base/3_1_place_gp_skip_io.odb
Elapsed time: 13:15.18[h:]min:sec. CPU time: user 2127.50 sys 8.33 (268%). Peak memory: 3302452KB.
Log                        Elapsed/s Peak Memory/MB  sha1sum .odb [0:20)
3_1_place_gp_skip_io             795           3225 68222328a4af5eac8ecc
