OpenROAD 26Q1-1929-g7cf7b720fd 
Features included (+) or not (-): +GPU +GUI +Python
This program is licensed under the BSD-3 license. See the LICENSE file for details.
Components of this program may be licensed under more restrictive licenses which must be honored.
[INFO ORD-0030] Using 16 thread(s).
source external/bazel-orfs++orfs_repositories+docker_orfs/OpenROAD-flow-scripts/flow/platforms/asap7/liberty_suppressions.tcl
read_liberty external/bazel-orfs++orfs_repositories+docker_orfs/OpenROAD-flow-scripts/flow/platforms/asap7/lib/NLDM/asap7sc7p5t_AO_RVT_FF_nldm_211120.lib.gz
read_liberty external/bazel-orfs++orfs_repositories+docker_orfs/OpenROAD-flow-scripts/flow/platforms/asap7/lib/NLDM/asap7sc7p5t_INVBUF_RVT_FF_nldm_220122.lib.gz
read_liberty external/bazel-orfs++orfs_repositories+docker_orfs/OpenROAD-flow-scripts/flow/platforms/asap7/lib/NLDM/asap7sc7p5t_OA_RVT_FF_nldm_211120.lib.gz
read_liberty external/bazel-orfs++orfs_repositories+docker_orfs/OpenROAD-flow-scripts/flow/platforms/asap7/lib/NLDM/asap7sc7p5t_SIMPLE_RVT_FF_nldm_211120.lib.gz
read_liberty external/bazel-orfs++orfs_repositories+docker_orfs/OpenROAD-flow-scripts/flow/platforms/asap7/lib/NLDM/asap7sc7p5t_SEQ_RVT_FF_nldm_220123.lib
read_db -hier bazel-out/k8-fastbuild/bin/gemmini/results/asap7/MeshWithDelays/base/3_3_place_gp.odb
[WARNING ORD-0012] Hierarchical flow (-hier) is currently in development and may cause multiple issues. Do not use in production environments.
source external/bazel-orfs++orfs_repositories+docker_orfs/OpenROAD-flow-scripts/flow/platforms/asap7/setRC.tcl
estimate_parasitics -placement
Took 38 seconds: estimate_parasitics -placement
Perform buffer insertion and gate resizing...
repair_design -verbose
Iteration |   Area    | Resized | Buffers | Nets repaired | Remaining
---------------------------------------------------------------------
        0 |     +0.0% |       0 |       0 |             0 |    927785
     1000 |     +0.0% |       0 |       0 |             0 |    926785
     2000 |     +0.0% |       0 |       0 |             0 |    925785
     3000 |     +0.0% |       0 |       0 |             0 |    924785
     4000 |     +0.0% |       0 |       0 |             0 |    923785
     5000 |     +0.0% |       0 |       0 |             0 |    922785
     6000 |     +0.0% |       0 |       0 |             0 |    921785
     7000 |     +0.0% |       0 |       0 |             0 |    920785
     8000 |     +0.0% |       0 |       0 |             0 |    919785
     9000 |     +0.0% |       0 |       0 |             0 |    918785
    10000 |     +0.0% |       0 |       0 |             0 |    917785
    11000 |     +0.0% |       0 |       0 |             0 |    916785
    12000 |     +0.0% |       0 |       0 |             0 |    915785
    13000 |     +0.0% |       0 |       0 |             0 |    914785
    14000 |     +0.0% |       0 |       0 |             0 |    913785
    15000 |     +0.0% |       0 |       0 |             0 |    912785
    16000 |     +0.0% |       0 |       0 |             0 |    911785
    17000 |     +0.0% |       0 |       0 |             0 |    910785
    18000 |     +0.0% |       0 |       0 |             0 |    909785
    19000 |     +0.0% |       0 |       0 |             0 |    908785
    20000 |     +0.0% |       0 |       0 |             0 |    907785
    21000 |     +0.0% |       0 |       0 |             0 |    906785
    22000 |     +0.0% |       0 |       0 |             0 |    905785
    23000 |     +0.0% |       0 |       0 |             0 |    904785
    24000 |     +0.0% |       0 |       0 |             0 |    903785
    25000 |     +0.0% |       0 |       0 |             0 |    902785
    26000 |     +0.0% |       0 |       0 |             0 |    901785
    27000 |     +0.0% |       0 |       0 |             0 |    900785
    28000 |     +0.0% |       0 |       0 |             0 |    899785
    29000 |     +0.0% |       0 |       0 |             0 |    898785
    30000 |     +0.0% |       0 |       0 |             0 |    897785
    31000 |     +0.0% |       0 |       0 |             0 |    896785
    32000 |     +0.0% |       0 |       0 |             0 |    895785
    33000 |     +0.0% |       0 |       0 |             0 |    894785
    34000 |     +0.0% |       0 |       0 |             0 |    893785
    35000 |     +0.0% |       0 |       0 |             0 |    892785
    36000 |     +0.0% |       0 |       0 |             0 |    891785
    37000 |     +0.0% |       0 |       0 |             0 |    890785
    38000 |     +0.0% |       0 |       0 |             0 |    889785
    39000 |     +0.0% |       0 |       0 |             0 |    888785
    40000 |     +0.0% |       0 |       0 |             0 |    887785
    41000 |     +0.0% |       0 |       0 |             0 |    886785
    42000 |     +0.0% |       0 |       0 |             0 |    885785
    43000 |     +0.0% |       0 |       0 |             0 |    884785
    44000 |     +0.0% |       0 |       0 |             0 |    883785
    45000 |     +0.0% |       0 |       0 |             0 |    882785
    46000 |     +0.0% |       0 |       0 |             0 |    881785
    47000 |     +0.0% |       0 |       0 |             0 |    880785
    48000 |     +0.0% |       0 |       0 |             0 |    879785
    49000 |     +0.0% |       0 |       0 |             0 |    878785
    50000 |     +0.0% |       0 |       0 |             0 |    877785
    51000 |     +0.0% |       0 |       0 |             0 |    876785
    52000 |     +0.0% |       0 |       0 |             0 |    875785
    53000 |     +0.0% |       0 |       0 |             0 |    874785
    54000 |     +0.0% |       0 |       0 |             0 |    873785
    55000 |     +0.0% |       0 |       0 |             0 |    872785
    56000 |     +0.0% |       0 |       0 |             0 |    871785
    57000 |     +0.0% |       0 |       0 |             0 |    870785
    58000 |     +0.0% |       0 |       0 |             0 |    869785
    59000 |     +0.0% |       0 |       0 |             0 |    868785
    60000 |     +0.0% |       0 |       0 |             0 |    867785
    61000 |     +0.0% |       0 |       0 |             0 |    866785
    62000 |     +0.0% |       0 |       0 |             0 |    865785
    63000 |     +0.0% |       0 |       0 |             0 |    864785
    64000 |     +0.0% |       0 |       0 |             0 |    863785
    65000 |     +0.0% |       0 |       0 |             0 |    862785
    66000 |     +0.0% |       0 |       0 |             0 |    861785
    67000 |     +0.0% |       0 |       0 |             0 |    860785
    68000 |     +0.0% |       0 |       0 |             0 |    859785
    69000 |     +0.0% |       0 |       0 |             0 |    858785
    70000 |     +0.0% |       0 |       0 |             0 |    857785
    71000 |     +0.0% |       0 |       0 |             0 |    856785
    72000 |     +0.0% |       0 |       0 |             0 |    855785
    73000 |     +0.0% |       0 |       0 |             0 |    854785
    74000 |     +0.0% |       0 |       0 |             0 |    853785
    75000 |     +0.0% |       0 |       0 |             0 |    852785
    76000 |     +0.0% |       0 |       0 |             0 |    851785
    77000 |     +0.0% |       0 |       0 |             0 |    850785
    78000 |     +0.0% |       0 |       0 |             0 |    849785
    79000 |     +0.0% |       0 |       0 |             0 |    848785
    80000 |     +0.0% |       0 |       0 |             0 |    847785
    81000 |     +0.0% |       0 |       0 |             0 |    846785
    82000 |     +0.0% |       0 |       0 |             0 |    845785
    83000 |     +0.0% |       0 |       0 |             0 |    844785
    84000 |     +0.0% |       0 |       0 |             0 |    843785
    85000 |     +0.0% |       0 |       0 |             0 |    842785
    86000 |     +0.0% |       0 |       0 |             0 |    841785
    87000 |     +0.0% |       0 |       0 |             0 |    840785
    88000 |     +0.0% |       0 |       0 |             0 |    839785
    89000 |     +0.0% |       0 |       0 |             0 |    838785
    90000 |     +0.0% |       0 |       0 |             0 |    837785
    91000 |     +0.0% |       0 |       0 |             0 |    836785
    92000 |     +0.0% |       0 |       0 |             0 |    835785
    93000 |     +0.0% |       0 |       0 |             0 |    834785
    94000 |     +0.0% |       0 |       0 |             0 |    833785
    95000 |     +0.0% |       0 |       0 |             0 |    832785
    96000 |     +0.0% |       0 |       0 |             0 |    831785
    97000 |     +0.0% |       0 |       0 |             0 |    830785
    98000 |     +0.0% |       0 |       0 |             0 |    829785
    99000 |     +0.0% |       0 |       0 |             0 |    828785
   100000 |     +0.0% |       0 |       0 |             0 |    827785
   101000 |     +0.0% |       0 |       0 |             0 |    826785
   102000 |     +0.0% |       0 |       0 |             0 |    825785
   103000 |     +0.0% |       0 |       0 |             0 |    824785
   104000 |     +0.0% |       0 |       0 |             0 |    823785
   105000 |     +0.0% |       0 |       0 |             0 |    822785
   106000 |     +0.0% |       0 |       0 |             0 |    821785
   107000 |     +0.0% |       0 |       0 |             0 |    820785
   108000 |     +0.0% |       0 |       0 |             0 |    819785
   109000 |     +0.0% |       0 |       0 |             0 |    818785
   110000 |     +0.0% |       0 |       0 |             0 |    817785
   111000 |     +0.0% |       0 |       0 |             0 |    816785
   112000 |     +0.0% |       0 |       0 |             0 |    815785
   113000 |     +0.0% |       0 |       0 |             0 |    814785
   114000 |     +0.0% |       0 |       0 |             0 |    813785
   115000 |     +0.0% |       0 |       0 |             0 |    812785
   116000 |     +0.0% |       0 |       0 |             0 |    811785
   117000 |     +0.0% |       0 |       0 |             0 |    810785
   118000 |     +0.0% |       0 |       0 |             0 |    809785
   119000 |     +0.0% |       0 |       0 |             0 |    808785
   120000 |     +0.0% |       0 |       0 |             0 |    807785
   121000 |     +0.0% |       0 |       0 |             0 |    806785
   122000 |     +0.0% |       0 |       0 |             0 |    805785
   123000 |     +0.0% |       0 |       0 |             0 |    804785
   124000 |     +0.0% |       0 |       0 |             0 |    803785
   125000 |     +0.0% |       0 |       0 |             0 |    802785
   126000 |     +0.0% |       0 |       0 |             0 |    801785
   127000 |     +0.0% |       0 |       0 |             0 |    800785
   128000 |     +0.0% |       0 |       0 |             0 |    799785
   129000 |     +0.0% |       0 |       0 |             0 |    798785
   130000 |     +0.0% |       0 |       0 |             0 |    797785
   131000 |     +0.0% |       0 |       0 |             0 |    796785
   132000 |     +0.0% |       0 |       0 |             0 |    795785
   133000 |     +0.0% |       0 |       0 |             0 |    794785
   134000 |     +0.0% |       0 |       0 |             0 |    793785
   135000 |     +0.0% |       0 |       0 |             0 |    792785
   136000 |     +0.0% |       0 |       0 |             0 |    791785
   137000 |     +0.0% |       0 |       0 |             0 |    790785
   138000 |     +0.0% |       0 |       0 |             0 |    789785
   139000 |     +0.0% |       0 |       0 |             0 |    788785
   140000 |     +0.0% |       0 |       0 |             0 |    787785
   141000 |     +0.0% |       0 |       0 |             0 |    786785
   142000 |     +0.0% |       0 |       0 |             0 |    785785
   143000 |     +0.0% |       0 |       0 |             0 |    784785
   144000 |     +0.0% |       0 |       0 |             0 |    783785
   145000 |     +0.0% |       0 |       0 |             0 |    782785
   146000 |     +0.0% |       0 |       0 |             0 |    781785
   147000 |     +0.0% |       0 |       0 |             0 |    780785
   148000 |     +0.0% |       0 |       0 |             0 |    779785
   149000 |     +0.0% |       0 |       0 |             0 |    778785
   150000 |     +0.0% |       0 |       0 |             0 |    777785
   151000 |     +0.0% |       0 |       0 |             0 |    776785
   152000 |     +0.0% |       0 |       0 |             0 |    775785
   153000 |     +0.0% |       0 |       0 |             0 |    774785
   154000 |     +0.0% |       0 |       0 |             0 |    773785
   155000 |     +0.0% |       0 |       0 |             0 |    772785
   156000 |     +0.0% |       0 |       0 |             0 |    771785
   157000 |     +0.0% |       0 |       0 |             0 |    770785
   158000 |     +0.0% |       0 |       0 |             0 |    769785
   159000 |     +0.0% |       0 |       0 |             0 |    768785
   160000 |     +0.0% |       0 |       0 |             0 |    767785
   161000 |     +0.0% |       0 |       0 |             0 |    766785
   162000 |     +0.0% |       0 |       0 |             0 |    765785
   163000 |     +0.0% |       0 |       0 |             0 |    764785
   164000 |     +0.0% |       0 |       0 |             0 |    763785
   165000 |     +0.0% |       0 |       0 |             0 |    762785
   166000 |     +0.0% |       0 |       0 |             0 |    761785
   167000 |     +0.0% |       0 |       0 |             0 |    760785
   168000 |     +0.0% |       0 |       0 |             0 |    759785
   169000 |     +0.0% |       0 |       0 |             0 |    758785
   170000 |     +0.0% |       0 |       0 |             0 |    757785
   171000 |     +0.0% |       0 |       0 |             0 |    756785
   172000 |     +0.0% |       0 |       0 |             0 |    755785
   173000 |     +0.0% |       0 |       0 |             0 |    754785
   174000 |     +0.0% |       0 |       0 |             0 |    753785
   175000 |     +0.0% |       0 |       0 |             0 |    752785
   176000 |     +0.0% |       0 |       0 |             0 |    751785
   177000 |     +0.0% |       0 |       0 |             0 |    750785
   178000 |     +0.0% |       0 |       0 |             0 |    749785
   179000 |     +0.0% |       0 |       0 |             0 |    748785
   180000 |     +0.0% |       0 |       0 |             0 |    747785
   181000 |     +0.0% |       0 |       0 |             0 |    746785
   182000 |     +0.0% |       0 |       0 |             0 |    745785
   183000 |     +0.0% |       0 |       0 |             0 |    744785
   184000 |     +0.0% |       0 |       0 |             0 |    743785
   185000 |     +0.0% |       0 |       0 |             0 |    742785
   186000 |     +0.0% |       0 |       0 |             0 |    741785
   187000 |     +0.0% |       0 |       0 |             0 |    740785
   188000 |     +0.0% |       0 |       0 |             0 |    739785
   189000 |     +0.0% |       0 |       0 |             0 |    738785
   190000 |     +0.0% |       0 |       0 |             0 |    737785
   191000 |     +0.0% |       0 |       0 |             0 |    736785
   192000 |     +0.0% |       0 |       0 |             0 |    735785
   193000 |     +0.0% |       0 |       0 |             0 |    734785
   194000 |     +0.0% |       0 |       0 |             0 |    733785
   195000 |     +0.0% |       0 |       0 |             0 |    732785
   196000 |     +0.0% |       0 |       0 |             0 |    731785
   197000 |     +0.0% |       0 |       0 |             0 |    730785
   198000 |     +0.0% |       0 |       0 |             0 |    729785
   199000 |     +0.0% |       0 |       0 |             0 |    728785
   200000 |     +0.0% |       0 |       0 |             0 |    727785
   201000 |     +0.0% |       0 |       0 |             0 |    726785
   202000 |     +0.0% |       0 |       0 |             0 |    725785
   203000 |     +0.0% |       0 |       0 |             0 |    724785
   204000 |     +0.0% |       0 |       0 |             0 |    723785
   205000 |     +0.0% |       0 |       0 |             0 |    722785
   206000 |     +0.0% |       0 |       0 |             0 |    721785
   207000 |     +0.0% |       0 |       0 |             0 |    720785
   208000 |     +0.0% |       0 |       0 |             0 |    719785
   209000 |     +0.0% |       0 |       0 |             0 |    718785
   210000 |     +0.0% |       0 |       0 |             0 |    717785
   211000 |     +0.0% |       0 |       0 |             0 |    716785
   212000 |     +0.0% |       0 |       0 |             0 |    715785
   213000 |     +0.0% |       0 |       0 |             0 |    714785
   214000 |     +0.0% |       0 |       0 |             0 |    713785
   215000 |     +0.0% |       0 |       0 |             0 |    712785
   216000 |     +0.0% |       0 |       0 |             0 |    711785
   217000 |     +0.0% |       0 |       0 |             0 |    710785
   218000 |     +0.0% |       0 |       0 |             0 |    709785
   219000 |     +0.0% |       0 |       0 |             0 |    708785
   220000 |     +0.0% |       0 |       0 |             0 |    707785
   221000 |     +0.0% |       0 |       0 |             0 |    706785
   222000 |     +0.0% |       0 |       0 |             0 |    705785
   223000 |     +0.0% |       0 |       0 |             0 |    704785
   224000 |     +0.0% |       0 |       0 |             0 |    703785
   225000 |     +0.0% |       0 |       0 |             0 |    702785
   226000 |     +0.0% |       0 |       0 |             0 |    701785
   227000 |     +0.0% |       0 |       0 |             0 |    700785
   228000 |     +0.0% |       0 |       0 |             0 |    699785
   229000 |     +0.0% |       0 |       0 |             0 |    698785
   230000 |     +0.0% |       0 |       0 |             0 |    697785
   231000 |     +0.0% |       0 |       0 |             0 |    696785
   232000 |     +0.0% |       0 |       0 |             0 |    695785
   233000 |     +0.0% |       0 |       0 |             0 |    694785
   234000 |     +0.0% |       0 |       0 |             0 |    693785
   235000 |     +0.0% |       0 |       0 |             0 |    692785
   236000 |     +0.0% |       0 |       0 |             0 |    691785
   237000 |     +0.0% |       0 |       0 |             0 |    690785
   238000 |     +0.0% |       0 |       0 |             0 |    689785
   239000 |     +0.0% |       0 |       0 |             0 |    688785
   240000 |     +0.0% |       0 |       0 |             0 |    687785
   241000 |     +0.0% |       0 |       0 |             0 |    686785
   242000 |     +0.0% |       0 |       0 |             0 |    685785
   243000 |     +0.0% |       0 |       0 |             0 |    684785
   244000 |     +0.0% |       0 |       0 |             0 |    683785
   245000 |     +0.0% |       0 |       0 |             0 |    682785
   246000 |     +0.0% |       0 |       0 |             0 |    681785
   247000 |     +0.0% |       0 |       0 |             0 |    680785
   248000 |     +0.0% |       0 |       0 |             0 |    679785
   249000 |     +0.0% |       0 |       0 |             0 |    678785
   250000 |     +0.0% |       0 |       0 |             0 |    677785
   251000 |     +0.0% |       0 |       0 |             0 |    676785
   252000 |     +0.0% |       0 |       0 |             0 |    675785
   253000 |     +0.0% |       0 |       0 |             0 |    674785
   254000 |     +0.0% |       0 |       0 |             0 |    673785
   255000 |     +0.0% |       0 |       0 |             0 |    672785
   256000 |     +0.0% |       0 |       0 |             0 |    671785
   257000 |     +0.0% |       0 |       0 |             0 |    670785
   258000 |     +0.0% |       0 |       0 |             0 |    669785
   259000 |     +0.0% |       0 |       0 |             0 |    668785
   260000 |     +0.0% |       0 |       0 |             0 |    667785
   261000 |     +0.0% |       0 |       0 |             0 |    666785
   262000 |     +0.0% |       0 |       0 |             0 |    665785
   263000 |     +0.0% |       0 |       0 |             0 |    664785
   264000 |     +0.0% |       0 |       0 |             0 |    663785
   265000 |     +0.0% |       0 |       0 |             0 |    662785
   266000 |     +0.0% |       0 |       0 |             0 |    661785
   267000 |     +0.0% |       0 |       0 |             0 |    660785
   268000 |     +0.0% |       0 |       0 |             0 |    659785
   269000 |     +0.0% |       0 |       0 |             0 |    658785
   270000 |     +0.0% |       0 |       0 |             0 |    657785
   271000 |     +0.0% |       0 |       0 |             0 |    656785
   272000 |     +0.0% |       0 |       0 |             0 |    655785
   273000 |     +0.0% |       0 |       0 |             0 |    654785
   274000 |     +0.0% |       0 |       0 |             0 |    653785
   275000 |     +0.0% |       0 |       0 |             0 |    652785
   276000 |     +0.0% |       0 |       0 |             0 |    651785
   277000 |     +0.0% |       0 |       0 |             0 |    650785
   278000 |     +0.0% |       0 |       0 |             0 |    649785
   279000 |     +0.0% |       0 |       0 |             0 |    648785
   280000 |     +0.0% |       0 |       0 |             0 |    647785
   281000 |     +0.0% |       0 |       0 |             0 |    646785
   282000 |     +0.0% |       0 |       0 |             0 |    645785
   283000 |     +0.0% |       0 |       0 |             0 |    644785
   284000 |     +0.0% |       0 |       0 |             0 |    643785
   285000 |     +0.0% |       0 |       0 |             0 |    642785
   286000 |     +0.0% |       0 |       0 |             0 |    641785
   287000 |     +0.0% |       0 |       0 |             0 |    640785
   288000 |     +0.0% |       0 |       0 |             0 |    639785
   289000 |     +0.0% |       0 |       0 |             0 |    638785
   290000 |     +0.0% |       0 |       0 |             0 |    637785
   291000 |     +0.0% |       0 |       0 |             0 |    636785
   292000 |     +0.0% |       0 |       0 |             0 |    635785
   293000 |     +0.0% |       0 |       0 |             0 |    634785
   294000 |     +0.0% |       0 |       0 |             0 |    633785
   295000 |     +0.0% |       0 |       0 |             0 |    632785
   296000 |     +0.0% |       0 |       0 |             0 |    631785
   297000 |     +0.0% |       0 |       0 |             0 |    630785
   298000 |     +0.0% |       0 |       0 |             0 |    629785
   299000 |     +0.0% |       0 |       0 |             0 |    628785
   300000 |     +0.0% |       0 |       0 |             0 |    627785
   301000 |     +0.0% |       0 |       0 |             0 |    626785
   302000 |     +0.0% |       0 |       0 |             0 |    625785
   303000 |     +0.0% |       0 |       0 |             0 |    624785
   304000 |     +0.0% |       0 |       0 |             0 |    623785
   305000 |     +0.0% |       0 |       0 |             0 |    622785
   306000 |     +0.0% |       0 |       0 |             0 |    621785
   307000 |     +0.0% |       0 |       0 |             0 |    620785
   308000 |     +0.0% |       0 |       0 |             0 |    619785
   309000 |     +0.0% |       0 |       0 |             0 |    618785
   310000 |     +0.0% |       0 |       0 |             0 |    617785
   311000 |     +0.0% |       0 |       0 |             0 |    616785
   312000 |     +0.0% |       0 |       0 |             0 |    615785
   313000 |     +0.0% |       0 |       0 |             0 |    614785
   314000 |     +0.0% |       0 |       0 |             0 |    613785
   315000 |     +0.0% |       0 |       0 |             0 |    612785
   316000 |     +0.0% |       0 |       0 |             0 |    611785
   317000 |     +0.0% |       0 |       0 |             0 |    610785
   318000 |     +0.0% |       0 |       0 |             0 |    609785
   319000 |     +0.0% |       0 |       0 |             0 |    608785
   320000 |     +0.0% |       0 |       0 |             0 |    607785
   321000 |     +0.0% |       0 |       0 |             0 |    606785
   322000 |     +0.0% |       0 |       0 |             0 |    605785
   323000 |     +0.0% |       0 |       0 |             0 |    604785
   324000 |     +0.0% |       0 |       0 |             0 |    603785
   325000 |     +0.0% |       0 |       0 |             0 |    602785
   326000 |     +0.0% |       0 |       0 |             0 |    601785
   327000 |     +0.0% |       0 |       0 |             0 |    600785
   328000 |     +0.0% |       0 |       0 |             0 |    599785
   329000 |     +0.0% |       0 |       0 |             0 |    598785
   330000 |     +0.0% |       0 |       0 |             0 |    597785
   331000 |     +0.0% |       0 |       0 |             0 |    596785
   332000 |     +0.0% |       0 |       0 |             0 |    595785
   333000 |     +0.0% |       0 |       0 |             0 |    594785
   334000 |     +0.0% |       0 |       0 |             0 |    593785
   335000 |     +0.0% |       0 |       0 |             0 |    592785
   336000 |     +0.0% |       0 |       0 |             0 |    591785
   337000 |     +0.0% |       0 |       0 |             0 |    590785
   338000 |     +0.0% |       0 |       0 |             0 |    589785
   339000 |     +0.0% |       0 |       0 |             0 |    588785
   340000 |     +0.0% |       0 |       0 |             0 |    587785
   341000 |     +0.0% |       0 |       0 |             0 |    586785
   342000 |     +0.0% |       0 |       0 |             0 |    585785
   343000 |     +0.0% |       0 |       0 |             0 |    584785
   344000 |     +0.0% |       0 |       0 |             0 |    583785
   345000 |     +0.0% |       0 |       0 |             0 |    582785
   346000 |     +0.0% |       0 |       0 |             0 |    581785
   347000 |     +0.0% |       0 |       0 |             0 |    580785
   348000 |     +0.0% |       0 |       0 |             0 |    579785
   349000 |     +0.0% |       0 |       0 |             0 |    578785
   350000 |     +0.0% |       0 |       0 |             0 |    577785
   351000 |     +0.0% |       0 |       0 |             0 |    576785
   352000 |     +0.0% |       0 |       0 |             0 |    575785
   353000 |     +0.0% |       0 |       0 |             0 |    574785
   354000 |     +0.0% |       0 |       0 |             0 |    573785
   355000 |     +0.0% |       0 |       0 |             0 |    572785
   356000 |     +0.0% |       0 |       0 |             0 |    571785
   357000 |     +0.0% |       0 |       0 |             0 |    570785
   358000 |     +0.0% |       0 |       0 |             0 |    569785
   359000 |     +0.0% |       0 |       0 |             0 |    568785
   360000 |     +0.0% |       0 |       0 |             0 |    567785
   361000 |     +0.0% |       0 |       0 |             0 |    566785
   362000 |     +0.0% |       0 |       0 |             0 |    565785
   363000 |     +0.0% |       0 |       0 |             0 |    564785
   364000 |     +0.0% |       0 |       0 |             0 |    563785
   365000 |     +0.0% |       0 |       0 |             0 |    562785
   366000 |     +0.0% |       0 |       0 |             0 |    561785
   367000 |     +0.0% |       0 |       0 |             0 |    560785
   368000 |     +0.0% |       0 |       0 |             0 |    559785
   369000 |     +0.0% |       0 |       0 |             0 |    558785
   370000 |     +0.0% |       0 |       0 |             0 |    557785
   371000 |     +0.0% |       0 |       0 |             0 |    556785
   372000 |     +0.0% |       0 |       0 |             0 |    555785
   373000 |     +0.0% |       0 |       0 |             0 |    554785
   374000 |     +0.0% |       0 |       0 |             0 |    553785
   375000 |     +0.0% |       0 |       0 |             0 |    552785
   376000 |     +0.0% |       0 |       0 |             0 |    551785
   377000 |     +0.0% |       0 |       0 |             0 |    550785
   378000 |     +0.0% |       0 |       0 |             0 |    549785
   379000 |     +0.0% |       0 |       0 |             0 |    548785
   380000 |     +0.0% |       0 |       0 |             0 |    547785
   381000 |     +0.0% |       0 |       0 |             0 |    546785
   382000 |     +0.0% |       0 |       0 |             0 |    545785
   383000 |     +0.0% |       0 |       0 |             0 |    544785
   384000 |     +0.0% |       0 |       0 |             0 |    543785
   385000 |     +0.0% |       0 |       0 |             0 |    542785
   386000 |     +0.0% |       0 |       0 |             0 |    541785
   387000 |     +0.0% |       0 |       0 |             0 |    540785
   388000 |     +0.0% |       0 |       0 |             0 |    539785
   389000 |     +0.0% |       0 |       0 |             0 |    538785
   390000 |     +0.0% |       0 |       0 |             0 |    537785
   391000 |     +0.0% |       0 |       0 |             0 |    536785
   392000 |     +0.0% |       0 |       0 |             0 |    535785
   393000 |     +0.0% |       0 |       0 |             0 |    534785
   394000 |     +0.0% |       0 |       0 |             0 |    533785
   395000 |     +0.0% |       0 |       0 |             0 |    532785
   396000 |     +0.0% |       0 |       0 |             0 |    531785
   397000 |     +0.0% |       0 |       0 |             0 |    530785
   398000 |     +0.0% |       0 |       0 |             0 |    529785
   399000 |     +0.0% |       0 |       0 |             0 |    528785
   400000 |     +0.0% |       0 |       0 |             0 |    527785
   401000 |     +0.0% |       0 |       0 |             0 |    526785
   402000 |     +0.0% |       0 |       0 |             0 |    525785
   403000 |     +0.0% |       0 |       0 |             0 |    524785
   404000 |     +0.0% |       0 |       0 |             0 |    523785
   405000 |     +0.0% |       0 |       0 |             0 |    522785
   406000 |     +0.0% |       0 |       0 |             0 |    521785
   407000 |     +0.0% |       0 |       0 |             0 |    520785
   408000 |     +0.0% |       0 |       0 |             0 |    519785
   409000 |     +0.0% |       0 |       0 |             0 |    518785
   410000 |     +0.0% |       0 |       0 |             0 |    517785
   411000 |     +0.0% |       0 |       0 |             0 |    516785
   412000 |     +0.0% |       0 |       0 |             0 |    515785
   413000 |     +0.0% |       0 |       0 |             0 |    514785
   414000 |     +0.0% |       0 |       0 |             0 |    513785
   415000 |     +0.0% |       0 |       0 |             0 |    512785
   416000 |     +0.0% |       0 |       0 |             0 |    511785
   417000 |     +0.0% |       0 |       0 |             0 |    510785
   418000 |     +0.0% |       0 |       0 |             0 |    509785
   419000 |     +0.0% |       0 |       0 |             0 |    508785
   420000 |     +0.0% |       0 |       0 |             0 |    507785
   421000 |     +0.0% |       0 |       0 |             0 |    506785
   422000 |     +0.0% |       0 |       0 |             0 |    505785
   423000 |     +0.0% |       0 |       0 |             0 |    504785
   424000 |     +0.0% |       0 |       0 |             0 |    503785
   425000 |     +0.0% |       0 |       0 |             0 |    502785
   426000 |     +0.0% |       0 |       0 |             0 |    501785
   427000 |     +0.0% |       0 |       0 |             0 |    500785
   428000 |     +0.0% |       0 |       0 |             0 |    499785
   429000 |     +0.0% |       0 |       0 |             0 |    498785
   430000 |     +0.0% |       0 |       0 |             0 |    497785
   431000 |     +0.0% |       0 |       0 |             0 |    496785
   432000 |     +0.0% |       0 |       0 |             0 |    495785
   433000 |     +0.0% |       0 |       0 |             0 |    494785
   434000 |     +0.0% |       0 |       0 |             0 |    493785
   435000 |     +0.0% |       0 |       0 |             0 |    492785
   436000 |     +0.0% |       0 |       0 |             0 |    491785
   437000 |     +0.0% |       0 |       0 |             0 |    490785
   438000 |     +0.0% |       0 |       0 |             0 |    489785
   439000 |     +0.0% |       0 |       0 |             0 |    488785
   440000 |     +0.0% |       0 |       0 |             0 |    487785
   441000 |     +0.0% |       0 |       0 |             0 |    486785
   442000 |     +0.0% |       0 |       0 |             0 |    485785
   443000 |     +0.0% |       0 |       0 |             0 |    484785
   444000 |     +0.0% |       0 |       0 |             0 |    483785
   445000 |     +0.0% |       0 |       0 |             0 |    482785
   446000 |     +0.0% |       0 |       2 |             2 |    481785
   447000 |     +0.0% |       0 |       2 |             2 |    480785
   448000 |     +0.0% |       0 |       2 |             2 |    479785
   449000 |     +0.0% |       0 |       2 |             2 |    478785
   450000 |     +0.0% |       0 |       2 |             2 |    477785
   451000 |     +0.0% |       0 |       2 |             2 |    476785
   452000 |     +0.0% |       0 |       2 |             2 |    475785
   453000 |     +0.0% |       0 |       2 |             2 |    474785
   454000 |     +0.0% |       0 |       2 |             2 |    473785
   455000 |     +0.0% |       0 |       2 |             2 |    472785
   456000 |     +0.0% |       0 |       2 |             2 |    471785
   457000 |     +0.0% |       0 |       2 |             2 |    470785
   458000 |     +0.0% |       0 |       2 |             2 |    469785
   459000 |     +0.0% |       0 |       2 |             2 |    468785
   460000 |     +0.0% |       0 |       2 |             2 |    467785
   461000 |     +0.0% |       0 |       2 |             2 |    466785
   462000 |     +0.0% |       0 |       2 |             2 |    465785
   463000 |     +0.0% |       0 |       2 |             2 |    464785
   464000 |     +0.0% |       0 |       2 |             2 |    463785
   465000 |     +0.0% |       0 |       2 |             2 |    462785
   466000 |     +0.0% |       0 |       2 |             2 |    461785
   467000 |     +0.0% |       0 |       2 |             2 |    460785
   468000 |     +0.0% |       0 |       2 |             2 |    459785
   469000 |     +0.0% |       0 |       2 |             2 |    458785
   470000 |     +0.0% |       0 |       2 |             2 |    457785
   471000 |     +0.0% |       0 |       2 |             2 |    456785
   472000 |     +0.0% |       0 |       2 |             2 |    455785
   473000 |     +0.0% |       0 |       2 |             2 |    454785
   474000 |     +0.0% |       0 |       2 |             2 |    453785
   475000 |     +0.0% |       0 |       2 |             2 |    452785
   476000 |     +0.0% |       0 |       2 |             2 |    451785
   477000 |     +0.0% |       0 |       2 |             2 |    450785
   478000 |     +0.0% |       0 |       2 |             2 |    449785
   479000 |     +0.0% |       0 |       2 |             2 |    448785
   480000 |     +0.0% |       0 |       2 |             2 |    447785
   481000 |     +0.0% |       0 |       2 |             2 |    446785
   482000 |     +0.0% |       0 |       2 |             2 |    445785
   483000 |     +0.0% |       0 |       2 |             2 |    444785
   484000 |     +0.0% |       0 |       2 |             2 |    443785
   485000 |     +0.0% |       0 |       2 |             2 |    442785
   486000 |     +0.0% |       0 |       2 |             2 |    441785
   487000 |     +0.0% |       0 |       2 |             2 |    440785
   488000 |     +0.0% |       0 |       2 |             2 |    439785
   489000 |     +0.0% |       0 |       2 |             2 |    438785
   490000 |     +0.0% |       0 |       2 |             2 |    437785
   491000 |     +0.0% |       0 |       2 |             2 |    436785
   492000 |     +0.0% |       0 |       2 |             2 |    435785
   493000 |     +0.0% |       0 |       2 |             2 |    434785
   494000 |     +0.0% |       0 |       2 |             2 |    433785
   495000 |     +0.0% |       0 |       2 |             2 |    432785
   496000 |     +0.0% |       0 |       2 |             2 |    431785
   497000 |     +0.0% |       0 |      18 |            10 |    430785
   498000 |     +0.0% |       0 |      34 |            18 |    429785
   499000 |     +0.0% |       0 |      48 |            26 |    428785
   500000 |     +0.0% |       0 |      48 |            26 |    427785
   501000 |     +0.0% |       0 |      48 |            26 |    426785
   502000 |     +0.0% |       0 |      48 |            26 |    425785
   503000 |     +0.0% |       0 |      48 |            26 |    424785
   504000 |     +0.0% |       0 |      48 |            26 |    423785
   505000 |     +0.0% |       0 |      48 |            26 |    422785
   506000 |     +0.0% |       0 |      48 |            26 |    421785
   507000 |     +0.0% |       0 |      48 |            26 |    420785
   508000 |     +0.0% |       0 |      48 |            26 |    419785
   509000 |     +0.0% |       0 |      48 |            26 |    418785
   510000 |     +0.0% |       0 |      48 |            26 |    417785
   511000 |     +0.0% |       0 |      48 |            26 |    416785
   512000 |     +0.0% |       0 |      48 |            26 |    415785
   513000 |     +0.0% |       0 |      48 |            26 |    414785
   514000 |     +0.0% |       0 |      48 |            26 |    413785
   515000 |     +0.0% |       0 |      48 |            26 |    412785
   516000 |     +0.0% |       0 |      48 |            26 |    411785
   517000 |     +0.0% |       0 |      48 |            26 |    410785
   518000 |     +0.0% |       0 |      48 |            26 |    409785
   519000 |     +0.0% |       0 |      48 |            26 |    408785
   520000 |     +0.0% |       0 |      48 |            26 |    407785
   521000 |     +0.0% |       0 |      48 |            26 |    406785
   522000 |     +0.0% |       0 |      48 |            26 |    405785
   523000 |     +0.0% |       0 |      48 |            26 |    404785
   524000 |     +0.0% |       0 |      48 |            26 |    403785
   525000 |     +0.0% |       0 |      48 |            26 |    402785
   526000 |     +0.0% |       0 |      48 |            26 |    401785
   527000 |     +0.0% |       0 |      48 |            26 |    400785
   528000 |     +0.0% |       0 |      48 |            26 |    399785
   529000 |     +0.0% |       0 |      48 |            26 |    398785
   530000 |     +0.0% |       0 |      48 |            26 |    397785
   531000 |     +0.0% |       0 |      48 |            26 |    396785
   532000 |     +0.0% |       0 |      48 |            26 |    395785
   533000 |     +0.0% |       0 |      48 |            26 |    394785
   534000 |     +0.0% |       0 |      48 |            26 |    393785
   535000 |     +0.0% |       0 |      48 |            26 |    392785
   536000 |     +0.0% |       0 |      48 |            26 |    391785
   537000 |     +0.0% |       0 |      48 |            26 |    390785
   538000 |     +0.0% |       0 |      48 |            26 |    389785
   539000 |     +0.0% |       0 |      48 |            26 |    388785
   540000 |     +0.0% |       0 |      52 |            27 |    387785
   541000 |     +0.0% |       0 |      52 |            27 |    386785
   542000 |     +0.0% |       0 |      52 |            27 |    385785
   543000 |     +0.0% |       0 |      52 |            27 |    384785
   544000 |     +0.0% |       0 |      52 |            27 |    383785
   545000 |     +0.0% |       0 |      55 |            30 |    382785
   546000 |     +0.0% |       0 |      96 |            54 |    381785
   547000 |     +0.0% |       0 |     157 |            83 |    380785
   548000 |     +0.0% |       0 |     157 |            83 |    379785
   549000 |     +0.0% |       0 |     157 |            83 |    378785
   550000 |     +0.0% |       0 |     157 |            83 |    377785
   551000 |     +0.0% |       0 |     157 |            83 |    376785
   552000 |     +0.0% |       0 |     157 |            83 |    375785
   553000 |     +0.0% |       0 |     157 |            83 |    374785
   554000 |     +0.0% |       0 |     157 |            83 |    373785
   555000 |     +0.0% |       0 |     157 |            83 |    372785
   556000 |     +0.0% |       0 |     157 |            83 |    371785
   557000 |     +0.0% |       0 |     157 |            83 |    370785
   558000 |     +0.0% |       0 |     157 |            83 |    369785
   559000 |     +0.0% |       0 |     157 |            83 |    368785
   560000 |     +0.0% |       0 |     157 |            83 |    367785
   561000 |     +0.0% |       0 |     157 |            83 |    366785
   562000 |     +0.0% |       0 |     157 |            83 |    365785
   563000 |     +0.0% |       0 |     157 |            83 |    364785
   564000 |     +0.0% |       0 |     157 |            83 |    363785
   565000 |     +0.0% |       0 |     157 |            83 |    362785
   566000 |     +0.0% |       0 |     157 |            83 |    361785
   567000 |     +0.0% |       0 |     157 |            83 |    360785
   568000 |     +0.0% |       0 |     157 |            83 |    359785
   569000 |     +0.0% |       0 |     157 |            83 |    358785
   570000 |     +0.0% |       0 |     157 |            83 |    357785
   571000 |     +0.0% |       0 |     157 |            83 |    356785
   572000 |     +0.0% |       0 |     157 |            83 |    355785
   573000 |     +0.0% |       0 |     157 |            83 |    354785
   574000 |     +0.0% |       0 |     157 |            83 |    353785
   575000 |     +0.0% |       0 |     157 |            83 |    352785
   576000 |     +0.0% |       0 |     157 |            83 |    351785
   577000 |     +0.0% |       0 |     157 |            83 |    350785
   578000 |     +0.0% |       0 |     157 |            83 |    349785
   579000 |     +0.0% |       0 |     157 |            83 |    348785
   580000 |     +0.0% |       0 |     157 |            83 |    347785
   581000 |     +0.0% |       0 |     157 |            83 |    346785
   582000 |     +0.0% |       0 |     157 |            83 |    345785
   583000 |     +0.0% |       0 |     157 |            83 |    344785
   584000 |     +0.0% |       0 |     157 |            83 |    343785
   585000 |     +0.0% |       0 |     157 |            83 |    342785
   586000 |     +0.0% |       0 |     157 |            83 |    341785
   587000 |     +0.0% |       0 |     157 |            83 |    340785
   588000 |     +0.0% |       0 |     157 |            83 |    339785
   589000 |     +0.0% |       0 |     157 |            83 |    338785
   590000 |     +0.0% |       0 |     157 |            83 |    337785
   591000 |     +0.0% |       0 |     157 |            83 |    336785
   592000 |     +0.0% |       0 |     157 |            83 |    335785
   593000 |     +0.0% |       0 |     157 |            83 |    334785
   594000 |     +0.0% |       0 |     157 |            83 |    333785
   595000 |     +0.0% |       0 |     157 |            83 |    332785
   596000 |     +0.0% |       0 |     157 |            83 |    331785
   597000 |     +0.0% |       0 |     157 |            83 |    330785
   598000 |     +0.0% |       0 |     157 |            83 |    329785
   599000 |     +0.1% |       0 |     260 |           136 |    328785
   600000 |     +0.1% |       0 |     260 |           136 |    327785
   601000 |     +0.1% |       0 |     260 |           136 |    326785
   602000 |     +0.1% |       0 |     260 |           136 |    325785
   603000 |     +0.1% |       0 |     260 |           136 |    324785
   604000 |     +0.1% |       0 |     260 |           136 |    323785
   605000 |     +0.1% |       0 |     260 |           136 |    322785
   606000 |     +0.1% |       0 |     260 |           136 |    321785
   607000 |     +0.1% |       0 |     266 |           139 |    320785
   608000 |     +0.1% |       0 |     266 |           139 |    319785
   609000 |     +0.1% |       0 |     266 |           139 |    318785
   610000 |     +0.1% |       0 |     266 |           139 |    317785
   611000 |     +0.1% |       0 |     266 |           139 |    316785
   612000 |     +0.1% |       0 |     266 |           139 |    315785
   613000 |     +0.1% |       0 |     266 |           139 |    314785
   614000 |     +0.1% |       0 |     266 |           139 |    313785
   615000 |     +0.1% |       0 |     266 |           139 |    312785
   616000 |     +0.1% |       0 |     266 |           139 |    311785
   617000 |     +0.1% |       0 |     266 |           139 |    310785
   618000 |     +0.1% |       0 |     266 |           139 |    309785
   619000 |     +0.1% |       0 |     266 |           139 |    308785
   620000 |     +0.1% |       0 |     266 |           139 |    307785
   621000 |     +0.1% |       0 |     266 |           139 |    306785
   622000 |     +0.1% |       0 |     266 |           139 |    305785
   623000 |     +0.1% |       0 |     266 |           139 |    304785
   624000 |     +0.1% |       0 |     266 |           139 |    303785
   625000 |     +0.1% |       0 |     266 |           139 |    302785
   626000 |     +0.1% |       0 |     266 |           139 |    301785
   627000 |     +0.1% |       0 |     266 |           139 |    300785
   628000 |     +0.1% |       0 |     266 |           139 |    299785
   629000 |     +0.1% |       0 |     266 |           139 |    298785
   630000 |     +0.1% |       0 |     266 |           139 |    297785
   631000 |     +0.1% |       0 |     266 |           139 |    296785
   632000 |     +0.1% |       0 |     266 |           139 |    295785
   633000 |     +0.1% |       0 |     266 |           139 |    294785
   634000 |     +0.1% |       0 |     266 |           139 |    293785
   635000 |     +0.1% |       0 |     266 |           139 |    292785
   636000 |     +0.1% |       0 |     266 |           139 |    291785
   637000 |     +0.1% |       0 |     266 |           139 |    290785
   638000 |     +0.1% |       0 |     266 |           139 |    289785
   639000 |     +0.1% |       0 |     266 |           139 |    288785
   640000 |     +0.1% |       0 |     266 |           139 |    287785
   641000 |     +0.1% |       0 |     266 |           139 |    286785
   642000 |     +0.1% |       0 |     266 |           139 |    285785
   643000 |     +0.1% |       0 |     266 |           139 |    284785
   644000 |     +0.1% |       0 |     266 |           139 |    283785
   645000 |     +0.1% |       0 |     266 |           139 |    282785
   646000 |     +0.1% |       0 |     266 |           139 |    281785
   647000 |     +0.1% |       0 |     266 |           139 |    280785
   648000 |     +0.1% |       0 |     266 |           139 |    279785
   649000 |     +0.1% |       0 |     266 |           139 |    278785
   650000 |     +0.1% |       0 |     266 |           139 |    277785
   651000 |     +0.1% |       0 |     266 |           139 |    276785
   652000 |     +0.1% |       0 |     266 |           139 |    275785
   653000 |     +0.1% |       0 |     266 |           139 |    274785
   654000 |     +0.1% |       0 |     266 |           139 |    273785
   655000 |     +0.1% |       0 |     266 |           139 |    272785
   656000 |     +0.1% |       0 |     266 |           139 |    271785
   657000 |     +0.1% |       0 |     266 |           139 |    270785
   658000 |     +0.1% |       0 |     266 |           139 |    269785
   659000 |     +0.1% |       0 |     266 |           139 |    268785
   660000 |     +0.1% |       0 |     266 |           139 |    267785
   661000 |     +0.1% |       0 |     266 |           139 |    266785
   662000 |     +0.1% |       0 |     266 |           139 |    265785
   663000 |     +0.1% |       0 |     266 |           139 |    264785
   664000 |     +0.1% |       0 |     266 |           139 |    263785
   665000 |     +0.1% |       0 |     266 |           139 |    262785
   666000 |     +0.1% |       0 |     266 |           139 |    261785
   667000 |     +0.1% |       0 |     311 |           141 |    260785
   668000 |     +0.1% |       0 |     319 |           144 |    259785
   669000 |     +0.1% |       0 |     319 |           144 |    258785
   670000 |     +0.1% |       0 |     319 |           144 |    257785
   671000 |     +0.1% |       0 |     319 |           144 |    256785
   672000 |     +0.1% |       0 |     319 |           144 |    255785
   673000 |     +0.1% |       0 |     319 |           144 |    254785
   674000 |     +0.1% |       0 |     319 |           144 |    253785
   675000 |     +0.1% |       0 |     319 |           144 |    252785
   676000 |     +0.1% |       0 |     319 |           144 |    251785
   677000 |     +0.1% |       0 |     319 |           144 |    250785
   678000 |     +0.1% |       0 |     319 |           144 |    249785
   679000 |     +0.1% |       0 |     319 |           144 |    248785
   680000 |     +0.1% |       0 |     319 |           144 |    247785
   681000 |     +0.1% |       0 |     319 |           144 |    246785
   682000 |     +0.1% |       0 |     319 |           144 |    245785
   683000 |     +0.1% |       0 |     319 |           144 |    244785
   684000 |     +0.1% |       0 |     319 |           144 |    243785
   685000 |     +0.1% |       0 |     319 |           144 |    242785
   686000 |     +0.1% |       0 |     319 |           144 |    241785
   687000 |     +0.1% |       0 |     319 |           144 |    240785
   688000 |     +0.1% |       0 |     319 |           144 |    239785
   689000 |     +0.1% |       0 |     319 |           144 |    238785
   690000 |     +0.1% |       0 |     319 |           144 |    237785
   691000 |     +0.1% |       0 |     319 |           144 |    236785
   692000 |     +0.1% |       0 |     319 |           144 |    235785
   693000 |     +0.1% |       0 |     319 |           144 |    234785
   694000 |     +0.1% |       0 |     319 |           144 |    233785
   695000 |     +0.1% |       0 |     319 |           144 |    232785
   696000 |     +0.1% |       0 |     319 |           144 |    231785
   697000 |     +0.1% |       0 |     319 |           144 |    230785
   698000 |     +0.1% |       0 |     319 |           144 |    229785
   699000 |     +0.1% |       0 |     319 |           144 |    228785
   700000 |     +0.1% |       0 |     319 |           144 |    227785
   701000 |     +0.1% |       0 |     319 |           144 |    226785
   702000 |     +0.1% |       0 |     319 |           144 |    225785
   703000 |     +0.1% |       0 |     319 |           144 |    224785
   704000 |     +0.1% |       0 |     319 |           144 |    223785
   705000 |     +0.1% |       0 |     319 |           144 |    222785
   706000 |     +0.1% |       0 |     319 |           144 |    221785
   707000 |     +0.1% |       0 |     319 |           144 |    220785
   708000 |     +0.1% |       0 |     319 |           144 |    219785
   709000 |     +0.1% |       0 |     319 |           144 |    218785
   710000 |     +0.1% |       0 |     319 |           144 |    217785
   711000 |     +0.1% |       0 |     319 |           144 |    216785
   712000 |     +0.1% |       0 |     319 |           144 |    215785
   713000 |     +0.1% |       0 |     319 |           144 |    214785
   714000 |     +0.1% |       0 |     319 |           144 |    213785
   715000 |     +0.1% |       0 |     319 |           144 |    212785
   716000 |     +0.1% |       0 |     319 |           144 |    211785
   717000 |     +0.1% |       0 |     319 |           144 |    210785
   718000 |     +0.1% |       0 |     319 |           144 |    209785
   719000 |     +0.1% |       0 |     319 |           144 |    208785
   720000 |     +0.1% |       0 |     319 |           144 |    207785
   721000 |     +0.1% |       0 |     319 |           144 |    206785
   722000 |     +0.1% |       0 |     319 |           144 |    205785
   723000 |     +0.1% |       0 |     319 |           144 |    204785
   724000 |     +0.1% |       0 |     328 |           146 |    203785
   725000 |     +0.1% |       1 |     349 |           154 |    202785
   726000 |     +0.1% |       1 |     349 |           154 |    201785
   727000 |     +0.1% |       1 |     349 |           154 |    200785
   728000 |     +0.1% |       1 |     349 |           154 |    199785
   729000 |     +0.1% |       1 |     349 |           154 |    198785
   730000 |     +0.1% |       1 |     349 |           154 |    197785
   731000 |     +0.1% |       1 |     349 |           154 |    196785
   732000 |     +0.1% |       1 |     349 |           154 |    195785
   733000 |     +0.1% |       1 |     349 |           154 |    194785
   734000 |     +0.1% |       1 |     349 |           154 |    193785
   735000 |     +0.1% |       1 |     349 |           154 |    192785
   736000 |     +0.1% |       1 |     349 |           154 |    191785
   737000 |     +0.1% |       1 |     349 |           154 |    190785
   738000 |     +0.1% |       1 |     349 |           154 |    189785
   739000 |     +0.1% |       1 |     349 |           154 |    188785
   740000 |     +0.1% |       1 |     349 |           154 |    187785
   741000 |     +0.1% |       1 |     349 |           154 |    186785
   742000 |     +0.1% |       1 |     349 |           154 |    185785
   743000 |     +0.1% |       1 |     349 |           154 |    184785
   744000 |     +0.1% |       1 |     349 |           154 |    183785
   745000 |     +0.1% |       1 |     349 |           154 |    182785
   746000 |     +0.1% |       1 |     349 |           154 |    181785
   747000 |     +0.1% |       1 |     349 |           154 |    180785
   748000 |     +0.1% |       1 |     349 |           154 |    179785
   749000 |     +0.1% |       1 |     349 |           154 |    178785
   750000 |     +0.1% |       1 |     349 |           154 |    177785
   751000 |     +0.1% |       1 |     349 |           154 |    176785
   752000 |     +0.1% |       1 |     349 |           154 |    175785
   753000 |     +0.1% |       1 |     349 |           154 |    174785
   754000 |     +0.1% |       1 |     349 |           154 |    173785
   755000 |     +0.1% |       1 |     349 |           154 |    172785
   756000 |     +0.1% |       1 |     349 |           154 |    171785
   757000 |     +0.1% |       1 |     349 |           154 |    170785
   758000 |     +0.1% |       1 |     349 |           154 |    169785
   759000 |     +0.1% |       1 |     349 |           154 |    168785
   760000 |     +0.1% |       1 |     349 |           154 |    167785
   761000 |     +0.1% |       1 |     349 |           154 |    166785
   762000 |     +0.1% |       1 |     349 |           154 |    165785
   763000 |     +0.1% |       1 |     349 |           154 |    164785
   764000 |     +0.1% |       1 |     349 |           154 |    163785
   765000 |     +0.1% |       2 |     369 |           161 |    162785
   766000 |     +0.1% |       2 |     369 |           161 |    161785
   767000 |     +0.1% |       2 |     369 |           161 |    160785
   768000 |     +0.1% |       2 |     369 |           161 |    159785
   769000 |     +0.1% |       2 |     369 |           161 |    158785
   770000 |     +0.1% |       2 |     369 |           161 |    157785
   771000 |     +0.1% |       2 |     369 |           161 |    156785
   772000 |     +0.1% |       2 |     369 |           161 |    155785
   773000 |     +0.1% |       2 |     369 |           161 |    154785
   774000 |     +0.1% |       2 |     369 |           161 |    153785
   775000 |     +0.1% |       2 |     369 |           161 |    152785
   776000 |     +0.1% |       3 |     374 |           162 |    151785
   777000 |     +0.1% |       3 |     374 |           162 |    150785
   778000 |     +0.1% |       3 |     374 |           162 |    149785
   779000 |     +0.1% |       3 |     374 |           162 |    148785
   780000 |     +0.1% |       3 |     374 |           162 |    147785
   781000 |     +0.1% |       3 |     374 |           162 |    146785
   782000 |     +0.1% |       3 |     374 |           162 |    145785
   783000 |     +0.1% |       3 |     374 |           162 |    144785
   784000 |     +0.1% |       3 |     374 |           162 |    143785
   785000 |     +0.1% |       3 |     374 |           162 |    142785
   786000 |     +0.1% |       3 |     374 |           162 |    141785
   787000 |     +0.1% |       3 |     374 |           162 |    140785
   788000 |     +0.1% |       3 |     374 |           162 |    139785
   789000 |     +0.1% |       3 |     374 |           162 |    138785
   790000 |     +0.1% |       3 |     374 |           162 |    137785
   791000 |     +0.1% |       3 |     374 |           162 |    136785
   792000 |     +0.1% |       3 |     374 |           162 |    135785
   793000 |     +0.1% |       4 |     384 |           164 |    134785
   794000 |     +0.1% |       4 |     384 |           164 |    133785
   795000 |     +0.1% |       4 |     384 |           164 |    132785
   796000 |     +0.1% |       4 |     384 |           164 |    131785
   797000 |     +0.1% |       4 |     384 |           164 |    130785
   798000 |     +0.1% |       4 |     384 |           164 |    129785
   799000 |     +0.1% |       4 |     384 |           164 |    128785
   800000 |     +0.1% |       4 |     384 |           164 |    127785
   801000 |     +0.1% |       4 |     384 |           164 |    126785
   802000 |     +0.1% |       4 |     384 |           164 |    125785
   803000 |     +0.1% |       4 |     384 |           164 |    124785
   804000 |     +0.1% |       4 |     384 |           164 |    123785
   805000 |     +0.1% |       4 |     384 |           164 |    122785
   806000 |     +0.1% |       4 |     384 |           164 |    121785
   807000 |     +0.1% |       4 |     384 |           164 |    120785
   808000 |     +0.1% |       4 |     384 |           164 |    119785
   809000 |     +0.1% |       4 |     384 |           164 |    118785
   810000 |     +0.1% |       4 |     384 |           164 |    117785
   811000 |     +0.1% |       4 |     384 |           164 |    116785
   812000 |     +0.1% |       4 |     384 |           164 |    115785
   813000 |     +0.1% |       4 |     384 |           164 |    114785
   814000 |     +0.1% |       4 |     384 |           164 |    113785
   815000 |     +0.1% |       5 |     396 |           169 |    112785
   816000 |     +0.1% |       5 |     396 |           169 |    111785
   817000 |     +0.1% |       5 |     396 |           169 |    110785
   818000 |     +0.1% |       5 |     396 |           169 |    109785
   819000 |     +0.1% |       5 |     396 |           169 |    108785
   820000 |     +0.1% |      19 |     475 |           203 |    107785
   821000 |     +0.1% |      19 |     475 |           203 |    106785
   822000 |     +0.1% |      19 |     475 |           203 |    105785
   823000 |     +0.1% |      19 |     475 |           203 |    104785
   824000 |     +0.1% |      19 |     475 |           203 |    103785
   825000 |     +0.1% |      19 |     475 |           203 |    102785
   826000 |     +0.1% |      19 |     475 |           203 |    101785
   827000 |     +0.1% |      19 |     475 |           203 |    100785
   828000 |     +0.1% |      19 |     475 |           203 |     99785
   829000 |     +0.1% |      19 |     475 |           203 |     98785
   830000 |     +0.1% |      19 |     475 |           203 |     97785
   831000 |     +0.1% |      19 |     475 |           203 |     96785
   832000 |     +0.1% |      19 |     475 |           203 |     95785
   833000 |     +0.1% |      19 |     475 |           203 |     94785
   834000 |     +0.1% |      19 |     475 |           203 |     93785
   835000 |     +0.1% |      19 |     475 |           203 |     92785
   836000 |     +0.1% |      19 |     475 |           203 |     91785
   837000 |     +0.1% |      19 |     475 |           203 |     90785
   838000 |     +0.1% |      19 |     475 |           203 |     89785
   839000 |     +0.1% |      19 |     475 |           203 |     88785
   840000 |     +0.1% |      19 |     475 |           203 |     87785
   841000 |     +0.1% |      22 |     497 |           209 |     86785
   842000 |     +0.1% |      22 |     497 |           209 |     85785
   843000 |     +0.1% |      22 |     497 |           209 |     84785
   844000 |     +0.1% |      22 |     497 |           209 |     83785
   845000 |     +0.1% |      22 |     497 |           209 |     82785
   846000 |     +0.1% |      22 |     497 |           209 |     81785
   847000 |     +0.1% |      22 |     497 |           209 |     80785
   848000 |     +0.1% |      22 |     497 |           209 |     79785
   849000 |     +0.1% |      22 |     497 |           209 |     78785
   850000 |     +0.1% |      22 |     497 |           209 |     77785
   851000 |     +0.1% |      22 |     497 |           209 |     76785
   852000 |     +0.1% |      22 |     497 |           209 |     75785
   853000 |     +0.1% |      22 |     497 |           209 |     74785
   854000 |     +0.1% |      22 |     497 |           209 |     73785
   855000 |     +0.1% |      22 |     497 |           209 |     72785
   856000 |     +0.1% |      22 |     497 |           209 |     71785
   857000 |     +0.1% |      22 |     497 |           209 |     70785
   858000 |     +0.1% |      22 |     497 |           209 |     69785
   859000 |     +0.1% |      22 |     497 |           209 |     68785
   860000 |     +0.1% |      22 |     497 |           209 |     67785
   861000 |     +0.1% |      22 |     497 |           209 |     66785
   862000 |     +0.1% |      22 |     497 |           209 |     65785
   863000 |     +0.1% |      22 |     497 |           209 |     64785
   864000 |     +0.1% |      22 |     497 |           209 |     63785
   865000 |     +0.1% |      22 |     497 |           209 |     62785
   866000 |     +0.1% |      22 |     497 |           209 |     61785
   867000 |     +0.1% |      22 |     497 |           209 |     60785
   868000 |     +0.1% |      22 |     497 |           209 |     59785
   869000 |     +0.1% |      22 |     497 |           209 |     58785
   870000 |     +0.1% |      22 |     497 |           209 |     57785
   871000 |     +0.1% |      22 |     497 |           209 |     56785
   872000 |     +0.1% |      22 |     497 |           209 |     55785
   873000 |     +0.1% |      22 |     497 |           209 |     54785
   874000 |     +0.1% |      22 |     497 |           209 |     53785
   875000 |     +0.1% |      22 |     497 |           209 |     52785
   876000 |     +0.1% |      22 |     497 |           209 |     51785
   877000 |     +0.1% |      22 |     497 |           209 |     50785
   878000 |     +0.1% |      22 |     497 |           209 |     49785
   879000 |     +0.1% |      22 |     497 |           209 |     48785
   880000 |     +0.1% |      22 |     497 |           209 |     47785
   881000 |     +0.1% |      22 |     497 |           209 |     46785
   882000 |     +0.1% |      22 |     497 |           209 |     45785
   883000 |     +0.1% |      22 |     497 |           209 |     44785
   884000 |     +0.1% |      22 |     497 |           209 |     43785
   885000 |     +0.1% |      22 |     497 |           209 |     42785
   886000 |     +0.1% |      22 |     497 |           209 |     41785
   887000 |     +0.1% |      22 |     497 |           209 |     40785
   888000 |     +0.1% |      22 |     497 |           209 |     39785
   889000 |     +0.1% |      22 |     497 |           209 |     38785
   890000 |     +0.1% |      22 |     497 |           209 |     37785
   891000 |     +0.1% |      22 |     497 |           209 |     36785
   892000 |     +0.1% |      22 |     497 |           209 |     35785
   893000 |     +0.1% |      22 |     497 |           209 |     34785
   894000 |     +0.1% |      22 |     497 |           209 |     33785
   895000 |     +0.1% |      22 |     497 |           209 |     32785
   896000 |     +0.1% |      22 |     497 |           209 |     31785
   897000 |     +0.1% |      22 |     497 |           209 |     30785
   898000 |     +0.1% |      22 |     497 |           209 |     29785
   899000 |     +0.1% |      22 |     497 |           209 |     28785
   900000 |     +0.1% |      22 |     497 |           209 |     27785
   901000 |     +0.1% |      22 |     497 |           209 |     26785
   902000 |     +0.1% |      22 |     497 |           209 |     25785
   903000 |     +0.1% |      22 |     497 |           209 |     24785
   904000 |     +0.1% |      22 |     497 |           209 |     23785
   905000 |     +0.1% |      22 |     497 |           209 |     22785
   906000 |     +0.1% |      22 |     497 |           209 |     21785
   907000 |     +0.1% |      22 |     497 |           209 |     20785
   908000 |     +0.1% |      22 |     497 |           209 |     19785
   909000 |     +0.1% |      22 |     497 |           209 |     18785
   910000 |     +0.1% |      22 |     497 |           209 |     17785
   911000 |     +0.1% |      22 |     499 |           210 |     16785
   912000 |     +0.1% |      22 |     499 |           210 |     15785
   913000 |     +0.1% |      22 |     499 |           210 |     14785
   914000 |     +0.1% |      22 |     499 |           210 |     13785
   915000 |     +0.1% |      22 |     499 |           210 |     12785
   916000 |     +0.1% |      22 |     499 |           210 |     11785
   917000 |     +0.1% |      22 |     499 |           210 |     10785
   918000 |     +0.1% |      22 |     499 |           210 |      9785
   919000 |     +0.1% |      22 |     499 |           210 |      8785
   920000 |     +0.1% |      22 |     499 |           210 |      7785
   921000 |     +0.1% |      22 |     499 |           210 |      6785
   922000 |     +0.1% |      22 |     499 |           210 |      5785
   923000 |     +0.1% |      22 |     499 |           210 |      4785
   924000 |     +0.1% |      22 |     499 |           210 |      3785
   925000 |     +0.1% |      22 |     499 |           210 |      2785
   926000 |     +0.1% |      22 |     499 |           210 |      1785
   927000 |     +0.1% |      22 |     499 |           210 |       785
    final |     +0.1% |      22 |     499 |           210 |         0
---------------------------------------------------------------------
[INFO RSZ-0034] Found 210 slew violations.
[INFO RSZ-0036] Found 37 capacitance violations.
[INFO RSZ-0039] Resized 22 instances.
[INFO RSZ-0038] Inserted 499 buffers in 210 nets.
Took 178 seconds: repair_design -verbose
Floating nets: 
Report metrics stage 3, resizer...

==========================================================================
resizer report_design_area
--------------------------------------------------------------------------
Design area 103923 um^2 40% utilization.
Instance count before 887459, after 887958
Pin count before 3152496, after 3153494
write_db bazel-out/k8-fastbuild/bin/gemmini/results/asap7/MeshWithDelays/base/3_4_place_resized.odb
Elapsed time: 8:18.09[h:]min:sec. CPU time: user 806.21 sys 109.42 (183%). Peak memory: 5028928KB.
Log                        Elapsed/s Peak Memory/MB  sha1sum .odb [0:20)
3_4_place_resized                498           4911 f7066c1bc4affdf500f5
