OpenROAD 26Q1-1929-g7cf7b720fd 
Features included (+) or not (-): +GPU +GUI +Python
This program is licensed under the BSD-3 license. See the LICENSE file for details.
Components of this program may be licensed under more restrictive licenses which must be honored.
[INFO ORD-0030] Using 16 thread(s).
source external/bazel-orfs++orfs_repositories+docker_orfs/OpenROAD-flow-scripts/flow/platforms/asap7/liberty_suppressions.tcl
read_liberty external/bazel-orfs++orfs_repositories+docker_orfs/OpenROAD-flow-scripts/flow/platforms/asap7/lib/NLDM/asap7sc7p5t_AO_RVT_FF_nldm_211120.lib.gz
read_liberty external/bazel-orfs++orfs_repositories+docker_orfs/OpenROAD-flow-scripts/flow/platforms/asap7/lib/NLDM/asap7sc7p5t_INVBUF_RVT_FF_nldm_220122.lib.gz
read_liberty external/bazel-orfs++orfs_repositories+docker_orfs/OpenROAD-flow-scripts/flow/platforms/asap7/lib/NLDM/asap7sc7p5t_OA_RVT_FF_nldm_211120.lib.gz
read_liberty external/bazel-orfs++orfs_repositories+docker_orfs/OpenROAD-flow-scripts/flow/platforms/asap7/lib/NLDM/asap7sc7p5t_SIMPLE_RVT_FF_nldm_211120.lib.gz
read_liberty external/bazel-orfs++orfs_repositories+docker_orfs/OpenROAD-flow-scripts/flow/platforms/asap7/lib/NLDM/asap7sc7p5t_SEQ_RVT_FF_nldm_220123.lib
read_db -hier bazel-out/k8-fastbuild/bin/gemmini/results/asap7/MeshWithDelays/base/4_cts.odb
[WARNING ORD-0012] Hierarchical flow (-hier) is currently in development and may cause multiple issues. Do not use in production environments.
source external/bazel-orfs++orfs_repositories+docker_orfs/OpenROAD-flow-scripts/flow/platforms/asap7/setRC.tcl
pin_access
[INFO DRT-0149] Reading tech and libs.

Units:                1000
Number of layers:     21
Number of macros:     212
Number of vias:       14
Number of viarulegen: 11

[INFO DRT-0150] Reading design.

Design:                   MeshWithDelays
Die area:                 ( 0 0 ) ( 511145 511145 )
Number of track patterns: 32
Number of DEF vias:       0
Number of components:     896465
Number of terminals:      1083
Number of snets:          2
Number of nets:           933077

[INFO DRT-0167] List of default vias:
  Layer V2
    default via: VIA23
  Layer V3
    default via: VIA34
  Layer V4
    default via: VIA45
  Layer V5
    default via: VIA56
  Layer V6
    default via: VIA67
  Layer V7
    default via: VIA78
  Layer V8
    default via: VIA89
  Layer V9
    default via: VIA9Pad
[INFO DRT-0162] Library cell analysis.
[INFO DRT-0163] Instance analysis.
  Complete 100000 instances.
  Complete 200000 instances.
  Complete 300000 instances.
  Complete 400000 instances.
  Complete 500000 instances.
  Complete 600000 instances.
  Complete 700000 instances.
  Complete 800000 instances.
[INFO DRT-0164] Number of unique instances = 341.
[INFO DRT-0168] Init region query.
[INFO DRT-0018]   Complete 100000 insts.
[INFO DRT-0018]   Complete 200000 insts.
[INFO DRT-0018]   Complete 300000 insts.
[INFO DRT-0018]   Complete 400000 insts.
[INFO DRT-0018]   Complete 500000 insts.
[INFO DRT-0018]   Complete 600000 insts.
[INFO DRT-0018]   Complete 700000 insts.
[INFO DRT-0018]   Complete 800000 insts.
[INFO DRT-0024]   Complete Active.
[INFO DRT-0024]   Complete V0.
[INFO DRT-0024]   Complete M1.
[INFO DRT-0024]   Complete V1.
[INFO DRT-0024]   Complete M2.
[INFO DRT-0024]   Complete V2.
[INFO DRT-0024]   Complete M3.
[INFO DRT-0024]   Complete V3.
[INFO DRT-0024]   Complete M4.
[INFO DRT-0024]   Complete V4.
[INFO DRT-0024]   Complete M5.
[INFO DRT-0024]   Complete V5.
[INFO DRT-0024]   Complete M6.
[INFO DRT-0024]   Complete V6.
[INFO DRT-0024]   Complete M7.
[INFO DRT-0024]   Complete V7.
[INFO DRT-0024]   Complete M8.
[INFO DRT-0024]   Complete V8.
[INFO DRT-0024]   Complete M9.
[INFO DRT-0024]   Complete V9.
[INFO DRT-0024]   Complete Pad.
[INFO DRT-0033] Active shape region query size = 0.
[INFO DRT-0033] V0 shape region query size = 0.
[INFO DRT-0033] M1 shape region query size = 15727546.
[INFO DRT-0033] V1 shape region query size = 27547290.
[INFO DRT-0033] M2 shape region query size = 480692.
[INFO DRT-0033] V2 shape region query size = 537510.
[INFO DRT-0033] M3 shape region query size = 537510.
[INFO DRT-0033] V3 shape region query size = 358340.
[INFO DRT-0033] M4 shape region query size = 359093.
[INFO DRT-0033] V4 shape region query size = 358340.
[INFO DRT-0033] M5 shape region query size = 197738.
[INFO DRT-0033] V5 shape region query size = 36100.
[INFO DRT-0033] M6 shape region query size = 18430.
[INFO DRT-0033] V6 shape region query size = 0.
[INFO DRT-0033] M7 shape region query size = 0.
[INFO DRT-0033] V7 shape region query size = 0.
[INFO DRT-0033] M8 shape region query size = 0.
[INFO DRT-0033] V8 shape region query size = 0.
[INFO DRT-0033] M9 shape region query size = 0.
[INFO DRT-0033] V9 shape region query size = 0.
[INFO DRT-0033] Pad shape region query size = 0.
[INFO DRT-0165] Start pin access.
[INFO DRT-0076]   Complete 1000 pins.
[INFO DRT-0078]   Complete 1916 pins.
[INFO DRT-0079]   Complete 100 unique inst patterns.
[INFO DRT-0079]   Complete 200 unique inst patterns.
[INFO DRT-0079]   Complete 300 unique inst patterns.
[INFO DRT-0081]   Complete 341 unique inst patterns.
[INFO DRT-0082]   Complete 10000 groups.
[INFO DRT-0082]   Complete 20000 groups.
[INFO DRT-0082]   Complete 30000 groups.
[INFO DRT-0082]   Complete 40000 groups.
[INFO DRT-0082]   Complete 50000 groups.
[INFO DRT-0082]   Complete 60000 groups.
[INFO DRT-0082]   Complete 70000 groups.
[INFO DRT-0082]   Complete 80000 groups.
[INFO DRT-0082]   Complete 90000 groups.
[INFO DRT-0082]   Complete 100000 groups.
[INFO DRT-0082]   Complete 200000 groups.
[INFO DRT-0082]   Complete 300000 groups.
[INFO DRT-0082]   Complete 400000 groups.
[INFO DRT-0082]   Complete 500000 groups.
[INFO DRT-0084]   Complete 595072 groups.
#scanned instances     = 896465
#unique  instances     = 341
#stdCellGenAp          = 10461
#stdCellValidPlanarAp  = 96
#stdCellValidViaAp     = 8616
#stdCellPinNoAp        = 0
#stdCellPinCnt         = 3166134
#instTermValidViaApCnt = 0
#macroGenAp            = 0
#macroValidPlanarAp    = 0
#macroValidViaAp       = 0
#macroNoAp             = 0
[INFO DRT-0166] Complete pin access.
[INFO DRT-0267] cpu time = 05:39:36, elapsed time = 00:31:10, memory = 5223.26 (MB), peak = 6095.68 (MB)
Took 1884 seconds: pin_access
global_route -congestion_report_file bazel-out/k8-fastbuild/bin/gemmini/reports/asap7/MeshWithDelays/base/congestion.rpt -congestion_iterations 30 -congestion_report_iter_step 5 -verbose
[INFO GRT-0020] Min routing layer: M2
[INFO GRT-0021] Max routing layer: M7
[INFO GRT-0022] Global adjustment: 0%
[INFO GRT-0023] Grid origin: (0, 0)
[INFO GRT-0088] Layer M1      Track-Pitch = 0.0360  line-2-Via Pitch: 0.0360
[INFO GRT-0088] Layer M2      Track-Pitch = 0.0390  line-2-Via Pitch: 0.0360
[INFO GRT-0088] Layer M3      Track-Pitch = 0.0360  line-2-Via Pitch: 0.0360
[INFO GRT-0088] Layer M4      Track-Pitch = 0.0480  line-2-Via Pitch: 0.0480
[INFO GRT-0088] Layer M5      Track-Pitch = 0.0480  line-2-Via Pitch: 0.0480
[INFO GRT-0088] Layer M6      Track-Pitch = 0.0640  line-2-Via Pitch: 0.0640
[INFO GRT-0088] Layer M7      Track-Pitch = 0.0640  line-2-Via Pitch: 0.0640
[INFO GRT-0003] Macros: 0
[INFO GRT-0004] Blockages: 236196
[INFO GRT-0019] Found 4794 clock nets.
[INFO GRT-0001] Minimum degree: 2
[INFO GRT-0002] Maximum degree: 71

[INFO GRT-0053] Routing resources analysis:
          Routing      Original      Derated      Resource
Layer     Direction    Resources     Resources    Reduction (%)
---------------------------------------------------------------
M1         Vertical            0             0          0.00%
M2         Horizontal    9641413       6944907          27.97%
M3         Vertical     12184510       9050065          25.72%
M4         Horizontal    9337315       6930430          25.78%
M5         Vertical      9003690       6675625          25.86%
M6         Horizontal    6256258       4236440          32.28%
M7         Vertical      7148365       4816890          32.62%
---------------------------------------------------------------

[INFO GRT-0197] Via related to pin nodes: 5763431
[INFO GRT-0198] Via related Steiner nodes: 177438
[INFO GRT-0199] Via filling finished.
[INFO GRT-0111] Final number of vias: 7405684
[INFO GRT-0112] Final usage 3D: 28934740

[INFO GRT-0096] Final congestion report:
Layer         Resource        Demand        Usage (%)    Max H / Max V / Total Overflow
---------------------------------------------------------------------------------------
M1                   0             0            0.00%             0 /  0 /  0
M2             6944907       2676947           38.55%             0 /  0 /  0
M3             9050065       2968221           32.80%             0 /  0 /  0
M4             6930430        630232            9.09%             0 /  0 /  0
M5             6675625        430600            6.45%             0 /  0 /  0
M6             4236440          5904            0.14%             0 /  0 /  0
M7             4816890          5784            0.12%             0 /  0 /  0
---------------------------------------------------------------------------------------
Total         38654357       6717688           17.38%             0 /  0 /  0

[INFO GRT-0018] Total wirelength: 5333397 um
[INFO GRT-0014] Routed nets: 931607
[INFO GRT-0303] Global routing runtime = 00:01:33
Took 94 seconds: global_route -congestion_report_file bazel-out/k8-fastbuild/bin/gemmini/reports/asap7/MeshWithDelays/base/congestion.rpt -congestion_iterations 30 -congestion_report_iter_step 5 -verbose
estimate_parasitics -global_routing
Took 34 seconds: estimate_parasitics -global_routing
global_route -start_incremental
global_route -end_incremental -congestion_report_file bazel-out/k8-fastbuild/bin/gemmini/reports/asap7/MeshWithDelays/base/congestion_post_recover_power.rpt
Repair antennas...
[WARNING GRT-0246] No diode with LEF class CORE ANTENNACELL found.
[INFO ANT-0002] Found 0 net violations.
[INFO ANT-0001] Found 0 pin violations.
Estimate parasitics...
estimate_parasitics -global_routing
Took 37 seconds: estimate_parasitics -global_routing
Report metrics stage 5, global route...

==========================================================================
global route report_design_area
--------------------------------------------------------------------------
Design area 106816 um^2 41% utilization.
[INFO FLW-0007] clock clock period 1000.000000
[INFO FLW-0008] Clock clock period 1521.143
[INFO FLW-0009] Clock clock slack -601.203
[INFO FLW-0011] Path endpoint path count 83815
write_db bazel-out/k8-fastbuild/bin/gemmini/results/asap7/MeshWithDelays/base/5_1_grt.odb
write_sdc -no_timestamp bazel-out/k8-fastbuild/bin/gemmini/results/asap7/MeshWithDelays/base/5_1_grt.sdc
Elapsed time: 41:27.44[h:]min:sec. CPU time: user 22328.54 sys 182.91 (905%). Peak memory: 17200764KB.
Log                        Elapsed/s Peak Memory/MB  sha1sum .odb [0:20)
5_1_grt                         2487          16797 a221535454ce9d805038
